[2024-07-18 06:35:23,076] {taskinstance.py:851} INFO - Dependencies all met for <TaskInstance: xcom_example_dag.pull_task 2024-03-17T00:00:00+00:00 [queued]>
[2024-07-18 06:35:23,226] {taskinstance.py:851} INFO - Dependencies all met for <TaskInstance: xcom_example_dag.pull_task 2024-03-17T00:00:00+00:00 [queued]>
[2024-07-18 06:35:23,235] {taskinstance.py:1042} INFO - 
--------------------------------------------------------------------------------
[2024-07-18 06:35:23,248] {taskinstance.py:1043} INFO - Starting attempt 1 of 2
[2024-07-18 06:35:23,252] {taskinstance.py:1044} INFO - 
--------------------------------------------------------------------------------
[2024-07-18 06:35:23,314] {taskinstance.py:1063} INFO - Executing <Task(PythonOperator): pull_task> on 2024-03-17T00:00:00+00:00
[2024-07-18 06:35:23,326] {standard_task_runner.py:52} INFO - Started process 3004 to run task
[2024-07-18 06:35:23,340] {standard_task_runner.py:76} INFO - Running: ['airflow', 'tasks', 'run', 'xcom_example_dag', 'pull_task', '2024-03-17T00:00:00+00:00', '--job-id', '514', '--pool', 'default_pool', '--raw', '--subdir', 'DAGS_FOLDER/xcom.py', '--cfg-path', '/tmp/tmph0yhhwad', '--error-file', '/tmp/tmprmuz1vaa']
[2024-07-18 06:35:23,347] {standard_task_runner.py:77} INFO - Job 514: Subtask pull_task
[2024-07-18 06:35:23,514] {logging_mixin.py:104} INFO - Running <TaskInstance: xcom_example_dag.pull_task 2024-03-17T00:00:00+00:00 [running]> on host a868c7bacc12
[2024-07-18 06:35:23,846] {taskinstance.py:1257} INFO - Exporting the following env vars:
AIRFLOW_CTX_DAG_OWNER=airflow
AIRFLOW_CTX_DAG_ID=xcom_example_dag
AIRFLOW_CTX_TASK_ID=pull_task
AIRFLOW_CTX_EXECUTION_DATE=2024-03-17T00:00:00+00:00
AIRFLOW_CTX_DAG_RUN_ID=scheduled__2024-03-17T00:00:00+00:00
[2024-07-18 06:35:23,897] {logging_mixin.py:104} INFO - Pulled message: Hello from push_function!
[2024-07-18 06:35:23,904] {python.py:118} INFO - Done. Returned value was: None
[2024-07-18 06:35:24,033] {taskinstance.py:1166} INFO - Marking task as SUCCESS. dag_id=xcom_example_dag, task_id=pull_task, execution_date=20240317T000000, start_date=20240718T063523, end_date=20240718T063524
[2024-07-18 06:35:24,296] {taskinstance.py:1220} INFO - 0 downstream tasks scheduled from follow-on schedule check
[2024-07-18 06:35:24,344] {local_task_job.py:146} INFO - Task exited with return code 0
