[2024-07-16 02:43:39,902] {taskinstance.py:851} INFO - Dependencies all met for <TaskInstance: our_first_dag.first_task 2023-01-14T00:00:00+00:00 [queued]>
[2024-07-16 02:43:39,938] {taskinstance.py:851} INFO - Dependencies all met for <TaskInstance: our_first_dag.first_task 2023-01-14T00:00:00+00:00 [queued]>
[2024-07-16 02:43:39,939] {taskinstance.py:1042} INFO - 
--------------------------------------------------------------------------------
[2024-07-16 02:43:39,940] {taskinstance.py:1043} INFO - Starting attempt 1 of 6
[2024-07-16 02:43:39,940] {taskinstance.py:1044} INFO - 
--------------------------------------------------------------------------------
[2024-07-16 02:43:39,972] {taskinstance.py:1063} INFO - Executing <Task(BashOperator): first_task> on 2023-01-14T00:00:00+00:00
[2024-07-16 02:43:39,979] {standard_task_runner.py:52} INFO - Started process 2064 to run task
[2024-07-16 02:43:39,987] {standard_task_runner.py:76} INFO - Running: ['airflow', 'tasks', 'run', 'our_first_dag', 'first_task', '2023-01-14T00:00:00+00:00', '--job-id', '539', '--pool', 'default_pool', '--raw', '--subdir', 'DAGS_FOLDER/our_first_dag.py', '--cfg-path', '/tmp/tmpnhikj1_3', '--error-file', '/tmp/tmp24wi1i4x']
[2024-07-16 02:43:39,996] {standard_task_runner.py:77} INFO - Job 539: Subtask first_task
[2024-07-16 02:43:40,133] {logging_mixin.py:104} INFO - Running <TaskInstance: our_first_dag.first_task 2023-01-14T00:00:00+00:00 [running]> on host f3060829e7b4
[2024-07-16 02:43:40,339] {taskinstance.py:1257} INFO - Exporting the following env vars:
AIRFLOW_CTX_DAG_OWNER=coder2j
AIRFLOW_CTX_DAG_ID=our_first_dag
AIRFLOW_CTX_TASK_ID=first_task
AIRFLOW_CTX_EXECUTION_DATE=2023-01-14T00:00:00+00:00
AIRFLOW_CTX_DAG_RUN_ID=scheduled__2023-01-14T00:00:00+00:00
[2024-07-16 02:43:40,345] {bash.py:135} INFO - Tmp dir root location: 
 /tmp
[2024-07-16 02:43:40,355] {bash.py:158} INFO - Running command: echo hello world, this is the first task
[2024-07-16 02:43:40,373] {bash.py:169} INFO - Output:
[2024-07-16 02:43:40,377] {bash.py:173} INFO - hello world, this is the first task
[2024-07-16 02:43:40,378] {bash.py:177} INFO - Command exited with return code 0
[2024-07-16 02:43:40,446] {taskinstance.py:1166} INFO - Marking task as SUCCESS. dag_id=our_first_dag, task_id=first_task, execution_date=20230114T000000, start_date=20240716T024339, end_date=20240716T024340
[2024-07-16 02:43:40,510] {taskinstance.py:1220} INFO - 0 downstream tasks scheduled from follow-on schedule check
[2024-07-16 02:43:40,526] {local_task_job.py:146} INFO - Task exited with return code 0
