[2024-07-16 02:44:54,431] {taskinstance.py:851} INFO - Dependencies all met for <TaskInstance: our_first_dag.first_task 2023-09-05T00:00:00+00:00 [queued]>
[2024-07-16 02:44:54,462] {taskinstance.py:851} INFO - Dependencies all met for <TaskInstance: our_first_dag.first_task 2023-09-05T00:00:00+00:00 [queued]>
[2024-07-16 02:44:54,463] {taskinstance.py:1042} INFO - 
--------------------------------------------------------------------------------
[2024-07-16 02:44:54,464] {taskinstance.py:1043} INFO - Starting attempt 1 of 6
[2024-07-16 02:44:54,464] {taskinstance.py:1044} INFO - 
--------------------------------------------------------------------------------
[2024-07-16 02:44:54,484] {taskinstance.py:1063} INFO - Executing <Task(BashOperator): first_task> on 2023-09-05T00:00:00+00:00
[2024-07-16 02:44:54,490] {standard_task_runner.py:52} INFO - Started process 2801 to run task
[2024-07-16 02:44:54,499] {standard_task_runner.py:76} INFO - Running: ['airflow', 'tasks', 'run', 'our_first_dag', 'first_task', '2023-09-05T00:00:00+00:00', '--job-id', '773', '--pool', 'default_pool', '--raw', '--subdir', 'DAGS_FOLDER/our_first_dag.py', '--cfg-path', '/tmp/tmpik5vercg', '--error-file', '/tmp/tmptnw5i1_m']
[2024-07-16 02:44:54,506] {standard_task_runner.py:77} INFO - Job 773: Subtask first_task
[2024-07-16 02:44:54,603] {logging_mixin.py:104} INFO - Running <TaskInstance: our_first_dag.first_task 2023-09-05T00:00:00+00:00 [running]> on host f3060829e7b4
[2024-07-16 02:44:54,707] {taskinstance.py:1257} INFO - Exporting the following env vars:
AIRFLOW_CTX_DAG_OWNER=coder2j
AIRFLOW_CTX_DAG_ID=our_first_dag
AIRFLOW_CTX_TASK_ID=first_task
AIRFLOW_CTX_EXECUTION_DATE=2023-09-05T00:00:00+00:00
AIRFLOW_CTX_DAG_RUN_ID=scheduled__2023-09-05T00:00:00+00:00
[2024-07-16 02:44:54,709] {bash.py:135} INFO - Tmp dir root location: 
 /tmp
[2024-07-16 02:44:54,711] {bash.py:158} INFO - Running command: echo hello world, this is the first task
[2024-07-16 02:44:54,725] {bash.py:169} INFO - Output:
[2024-07-16 02:44:54,728] {bash.py:173} INFO - hello world, this is the first task
[2024-07-16 02:44:54,729] {bash.py:177} INFO - Command exited with return code 0
[2024-07-16 02:44:54,804] {taskinstance.py:1166} INFO - Marking task as SUCCESS. dag_id=our_first_dag, task_id=first_task, execution_date=20230905T000000, start_date=20240716T024454, end_date=20240716T024454
[2024-07-16 02:44:54,913] {taskinstance.py:1220} INFO - 0 downstream tasks scheduled from follow-on schedule check
[2024-07-16 02:44:54,950] {local_task_job.py:146} INFO - Task exited with return code 0
