[2024-07-18 06:36:42,511] {taskinstance.py:851} INFO - Dependencies all met for <TaskInstance: xcom_example_dag.pull_task 2024-06-06T00:00:00+00:00 [queued]>
[2024-07-18 06:36:42,593] {taskinstance.py:851} INFO - Dependencies all met for <TaskInstance: xcom_example_dag.pull_task 2024-06-06T00:00:00+00:00 [queued]>
[2024-07-18 06:36:42,594] {taskinstance.py:1042} INFO - 
--------------------------------------------------------------------------------
[2024-07-18 06:36:42,594] {taskinstance.py:1043} INFO - Starting attempt 1 of 2
[2024-07-18 06:36:42,595] {taskinstance.py:1044} INFO - 
--------------------------------------------------------------------------------
[2024-07-18 06:36:42,653] {taskinstance.py:1063} INFO - Executing <Task(PythonOperator): pull_task> on 2024-06-06T00:00:00+00:00
[2024-07-18 06:36:42,664] {standard_task_runner.py:52} INFO - Started process 425 to run task
[2024-07-18 06:36:42,689] {standard_task_runner.py:76} INFO - Running: ['airflow', 'tasks', 'run', 'xcom_example_dag', 'pull_task', '2024-06-06T00:00:00+00:00', '--job-id', '675', '--pool', 'default_pool', '--raw', '--subdir', 'DAGS_FOLDER/xcom.py', '--cfg-path', '/tmp/tmpewle2lc6', '--error-file', '/tmp/tmpbgaiim0s']
[2024-07-18 06:36:42,706] {standard_task_runner.py:77} INFO - Job 675: Subtask pull_task
[2024-07-18 06:36:42,927] {logging_mixin.py:104} INFO - Running <TaskInstance: xcom_example_dag.pull_task 2024-06-06T00:00:00+00:00 [running]> on host a868c7bacc12
[2024-07-18 06:36:43,108] {taskinstance.py:1257} INFO - Exporting the following env vars:
AIRFLOW_CTX_DAG_OWNER=airflow
AIRFLOW_CTX_DAG_ID=xcom_example_dag
AIRFLOW_CTX_TASK_ID=pull_task
AIRFLOW_CTX_EXECUTION_DATE=2024-06-06T00:00:00+00:00
AIRFLOW_CTX_DAG_RUN_ID=scheduled__2024-06-06T00:00:00+00:00
[2024-07-18 06:36:43,139] {logging_mixin.py:104} INFO - Pulled message: Hello from push_function!
[2024-07-18 06:36:43,145] {python.py:118} INFO - Done. Returned value was: None
[2024-07-18 06:36:43,235] {taskinstance.py:1166} INFO - Marking task as SUCCESS. dag_id=xcom_example_dag, task_id=pull_task, execution_date=20240606T000000, start_date=20240718T063642, end_date=20240718T063643
[2024-07-18 06:36:43,352] {taskinstance.py:1220} INFO - 0 downstream tasks scheduled from follow-on schedule check
[2024-07-18 06:36:43,408] {local_task_job.py:146} INFO - Task exited with return code 0
