[2024-07-16 02:42:19,712] {taskinstance.py:851} INFO - Dependencies all met for <TaskInstance: our_first_dag.first_task 2022-05-05T00:00:00+00:00 [queued]>
[2024-07-16 02:42:19,772] {taskinstance.py:851} INFO - Dependencies all met for <TaskInstance: our_first_dag.first_task 2022-05-05T00:00:00+00:00 [queued]>
[2024-07-16 02:42:19,772] {taskinstance.py:1042} INFO - 
--------------------------------------------------------------------------------
[2024-07-16 02:42:19,773] {taskinstance.py:1043} INFO - Starting attempt 1 of 6
[2024-07-16 02:42:19,774] {taskinstance.py:1044} INFO - 
--------------------------------------------------------------------------------
[2024-07-16 02:42:19,793] {taskinstance.py:1063} INFO - Executing <Task(BashOperator): first_task> on 2022-05-05T00:00:00+00:00
[2024-07-16 02:42:19,803] {standard_task_runner.py:52} INFO - Started process 1263 to run task
[2024-07-16 02:42:19,816] {standard_task_runner.py:76} INFO - Running: ['airflow', 'tasks', 'run', 'our_first_dag', 'first_task', '2022-05-05T00:00:00+00:00', '--job-id', '285', '--pool', 'default_pool', '--raw', '--subdir', 'DAGS_FOLDER/our_first_dag.py', '--cfg-path', '/tmp/tmpf39bv9vf', '--error-file', '/tmp/tmp3jj6xmt_']
[2024-07-16 02:42:19,829] {standard_task_runner.py:77} INFO - Job 285: Subtask first_task
[2024-07-16 02:42:19,940] {logging_mixin.py:104} INFO - Running <TaskInstance: our_first_dag.first_task 2022-05-05T00:00:00+00:00 [running]> on host f3060829e7b4
[2024-07-16 02:42:20,058] {taskinstance.py:1257} INFO - Exporting the following env vars:
AIRFLOW_CTX_DAG_OWNER=coder2j
AIRFLOW_CTX_DAG_ID=our_first_dag
AIRFLOW_CTX_TASK_ID=first_task
AIRFLOW_CTX_EXECUTION_DATE=2022-05-05T00:00:00+00:00
AIRFLOW_CTX_DAG_RUN_ID=scheduled__2022-05-05T00:00:00+00:00
[2024-07-16 02:42:20,063] {bash.py:135} INFO - Tmp dir root location: 
 /tmp
[2024-07-16 02:42:20,065] {bash.py:158} INFO - Running command: echo hello world, this is the first task
[2024-07-16 02:42:20,085] {bash.py:169} INFO - Output:
[2024-07-16 02:42:20,088] {bash.py:173} INFO - hello world, this is the first task
[2024-07-16 02:42:20,089] {bash.py:177} INFO - Command exited with return code 0
[2024-07-16 02:42:20,151] {taskinstance.py:1166} INFO - Marking task as SUCCESS. dag_id=our_first_dag, task_id=first_task, execution_date=20220505T000000, start_date=20240716T024219, end_date=20240716T024220
[2024-07-16 02:42:20,221] {taskinstance.py:1220} INFO - 0 downstream tasks scheduled from follow-on schedule check
[2024-07-16 02:42:20,270] {local_task_job.py:146} INFO - Task exited with return code 0
