[2024-07-18 06:34:03,555] {taskinstance.py:851} INFO - Dependencies all met for <TaskInstance: xcom_example_dag.pull_task 2023-11-15T00:00:00+00:00 [queued]>
[2024-07-18 06:34:03,684] {taskinstance.py:851} INFO - Dependencies all met for <TaskInstance: xcom_example_dag.pull_task 2023-11-15T00:00:00+00:00 [queued]>
[2024-07-18 06:34:03,692] {taskinstance.py:1042} INFO - 
--------------------------------------------------------------------------------
[2024-07-18 06:34:03,696] {taskinstance.py:1043} INFO - Starting attempt 1 of 2
[2024-07-18 06:34:03,699] {taskinstance.py:1044} INFO - 
--------------------------------------------------------------------------------
[2024-07-18 06:34:03,807] {taskinstance.py:1063} INFO - Executing <Task(PythonOperator): pull_task> on 2023-11-15T00:00:00+00:00
[2024-07-18 06:34:03,832] {standard_task_runner.py:52} INFO - Started process 2437 to run task
[2024-07-18 06:34:03,855] {standard_task_runner.py:76} INFO - Running: ['airflow', 'tasks', 'run', 'xcom_example_dag', 'pull_task', '2023-11-15T00:00:00+00:00', '--job-id', '267', '--pool', 'default_pool', '--raw', '--subdir', 'DAGS_FOLDER/xcom.py', '--cfg-path', '/tmp/tmpxb0u0kk1', '--error-file', '/tmp/tmp9060jwez']
[2024-07-18 06:34:03,885] {standard_task_runner.py:77} INFO - Job 267: Subtask pull_task
[2024-07-18 06:34:04,155] {logging_mixin.py:104} INFO - Running <TaskInstance: xcom_example_dag.pull_task 2023-11-15T00:00:00+00:00 [running]> on host a868c7bacc12
[2024-07-18 06:34:04,460] {taskinstance.py:1257} INFO - Exporting the following env vars:
AIRFLOW_CTX_DAG_OWNER=airflow
AIRFLOW_CTX_DAG_ID=xcom_example_dag
AIRFLOW_CTX_TASK_ID=pull_task
AIRFLOW_CTX_EXECUTION_DATE=2023-11-15T00:00:00+00:00
AIRFLOW_CTX_DAG_RUN_ID=scheduled__2023-11-15T00:00:00+00:00
[2024-07-18 06:34:04,604] {logging_mixin.py:104} INFO - Pulled message: Hello from push_function!
[2024-07-18 06:34:04,648] {python.py:118} INFO - Done. Returned value was: None
[2024-07-18 06:34:04,759] {taskinstance.py:1166} INFO - Marking task as SUCCESS. dag_id=xcom_example_dag, task_id=pull_task, execution_date=20231115T000000, start_date=20240718T063403, end_date=20240718T063404
[2024-07-18 06:34:05,165] {taskinstance.py:1220} INFO - 0 downstream tasks scheduled from follow-on schedule check
[2024-07-18 06:34:05,217] {local_task_job.py:146} INFO - Task exited with return code 0
