[2024-07-18 06:32:51,056] {taskinstance.py:851} INFO - Dependencies all met for <TaskInstance: xcom_example_dag.push_task 2023-08-05T00:00:00+00:00 [queued]>
[2024-07-18 06:32:51,096] {taskinstance.py:851} INFO - Dependencies all met for <TaskInstance: xcom_example_dag.push_task 2023-08-05T00:00:00+00:00 [queued]>
[2024-07-18 06:32:51,097] {taskinstance.py:1042} INFO - 
--------------------------------------------------------------------------------
[2024-07-18 06:32:51,101] {taskinstance.py:1043} INFO - Starting attempt 1 of 2
[2024-07-18 06:32:51,102] {taskinstance.py:1044} INFO - 
--------------------------------------------------------------------------------
[2024-07-18 06:32:51,154] {taskinstance.py:1063} INFO - Executing <Task(PythonOperator): push_task> on 2023-08-05T00:00:00+00:00
[2024-07-18 06:32:51,164] {standard_task_runner.py:52} INFO - Started process 1949 to run task
[2024-07-18 06:32:51,181] {standard_task_runner.py:76} INFO - Running: ['airflow', 'tasks', 'run', 'xcom_example_dag', 'push_task', '2023-08-05T00:00:00+00:00', '--job-id', '56', '--pool', 'default_pool', '--raw', '--subdir', 'DAGS_FOLDER/xcom.py', '--cfg-path', '/tmp/tmp97w9u7lv', '--error-file', '/tmp/tmpy1gw1ttz']
[2024-07-18 06:32:51,191] {standard_task_runner.py:77} INFO - Job 56: Subtask push_task
[2024-07-18 06:32:51,336] {logging_mixin.py:104} INFO - Running <TaskInstance: xcom_example_dag.push_task 2023-08-05T00:00:00+00:00 [running]> on host a868c7bacc12
[2024-07-18 06:32:51,653] {taskinstance.py:1257} INFO - Exporting the following env vars:
AIRFLOW_CTX_DAG_OWNER=airflow
AIRFLOW_CTX_DAG_ID=xcom_example_dag
AIRFLOW_CTX_TASK_ID=push_task
AIRFLOW_CTX_EXECUTION_DATE=2023-08-05T00:00:00+00:00
AIRFLOW_CTX_DAG_RUN_ID=scheduled__2023-08-05T00:00:00+00:00
[2024-07-18 06:32:51,730] {python.py:118} INFO - Done. Returned value was: None
[2024-07-18 06:32:51,804] {taskinstance.py:1166} INFO - Marking task as SUCCESS. dag_id=xcom_example_dag, task_id=push_task, execution_date=20230805T000000, start_date=20240718T063251, end_date=20240718T063251
[2024-07-18 06:32:51,989] {taskinstance.py:1220} INFO - 1 downstream tasks scheduled from follow-on schedule check
[2024-07-18 06:32:52,081] {local_task_job.py:146} INFO - Task exited with return code 0
