[2024-07-16 02:47:15,700] {taskinstance.py:851} INFO - Dependencies all met for <TaskInstance: our_first_dag_v2.first_task 2022-01-05T00:00:00+00:00 [queued]>
[2024-07-16 02:47:15,739] {taskinstance.py:851} INFO - Dependencies all met for <TaskInstance: our_first_dag_v2.first_task 2022-01-05T00:00:00+00:00 [queued]>
[2024-07-16 02:47:15,740] {taskinstance.py:1042} INFO - 
--------------------------------------------------------------------------------
[2024-07-16 02:47:15,741] {taskinstance.py:1043} INFO - Starting attempt 1 of 6
[2024-07-16 02:47:15,742] {taskinstance.py:1044} INFO - 
--------------------------------------------------------------------------------
[2024-07-16 02:47:15,761] {taskinstance.py:1063} INFO - Executing <Task(BashOperator): first_task> on 2022-01-05T00:00:00+00:00
[2024-07-16 02:47:15,772] {standard_task_runner.py:52} INFO - Started process 4038 to run task
[2024-07-16 02:47:15,797] {standard_task_runner.py:76} INFO - Running: ['airflow', 'tasks', 'run', 'our_first_dag_v2', 'first_task', '2022-01-05T00:00:00+00:00', '--job-id', '1136', '--pool', 'default_pool', '--raw', '--subdir', 'DAGS_FOLDER/our_first_dag.py', '--cfg-path', '/tmp/tmpo7q541lx', '--error-file', '/tmp/tmpvl3yaml5']
[2024-07-16 02:47:15,811] {standard_task_runner.py:77} INFO - Job 1136: Subtask first_task
[2024-07-16 02:47:16,092] {logging_mixin.py:104} INFO - Running <TaskInstance: our_first_dag_v2.first_task 2022-01-05T00:00:00+00:00 [running]> on host f3060829e7b4
[2024-07-16 02:47:16,349] {taskinstance.py:1257} INFO - Exporting the following env vars:
AIRFLOW_CTX_DAG_OWNER=coder2j
AIRFLOW_CTX_DAG_ID=our_first_dag_v2
AIRFLOW_CTX_TASK_ID=first_task
AIRFLOW_CTX_EXECUTION_DATE=2022-01-05T00:00:00+00:00
AIRFLOW_CTX_DAG_RUN_ID=scheduled__2022-01-05T00:00:00+00:00
[2024-07-16 02:47:16,352] {bash.py:135} INFO - Tmp dir root location: 
 /tmp
[2024-07-16 02:47:16,369] {bash.py:158} INFO - Running command: echo hello world, this is the first task
[2024-07-16 02:47:16,407] {bash.py:169} INFO - Output:
[2024-07-16 02:47:16,431] {bash.py:173} INFO - hello world, this is the first task
[2024-07-16 02:47:16,436] {bash.py:177} INFO - Command exited with return code 0
[2024-07-16 02:47:16,529] {taskinstance.py:1166} INFO - Marking task as SUCCESS. dag_id=our_first_dag_v2, task_id=first_task, execution_date=20220105T000000, start_date=20240716T024715, end_date=20240716T024716
[2024-07-16 02:47:16,651] {taskinstance.py:1220} INFO - 1 downstream tasks scheduled from follow-on schedule check
[2024-07-16 02:47:16,692] {local_task_job.py:146} INFO - Task exited with return code 0
