[2024-07-18 11:15:58,354] {taskinstance.py:851} INFO - Dependencies all met for <TaskInstance: catchup_and_backfill.greet 2024-07-16T00:00:00+00:00 [queued]>
[2024-07-18 11:15:58,372] {taskinstance.py:851} INFO - Dependencies all met for <TaskInstance: catchup_and_backfill.greet 2024-07-16T00:00:00+00:00 [queued]>
[2024-07-18 11:15:58,373] {taskinstance.py:1042} INFO - 
--------------------------------------------------------------------------------
[2024-07-18 11:15:58,373] {taskinstance.py:1043} INFO - Starting attempt 1 of 6
[2024-07-18 11:15:58,374] {taskinstance.py:1044} INFO - 
--------------------------------------------------------------------------------
[2024-07-18 11:15:58,395] {taskinstance.py:1063} INFO - Executing <Task(PythonOperator): greet> on 2024-07-16T00:00:00+00:00
[2024-07-18 11:15:58,402] {standard_task_runner.py:52} INFO - Started process 17700 to run task
[2024-07-18 11:15:58,407] {standard_task_runner.py:76} INFO - Running: ['airflow', 'tasks', 'run', 'catchup_and_backfill', 'greet', '2024-07-16T00:00:00+00:00', '--job-id', '784', '--pool', 'default_pool', '--raw', '--subdir', 'DAGS_FOLDER/catchup_and_backfill.py', '--cfg-path', '/tmp/tmpxa__ta7x', '--error-file', '/tmp/tmp5hyzrp2p']
[2024-07-18 11:15:58,410] {standard_task_runner.py:77} INFO - Job 784: Subtask greet
[2024-07-18 11:15:58,475] {logging_mixin.py:104} INFO - Running <TaskInstance: catchup_and_backfill.greet 2024-07-16T00:00:00+00:00 [running]> on host b7036ca352b1
[2024-07-18 11:15:58,535] {taskinstance.py:1257} INFO - Exporting the following env vars:
AIRFLOW_CTX_DAG_OWNER=MinhThai
AIRFLOW_CTX_DAG_ID=catchup_and_backfill
AIRFLOW_CTX_TASK_ID=greet
AIRFLOW_CTX_EXECUTION_DATE=2024-07-16T00:00:00+00:00
AIRFLOW_CTX_DAG_RUN_ID=scheduled__2024-07-16T00:00:00+00:00
[2024-07-18 11:15:58,566] {logging_mixin.py:104} INFO - Hello world. My name is Pham Minh Thai and I am 15 years old
[2024-07-18 11:15:58,566] {python.py:118} INFO - Done. Returned value was: None
[2024-07-18 11:15:58,579] {taskinstance.py:1166} INFO - Marking task as SUCCESS. dag_id=catchup_and_backfill, task_id=greet, execution_date=20240716T000000, start_date=20240718T111558, end_date=20240718T111558
[2024-07-18 11:15:58,611] {taskinstance.py:1220} INFO - 0 downstream tasks scheduled from follow-on schedule check
[2024-07-18 11:15:58,658] {local_task_job.py:146} INFO - Task exited with return code 0
