[2024-07-18 09:12:55,167] {taskinstance.py:851} INFO - Dependencies all met for <TaskInstance: Python_operator_v05.get_name 2024-07-18T09:12:54.191608+00:00 [queued]>
[2024-07-18 09:12:55,183] {taskinstance.py:851} INFO - Dependencies all met for <TaskInstance: Python_operator_v05.get_name 2024-07-18T09:12:54.191608+00:00 [queued]>
[2024-07-18 09:12:55,184] {taskinstance.py:1042} INFO - 
--------------------------------------------------------------------------------
[2024-07-18 09:12:55,184] {taskinstance.py:1043} INFO - Starting attempt 1 of 6
[2024-07-18 09:12:55,185] {taskinstance.py:1044} INFO - 
--------------------------------------------------------------------------------
[2024-07-18 09:12:55,195] {taskinstance.py:1063} INFO - Executing <Task(PythonOperator): get_name> on 2024-07-18T09:12:54.191608+00:00
[2024-07-18 09:12:55,198] {standard_task_runner.py:52} INFO - Started process 3520 to run task
[2024-07-18 09:12:55,203] {standard_task_runner.py:76} INFO - Running: ['airflow', 'tasks', 'run', 'Python_operator_v05', 'get_name', '2024-07-18T09:12:54.191608+00:00', '--job-id', '770', '--pool', 'default_pool', '--raw', '--subdir', 'DAGS_FOLDER/python_operator.py', '--cfg-path', '/tmp/tmpid4bxgx8', '--error-file', '/tmp/tmpr1ms3v6s']
[2024-07-18 09:12:55,206] {standard_task_runner.py:77} INFO - Job 770: Subtask get_name
[2024-07-18 09:12:55,246] {logging_mixin.py:104} INFO - Running <TaskInstance: Python_operator_v05.get_name 2024-07-18T09:12:54.191608+00:00 [running]> on host b7036ca352b1
[2024-07-18 09:12:55,284] {taskinstance.py:1257} INFO - Exporting the following env vars:
AIRFLOW_CTX_DAG_OWNER=MinhThai
AIRFLOW_CTX_DAG_ID=Python_operator_v05
AIRFLOW_CTX_TASK_ID=get_name
AIRFLOW_CTX_EXECUTION_DATE=2024-07-18T09:12:54.191608+00:00
AIRFLOW_CTX_DAG_RUN_ID=manual__2024-07-18T09:12:54.191608+00:00
[2024-07-18 09:12:55,313] {python.py:118} INFO - Done. Returned value was: None
[2024-07-18 09:12:55,323] {taskinstance.py:1166} INFO - Marking task as SUCCESS. dag_id=Python_operator_v05, task_id=get_name, execution_date=20240718T091254, start_date=20240718T091255, end_date=20240718T091255
[2024-07-18 09:12:55,349] {taskinstance.py:1220} INFO - 0 downstream tasks scheduled from follow-on schedule check
[2024-07-18 09:12:55,373] {local_task_job.py:146} INFO - Task exited with return code 0
