[2024-07-16 02:46:42,380] {taskinstance.py:851} INFO - Dependencies all met for <TaskInstance: our_first_dag_v2.first_task 2021-10-28T00:00:00+00:00 [queued]>
[2024-07-16 02:46:42,416] {taskinstance.py:851} INFO - Dependencies all met for <TaskInstance: our_first_dag_v2.first_task 2021-10-28T00:00:00+00:00 [queued]>
[2024-07-16 02:46:42,417] {taskinstance.py:1042} INFO - 
--------------------------------------------------------------------------------
[2024-07-16 02:46:42,417] {taskinstance.py:1043} INFO - Starting attempt 1 of 6
[2024-07-16 02:46:42,418] {taskinstance.py:1044} INFO - 
--------------------------------------------------------------------------------
[2024-07-16 02:46:42,441] {taskinstance.py:1063} INFO - Executing <Task(BashOperator): first_task> on 2021-10-28T00:00:00+00:00
[2024-07-16 02:46:42,448] {standard_task_runner.py:52} INFO - Started process 3607 to run task
[2024-07-16 02:46:42,476] {standard_task_runner.py:76} INFO - Running: ['airflow', 'tasks', 'run', 'our_first_dag_v2', 'first_task', '2021-10-28T00:00:00+00:00', '--job-id', '997', '--pool', 'default_pool', '--raw', '--subdir', 'DAGS_FOLDER/our_first_dag.py', '--cfg-path', '/tmp/tmpvdly7zrz', '--error-file', '/tmp/tmp6acrs9b5']
[2024-07-16 02:46:42,482] {standard_task_runner.py:77} INFO - Job 997: Subtask first_task
[2024-07-16 02:46:42,653] {logging_mixin.py:104} INFO - Running <TaskInstance: our_first_dag_v2.first_task 2021-10-28T00:00:00+00:00 [running]> on host f3060829e7b4
[2024-07-16 02:46:42,837] {taskinstance.py:1257} INFO - Exporting the following env vars:
AIRFLOW_CTX_DAG_OWNER=coder2j
AIRFLOW_CTX_DAG_ID=our_first_dag_v2
AIRFLOW_CTX_TASK_ID=first_task
AIRFLOW_CTX_EXECUTION_DATE=2021-10-28T00:00:00+00:00
AIRFLOW_CTX_DAG_RUN_ID=scheduled__2021-10-28T00:00:00+00:00
[2024-07-16 02:46:42,839] {bash.py:135} INFO - Tmp dir root location: 
 /tmp
[2024-07-16 02:46:42,841] {bash.py:158} INFO - Running command: echo hello world, this is the first task
[2024-07-16 02:46:42,877] {bash.py:169} INFO - Output:
[2024-07-16 02:46:42,889] {bash.py:173} INFO - hello world, this is the first task
[2024-07-16 02:46:42,890] {bash.py:177} INFO - Command exited with return code 0
[2024-07-16 02:46:43,016] {taskinstance.py:1166} INFO - Marking task as SUCCESS. dag_id=our_first_dag_v2, task_id=first_task, execution_date=20211028T000000, start_date=20240716T024642, end_date=20240716T024643
[2024-07-16 02:46:43,143] {taskinstance.py:1220} INFO - 1 downstream tasks scheduled from follow-on schedule check
[2024-07-16 02:46:43,178] {local_task_job.py:146} INFO - Task exited with return code 0
