[2024-07-18 06:32:53,635] {taskinstance.py:851} INFO - Dependencies all met for <TaskInstance: xcom_example_dag.push_task 2023-08-09T00:00:00+00:00 [queued]>
[2024-07-18 06:32:53,676] {taskinstance.py:851} INFO - Dependencies all met for <TaskInstance: xcom_example_dag.push_task 2023-08-09T00:00:00+00:00 [queued]>
[2024-07-18 06:32:53,681] {taskinstance.py:1042} INFO - 
--------------------------------------------------------------------------------
[2024-07-18 06:32:53,684] {taskinstance.py:1043} INFO - Starting attempt 1 of 2
[2024-07-18 06:32:53,685] {taskinstance.py:1044} INFO - 
--------------------------------------------------------------------------------
[2024-07-18 06:32:53,755] {taskinstance.py:1063} INFO - Executing <Task(PythonOperator): push_task> on 2023-08-09T00:00:00+00:00
[2024-07-18 06:32:53,767] {standard_task_runner.py:52} INFO - Started process 1968 to run task
[2024-07-18 06:32:53,786] {standard_task_runner.py:76} INFO - Running: ['airflow', 'tasks', 'run', 'xcom_example_dag', 'push_task', '2023-08-09T00:00:00+00:00', '--job-id', '63', '--pool', 'default_pool', '--raw', '--subdir', 'DAGS_FOLDER/xcom.py', '--cfg-path', '/tmp/tmpfiuo5xze', '--error-file', '/tmp/tmp0z0993kn']
[2024-07-18 06:32:53,794] {standard_task_runner.py:77} INFO - Job 63: Subtask push_task
[2024-07-18 06:32:54,112] {logging_mixin.py:104} INFO - Running <TaskInstance: xcom_example_dag.push_task 2023-08-09T00:00:00+00:00 [running]> on host a868c7bacc12
[2024-07-18 06:32:54,418] {taskinstance.py:1257} INFO - Exporting the following env vars:
AIRFLOW_CTX_DAG_OWNER=airflow
AIRFLOW_CTX_DAG_ID=xcom_example_dag
AIRFLOW_CTX_TASK_ID=push_task
AIRFLOW_CTX_EXECUTION_DATE=2023-08-09T00:00:00+00:00
AIRFLOW_CTX_DAG_RUN_ID=scheduled__2023-08-09T00:00:00+00:00
[2024-07-18 06:32:54,539] {python.py:118} INFO - Done. Returned value was: None
[2024-07-18 06:32:54,594] {taskinstance.py:1166} INFO - Marking task as SUCCESS. dag_id=xcom_example_dag, task_id=push_task, execution_date=20230809T000000, start_date=20240718T063253, end_date=20240718T063254
[2024-07-18 06:32:54,867] {taskinstance.py:1220} INFO - 0 downstream tasks scheduled from follow-on schedule check
[2024-07-18 06:32:54,945] {local_task_job.py:146} INFO - Task exited with return code 0
