[2024-07-18 06:36:38,273] {taskinstance.py:851} INFO - Dependencies all met for <TaskInstance: xcom_example_dag.push_task 2024-06-04T00:00:00+00:00 [queued]>
[2024-07-18 06:36:38,373] {taskinstance.py:851} INFO - Dependencies all met for <TaskInstance: xcom_example_dag.push_task 2024-06-04T00:00:00+00:00 [queued]>
[2024-07-18 06:36:38,374] {taskinstance.py:1042} INFO - 
--------------------------------------------------------------------------------
[2024-07-18 06:36:38,374] {taskinstance.py:1043} INFO - Starting attempt 1 of 2
[2024-07-18 06:36:38,375] {taskinstance.py:1044} INFO - 
--------------------------------------------------------------------------------
[2024-07-18 06:36:38,396] {taskinstance.py:1063} INFO - Executing <Task(PythonOperator): push_task> on 2024-06-04T00:00:00+00:00
[2024-07-18 06:36:38,407] {standard_task_runner.py:52} INFO - Started process 391 to run task
[2024-07-18 06:36:38,412] {standard_task_runner.py:76} INFO - Running: ['airflow', 'tasks', 'run', 'xcom_example_dag', 'push_task', '2024-06-04T00:00:00+00:00', '--job-id', '664', '--pool', 'default_pool', '--raw', '--subdir', 'DAGS_FOLDER/xcom.py', '--cfg-path', '/tmp/tmpoibttkri', '--error-file', '/tmp/tmpkqe3xg0s']
[2024-07-18 06:36:38,421] {standard_task_runner.py:77} INFO - Job 664: Subtask push_task
[2024-07-18 06:36:38,670] {logging_mixin.py:104} INFO - Running <TaskInstance: xcom_example_dag.push_task 2024-06-04T00:00:00+00:00 [running]> on host a868c7bacc12
[2024-07-18 06:36:38,963] {taskinstance.py:1257} INFO - Exporting the following env vars:
AIRFLOW_CTX_DAG_OWNER=airflow
AIRFLOW_CTX_DAG_ID=xcom_example_dag
AIRFLOW_CTX_TASK_ID=push_task
AIRFLOW_CTX_EXECUTION_DATE=2024-06-04T00:00:00+00:00
AIRFLOW_CTX_DAG_RUN_ID=scheduled__2024-06-04T00:00:00+00:00
[2024-07-18 06:36:39,035] {python.py:118} INFO - Done. Returned value was: None
[2024-07-18 06:36:39,096] {taskinstance.py:1166} INFO - Marking task as SUCCESS. dag_id=xcom_example_dag, task_id=push_task, execution_date=20240604T000000, start_date=20240718T063638, end_date=20240718T063639
[2024-07-18 06:36:39,492] {taskinstance.py:1220} INFO - 0 downstream tasks scheduled from follow-on schedule check
[2024-07-18 06:36:39,525] {local_task_job.py:146} INFO - Task exited with return code 0
