[2024-07-18 06:33:29,191] {taskinstance.py:851} INFO - Dependencies all met for <TaskInstance: xcom_example_dag.pull_task 2023-09-28T00:00:00+00:00 [queued]>
[2024-07-18 06:33:29,229] {taskinstance.py:851} INFO - Dependencies all met for <TaskInstance: xcom_example_dag.pull_task 2023-09-28T00:00:00+00:00 [queued]>
[2024-07-18 06:33:29,235] {taskinstance.py:1042} INFO - 
--------------------------------------------------------------------------------
[2024-07-18 06:33:29,240] {taskinstance.py:1043} INFO - Starting attempt 1 of 2
[2024-07-18 06:33:29,241] {taskinstance.py:1044} INFO - 
--------------------------------------------------------------------------------
[2024-07-18 06:33:29,303] {taskinstance.py:1063} INFO - Executing <Task(PythonOperator): pull_task> on 2023-09-28T00:00:00+00:00
[2024-07-18 06:33:29,333] {standard_task_runner.py:52} INFO - Started process 2214 to run task
[2024-07-18 06:33:29,377] {standard_task_runner.py:76} INFO - Running: ['airflow', 'tasks', 'run', 'xcom_example_dag', 'pull_task', '2023-09-28T00:00:00+00:00', '--job-id', '171', '--pool', 'default_pool', '--raw', '--subdir', 'DAGS_FOLDER/xcom.py', '--cfg-path', '/tmp/tmpwvw8awu2', '--error-file', '/tmp/tmpsazb_aes']
[2024-07-18 06:33:29,390] {standard_task_runner.py:77} INFO - Job 171: Subtask pull_task
[2024-07-18 06:33:29,562] {logging_mixin.py:104} INFO - Running <TaskInstance: xcom_example_dag.pull_task 2023-09-28T00:00:00+00:00 [running]> on host a868c7bacc12
[2024-07-18 06:33:29,713] {taskinstance.py:1257} INFO - Exporting the following env vars:
AIRFLOW_CTX_DAG_OWNER=airflow
AIRFLOW_CTX_DAG_ID=xcom_example_dag
AIRFLOW_CTX_TASK_ID=pull_task
AIRFLOW_CTX_EXECUTION_DATE=2023-09-28T00:00:00+00:00
AIRFLOW_CTX_DAG_RUN_ID=scheduled__2023-09-28T00:00:00+00:00
[2024-07-18 06:33:29,780] {logging_mixin.py:104} INFO - Pulled message: Hello from push_function!
[2024-07-18 06:33:29,783] {python.py:118} INFO - Done. Returned value was: None
[2024-07-18 06:33:29,866] {taskinstance.py:1166} INFO - Marking task as SUCCESS. dag_id=xcom_example_dag, task_id=pull_task, execution_date=20230928T000000, start_date=20240718T063329, end_date=20240718T063329
[2024-07-18 06:33:30,013] {taskinstance.py:1220} INFO - 0 downstream tasks scheduled from follow-on schedule check
[2024-07-18 06:33:30,045] {local_task_job.py:146} INFO - Task exited with return code 0
