[2024-07-18 06:32:59,586] {taskinstance.py:851} INFO - Dependencies all met for <TaskInstance: xcom_example_dag.pull_task 2023-08-13T00:00:00+00:00 [queued]>
[2024-07-18 06:32:59,655] {taskinstance.py:851} INFO - Dependencies all met for <TaskInstance: xcom_example_dag.pull_task 2023-08-13T00:00:00+00:00 [queued]>
[2024-07-18 06:32:59,660] {taskinstance.py:1042} INFO - 
--------------------------------------------------------------------------------
[2024-07-18 06:32:59,661] {taskinstance.py:1043} INFO - Starting attempt 1 of 2
[2024-07-18 06:32:59,663] {taskinstance.py:1044} INFO - 
--------------------------------------------------------------------------------
[2024-07-18 06:32:59,751] {taskinstance.py:1063} INFO - Executing <Task(PythonOperator): pull_task> on 2023-08-13T00:00:00+00:00
[2024-07-18 06:32:59,764] {standard_task_runner.py:52} INFO - Started process 2009 to run task
[2024-07-18 06:32:59,785] {standard_task_runner.py:76} INFO - Running: ['airflow', 'tasks', 'run', 'xcom_example_dag', 'pull_task', '2023-08-13T00:00:00+00:00', '--job-id', '80', '--pool', 'default_pool', '--raw', '--subdir', 'DAGS_FOLDER/xcom.py', '--cfg-path', '/tmp/tmpzzd9i1p3', '--error-file', '/tmp/tmpugfutt9_']
[2024-07-18 06:32:59,801] {standard_task_runner.py:77} INFO - Job 80: Subtask pull_task
[2024-07-18 06:32:59,928] {logging_mixin.py:104} INFO - Running <TaskInstance: xcom_example_dag.pull_task 2023-08-13T00:00:00+00:00 [running]> on host a868c7bacc12
[2024-07-18 06:33:00,099] {taskinstance.py:1257} INFO - Exporting the following env vars:
AIRFLOW_CTX_DAG_OWNER=airflow
AIRFLOW_CTX_DAG_ID=xcom_example_dag
AIRFLOW_CTX_TASK_ID=pull_task
AIRFLOW_CTX_EXECUTION_DATE=2023-08-13T00:00:00+00:00
AIRFLOW_CTX_DAG_RUN_ID=scheduled__2023-08-13T00:00:00+00:00
[2024-07-18 06:33:00,161] {logging_mixin.py:104} INFO - Pulled message: Hello from push_function!
[2024-07-18 06:33:00,173] {python.py:118} INFO - Done. Returned value was: None
[2024-07-18 06:33:00,297] {taskinstance.py:1166} INFO - Marking task as SUCCESS. dag_id=xcom_example_dag, task_id=pull_task, execution_date=20230813T000000, start_date=20240718T063259, end_date=20240718T063300
[2024-07-18 06:33:01,101] {taskinstance.py:1220} INFO - 0 downstream tasks scheduled from follow-on schedule check
[2024-07-18 06:33:01,152] {local_task_job.py:146} INFO - Task exited with return code 0
