[2024-07-18 06:33:33,461] {taskinstance.py:851} INFO - Dependencies all met for <TaskInstance: xcom_example_dag.pull_task 2023-10-05T00:00:00+00:00 [queued]>
[2024-07-18 06:33:33,545] {taskinstance.py:851} INFO - Dependencies all met for <TaskInstance: xcom_example_dag.pull_task 2023-10-05T00:00:00+00:00 [queued]>
[2024-07-18 06:33:33,546] {taskinstance.py:1042} INFO - 
--------------------------------------------------------------------------------
[2024-07-18 06:33:33,547] {taskinstance.py:1043} INFO - Starting attempt 1 of 2
[2024-07-18 06:33:33,547] {taskinstance.py:1044} INFO - 
--------------------------------------------------------------------------------
[2024-07-18 06:33:33,621] {taskinstance.py:1063} INFO - Executing <Task(PythonOperator): pull_task> on 2023-10-05T00:00:00+00:00
[2024-07-18 06:33:33,664] {standard_task_runner.py:52} INFO - Started process 2249 to run task
[2024-07-18 06:33:33,692] {standard_task_runner.py:76} INFO - Running: ['airflow', 'tasks', 'run', 'xcom_example_dag', 'pull_task', '2023-10-05T00:00:00+00:00', '--job-id', '185', '--pool', 'default_pool', '--raw', '--subdir', 'DAGS_FOLDER/xcom.py', '--cfg-path', '/tmp/tmp_69h_xag', '--error-file', '/tmp/tmpat0uxc7w']
[2024-07-18 06:33:33,701] {standard_task_runner.py:77} INFO - Job 185: Subtask pull_task
[2024-07-18 06:33:33,907] {logging_mixin.py:104} INFO - Running <TaskInstance: xcom_example_dag.pull_task 2023-10-05T00:00:00+00:00 [running]> on host a868c7bacc12
[2024-07-18 06:33:34,154] {taskinstance.py:1257} INFO - Exporting the following env vars:
AIRFLOW_CTX_DAG_OWNER=airflow
AIRFLOW_CTX_DAG_ID=xcom_example_dag
AIRFLOW_CTX_TASK_ID=pull_task
AIRFLOW_CTX_EXECUTION_DATE=2023-10-05T00:00:00+00:00
AIRFLOW_CTX_DAG_RUN_ID=scheduled__2023-10-05T00:00:00+00:00
[2024-07-18 06:33:34,194] {logging_mixin.py:104} INFO - Pulled message: Hello from push_function!
[2024-07-18 06:33:34,194] {python.py:118} INFO - Done. Returned value was: None
[2024-07-18 06:33:34,253] {taskinstance.py:1166} INFO - Marking task as SUCCESS. dag_id=xcom_example_dag, task_id=pull_task, execution_date=20231005T000000, start_date=20240718T063333, end_date=20240718T063334
[2024-07-18 06:33:34,418] {taskinstance.py:1220} INFO - 0 downstream tasks scheduled from follow-on schedule check
[2024-07-18 06:33:34,483] {local_task_job.py:146} INFO - Task exited with return code 0
