[2024-07-16 02:42:14,062] {taskinstance.py:851} INFO - Dependencies all met for <TaskInstance: our_first_dag.first_task 2022-04-16T00:00:00+00:00 [queued]>
[2024-07-16 02:42:14,111] {taskinstance.py:851} INFO - Dependencies all met for <TaskInstance: our_first_dag.first_task 2022-04-16T00:00:00+00:00 [queued]>
[2024-07-16 02:42:14,111] {taskinstance.py:1042} INFO - 
--------------------------------------------------------------------------------
[2024-07-16 02:42:14,112] {taskinstance.py:1043} INFO - Starting attempt 1 of 6
[2024-07-16 02:42:14,116] {taskinstance.py:1044} INFO - 
--------------------------------------------------------------------------------
[2024-07-16 02:42:14,142] {taskinstance.py:1063} INFO - Executing <Task(BashOperator): first_task> on 2022-04-16T00:00:00+00:00
[2024-07-16 02:42:14,151] {standard_task_runner.py:52} INFO - Started process 1201 to run task
[2024-07-16 02:42:14,161] {standard_task_runner.py:76} INFO - Running: ['airflow', 'tasks', 'run', 'our_first_dag', 'first_task', '2022-04-16T00:00:00+00:00', '--job-id', '266', '--pool', 'default_pool', '--raw', '--subdir', 'DAGS_FOLDER/our_first_dag.py', '--cfg-path', '/tmp/tmp1gf_gzzy', '--error-file', '/tmp/tmpi9do6is7']
[2024-07-16 02:42:14,170] {standard_task_runner.py:77} INFO - Job 266: Subtask first_task
[2024-07-16 02:42:14,291] {logging_mixin.py:104} INFO - Running <TaskInstance: our_first_dag.first_task 2022-04-16T00:00:00+00:00 [running]> on host f3060829e7b4
[2024-07-16 02:42:14,406] {taskinstance.py:1257} INFO - Exporting the following env vars:
AIRFLOW_CTX_DAG_OWNER=coder2j
AIRFLOW_CTX_DAG_ID=our_first_dag
AIRFLOW_CTX_TASK_ID=first_task
AIRFLOW_CTX_EXECUTION_DATE=2022-04-16T00:00:00+00:00
AIRFLOW_CTX_DAG_RUN_ID=scheduled__2022-04-16T00:00:00+00:00
[2024-07-16 02:42:14,410] {bash.py:135} INFO - Tmp dir root location: 
 /tmp
[2024-07-16 02:42:14,412] {bash.py:158} INFO - Running command: echo hello world, this is the first task
[2024-07-16 02:42:14,427] {bash.py:169} INFO - Output:
[2024-07-16 02:42:14,430] {bash.py:173} INFO - hello world, this is the first task
[2024-07-16 02:42:14,433] {bash.py:177} INFO - Command exited with return code 0
[2024-07-16 02:42:14,499] {taskinstance.py:1166} INFO - Marking task as SUCCESS. dag_id=our_first_dag, task_id=first_task, execution_date=20220416T000000, start_date=20240716T024214, end_date=20240716T024214
[2024-07-16 02:42:14,558] {taskinstance.py:1220} INFO - 0 downstream tasks scheduled from follow-on schedule check
[2024-07-16 02:42:14,613] {local_task_job.py:146} INFO - Task exited with return code 0
