[2024-07-18 06:34:42,645] {taskinstance.py:851} INFO - Dependencies all met for <TaskInstance: xcom_example_dag.push_task 2024-01-19T00:00:00+00:00 [queued]>
[2024-07-18 06:34:42,835] {taskinstance.py:851} INFO - Dependencies all met for <TaskInstance: xcom_example_dag.push_task 2024-01-19T00:00:00+00:00 [queued]>
[2024-07-18 06:34:42,836] {taskinstance.py:1042} INFO - 
--------------------------------------------------------------------------------
[2024-07-18 06:34:42,838] {taskinstance.py:1043} INFO - Starting attempt 1 of 2
[2024-07-18 06:34:42,839] {taskinstance.py:1044} INFO - 
--------------------------------------------------------------------------------
[2024-07-18 06:34:42,897] {taskinstance.py:1063} INFO - Executing <Task(PythonOperator): push_task> on 2024-01-19T00:00:00+00:00
[2024-07-18 06:34:42,904] {standard_task_runner.py:52} INFO - Started process 2721 to run task
[2024-07-18 06:34:42,913] {standard_task_runner.py:76} INFO - Running: ['airflow', 'tasks', 'run', 'xcom_example_dag', 'push_task', '2024-01-19T00:00:00+00:00', '--job-id', '390', '--pool', 'default_pool', '--raw', '--subdir', 'DAGS_FOLDER/xcom.py', '--cfg-path', '/tmp/tmpxyuqb2_v', '--error-file', '/tmp/tmp_r2b0c8g']
[2024-07-18 06:34:42,920] {standard_task_runner.py:77} INFO - Job 390: Subtask push_task
[2024-07-18 06:34:43,065] {logging_mixin.py:104} INFO - Running <TaskInstance: xcom_example_dag.push_task 2024-01-19T00:00:00+00:00 [running]> on host a868c7bacc12
[2024-07-18 06:34:43,240] {taskinstance.py:1257} INFO - Exporting the following env vars:
AIRFLOW_CTX_DAG_OWNER=airflow
AIRFLOW_CTX_DAG_ID=xcom_example_dag
AIRFLOW_CTX_TASK_ID=push_task
AIRFLOW_CTX_EXECUTION_DATE=2024-01-19T00:00:00+00:00
AIRFLOW_CTX_DAG_RUN_ID=scheduled__2024-01-19T00:00:00+00:00
[2024-07-18 06:34:43,290] {python.py:118} INFO - Done. Returned value was: None
[2024-07-18 06:34:43,322] {taskinstance.py:1166} INFO - Marking task as SUCCESS. dag_id=xcom_example_dag, task_id=push_task, execution_date=20240119T000000, start_date=20240718T063442, end_date=20240718T063443
[2024-07-18 06:34:43,702] {taskinstance.py:1220} INFO - 0 downstream tasks scheduled from follow-on schedule check
[2024-07-18 06:34:43,747] {local_task_job.py:146} INFO - Task exited with return code 0
