[2024-07-18 11:22:25,106] {taskinstance.py:851} INFO - Dependencies all met for <TaskInstance: catchup_and_backfill.greet 2024-07-18T11:22:22.032132+00:00 [queued]>
[2024-07-18 11:22:25,134] {taskinstance.py:851} INFO - Dependencies all met for <TaskInstance: catchup_and_backfill.greet 2024-07-18T11:22:22.032132+00:00 [queued]>
[2024-07-18 11:22:25,136] {taskinstance.py:1042} INFO - 
--------------------------------------------------------------------------------
[2024-07-18 11:22:25,138] {taskinstance.py:1043} INFO - Starting attempt 1 of 6
[2024-07-18 11:22:25,139] {taskinstance.py:1044} INFO - 
--------------------------------------------------------------------------------
[2024-07-18 11:22:25,163] {taskinstance.py:1063} INFO - Executing <Task(PythonOperator): greet> on 2024-07-18T11:22:22.032132+00:00
[2024-07-18 11:22:25,168] {standard_task_runner.py:52} INFO - Started process 18646 to run task
[2024-07-18 11:22:25,174] {standard_task_runner.py:76} INFO - Running: ['airflow', 'tasks', 'run', 'catchup_and_backfill', 'greet', '2024-07-18T11:22:22.032132+00:00', '--job-id', '791', '--pool', 'default_pool', '--raw', '--subdir', 'DAGS_FOLDER/catchup_and_backfill.py', '--cfg-path', '/tmp/tmp02p5op7b', '--error-file', '/tmp/tmp_eubo9v6']
[2024-07-18 11:22:25,179] {standard_task_runner.py:77} INFO - Job 791: Subtask greet
[2024-07-18 11:22:25,241] {logging_mixin.py:104} INFO - Running <TaskInstance: catchup_and_backfill.greet 2024-07-18T11:22:22.032132+00:00 [running]> on host b7036ca352b1
[2024-07-18 11:22:25,303] {taskinstance.py:1257} INFO - Exporting the following env vars:
AIRFLOW_CTX_DAG_OWNER=MinhThai
AIRFLOW_CTX_DAG_ID=catchup_and_backfill
AIRFLOW_CTX_TASK_ID=greet
AIRFLOW_CTX_EXECUTION_DATE=2024-07-18T11:22:22.032132+00:00
AIRFLOW_CTX_DAG_RUN_ID=manual__2024-07-18T11:22:22.032132+00:00
[2024-07-18 11:22:25,335] {logging_mixin.py:104} INFO - Hello world. My name is Pham Thien An and I am 15 years old
[2024-07-18 11:22:25,336] {python.py:118} INFO - Done. Returned value was: None
[2024-07-18 11:22:25,351] {taskinstance.py:1166} INFO - Marking task as SUCCESS. dag_id=catchup_and_backfill, task_id=greet, execution_date=20240718T112222, start_date=20240718T112225, end_date=20240718T112225
[2024-07-18 11:22:25,386] {taskinstance.py:1220} INFO - 0 downstream tasks scheduled from follow-on schedule check
[2024-07-18 11:22:25,425] {local_task_job.py:146} INFO - Task exited with return code 0
