[2024-07-16 02:44:39,435] {taskinstance.py:851} INFO - Dependencies all met for <TaskInstance: our_first_dag.first_task 2023-07-10T00:00:00+00:00 [queued]>
[2024-07-16 02:44:39,489] {taskinstance.py:851} INFO - Dependencies all met for <TaskInstance: our_first_dag.first_task 2023-07-10T00:00:00+00:00 [queued]>
[2024-07-16 02:44:39,490] {taskinstance.py:1042} INFO - 
--------------------------------------------------------------------------------
[2024-07-16 02:44:39,493] {taskinstance.py:1043} INFO - Starting attempt 1 of 6
[2024-07-16 02:44:39,494] {taskinstance.py:1044} INFO - 
--------------------------------------------------------------------------------
[2024-07-16 02:44:39,535] {taskinstance.py:1063} INFO - Executing <Task(BashOperator): first_task> on 2023-07-10T00:00:00+00:00
[2024-07-16 02:44:39,549] {standard_task_runner.py:52} INFO - Started process 2620 to run task
[2024-07-16 02:44:39,564] {standard_task_runner.py:76} INFO - Running: ['airflow', 'tasks', 'run', 'our_first_dag', 'first_task', '2023-07-10T00:00:00+00:00', '--job-id', '716', '--pool', 'default_pool', '--raw', '--subdir', 'DAGS_FOLDER/our_first_dag.py', '--cfg-path', '/tmp/tmpgseiuqgk', '--error-file', '/tmp/tmpj594fs5m']
[2024-07-16 02:44:39,575] {standard_task_runner.py:77} INFO - Job 716: Subtask first_task
[2024-07-16 02:44:39,746] {logging_mixin.py:104} INFO - Running <TaskInstance: our_first_dag.first_task 2023-07-10T00:00:00+00:00 [running]> on host f3060829e7b4
[2024-07-16 02:44:39,955] {taskinstance.py:1257} INFO - Exporting the following env vars:
AIRFLOW_CTX_DAG_OWNER=coder2j
AIRFLOW_CTX_DAG_ID=our_first_dag
AIRFLOW_CTX_TASK_ID=first_task
AIRFLOW_CTX_EXECUTION_DATE=2023-07-10T00:00:00+00:00
AIRFLOW_CTX_DAG_RUN_ID=scheduled__2023-07-10T00:00:00+00:00
[2024-07-16 02:44:39,967] {bash.py:135} INFO - Tmp dir root location: 
 /tmp
[2024-07-16 02:44:39,976] {bash.py:158} INFO - Running command: echo hello world, this is the first task
[2024-07-16 02:44:39,998] {bash.py:169} INFO - Output:
[2024-07-16 02:44:40,014] {bash.py:173} INFO - hello world, this is the first task
[2024-07-16 02:44:40,020] {bash.py:177} INFO - Command exited with return code 0
[2024-07-16 02:44:40,121] {taskinstance.py:1166} INFO - Marking task as SUCCESS. dag_id=our_first_dag, task_id=first_task, execution_date=20230710T000000, start_date=20240716T024439, end_date=20240716T024440
[2024-07-16 02:44:40,237] {taskinstance.py:1220} INFO - 0 downstream tasks scheduled from follow-on schedule check
[2024-07-16 02:44:40,267] {local_task_job.py:146} INFO - Task exited with return code 0
