[2024-07-18 06:36:34,335] {taskinstance.py:851} INFO - Dependencies all met for <TaskInstance: xcom_example_dag.push_task 2024-05-29T00:00:00+00:00 [queued]>
[2024-07-18 06:36:34,383] {taskinstance.py:851} INFO - Dependencies all met for <TaskInstance: xcom_example_dag.push_task 2024-05-29T00:00:00+00:00 [queued]>
[2024-07-18 06:36:34,386] {taskinstance.py:1042} INFO - 
--------------------------------------------------------------------------------
[2024-07-18 06:36:34,394] {taskinstance.py:1043} INFO - Starting attempt 1 of 2
[2024-07-18 06:36:34,400] {taskinstance.py:1044} INFO - 
--------------------------------------------------------------------------------
[2024-07-18 06:36:34,452] {taskinstance.py:1063} INFO - Executing <Task(PythonOperator): push_task> on 2024-05-29T00:00:00+00:00
[2024-07-18 06:36:34,486] {standard_task_runner.py:52} INFO - Started process 370 to run task
[2024-07-18 06:36:34,526] {standard_task_runner.py:76} INFO - Running: ['airflow', 'tasks', 'run', 'xcom_example_dag', 'push_task', '2024-05-29T00:00:00+00:00', '--job-id', '652', '--pool', 'default_pool', '--raw', '--subdir', 'DAGS_FOLDER/xcom.py', '--cfg-path', '/tmp/tmpz2p3878i', '--error-file', '/tmp/tmptoh25h83']
[2024-07-18 06:36:34,534] {standard_task_runner.py:77} INFO - Job 652: Subtask push_task
[2024-07-18 06:36:34,758] {logging_mixin.py:104} INFO - Running <TaskInstance: xcom_example_dag.push_task 2024-05-29T00:00:00+00:00 [running]> on host a868c7bacc12
[2024-07-18 06:36:34,951] {taskinstance.py:1257} INFO - Exporting the following env vars:
AIRFLOW_CTX_DAG_OWNER=airflow
AIRFLOW_CTX_DAG_ID=xcom_example_dag
AIRFLOW_CTX_TASK_ID=push_task
AIRFLOW_CTX_EXECUTION_DATE=2024-05-29T00:00:00+00:00
AIRFLOW_CTX_DAG_RUN_ID=scheduled__2024-05-29T00:00:00+00:00
[2024-07-18 06:36:35,033] {python.py:118} INFO - Done. Returned value was: None
[2024-07-18 06:36:35,105] {taskinstance.py:1166} INFO - Marking task as SUCCESS. dag_id=xcom_example_dag, task_id=push_task, execution_date=20240529T000000, start_date=20240718T063634, end_date=20240718T063635
[2024-07-18 06:36:35,289] {taskinstance.py:1220} INFO - 1 downstream tasks scheduled from follow-on schedule check
[2024-07-18 06:36:35,341] {local_task_job.py:146} INFO - Task exited with return code 0
