[2024-07-18 06:34:00,623] {taskinstance.py:851} INFO - Dependencies all met for <TaskInstance: xcom_example_dag.push_task 2023-11-15T00:00:00+00:00 [queued]>
[2024-07-18 06:34:00,696] {taskinstance.py:851} INFO - Dependencies all met for <TaskInstance: xcom_example_dag.push_task 2023-11-15T00:00:00+00:00 [queued]>
[2024-07-18 06:34:00,706] {taskinstance.py:1042} INFO - 
--------------------------------------------------------------------------------
[2024-07-18 06:34:00,707] {taskinstance.py:1043} INFO - Starting attempt 1 of 2
[2024-07-18 06:34:00,722] {taskinstance.py:1044} INFO - 
--------------------------------------------------------------------------------
[2024-07-18 06:34:00,801] {taskinstance.py:1063} INFO - Executing <Task(PythonOperator): push_task> on 2023-11-15T00:00:00+00:00
[2024-07-18 06:34:00,846] {standard_task_runner.py:52} INFO - Started process 2420 to run task
[2024-07-18 06:34:00,884] {standard_task_runner.py:76} INFO - Running: ['airflow', 'tasks', 'run', 'xcom_example_dag', 'push_task', '2023-11-15T00:00:00+00:00', '--job-id', '259', '--pool', 'default_pool', '--raw', '--subdir', 'DAGS_FOLDER/xcom.py', '--cfg-path', '/tmp/tmptrgi3rsm', '--error-file', '/tmp/tmpuf3gsnhh']
[2024-07-18 06:34:00,930] {standard_task_runner.py:77} INFO - Job 259: Subtask push_task
[2024-07-18 06:34:01,233] {logging_mixin.py:104} INFO - Running <TaskInstance: xcom_example_dag.push_task 2023-11-15T00:00:00+00:00 [running]> on host a868c7bacc12
[2024-07-18 06:34:01,584] {taskinstance.py:1257} INFO - Exporting the following env vars:
AIRFLOW_CTX_DAG_OWNER=airflow
AIRFLOW_CTX_DAG_ID=xcom_example_dag
AIRFLOW_CTX_TASK_ID=push_task
AIRFLOW_CTX_EXECUTION_DATE=2023-11-15T00:00:00+00:00
AIRFLOW_CTX_DAG_RUN_ID=scheduled__2023-11-15T00:00:00+00:00
[2024-07-18 06:34:01,687] {python.py:118} INFO - Done. Returned value was: None
[2024-07-18 06:34:01,779] {taskinstance.py:1166} INFO - Marking task as SUCCESS. dag_id=xcom_example_dag, task_id=push_task, execution_date=20231115T000000, start_date=20240718T063400, end_date=20240718T063401
[2024-07-18 06:34:02,084] {taskinstance.py:1220} INFO - 0 downstream tasks scheduled from follow-on schedule check
[2024-07-18 06:34:02,193] {local_task_job.py:146} INFO - Task exited with return code 0
