[2024-07-18 06:36:58,391] {taskinstance.py:851} INFO - Dependencies all met for <TaskInstance: xcom_example_dag.pull_task 2024-06-26T00:00:00+00:00 [queued]>
[2024-07-18 06:36:58,530] {taskinstance.py:851} INFO - Dependencies all met for <TaskInstance: xcom_example_dag.pull_task 2024-06-26T00:00:00+00:00 [queued]>
[2024-07-18 06:36:58,540] {taskinstance.py:1042} INFO - 
--------------------------------------------------------------------------------
[2024-07-18 06:36:58,541] {taskinstance.py:1043} INFO - Starting attempt 1 of 2
[2024-07-18 06:36:58,541] {taskinstance.py:1044} INFO - 
--------------------------------------------------------------------------------
[2024-07-18 06:36:58,620] {taskinstance.py:1063} INFO - Executing <Task(PythonOperator): pull_task> on 2024-06-26T00:00:00+00:00
[2024-07-18 06:36:58,641] {standard_task_runner.py:52} INFO - Started process 518 to run task
[2024-07-18 06:36:58,667] {standard_task_runner.py:76} INFO - Running: ['airflow', 'tasks', 'run', 'xcom_example_dag', 'pull_task', '2024-06-26T00:00:00+00:00', '--job-id', '716', '--pool', 'default_pool', '--raw', '--subdir', 'DAGS_FOLDER/xcom.py', '--cfg-path', '/tmp/tmp_r4e250t', '--error-file', '/tmp/tmpewb0fb_2']
[2024-07-18 06:36:58,694] {standard_task_runner.py:77} INFO - Job 716: Subtask pull_task
[2024-07-18 06:36:59,169] {logging_mixin.py:104} INFO - Running <TaskInstance: xcom_example_dag.pull_task 2024-06-26T00:00:00+00:00 [running]> on host a868c7bacc12
[2024-07-18 06:36:59,512] {taskinstance.py:1257} INFO - Exporting the following env vars:
AIRFLOW_CTX_DAG_OWNER=airflow
AIRFLOW_CTX_DAG_ID=xcom_example_dag
AIRFLOW_CTX_TASK_ID=pull_task
AIRFLOW_CTX_EXECUTION_DATE=2024-06-26T00:00:00+00:00
AIRFLOW_CTX_DAG_RUN_ID=scheduled__2024-06-26T00:00:00+00:00
[2024-07-18 06:36:59,607] {logging_mixin.py:104} INFO - Pulled message: Hello from push_function!
[2024-07-18 06:36:59,615] {python.py:118} INFO - Done. Returned value was: None
[2024-07-18 06:36:59,859] {taskinstance.py:1166} INFO - Marking task as SUCCESS. dag_id=xcom_example_dag, task_id=pull_task, execution_date=20240626T000000, start_date=20240718T063658, end_date=20240718T063659
[2024-07-18 06:37:00,104] {taskinstance.py:1220} INFO - 0 downstream tasks scheduled from follow-on schedule check
[2024-07-18 06:37:00,178] {local_task_job.py:146} INFO - Task exited with return code 0
