[2024-07-16 02:43:17,609] {taskinstance.py:851} INFO - Dependencies all met for <TaskInstance: our_first_dag.first_task 2022-10-23T00:00:00+00:00 [queued]>
[2024-07-16 02:43:17,664] {taskinstance.py:851} INFO - Dependencies all met for <TaskInstance: our_first_dag.first_task 2022-10-23T00:00:00+00:00 [queued]>
[2024-07-16 02:43:17,667] {taskinstance.py:1042} INFO - 
--------------------------------------------------------------------------------
[2024-07-16 02:43:17,672] {taskinstance.py:1043} INFO - Starting attempt 1 of 6
[2024-07-16 02:43:17,673] {taskinstance.py:1044} INFO - 
--------------------------------------------------------------------------------
[2024-07-16 02:43:17,703] {taskinstance.py:1063} INFO - Executing <Task(BashOperator): first_task> on 2022-10-23T00:00:00+00:00
[2024-07-16 02:43:17,713] {standard_task_runner.py:52} INFO - Started process 1799 to run task
[2024-07-16 02:43:17,745] {standard_task_runner.py:76} INFO - Running: ['airflow', 'tasks', 'run', 'our_first_dag', 'first_task', '2022-10-23T00:00:00+00:00', '--job-id', '456', '--pool', 'default_pool', '--raw', '--subdir', 'DAGS_FOLDER/our_first_dag.py', '--cfg-path', '/tmp/tmpnlfoobh7', '--error-file', '/tmp/tmp7itbwfb9']
[2024-07-16 02:43:17,753] {standard_task_runner.py:77} INFO - Job 456: Subtask first_task
[2024-07-16 02:43:17,913] {logging_mixin.py:104} INFO - Running <TaskInstance: our_first_dag.first_task 2022-10-23T00:00:00+00:00 [running]> on host f3060829e7b4
[2024-07-16 02:43:18,061] {taskinstance.py:1257} INFO - Exporting the following env vars:
AIRFLOW_CTX_DAG_OWNER=coder2j
AIRFLOW_CTX_DAG_ID=our_first_dag
AIRFLOW_CTX_TASK_ID=first_task
AIRFLOW_CTX_EXECUTION_DATE=2022-10-23T00:00:00+00:00
AIRFLOW_CTX_DAG_RUN_ID=scheduled__2022-10-23T00:00:00+00:00
[2024-07-16 02:43:18,063] {bash.py:135} INFO - Tmp dir root location: 
 /tmp
[2024-07-16 02:43:18,067] {bash.py:158} INFO - Running command: echo hello world, this is the first task
[2024-07-16 02:43:18,083] {bash.py:169} INFO - Output:
[2024-07-16 02:43:18,086] {bash.py:173} INFO - hello world, this is the first task
[2024-07-16 02:43:18,087] {bash.py:177} INFO - Command exited with return code 0
[2024-07-16 02:43:18,177] {taskinstance.py:1166} INFO - Marking task as SUCCESS. dag_id=our_first_dag, task_id=first_task, execution_date=20221023T000000, start_date=20240716T024317, end_date=20240716T024318
[2024-07-16 02:43:18,273] {taskinstance.py:1220} INFO - 0 downstream tasks scheduled from follow-on schedule check
[2024-07-16 02:43:18,308] {local_task_job.py:146} INFO - Task exited with return code 0
