[2024-07-18 08:49:13,206] {taskinstance.py:851} INFO - Dependencies all met for <TaskInstance: Python_operator_v02.greet 2024-07-18T08:49:12.239220+00:00 [queued]>
[2024-07-18 08:49:13,225] {taskinstance.py:851} INFO - Dependencies all met for <TaskInstance: Python_operator_v02.greet 2024-07-18T08:49:12.239220+00:00 [queued]>
[2024-07-18 08:49:13,225] {taskinstance.py:1042} INFO - 
--------------------------------------------------------------------------------
[2024-07-18 08:49:13,226] {taskinstance.py:1043} INFO - Starting attempt 1 of 6
[2024-07-18 08:49:13,226] {taskinstance.py:1044} INFO - 
--------------------------------------------------------------------------------
[2024-07-18 08:49:13,237] {taskinstance.py:1063} INFO - Executing <Task(PythonOperator): greet> on 2024-07-18T08:49:12.239220+00:00
[2024-07-18 08:49:13,241] {standard_task_runner.py:52} INFO - Started process 1430 to run task
[2024-07-18 08:49:13,247] {standard_task_runner.py:76} INFO - Running: ['airflow', 'tasks', 'run', 'Python_operator_v02', 'greet', '2024-07-18T08:49:12.239220+00:00', '--job-id', '761', '--pool', 'default_pool', '--raw', '--subdir', 'DAGS_FOLDER/python_operator.py', '--cfg-path', '/tmp/tmpt4_tjhno', '--error-file', '/tmp/tmp18pdp6_g']
[2024-07-18 08:49:13,251] {standard_task_runner.py:77} INFO - Job 761: Subtask greet
[2024-07-18 08:49:13,300] {logging_mixin.py:104} INFO - Running <TaskInstance: Python_operator_v02.greet 2024-07-18T08:49:12.239220+00:00 [running]> on host b7036ca352b1
[2024-07-18 08:49:13,350] {taskinstance.py:1257} INFO - Exporting the following env vars:
AIRFLOW_CTX_DAG_OWNER=MinhThai
AIRFLOW_CTX_DAG_ID=Python_operator_v02
AIRFLOW_CTX_TASK_ID=greet
AIRFLOW_CTX_EXECUTION_DATE=2024-07-18T08:49:12.239220+00:00
AIRFLOW_CTX_DAG_RUN_ID=manual__2024-07-18T08:49:12.239220+00:00
[2024-07-18 08:49:13,352] {logging_mixin.py:104} INFO - Hello world. My name is Tom and I am 15 years old
[2024-07-18 08:49:13,352] {python.py:118} INFO - Done. Returned value was: None
[2024-07-18 08:49:13,364] {taskinstance.py:1166} INFO - Marking task as SUCCESS. dag_id=Python_operator_v02, task_id=greet, execution_date=20240718T084912, start_date=20240718T084913, end_date=20240718T084913
[2024-07-18 08:49:13,394] {taskinstance.py:1220} INFO - 0 downstream tasks scheduled from follow-on schedule check
[2024-07-18 08:49:13,418] {local_task_job.py:146} INFO - Task exited with return code 0
