[2024-07-18 06:34:13,580] {taskinstance.py:851} INFO - Dependencies all met for <TaskInstance: xcom_example_dag.push_task 2023-12-05T00:00:00+00:00 [queued]>
[2024-07-18 06:34:13,648] {taskinstance.py:851} INFO - Dependencies all met for <TaskInstance: xcom_example_dag.push_task 2023-12-05T00:00:00+00:00 [queued]>
[2024-07-18 06:34:13,657] {taskinstance.py:1042} INFO - 
--------------------------------------------------------------------------------
[2024-07-18 06:34:13,661] {taskinstance.py:1043} INFO - Starting attempt 1 of 2
[2024-07-18 06:34:13,667] {taskinstance.py:1044} INFO - 
--------------------------------------------------------------------------------
[2024-07-18 06:34:13,754] {taskinstance.py:1063} INFO - Executing <Task(PythonOperator): push_task> on 2023-12-05T00:00:00+00:00
[2024-07-18 06:34:13,762] {standard_task_runner.py:52} INFO - Started process 2510 to run task
[2024-07-18 06:34:13,796] {standard_task_runner.py:76} INFO - Running: ['airflow', 'tasks', 'run', 'xcom_example_dag', 'push_task', '2023-12-05T00:00:00+00:00', '--job-id', '298', '--pool', 'default_pool', '--raw', '--subdir', 'DAGS_FOLDER/xcom.py', '--cfg-path', '/tmp/tmp6os7yp0d', '--error-file', '/tmp/tmpqfq6i2v_']
[2024-07-18 06:34:13,803] {standard_task_runner.py:77} INFO - Job 298: Subtask push_task
[2024-07-18 06:34:14,098] {logging_mixin.py:104} INFO - Running <TaskInstance: xcom_example_dag.push_task 2023-12-05T00:00:00+00:00 [running]> on host a868c7bacc12
[2024-07-18 06:34:14,286] {taskinstance.py:1257} INFO - Exporting the following env vars:
AIRFLOW_CTX_DAG_OWNER=airflow
AIRFLOW_CTX_DAG_ID=xcom_example_dag
AIRFLOW_CTX_TASK_ID=push_task
AIRFLOW_CTX_EXECUTION_DATE=2023-12-05T00:00:00+00:00
AIRFLOW_CTX_DAG_RUN_ID=scheduled__2023-12-05T00:00:00+00:00
[2024-07-18 06:34:14,454] {python.py:118} INFO - Done. Returned value was: None
[2024-07-18 06:34:14,508] {taskinstance.py:1166} INFO - Marking task as SUCCESS. dag_id=xcom_example_dag, task_id=push_task, execution_date=20231205T000000, start_date=20240718T063413, end_date=20240718T063414
[2024-07-18 06:34:14,932] {taskinstance.py:1220} INFO - 0 downstream tasks scheduled from follow-on schedule check
[2024-07-18 06:34:14,980] {local_task_job.py:146} INFO - Task exited with return code 0
