[2024-07-18 11:15:57,163] {taskinstance.py:851} INFO - Dependencies all met for <TaskInstance: catchup_and_backfill.get_age 2024-07-17T00:00:00+00:00 [queued]>
[2024-07-18 11:15:57,187] {taskinstance.py:851} INFO - Dependencies all met for <TaskInstance: catchup_and_backfill.get_age 2024-07-17T00:00:00+00:00 [queued]>
[2024-07-18 11:15:57,188] {taskinstance.py:1042} INFO - 
--------------------------------------------------------------------------------
[2024-07-18 11:15:57,189] {taskinstance.py:1043} INFO - Starting attempt 1 of 6
[2024-07-18 11:15:57,189] {taskinstance.py:1044} INFO - 
--------------------------------------------------------------------------------
[2024-07-18 11:15:57,202] {taskinstance.py:1063} INFO - Executing <Task(PythonOperator): get_age> on 2024-07-17T00:00:00+00:00
[2024-07-18 11:15:57,211] {standard_task_runner.py:52} INFO - Started process 17696 to run task
[2024-07-18 11:15:57,218] {standard_task_runner.py:76} INFO - Running: ['airflow', 'tasks', 'run', 'catchup_and_backfill', 'get_age', '2024-07-17T00:00:00+00:00', '--job-id', '782', '--pool', 'default_pool', '--raw', '--subdir', 'DAGS_FOLDER/catchup_and_backfill.py', '--cfg-path', '/tmp/tmpxtat21qi', '--error-file', '/tmp/tmpvktrbf5x']
[2024-07-18 11:15:57,222] {standard_task_runner.py:77} INFO - Job 782: Subtask get_age
[2024-07-18 11:15:57,292] {logging_mixin.py:104} INFO - Running <TaskInstance: catchup_and_backfill.get_age 2024-07-17T00:00:00+00:00 [running]> on host b7036ca352b1
[2024-07-18 11:15:57,364] {taskinstance.py:1257} INFO - Exporting the following env vars:
AIRFLOW_CTX_DAG_OWNER=MinhThai
AIRFLOW_CTX_DAG_ID=catchup_and_backfill
AIRFLOW_CTX_TASK_ID=get_age
AIRFLOW_CTX_EXECUTION_DATE=2024-07-17T00:00:00+00:00
AIRFLOW_CTX_DAG_RUN_ID=scheduled__2024-07-17T00:00:00+00:00
[2024-07-18 11:15:57,399] {python.py:118} INFO - Done. Returned value was: None
[2024-07-18 11:15:57,412] {taskinstance.py:1166} INFO - Marking task as SUCCESS. dag_id=catchup_and_backfill, task_id=get_age, execution_date=20240717T000000, start_date=20240718T111557, end_date=20240718T111557
[2024-07-18 11:15:57,456] {taskinstance.py:1220} INFO - 1 downstream tasks scheduled from follow-on schedule check
[2024-07-18 11:15:57,469] {local_task_job.py:146} INFO - Task exited with return code 0
