[2024-07-18 06:35:29,181] {taskinstance.py:851} INFO - Dependencies all met for <TaskInstance: xcom_example_dag.pull_task 2024-03-27T00:00:00+00:00 [queued]>
[2024-07-18 06:35:29,246] {taskinstance.py:851} INFO - Dependencies all met for <TaskInstance: xcom_example_dag.pull_task 2024-03-27T00:00:00+00:00 [queued]>
[2024-07-18 06:35:29,248] {taskinstance.py:1042} INFO - 
--------------------------------------------------------------------------------
[2024-07-18 06:35:29,249] {taskinstance.py:1043} INFO - Starting attempt 1 of 2
[2024-07-18 06:35:29,250] {taskinstance.py:1044} INFO - 
--------------------------------------------------------------------------------
[2024-07-18 06:35:29,301] {taskinstance.py:1063} INFO - Executing <Task(PythonOperator): pull_task> on 2024-03-27T00:00:00+00:00
[2024-07-18 06:35:29,311] {standard_task_runner.py:52} INFO - Started process 3049 to run task
[2024-07-18 06:35:29,319] {standard_task_runner.py:76} INFO - Running: ['airflow', 'tasks', 'run', 'xcom_example_dag', 'pull_task', '2024-03-27T00:00:00+00:00', '--job-id', '534', '--pool', 'default_pool', '--raw', '--subdir', 'DAGS_FOLDER/xcom.py', '--cfg-path', '/tmp/tmpda6r7pgo', '--error-file', '/tmp/tmp4_0cwnvj']
[2024-07-18 06:35:29,328] {standard_task_runner.py:77} INFO - Job 534: Subtask pull_task
[2024-07-18 06:35:29,543] {logging_mixin.py:104} INFO - Running <TaskInstance: xcom_example_dag.pull_task 2024-03-27T00:00:00+00:00 [running]> on host a868c7bacc12
[2024-07-18 06:35:29,755] {taskinstance.py:1257} INFO - Exporting the following env vars:
AIRFLOW_CTX_DAG_OWNER=airflow
AIRFLOW_CTX_DAG_ID=xcom_example_dag
AIRFLOW_CTX_TASK_ID=pull_task
AIRFLOW_CTX_EXECUTION_DATE=2024-03-27T00:00:00+00:00
AIRFLOW_CTX_DAG_RUN_ID=scheduled__2024-03-27T00:00:00+00:00
[2024-07-18 06:35:29,813] {logging_mixin.py:104} INFO - Pulled message: Hello from push_function!
[2024-07-18 06:35:29,813] {python.py:118} INFO - Done. Returned value was: None
[2024-07-18 06:35:29,903] {taskinstance.py:1166} INFO - Marking task as SUCCESS. dag_id=xcom_example_dag, task_id=pull_task, execution_date=20240327T000000, start_date=20240718T063529, end_date=20240718T063529
[2024-07-18 06:35:30,131] {taskinstance.py:1220} INFO - 0 downstream tasks scheduled from follow-on schedule check
[2024-07-18 06:35:30,191] {local_task_job.py:146} INFO - Task exited with return code 0
