[2024-07-18 06:34:06,524] {taskinstance.py:851} INFO - Dependencies all met for <TaskInstance: xcom_example_dag.push_task 2023-11-23T00:00:00+00:00 [queued]>
[2024-07-18 06:34:06,550] {taskinstance.py:851} INFO - Dependencies all met for <TaskInstance: xcom_example_dag.push_task 2023-11-23T00:00:00+00:00 [queued]>
[2024-07-18 06:34:06,555] {taskinstance.py:1042} INFO - 
--------------------------------------------------------------------------------
[2024-07-18 06:34:06,561] {taskinstance.py:1043} INFO - Starting attempt 1 of 2
[2024-07-18 06:34:06,562] {taskinstance.py:1044} INFO - 
--------------------------------------------------------------------------------
[2024-07-18 06:34:06,631] {taskinstance.py:1063} INFO - Executing <Task(PythonOperator): push_task> on 2023-11-23T00:00:00+00:00
[2024-07-18 06:34:06,639] {standard_task_runner.py:52} INFO - Started process 2457 to run task
[2024-07-18 06:34:06,651] {standard_task_runner.py:76} INFO - Running: ['airflow', 'tasks', 'run', 'xcom_example_dag', 'push_task', '2023-11-23T00:00:00+00:00', '--job-id', '275', '--pool', 'default_pool', '--raw', '--subdir', 'DAGS_FOLDER/xcom.py', '--cfg-path', '/tmp/tmp7lvy23v6', '--error-file', '/tmp/tmpi__ughx6']
[2024-07-18 06:34:06,666] {standard_task_runner.py:77} INFO - Job 275: Subtask push_task
[2024-07-18 06:34:06,902] {logging_mixin.py:104} INFO - Running <TaskInstance: xcom_example_dag.push_task 2023-11-23T00:00:00+00:00 [running]> on host a868c7bacc12
[2024-07-18 06:34:07,061] {taskinstance.py:1257} INFO - Exporting the following env vars:
AIRFLOW_CTX_DAG_OWNER=airflow
AIRFLOW_CTX_DAG_ID=xcom_example_dag
AIRFLOW_CTX_TASK_ID=push_task
AIRFLOW_CTX_EXECUTION_DATE=2023-11-23T00:00:00+00:00
AIRFLOW_CTX_DAG_RUN_ID=scheduled__2023-11-23T00:00:00+00:00
[2024-07-18 06:34:07,128] {python.py:118} INFO - Done. Returned value was: None
[2024-07-18 06:34:07,218] {taskinstance.py:1166} INFO - Marking task as SUCCESS. dag_id=xcom_example_dag, task_id=push_task, execution_date=20231123T000000, start_date=20240718T063406, end_date=20240718T063407
[2024-07-18 06:34:07,328] {taskinstance.py:1220} INFO - 1 downstream tasks scheduled from follow-on schedule check
[2024-07-18 06:34:07,372] {local_task_job.py:146} INFO - Task exited with return code 0
