[2024-07-16 02:41:30,914] {taskinstance.py:851} INFO - Dependencies all met for <TaskInstance: our_first_dag.first_task 2021-11-10T00:00:00+00:00 [queued]>
[2024-07-16 02:41:31,035] {taskinstance.py:851} INFO - Dependencies all met for <TaskInstance: our_first_dag.first_task 2021-11-10T00:00:00+00:00 [queued]>
[2024-07-16 02:41:31,036] {taskinstance.py:1042} INFO - 
--------------------------------------------------------------------------------
[2024-07-16 02:41:31,037] {taskinstance.py:1043} INFO - Starting attempt 1 of 6
[2024-07-16 02:41:31,038] {taskinstance.py:1044} INFO - 
--------------------------------------------------------------------------------
[2024-07-16 02:41:31,092] {taskinstance.py:1063} INFO - Executing <Task(BashOperator): first_task> on 2021-11-10T00:00:00+00:00
[2024-07-16 02:41:31,111] {standard_task_runner.py:52} INFO - Started process 709 to run task
[2024-07-16 02:41:31,131] {standard_task_runner.py:76} INFO - Running: ['airflow', 'tasks', 'run', 'our_first_dag', 'first_task', '2021-11-10T00:00:00+00:00', '--job-id', '109', '--pool', 'default_pool', '--raw', '--subdir', 'DAGS_FOLDER/our_first_dag.py', '--cfg-path', '/tmp/tmpvc_ky_cs', '--error-file', '/tmp/tmptgbj1zwe']
[2024-07-16 02:41:31,160] {standard_task_runner.py:77} INFO - Job 109: Subtask first_task
[2024-07-16 02:41:31,474] {logging_mixin.py:104} INFO - Running <TaskInstance: our_first_dag.first_task 2021-11-10T00:00:00+00:00 [running]> on host f3060829e7b4
[2024-07-16 02:41:31,628] {taskinstance.py:1257} INFO - Exporting the following env vars:
AIRFLOW_CTX_DAG_OWNER=coder2j
AIRFLOW_CTX_DAG_ID=our_first_dag
AIRFLOW_CTX_TASK_ID=first_task
AIRFLOW_CTX_EXECUTION_DATE=2021-11-10T00:00:00+00:00
AIRFLOW_CTX_DAG_RUN_ID=scheduled__2021-11-10T00:00:00+00:00
[2024-07-16 02:41:31,630] {bash.py:135} INFO - Tmp dir root location: 
 /tmp
[2024-07-16 02:41:31,632] {bash.py:158} INFO - Running command: echo hello world, this is the first task
[2024-07-16 02:41:31,665] {bash.py:169} INFO - Output:
[2024-07-16 02:41:31,667] {bash.py:173} INFO - hello world, this is the first task
[2024-07-16 02:41:31,669] {bash.py:177} INFO - Command exited with return code 0
[2024-07-16 02:41:31,745] {taskinstance.py:1166} INFO - Marking task as SUCCESS. dag_id=our_first_dag, task_id=first_task, execution_date=20211110T000000, start_date=20240716T024130, end_date=20240716T024131
[2024-07-16 02:41:31,832] {taskinstance.py:1220} INFO - 0 downstream tasks scheduled from follow-on schedule check
[2024-07-16 02:41:31,881] {local_task_job.py:146} INFO - Task exited with return code 0
