[2024-07-18 11:15:57,040] {taskinstance.py:851} INFO - Dependencies all met for <TaskInstance: catchup_and_backfill.get_age 2024-07-16T00:00:00+00:00 [queued]>
[2024-07-18 11:15:57,060] {taskinstance.py:851} INFO - Dependencies all met for <TaskInstance: catchup_and_backfill.get_age 2024-07-16T00:00:00+00:00 [queued]>
[2024-07-18 11:15:57,061] {taskinstance.py:1042} INFO - 
--------------------------------------------------------------------------------
[2024-07-18 11:15:57,061] {taskinstance.py:1043} INFO - Starting attempt 1 of 6
[2024-07-18 11:15:57,062] {taskinstance.py:1044} INFO - 
--------------------------------------------------------------------------------
[2024-07-18 11:15:57,074] {taskinstance.py:1063} INFO - Executing <Task(PythonOperator): get_age> on 2024-07-16T00:00:00+00:00
[2024-07-18 11:15:57,080] {standard_task_runner.py:52} INFO - Started process 17693 to run task
[2024-07-18 11:15:57,085] {standard_task_runner.py:76} INFO - Running: ['airflow', 'tasks', 'run', 'catchup_and_backfill', 'get_age', '2024-07-16T00:00:00+00:00', '--job-id', '779', '--pool', 'default_pool', '--raw', '--subdir', 'DAGS_FOLDER/catchup_and_backfill.py', '--cfg-path', '/tmp/tmp7ljum8ez', '--error-file', '/tmp/tmpzqlevdqn']
[2024-07-18 11:15:57,089] {standard_task_runner.py:77} INFO - Job 779: Subtask get_age
[2024-07-18 11:15:57,149] {logging_mixin.py:104} INFO - Running <TaskInstance: catchup_and_backfill.get_age 2024-07-16T00:00:00+00:00 [running]> on host b7036ca352b1
[2024-07-18 11:15:57,215] {taskinstance.py:1257} INFO - Exporting the following env vars:
AIRFLOW_CTX_DAG_OWNER=MinhThai
AIRFLOW_CTX_DAG_ID=catchup_and_backfill
AIRFLOW_CTX_TASK_ID=get_age
AIRFLOW_CTX_EXECUTION_DATE=2024-07-16T00:00:00+00:00
AIRFLOW_CTX_DAG_RUN_ID=scheduled__2024-07-16T00:00:00+00:00
[2024-07-18 11:15:57,242] {python.py:118} INFO - Done. Returned value was: None
[2024-07-18 11:15:57,257] {taskinstance.py:1166} INFO - Marking task as SUCCESS. dag_id=catchup_and_backfill, task_id=get_age, execution_date=20240716T000000, start_date=20240718T111557, end_date=20240718T111557
[2024-07-18 11:15:57,303] {taskinstance.py:1220} INFO - 0 downstream tasks scheduled from follow-on schedule check
[2024-07-18 11:15:57,336] {local_task_job.py:146} INFO - Task exited with return code 0
