[2024-07-18 06:37:01,551] {taskinstance.py:851} INFO - Dependencies all met for <TaskInstance: xcom_example_dag.push_task 2024-07-03T00:00:00+00:00 [queued]>
[2024-07-18 06:37:01,650] {taskinstance.py:851} INFO - Dependencies all met for <TaskInstance: xcom_example_dag.push_task 2024-07-03T00:00:00+00:00 [queued]>
[2024-07-18 06:37:01,652] {taskinstance.py:1042} INFO - 
--------------------------------------------------------------------------------
[2024-07-18 06:37:01,653] {taskinstance.py:1043} INFO - Starting attempt 1 of 2
[2024-07-18 06:37:01,654] {taskinstance.py:1044} INFO - 
--------------------------------------------------------------------------------
[2024-07-18 06:37:01,740] {taskinstance.py:1063} INFO - Executing <Task(PythonOperator): push_task> on 2024-07-03T00:00:00+00:00
[2024-07-18 06:37:01,760] {standard_task_runner.py:52} INFO - Started process 535 to run task
[2024-07-18 06:37:01,775] {standard_task_runner.py:76} INFO - Running: ['airflow', 'tasks', 'run', 'xcom_example_dag', 'push_task', '2024-07-03T00:00:00+00:00', '--job-id', '722', '--pool', 'default_pool', '--raw', '--subdir', 'DAGS_FOLDER/xcom.py', '--cfg-path', '/tmp/tmpr1u58dg5', '--error-file', '/tmp/tmpeu5pojr4']
[2024-07-18 06:37:01,785] {standard_task_runner.py:77} INFO - Job 722: Subtask push_task
[2024-07-18 06:37:02,005] {logging_mixin.py:104} INFO - Running <TaskInstance: xcom_example_dag.push_task 2024-07-03T00:00:00+00:00 [running]> on host a868c7bacc12
[2024-07-18 06:37:02,346] {taskinstance.py:1257} INFO - Exporting the following env vars:
AIRFLOW_CTX_DAG_OWNER=airflow
AIRFLOW_CTX_DAG_ID=xcom_example_dag
AIRFLOW_CTX_TASK_ID=push_task
AIRFLOW_CTX_EXECUTION_DATE=2024-07-03T00:00:00+00:00
AIRFLOW_CTX_DAG_RUN_ID=scheduled__2024-07-03T00:00:00+00:00
[2024-07-18 06:37:02,466] {python.py:118} INFO - Done. Returned value was: None
[2024-07-18 06:37:02,530] {taskinstance.py:1166} INFO - Marking task as SUCCESS. dag_id=xcom_example_dag, task_id=push_task, execution_date=20240703T000000, start_date=20240718T063701, end_date=20240718T063702
[2024-07-18 06:37:02,953] {taskinstance.py:1220} INFO - 0 downstream tasks scheduled from follow-on schedule check
[2024-07-18 06:37:02,986] {local_task_job.py:146} INFO - Task exited with return code 0
