[2024-07-18 11:15:57,044] {taskinstance.py:851} INFO - Dependencies all met for <TaskInstance: catchup_and_backfill.get_name 2024-07-16T00:00:00+00:00 [queued]>
[2024-07-18 11:15:57,064] {taskinstance.py:851} INFO - Dependencies all met for <TaskInstance: catchup_and_backfill.get_name 2024-07-16T00:00:00+00:00 [queued]>
[2024-07-18 11:15:57,065] {taskinstance.py:1042} INFO - 
--------------------------------------------------------------------------------
[2024-07-18 11:15:57,065] {taskinstance.py:1043} INFO - Starting attempt 1 of 6
[2024-07-18 11:15:57,066] {taskinstance.py:1044} INFO - 
--------------------------------------------------------------------------------
[2024-07-18 11:15:57,077] {taskinstance.py:1063} INFO - Executing <Task(PythonOperator): get_name> on 2024-07-16T00:00:00+00:00
[2024-07-18 11:15:57,084] {standard_task_runner.py:52} INFO - Started process 17694 to run task
[2024-07-18 11:15:57,089] {standard_task_runner.py:76} INFO - Running: ['airflow', 'tasks', 'run', 'catchup_and_backfill', 'get_name', '2024-07-16T00:00:00+00:00', '--job-id', '780', '--pool', 'default_pool', '--raw', '--subdir', 'DAGS_FOLDER/catchup_and_backfill.py', '--cfg-path', '/tmp/tmp787mi_dm', '--error-file', '/tmp/tmpm473xtb0']
[2024-07-18 11:15:57,092] {standard_task_runner.py:77} INFO - Job 780: Subtask get_name
[2024-07-18 11:15:57,157] {logging_mixin.py:104} INFO - Running <TaskInstance: catchup_and_backfill.get_name 2024-07-16T00:00:00+00:00 [running]> on host b7036ca352b1
[2024-07-18 11:15:57,221] {taskinstance.py:1257} INFO - Exporting the following env vars:
AIRFLOW_CTX_DAG_OWNER=MinhThai
AIRFLOW_CTX_DAG_ID=catchup_and_backfill
AIRFLOW_CTX_TASK_ID=get_name
AIRFLOW_CTX_EXECUTION_DATE=2024-07-16T00:00:00+00:00
AIRFLOW_CTX_DAG_RUN_ID=scheduled__2024-07-16T00:00:00+00:00
[2024-07-18 11:15:57,266] {python.py:118} INFO - Done. Returned value was: None
[2024-07-18 11:15:57,282] {taskinstance.py:1166} INFO - Marking task as SUCCESS. dag_id=catchup_and_backfill, task_id=get_name, execution_date=20240716T000000, start_date=20240718T111557, end_date=20240718T111557
[2024-07-18 11:15:57,324] {taskinstance.py:1220} INFO - 1 downstream tasks scheduled from follow-on schedule check
[2024-07-18 11:15:57,340] {local_task_job.py:146} INFO - Task exited with return code 0
