[2024-07-16 02:45:58,995] {taskinstance.py:851} INFO - Dependencies all met for <TaskInstance: our_first_dag_v2.first_task 2021-07-31T00:00:00+00:00 [queued]>
[2024-07-16 02:45:59,014] {taskinstance.py:851} INFO - Dependencies all met for <TaskInstance: our_first_dag_v2.first_task 2021-07-31T00:00:00+00:00 [queued]>
[2024-07-16 02:45:59,014] {taskinstance.py:1042} INFO - 
--------------------------------------------------------------------------------
[2024-07-16 02:45:59,015] {taskinstance.py:1043} INFO - Starting attempt 1 of 6
[2024-07-16 02:45:59,015] {taskinstance.py:1044} INFO - 
--------------------------------------------------------------------------------
[2024-07-16 02:45:59,029] {taskinstance.py:1063} INFO - Executing <Task(BashOperator): first_task> on 2021-07-31T00:00:00+00:00
[2024-07-16 02:45:59,033] {standard_task_runner.py:52} INFO - Started process 3058 to run task
[2024-07-16 02:45:59,039] {standard_task_runner.py:76} INFO - Running: ['airflow', 'tasks', 'run', 'our_first_dag_v2', 'first_task', '2021-07-31T00:00:00+00:00', '--job-id', '822', '--pool', 'default_pool', '--raw', '--subdir', 'DAGS_FOLDER/our_first_dag.py', '--cfg-path', '/tmp/tmpslpeqm_3', '--error-file', '/tmp/tmpowcv9oe1']
[2024-07-16 02:45:59,043] {standard_task_runner.py:77} INFO - Job 822: Subtask first_task
[2024-07-16 02:45:59,104] {logging_mixin.py:104} INFO - Running <TaskInstance: our_first_dag_v2.first_task 2021-07-31T00:00:00+00:00 [running]> on host f3060829e7b4
[2024-07-16 02:45:59,158] {taskinstance.py:1257} INFO - Exporting the following env vars:
AIRFLOW_CTX_DAG_OWNER=coder2j
AIRFLOW_CTX_DAG_ID=our_first_dag_v2
AIRFLOW_CTX_TASK_ID=first_task
AIRFLOW_CTX_EXECUTION_DATE=2021-07-31T00:00:00+00:00
AIRFLOW_CTX_DAG_RUN_ID=scheduled__2021-07-31T00:00:00+00:00
[2024-07-16 02:45:59,158] {bash.py:135} INFO - Tmp dir root location: 
 /tmp
[2024-07-16 02:45:59,160] {bash.py:158} INFO - Running command: echo hello world, this is the first task
[2024-07-16 02:45:59,170] {bash.py:169} INFO - Output:
[2024-07-16 02:45:59,171] {bash.py:173} INFO - hello world, this is the first task
[2024-07-16 02:45:59,172] {bash.py:177} INFO - Command exited with return code 0
[2024-07-16 02:45:59,206] {taskinstance.py:1166} INFO - Marking task as SUCCESS. dag_id=our_first_dag_v2, task_id=first_task, execution_date=20210731T000000, start_date=20240716T024558, end_date=20240716T024559
[2024-07-16 02:45:59,246] {taskinstance.py:1220} INFO - 1 downstream tasks scheduled from follow-on schedule check
[2024-07-16 02:45:59,290] {local_task_job.py:146} INFO - Task exited with return code 0
