[2024-07-16 02:47:02,469] {taskinstance.py:851} INFO - Dependencies all met for <TaskInstance: our_first_dag_v2.second_task 2021-12-08T00:00:00+00:00 [queued]>
[2024-07-16 02:47:02,524] {taskinstance.py:851} INFO - Dependencies all met for <TaskInstance: our_first_dag_v2.second_task 2021-12-08T00:00:00+00:00 [queued]>
[2024-07-16 02:47:02,525] {taskinstance.py:1042} INFO - 
--------------------------------------------------------------------------------
[2024-07-16 02:47:02,526] {taskinstance.py:1043} INFO - Starting attempt 1 of 6
[2024-07-16 02:47:02,526] {taskinstance.py:1044} INFO - 
--------------------------------------------------------------------------------
[2024-07-16 02:47:02,553] {taskinstance.py:1063} INFO - Executing <Task(BashOperator): second_task> on 2021-12-08T00:00:00+00:00
[2024-07-16 02:47:02,560] {standard_task_runner.py:52} INFO - Started process 3888 to run task
[2024-07-16 02:47:02,570] {standard_task_runner.py:76} INFO - Running: ['airflow', 'tasks', 'run', 'our_first_dag_v2', 'second_task', '2021-12-08T00:00:00+00:00', '--job-id', '1088', '--pool', 'default_pool', '--raw', '--subdir', 'DAGS_FOLDER/our_first_dag.py', '--cfg-path', '/tmp/tmpl35f4x68', '--error-file', '/tmp/tmpwqcuws13']
[2024-07-16 02:47:02,576] {standard_task_runner.py:77} INFO - Job 1088: Subtask second_task
[2024-07-16 02:47:02,735] {logging_mixin.py:104} INFO - Running <TaskInstance: our_first_dag_v2.second_task 2021-12-08T00:00:00+00:00 [running]> on host f3060829e7b4
[2024-07-16 02:47:02,866] {taskinstance.py:1257} INFO - Exporting the following env vars:
AIRFLOW_CTX_DAG_OWNER=coder2j
AIRFLOW_CTX_DAG_ID=our_first_dag_v2
AIRFLOW_CTX_TASK_ID=second_task
AIRFLOW_CTX_EXECUTION_DATE=2021-12-08T00:00:00+00:00
AIRFLOW_CTX_DAG_RUN_ID=scheduled__2021-12-08T00:00:00+00:00
[2024-07-16 02:47:02,870] {bash.py:135} INFO - Tmp dir root location: 
 /tmp
[2024-07-16 02:47:02,872] {bash.py:158} INFO - Running command: echo hello world, this is the second task, it will run after first task
[2024-07-16 02:47:02,889] {bash.py:169} INFO - Output:
[2024-07-16 02:47:02,892] {bash.py:173} INFO - hello world, this is the second task, it will run after first task
[2024-07-16 02:47:02,894] {bash.py:177} INFO - Command exited with return code 0
[2024-07-16 02:47:02,985] {taskinstance.py:1166} INFO - Marking task as SUCCESS. dag_id=our_first_dag_v2, task_id=second_task, execution_date=20211208T000000, start_date=20240716T024702, end_date=20240716T024702
[2024-07-16 02:47:03,243] {taskinstance.py:1220} INFO - 0 downstream tasks scheduled from follow-on schedule check
[2024-07-16 02:47:03,268] {local_task_job.py:146} INFO - Task exited with return code 0
