[2024-07-16 02:41:53,218] {taskinstance.py:851} INFO - Dependencies all met for <TaskInstance: our_first_dag.first_task 2022-02-02T00:00:00+00:00 [queued]>
[2024-07-16 02:41:53,256] {taskinstance.py:851} INFO - Dependencies all met for <TaskInstance: our_first_dag.first_task 2022-02-02T00:00:00+00:00 [queued]>
[2024-07-16 02:41:53,257] {taskinstance.py:1042} INFO - 
--------------------------------------------------------------------------------
[2024-07-16 02:41:53,258] {taskinstance.py:1043} INFO - Starting attempt 1 of 6
[2024-07-16 02:41:53,258] {taskinstance.py:1044} INFO - 
--------------------------------------------------------------------------------
[2024-07-16 02:41:53,287] {taskinstance.py:1063} INFO - Executing <Task(BashOperator): first_task> on 2022-02-02T00:00:00+00:00
[2024-07-16 02:41:53,295] {standard_task_runner.py:52} INFO - Started process 971 to run task
[2024-07-16 02:41:53,305] {standard_task_runner.py:76} INFO - Running: ['airflow', 'tasks', 'run', 'our_first_dag', 'first_task', '2022-02-02T00:00:00+00:00', '--job-id', '193', '--pool', 'default_pool', '--raw', '--subdir', 'DAGS_FOLDER/our_first_dag.py', '--cfg-path', '/tmp/tmp1d9qd302', '--error-file', '/tmp/tmpr50q9yb9']
[2024-07-16 02:41:53,311] {standard_task_runner.py:77} INFO - Job 193: Subtask first_task
[2024-07-16 02:41:53,425] {logging_mixin.py:104} INFO - Running <TaskInstance: our_first_dag.first_task 2022-02-02T00:00:00+00:00 [running]> on host f3060829e7b4
[2024-07-16 02:41:53,542] {taskinstance.py:1257} INFO - Exporting the following env vars:
AIRFLOW_CTX_DAG_OWNER=coder2j
AIRFLOW_CTX_DAG_ID=our_first_dag
AIRFLOW_CTX_TASK_ID=first_task
AIRFLOW_CTX_EXECUTION_DATE=2022-02-02T00:00:00+00:00
AIRFLOW_CTX_DAG_RUN_ID=scheduled__2022-02-02T00:00:00+00:00
[2024-07-16 02:41:53,544] {bash.py:135} INFO - Tmp dir root location: 
 /tmp
[2024-07-16 02:41:53,546] {bash.py:158} INFO - Running command: echo hello world, this is the first task
[2024-07-16 02:41:53,562] {bash.py:169} INFO - Output:
[2024-07-16 02:41:53,565] {bash.py:173} INFO - hello world, this is the first task
[2024-07-16 02:41:53,566] {bash.py:177} INFO - Command exited with return code 0
[2024-07-16 02:41:53,637] {taskinstance.py:1166} INFO - Marking task as SUCCESS. dag_id=our_first_dag, task_id=first_task, execution_date=20220202T000000, start_date=20240716T024153, end_date=20240716T024153
[2024-07-16 02:41:53,727] {taskinstance.py:1220} INFO - 0 downstream tasks scheduled from follow-on schedule check
[2024-07-16 02:41:53,763] {local_task_job.py:146} INFO - Task exited with return code 0
