[2024-07-18 06:37:02,821] {taskinstance.py:851} INFO - Dependencies all met for <TaskInstance: xcom_example_dag.pull_task 2024-06-30T00:00:00+00:00 [queued]>
[2024-07-18 06:37:02,894] {taskinstance.py:851} INFO - Dependencies all met for <TaskInstance: xcom_example_dag.pull_task 2024-06-30T00:00:00+00:00 [queued]>
[2024-07-18 06:37:02,896] {taskinstance.py:1042} INFO - 
--------------------------------------------------------------------------------
[2024-07-18 06:37:02,897] {taskinstance.py:1043} INFO - Starting attempt 1 of 2
[2024-07-18 06:37:02,898] {taskinstance.py:1044} INFO - 
--------------------------------------------------------------------------------
[2024-07-18 06:37:02,966] {taskinstance.py:1063} INFO - Executing <Task(PythonOperator): pull_task> on 2024-06-30T00:00:00+00:00
[2024-07-18 06:37:02,975] {standard_task_runner.py:52} INFO - Started process 545 to run task
[2024-07-18 06:37:03,007] {standard_task_runner.py:76} INFO - Running: ['airflow', 'tasks', 'run', 'xcom_example_dag', 'pull_task', '2024-06-30T00:00:00+00:00', '--job-id', '727', '--pool', 'default_pool', '--raw', '--subdir', 'DAGS_FOLDER/xcom.py', '--cfg-path', '/tmp/tmpu4q_bwy4', '--error-file', '/tmp/tmppkz_w8qy']
[2024-07-18 06:37:03,033] {standard_task_runner.py:77} INFO - Job 727: Subtask pull_task
[2024-07-18 06:37:03,399] {logging_mixin.py:104} INFO - Running <TaskInstance: xcom_example_dag.pull_task 2024-06-30T00:00:00+00:00 [running]> on host a868c7bacc12
[2024-07-18 06:37:03,600] {taskinstance.py:1257} INFO - Exporting the following env vars:
AIRFLOW_CTX_DAG_OWNER=airflow
AIRFLOW_CTX_DAG_ID=xcom_example_dag
AIRFLOW_CTX_TASK_ID=pull_task
AIRFLOW_CTX_EXECUTION_DATE=2024-06-30T00:00:00+00:00
AIRFLOW_CTX_DAG_RUN_ID=scheduled__2024-06-30T00:00:00+00:00
[2024-07-18 06:37:03,634] {logging_mixin.py:104} INFO - Pulled message: Hello from push_function!
[2024-07-18 06:37:03,636] {python.py:118} INFO - Done. Returned value was: None
[2024-07-18 06:37:03,711] {taskinstance.py:1166} INFO - Marking task as SUCCESS. dag_id=xcom_example_dag, task_id=pull_task, execution_date=20240630T000000, start_date=20240718T063702, end_date=20240718T063703
[2024-07-18 06:37:04,137] {taskinstance.py:1220} INFO - 0 downstream tasks scheduled from follow-on schedule check
[2024-07-18 06:37:04,173] {local_task_job.py:146} INFO - Task exited with return code 0
