[2024-07-18 06:37:04,973] {taskinstance.py:851} INFO - Dependencies all met for <TaskInstance: xcom_example_dag.push_task 2024-07-09T00:00:00+00:00 [queued]>
[2024-07-18 06:37:05,016] {taskinstance.py:851} INFO - Dependencies all met for <TaskInstance: xcom_example_dag.push_task 2024-07-09T00:00:00+00:00 [queued]>
[2024-07-18 06:37:05,017] {taskinstance.py:1042} INFO - 
--------------------------------------------------------------------------------
[2024-07-18 06:37:05,017] {taskinstance.py:1043} INFO - Starting attempt 1 of 2
[2024-07-18 06:37:05,018] {taskinstance.py:1044} INFO - 
--------------------------------------------------------------------------------
[2024-07-18 06:37:05,043] {taskinstance.py:1063} INFO - Executing <Task(PythonOperator): push_task> on 2024-07-09T00:00:00+00:00
[2024-07-18 06:37:05,049] {standard_task_runner.py:52} INFO - Started process 562 to run task
[2024-07-18 06:37:05,058] {standard_task_runner.py:76} INFO - Running: ['airflow', 'tasks', 'run', 'xcom_example_dag', 'push_task', '2024-07-09T00:00:00+00:00', '--job-id', '734', '--pool', 'default_pool', '--raw', '--subdir', 'DAGS_FOLDER/xcom.py', '--cfg-path', '/tmp/tmp5eg72440', '--error-file', '/tmp/tmpaebq1csj']
[2024-07-18 06:37:05,067] {standard_task_runner.py:77} INFO - Job 734: Subtask push_task
[2024-07-18 06:37:05,261] {logging_mixin.py:104} INFO - Running <TaskInstance: xcom_example_dag.push_task 2024-07-09T00:00:00+00:00 [running]> on host a868c7bacc12
[2024-07-18 06:37:05,391] {taskinstance.py:1257} INFO - Exporting the following env vars:
AIRFLOW_CTX_DAG_OWNER=airflow
AIRFLOW_CTX_DAG_ID=xcom_example_dag
AIRFLOW_CTX_TASK_ID=push_task
AIRFLOW_CTX_EXECUTION_DATE=2024-07-09T00:00:00+00:00
AIRFLOW_CTX_DAG_RUN_ID=scheduled__2024-07-09T00:00:00+00:00
[2024-07-18 06:37:05,464] {python.py:118} INFO - Done. Returned value was: None
[2024-07-18 06:37:05,561] {taskinstance.py:1166} INFO - Marking task as SUCCESS. dag_id=xcom_example_dag, task_id=push_task, execution_date=20240709T000000, start_date=20240718T063704, end_date=20240718T063705
[2024-07-18 06:37:05,884] {taskinstance.py:1220} INFO - 0 downstream tasks scheduled from follow-on schedule check
[2024-07-18 06:37:05,930] {local_task_job.py:146} INFO - Task exited with return code 0
