[2024-07-16 02:46:21,644] {taskinstance.py:851} INFO - Dependencies all met for <TaskInstance: our_first_dag_v2.second_task 2021-09-12T00:00:00+00:00 [queued]>
[2024-07-16 02:46:21,687] {taskinstance.py:851} INFO - Dependencies all met for <TaskInstance: our_first_dag_v2.second_task 2021-09-12T00:00:00+00:00 [queued]>
[2024-07-16 02:46:21,688] {taskinstance.py:1042} INFO - 
--------------------------------------------------------------------------------
[2024-07-16 02:46:21,689] {taskinstance.py:1043} INFO - Starting attempt 1 of 6
[2024-07-16 02:46:21,691] {taskinstance.py:1044} INFO - 
--------------------------------------------------------------------------------
[2024-07-16 02:46:21,723] {taskinstance.py:1063} INFO - Executing <Task(BashOperator): second_task> on 2021-09-12T00:00:00+00:00
[2024-07-16 02:46:21,743] {standard_task_runner.py:52} INFO - Started process 3345 to run task
[2024-07-16 02:46:21,765] {standard_task_runner.py:76} INFO - Running: ['airflow', 'tasks', 'run', 'our_first_dag_v2', 'second_task', '2021-09-12T00:00:00+00:00', '--job-id', '914', '--pool', 'default_pool', '--raw', '--subdir', 'DAGS_FOLDER/our_first_dag.py', '--cfg-path', '/tmp/tmpplai1jxe', '--error-file', '/tmp/tmpm9dwozyl']
[2024-07-16 02:46:21,780] {standard_task_runner.py:77} INFO - Job 914: Subtask second_task
[2024-07-16 02:46:22,017] {logging_mixin.py:104} INFO - Running <TaskInstance: our_first_dag_v2.second_task 2021-09-12T00:00:00+00:00 [running]> on host f3060829e7b4
[2024-07-16 02:46:22,279] {taskinstance.py:1257} INFO - Exporting the following env vars:
AIRFLOW_CTX_DAG_OWNER=coder2j
AIRFLOW_CTX_DAG_ID=our_first_dag_v2
AIRFLOW_CTX_TASK_ID=second_task
AIRFLOW_CTX_EXECUTION_DATE=2021-09-12T00:00:00+00:00
AIRFLOW_CTX_DAG_RUN_ID=scheduled__2021-09-12T00:00:00+00:00
[2024-07-16 02:46:22,284] {bash.py:135} INFO - Tmp dir root location: 
 /tmp
[2024-07-16 02:46:22,290] {bash.py:158} INFO - Running command: echo hello world, this is the second task, it will run after first task
[2024-07-16 02:46:22,330] {bash.py:169} INFO - Output:
[2024-07-16 02:46:22,331] {bash.py:173} INFO - hello world, this is the second task, it will run after first task
[2024-07-16 02:46:22,332] {bash.py:177} INFO - Command exited with return code 0
[2024-07-16 02:46:22,438] {taskinstance.py:1166} INFO - Marking task as SUCCESS. dag_id=our_first_dag_v2, task_id=second_task, execution_date=20210912T000000, start_date=20240716T024621, end_date=20240716T024622
[2024-07-16 02:46:22,540] {taskinstance.py:1220} INFO - 0 downstream tasks scheduled from follow-on schedule check
[2024-07-16 02:46:22,584] {local_task_job.py:146} INFO - Task exited with return code 0
