[2024-07-16 02:47:05,667] {taskinstance.py:851} INFO - Dependencies all met for <TaskInstance: our_first_dag_v2.second_task 2021-12-16T00:00:00+00:00 [queued]>
[2024-07-16 02:47:05,716] {taskinstance.py:851} INFO - Dependencies all met for <TaskInstance: our_first_dag_v2.second_task 2021-12-16T00:00:00+00:00 [queued]>
[2024-07-16 02:47:05,717] {taskinstance.py:1042} INFO - 
--------------------------------------------------------------------------------
[2024-07-16 02:47:05,718] {taskinstance.py:1043} INFO - Starting attempt 1 of 6
[2024-07-16 02:47:05,721] {taskinstance.py:1044} INFO - 
--------------------------------------------------------------------------------
[2024-07-16 02:47:05,790] {taskinstance.py:1063} INFO - Executing <Task(BashOperator): second_task> on 2021-12-16T00:00:00+00:00
[2024-07-16 02:47:05,798] {standard_task_runner.py:52} INFO - Started process 3937 to run task
[2024-07-16 02:47:05,816] {standard_task_runner.py:76} INFO - Running: ['airflow', 'tasks', 'run', 'our_first_dag_v2', 'second_task', '2021-12-16T00:00:00+00:00', '--job-id', '1102', '--pool', 'default_pool', '--raw', '--subdir', 'DAGS_FOLDER/our_first_dag.py', '--cfg-path', '/tmp/tmpprz7n766', '--error-file', '/tmp/tmp3od50k4p']
[2024-07-16 02:47:05,825] {standard_task_runner.py:77} INFO - Job 1102: Subtask second_task
[2024-07-16 02:47:06,041] {logging_mixin.py:104} INFO - Running <TaskInstance: our_first_dag_v2.second_task 2021-12-16T00:00:00+00:00 [running]> on host f3060829e7b4
[2024-07-16 02:47:06,212] {taskinstance.py:1257} INFO - Exporting the following env vars:
AIRFLOW_CTX_DAG_OWNER=coder2j
AIRFLOW_CTX_DAG_ID=our_first_dag_v2
AIRFLOW_CTX_TASK_ID=second_task
AIRFLOW_CTX_EXECUTION_DATE=2021-12-16T00:00:00+00:00
AIRFLOW_CTX_DAG_RUN_ID=scheduled__2021-12-16T00:00:00+00:00
[2024-07-16 02:47:06,219] {bash.py:135} INFO - Tmp dir root location: 
 /tmp
[2024-07-16 02:47:06,222] {bash.py:158} INFO - Running command: echo hello world, this is the second task, it will run after first task
[2024-07-16 02:47:06,238] {bash.py:169} INFO - Output:
[2024-07-16 02:47:06,246] {bash.py:173} INFO - hello world, this is the second task, it will run after first task
[2024-07-16 02:47:06,246] {bash.py:177} INFO - Command exited with return code 0
[2024-07-16 02:47:06,344] {taskinstance.py:1166} INFO - Marking task as SUCCESS. dag_id=our_first_dag_v2, task_id=second_task, execution_date=20211216T000000, start_date=20240716T024705, end_date=20240716T024706
[2024-07-16 02:47:06,760] {taskinstance.py:1220} INFO - 0 downstream tasks scheduled from follow-on schedule check
[2024-07-16 02:47:06,829] {local_task_job.py:146} INFO - Task exited with return code 0
