[2024-07-16 02:41:40,501] {taskinstance.py:851} INFO - Dependencies all met for <TaskInstance: our_first_dag.first_task 2021-12-15T00:00:00+00:00 [queued]>
[2024-07-16 02:41:40,564] {taskinstance.py:851} INFO - Dependencies all met for <TaskInstance: our_first_dag.first_task 2021-12-15T00:00:00+00:00 [queued]>
[2024-07-16 02:41:40,565] {taskinstance.py:1042} INFO - 
--------------------------------------------------------------------------------
[2024-07-16 02:41:40,566] {taskinstance.py:1043} INFO - Starting attempt 1 of 6
[2024-07-16 02:41:40,566] {taskinstance.py:1044} INFO - 
--------------------------------------------------------------------------------
[2024-07-16 02:41:40,594] {taskinstance.py:1063} INFO - Executing <Task(BashOperator): first_task> on 2021-12-15T00:00:00+00:00
[2024-07-16 02:41:40,611] {standard_task_runner.py:52} INFO - Started process 819 to run task
[2024-07-16 02:41:40,622] {standard_task_runner.py:76} INFO - Running: ['airflow', 'tasks', 'run', 'our_first_dag', 'first_task', '2021-12-15T00:00:00+00:00', '--job-id', '144', '--pool', 'default_pool', '--raw', '--subdir', 'DAGS_FOLDER/our_first_dag.py', '--cfg-path', '/tmp/tmp9lvo6r5e', '--error-file', '/tmp/tmpbivvgzgs']
[2024-07-16 02:41:40,631] {standard_task_runner.py:77} INFO - Job 144: Subtask first_task
[2024-07-16 02:41:40,755] {logging_mixin.py:104} INFO - Running <TaskInstance: our_first_dag.first_task 2021-12-15T00:00:00+00:00 [running]> on host f3060829e7b4
[2024-07-16 02:41:40,872] {taskinstance.py:1257} INFO - Exporting the following env vars:
AIRFLOW_CTX_DAG_OWNER=coder2j
AIRFLOW_CTX_DAG_ID=our_first_dag
AIRFLOW_CTX_TASK_ID=first_task
AIRFLOW_CTX_EXECUTION_DATE=2021-12-15T00:00:00+00:00
AIRFLOW_CTX_DAG_RUN_ID=scheduled__2021-12-15T00:00:00+00:00
[2024-07-16 02:41:40,873] {bash.py:135} INFO - Tmp dir root location: 
 /tmp
[2024-07-16 02:41:40,876] {bash.py:158} INFO - Running command: echo hello world, this is the first task
[2024-07-16 02:41:40,893] {bash.py:169} INFO - Output:
[2024-07-16 02:41:40,896] {bash.py:173} INFO - hello world, this is the first task
[2024-07-16 02:41:40,897] {bash.py:177} INFO - Command exited with return code 0
[2024-07-16 02:41:40,991] {taskinstance.py:1166} INFO - Marking task as SUCCESS. dag_id=our_first_dag, task_id=first_task, execution_date=20211215T000000, start_date=20240716T024140, end_date=20240716T024140
[2024-07-16 02:41:41,119] {taskinstance.py:1220} INFO - 0 downstream tasks scheduled from follow-on schedule check
[2024-07-16 02:41:41,171] {local_task_job.py:146} INFO - Task exited with return code 0
