[2024-07-18 06:36:53,845] {taskinstance.py:851} INFO - Dependencies all met for <TaskInstance: xcom_example_dag.push_task 2024-06-24T00:00:00+00:00 [queued]>
[2024-07-18 06:36:53,898] {taskinstance.py:851} INFO - Dependencies all met for <TaskInstance: xcom_example_dag.push_task 2024-06-24T00:00:00+00:00 [queued]>
[2024-07-18 06:36:53,900] {taskinstance.py:1042} INFO - 
--------------------------------------------------------------------------------
[2024-07-18 06:36:53,901] {taskinstance.py:1043} INFO - Starting attempt 1 of 2
[2024-07-18 06:36:53,902] {taskinstance.py:1044} INFO - 
--------------------------------------------------------------------------------
[2024-07-18 06:36:53,929] {taskinstance.py:1063} INFO - Executing <Task(PythonOperator): push_task> on 2024-06-24T00:00:00+00:00
[2024-07-18 06:36:53,942] {standard_task_runner.py:52} INFO - Started process 493 to run task
[2024-07-18 06:36:53,965] {standard_task_runner.py:76} INFO - Running: ['airflow', 'tasks', 'run', 'xcom_example_dag', 'push_task', '2024-06-24T00:00:00+00:00', '--job-id', '705', '--pool', 'default_pool', '--raw', '--subdir', 'DAGS_FOLDER/xcom.py', '--cfg-path', '/tmp/tmpbcbftfy7', '--error-file', '/tmp/tmp9weoyxb2']
[2024-07-18 06:36:53,973] {standard_task_runner.py:77} INFO - Job 705: Subtask push_task
[2024-07-18 06:36:54,125] {logging_mixin.py:104} INFO - Running <TaskInstance: xcom_example_dag.push_task 2024-06-24T00:00:00+00:00 [running]> on host a868c7bacc12
[2024-07-18 06:36:54,325] {taskinstance.py:1257} INFO - Exporting the following env vars:
AIRFLOW_CTX_DAG_OWNER=airflow
AIRFLOW_CTX_DAG_ID=xcom_example_dag
AIRFLOW_CTX_TASK_ID=push_task
AIRFLOW_CTX_EXECUTION_DATE=2024-06-24T00:00:00+00:00
AIRFLOW_CTX_DAG_RUN_ID=scheduled__2024-06-24T00:00:00+00:00
[2024-07-18 06:36:54,420] {python.py:118} INFO - Done. Returned value was: None
[2024-07-18 06:36:54,484] {taskinstance.py:1166} INFO - Marking task as SUCCESS. dag_id=xcom_example_dag, task_id=push_task, execution_date=20240624T000000, start_date=20240718T063653, end_date=20240718T063654
[2024-07-18 06:36:54,655] {taskinstance.py:1220} INFO - 1 downstream tasks scheduled from follow-on schedule check
[2024-07-18 06:36:54,711] {local_task_job.py:146} INFO - Task exited with return code 0
