[2024-07-18 06:33:41,599] {taskinstance.py:851} INFO - Dependencies all met for <TaskInstance: xcom_example_dag.pull_task 2023-10-17T00:00:00+00:00 [queued]>
[2024-07-18 06:33:41,629] {taskinstance.py:851} INFO - Dependencies all met for <TaskInstance: xcom_example_dag.pull_task 2023-10-17T00:00:00+00:00 [queued]>
[2024-07-18 06:33:41,635] {taskinstance.py:1042} INFO - 
--------------------------------------------------------------------------------
[2024-07-18 06:33:41,638] {taskinstance.py:1043} INFO - Starting attempt 1 of 2
[2024-07-18 06:33:41,639] {taskinstance.py:1044} INFO - 
--------------------------------------------------------------------------------
[2024-07-18 06:33:41,672] {taskinstance.py:1063} INFO - Executing <Task(PythonOperator): pull_task> on 2023-10-17T00:00:00+00:00
[2024-07-18 06:33:41,686] {standard_task_runner.py:52} INFO - Started process 2301 to run task
[2024-07-18 06:33:41,701] {standard_task_runner.py:76} INFO - Running: ['airflow', 'tasks', 'run', 'xcom_example_dag', 'pull_task', '2023-10-17T00:00:00+00:00', '--job-id', '210', '--pool', 'default_pool', '--raw', '--subdir', 'DAGS_FOLDER/xcom.py', '--cfg-path', '/tmp/tmpoo6r9s6i', '--error-file', '/tmp/tmp4gjswv3t']
[2024-07-18 06:33:41,716] {standard_task_runner.py:77} INFO - Job 210: Subtask pull_task
[2024-07-18 06:33:42,033] {logging_mixin.py:104} INFO - Running <TaskInstance: xcom_example_dag.pull_task 2023-10-17T00:00:00+00:00 [running]> on host a868c7bacc12
[2024-07-18 06:33:42,356] {taskinstance.py:1257} INFO - Exporting the following env vars:
AIRFLOW_CTX_DAG_OWNER=airflow
AIRFLOW_CTX_DAG_ID=xcom_example_dag
AIRFLOW_CTX_TASK_ID=pull_task
AIRFLOW_CTX_EXECUTION_DATE=2023-10-17T00:00:00+00:00
AIRFLOW_CTX_DAG_RUN_ID=scheduled__2023-10-17T00:00:00+00:00
[2024-07-18 06:33:42,394] {logging_mixin.py:104} INFO - Pulled message: Hello from push_function!
[2024-07-18 06:33:42,415] {python.py:118} INFO - Done. Returned value was: None
[2024-07-18 06:33:42,497] {taskinstance.py:1166} INFO - Marking task as SUCCESS. dag_id=xcom_example_dag, task_id=pull_task, execution_date=20231017T000000, start_date=20240718T063341, end_date=20240718T063342
[2024-07-18 06:33:42,719] {taskinstance.py:1220} INFO - 0 downstream tasks scheduled from follow-on schedule check
[2024-07-18 06:33:42,825] {local_task_job.py:146} INFO - Task exited with return code 0
