[2024-07-16 02:41:22,919] {taskinstance.py:851} INFO - Dependencies all met for <TaskInstance: our_first_dag.first_task 2021-10-11T00:00:00+00:00 [queued]>
[2024-07-16 02:41:22,952] {taskinstance.py:851} INFO - Dependencies all met for <TaskInstance: our_first_dag.first_task 2021-10-11T00:00:00+00:00 [queued]>
[2024-07-16 02:41:22,952] {taskinstance.py:1042} INFO - 
--------------------------------------------------------------------------------
[2024-07-16 02:41:22,953] {taskinstance.py:1043} INFO - Starting attempt 1 of 6
[2024-07-16 02:41:22,953] {taskinstance.py:1044} INFO - 
--------------------------------------------------------------------------------
[2024-07-16 02:41:22,978] {taskinstance.py:1063} INFO - Executing <Task(BashOperator): first_task> on 2021-10-11T00:00:00+00:00
[2024-07-16 02:41:22,986] {standard_task_runner.py:52} INFO - Started process 613 to run task
[2024-07-16 02:41:22,994] {standard_task_runner.py:76} INFO - Running: ['airflow', 'tasks', 'run', 'our_first_dag', 'first_task', '2021-10-11T00:00:00+00:00', '--job-id', '79', '--pool', 'default_pool', '--raw', '--subdir', 'DAGS_FOLDER/our_first_dag.py', '--cfg-path', '/tmp/tmpatvduju9', '--error-file', '/tmp/tmpqo3aknsr']
[2024-07-16 02:41:23,001] {standard_task_runner.py:77} INFO - Job 79: Subtask first_task
[2024-07-16 02:41:23,115] {logging_mixin.py:104} INFO - Running <TaskInstance: our_first_dag.first_task 2021-10-11T00:00:00+00:00 [running]> on host f3060829e7b4
[2024-07-16 02:41:23,245] {taskinstance.py:1257} INFO - Exporting the following env vars:
AIRFLOW_CTX_DAG_OWNER=coder2j
AIRFLOW_CTX_DAG_ID=our_first_dag
AIRFLOW_CTX_TASK_ID=first_task
AIRFLOW_CTX_EXECUTION_DATE=2021-10-11T00:00:00+00:00
AIRFLOW_CTX_DAG_RUN_ID=scheduled__2021-10-11T00:00:00+00:00
[2024-07-16 02:41:23,246] {bash.py:135} INFO - Tmp dir root location: 
 /tmp
[2024-07-16 02:41:23,249] {bash.py:158} INFO - Running command: echo hello world, this is the first task
[2024-07-16 02:41:23,271] {bash.py:169} INFO - Output:
[2024-07-16 02:41:23,274] {bash.py:173} INFO - hello world, this is the first task
[2024-07-16 02:41:23,276] {bash.py:177} INFO - Command exited with return code 0
[2024-07-16 02:41:23,346] {taskinstance.py:1166} INFO - Marking task as SUCCESS. dag_id=our_first_dag, task_id=first_task, execution_date=20211011T000000, start_date=20240716T024122, end_date=20240716T024123
[2024-07-16 02:41:23,451] {taskinstance.py:1220} INFO - 0 downstream tasks scheduled from follow-on schedule check
[2024-07-16 02:41:23,486] {local_task_job.py:146} INFO - Task exited with return code 0
