[2024-07-18 09:10:28,673] {taskinstance.py:851} INFO - Dependencies all met for <TaskInstance: Python_operator_v05.greet 2024-07-18T09:10:27.039249+00:00 [queued]>
[2024-07-18 09:10:28,690] {taskinstance.py:851} INFO - Dependencies all met for <TaskInstance: Python_operator_v05.greet 2024-07-18T09:10:27.039249+00:00 [queued]>
[2024-07-18 09:10:28,691] {taskinstance.py:1042} INFO - 
--------------------------------------------------------------------------------
[2024-07-18 09:10:28,692] {taskinstance.py:1043} INFO - Starting attempt 1 of 6
[2024-07-18 09:10:28,692] {taskinstance.py:1044} INFO - 
--------------------------------------------------------------------------------
[2024-07-18 09:10:28,712] {taskinstance.py:1063} INFO - Executing <Task(PythonOperator): greet> on 2024-07-18T09:10:27.039249+00:00
[2024-07-18 09:10:28,719] {standard_task_runner.py:52} INFO - Started process 3306 to run task
[2024-07-18 09:10:28,724] {standard_task_runner.py:76} INFO - Running: ['airflow', 'tasks', 'run', 'Python_operator_v05', 'greet', '2024-07-18T09:10:27.039249+00:00', '--job-id', '769', '--pool', 'default_pool', '--raw', '--subdir', 'DAGS_FOLDER/python_operator.py', '--cfg-path', '/tmp/tmpjysr_1ik', '--error-file', '/tmp/tmpbv_5d936']
[2024-07-18 09:10:28,728] {standard_task_runner.py:77} INFO - Job 769: Subtask greet
[2024-07-18 09:10:28,800] {logging_mixin.py:104} INFO - Running <TaskInstance: Python_operator_v05.greet 2024-07-18T09:10:27.039249+00:00 [running]> on host b7036ca352b1
[2024-07-18 09:10:28,868] {taskinstance.py:1257} INFO - Exporting the following env vars:
AIRFLOW_CTX_DAG_OWNER=MinhThai
AIRFLOW_CTX_DAG_ID=Python_operator_v05
AIRFLOW_CTX_TASK_ID=greet
AIRFLOW_CTX_EXECUTION_DATE=2024-07-18T09:10:27.039249+00:00
AIRFLOW_CTX_DAG_RUN_ID=manual__2024-07-18T09:10:27.039249+00:00
[2024-07-18 09:10:28,900] {logging_mixin.py:104} INFO - Hello world. My name is Pham Minh Thai and I am None years old
[2024-07-18 09:10:28,900] {python.py:118} INFO - Done. Returned value was: None
[2024-07-18 09:10:28,914] {taskinstance.py:1166} INFO - Marking task as SUCCESS. dag_id=Python_operator_v05, task_id=greet, execution_date=20240718T091027, start_date=20240718T091028, end_date=20240718T091028
[2024-07-18 09:10:28,948] {taskinstance.py:1220} INFO - 0 downstream tasks scheduled from follow-on schedule check
[2024-07-18 09:10:28,976] {local_task_job.py:146} INFO - Task exited with return code 0
