[2024-07-16 02:47:06,657] {taskinstance.py:851} INFO - Dependencies all met for <TaskInstance: our_first_dag_v2.second_task 2021-12-18T00:00:00+00:00 [queued]>
[2024-07-16 02:47:06,797] {taskinstance.py:851} INFO - Dependencies all met for <TaskInstance: our_first_dag_v2.second_task 2021-12-18T00:00:00+00:00 [queued]>
[2024-07-16 02:47:06,801] {taskinstance.py:1042} INFO - 
--------------------------------------------------------------------------------
[2024-07-16 02:47:06,812] {taskinstance.py:1043} INFO - Starting attempt 1 of 6
[2024-07-16 02:47:06,842] {taskinstance.py:1044} INFO - 
--------------------------------------------------------------------------------
[2024-07-16 02:47:06,901] {taskinstance.py:1063} INFO - Executing <Task(BashOperator): second_task> on 2021-12-18T00:00:00+00:00
[2024-07-16 02:47:06,921] {standard_task_runner.py:76} INFO - Running: ['airflow', 'tasks', 'run', 'our_first_dag_v2', 'second_task', '2021-12-18T00:00:00+00:00', '--job-id', '1108', '--pool', 'default_pool', '--raw', '--subdir', 'DAGS_FOLDER/our_first_dag.py', '--cfg-path', '/tmp/tmppwev7vnh', '--error-file', '/tmp/tmpih0tzdpk']
[2024-07-16 02:47:06,908] {standard_task_runner.py:52} INFO - Started process 3953 to run task
[2024-07-16 02:47:06,928] {standard_task_runner.py:77} INFO - Job 1108: Subtask second_task
[2024-07-16 02:47:07,097] {logging_mixin.py:104} INFO - Running <TaskInstance: our_first_dag_v2.second_task 2021-12-18T00:00:00+00:00 [running]> on host f3060829e7b4
[2024-07-16 02:47:07,222] {taskinstance.py:1257} INFO - Exporting the following env vars:
AIRFLOW_CTX_DAG_OWNER=coder2j
AIRFLOW_CTX_DAG_ID=our_first_dag_v2
AIRFLOW_CTX_TASK_ID=second_task
AIRFLOW_CTX_EXECUTION_DATE=2021-12-18T00:00:00+00:00
AIRFLOW_CTX_DAG_RUN_ID=scheduled__2021-12-18T00:00:00+00:00
[2024-07-16 02:47:07,227] {bash.py:135} INFO - Tmp dir root location: 
 /tmp
[2024-07-16 02:47:07,230] {bash.py:158} INFO - Running command: echo hello world, this is the second task, it will run after first task
[2024-07-16 02:47:07,256] {bash.py:169} INFO - Output:
[2024-07-16 02:47:07,263] {bash.py:173} INFO - hello world, this is the second task, it will run after first task
[2024-07-16 02:47:07,264] {bash.py:177} INFO - Command exited with return code 0
[2024-07-16 02:47:07,367] {taskinstance.py:1166} INFO - Marking task as SUCCESS. dag_id=our_first_dag_v2, task_id=second_task, execution_date=20211218T000000, start_date=20240716T024706, end_date=20240716T024707
[2024-07-16 02:47:07,645] {taskinstance.py:1220} INFO - 0 downstream tasks scheduled from follow-on schedule check
[2024-07-16 02:47:07,690] {local_task_job.py:146} INFO - Task exited with return code 0
