[2024-07-16 02:44:16,900] {taskinstance.py:851} INFO - Dependencies all met for <TaskInstance: our_first_dag.first_task 2023-04-26T00:00:00+00:00 [queued]>
[2024-07-16 02:44:16,939] {taskinstance.py:851} INFO - Dependencies all met for <TaskInstance: our_first_dag.first_task 2023-04-26T00:00:00+00:00 [queued]>
[2024-07-16 02:44:16,940] {taskinstance.py:1042} INFO - 
--------------------------------------------------------------------------------
[2024-07-16 02:44:16,941] {taskinstance.py:1043} INFO - Starting attempt 1 of 6
[2024-07-16 02:44:16,941] {taskinstance.py:1044} INFO - 
--------------------------------------------------------------------------------
[2024-07-16 02:44:16,968] {taskinstance.py:1063} INFO - Executing <Task(BashOperator): first_task> on 2023-04-26T00:00:00+00:00
[2024-07-16 02:44:16,980] {standard_task_runner.py:52} INFO - Started process 2384 to run task
[2024-07-16 02:44:16,991] {standard_task_runner.py:76} INFO - Running: ['airflow', 'tasks', 'run', 'our_first_dag', 'first_task', '2023-04-26T00:00:00+00:00', '--job-id', '641', '--pool', 'default_pool', '--raw', '--subdir', 'DAGS_FOLDER/our_first_dag.py', '--cfg-path', '/tmp/tmpg3n9941c', '--error-file', '/tmp/tmpvgeklvx9']
[2024-07-16 02:44:16,998] {standard_task_runner.py:77} INFO - Job 641: Subtask first_task
[2024-07-16 02:44:17,143] {logging_mixin.py:104} INFO - Running <TaskInstance: our_first_dag.first_task 2023-04-26T00:00:00+00:00 [running]> on host f3060829e7b4
[2024-07-16 02:44:17,307] {taskinstance.py:1257} INFO - Exporting the following env vars:
AIRFLOW_CTX_DAG_OWNER=coder2j
AIRFLOW_CTX_DAG_ID=our_first_dag
AIRFLOW_CTX_TASK_ID=first_task
AIRFLOW_CTX_EXECUTION_DATE=2023-04-26T00:00:00+00:00
AIRFLOW_CTX_DAG_RUN_ID=scheduled__2023-04-26T00:00:00+00:00
[2024-07-16 02:44:17,310] {bash.py:135} INFO - Tmp dir root location: 
 /tmp
[2024-07-16 02:44:17,314] {bash.py:158} INFO - Running command: echo hello world, this is the first task
[2024-07-16 02:44:17,334] {bash.py:169} INFO - Output:
[2024-07-16 02:44:17,345] {bash.py:173} INFO - hello world, this is the first task
[2024-07-16 02:44:17,347] {bash.py:177} INFO - Command exited with return code 0
[2024-07-16 02:44:17,444] {taskinstance.py:1166} INFO - Marking task as SUCCESS. dag_id=our_first_dag, task_id=first_task, execution_date=20230426T000000, start_date=20240716T024416, end_date=20240716T024417
[2024-07-16 02:44:17,571] {taskinstance.py:1220} INFO - 0 downstream tasks scheduled from follow-on schedule check
[2024-07-16 02:44:17,614] {local_task_job.py:146} INFO - Task exited with return code 0
