[2024-07-19 03:16:59,320] {taskinstance.py:851} INFO - Dependencies all met for <TaskInstance: Python_operator_v05.get_age 2024-07-18T00:00:00+00:00 [queued]>
[2024-07-19 03:16:59,351] {taskinstance.py:851} INFO - Dependencies all met for <TaskInstance: Python_operator_v05.get_age 2024-07-18T00:00:00+00:00 [queued]>
[2024-07-19 03:16:59,354] {taskinstance.py:1042} INFO - 
--------------------------------------------------------------------------------
[2024-07-19 03:16:59,355] {taskinstance.py:1043} INFO - Starting attempt 1 of 6
[2024-07-19 03:16:59,355] {taskinstance.py:1044} INFO - 
--------------------------------------------------------------------------------
[2024-07-19 03:16:59,373] {taskinstance.py:1063} INFO - Executing <Task(PythonOperator): get_age> on 2024-07-18T00:00:00+00:00
[2024-07-19 03:16:59,378] {standard_task_runner.py:52} INFO - Started process 216 to run task
[2024-07-19 03:16:59,383] {standard_task_runner.py:76} INFO - Running: ['airflow', 'tasks', 'run', 'Python_operator_v05', 'get_age', '2024-07-18T00:00:00+00:00', '--job-id', '795', '--pool', 'default_pool', '--raw', '--subdir', 'DAGS_FOLDER/python_operator.py', '--cfg-path', '/tmp/tmp8ngtelvi', '--error-file', '/tmp/tmpb8vf5h2a']
[2024-07-19 03:16:59,387] {standard_task_runner.py:77} INFO - Job 795: Subtask get_age
[2024-07-19 03:16:59,464] {logging_mixin.py:104} INFO - Running <TaskInstance: Python_operator_v05.get_age 2024-07-18T00:00:00+00:00 [running]> on host b7036ca352b1
[2024-07-19 03:16:59,623] {taskinstance.py:1257} INFO - Exporting the following env vars:
AIRFLOW_CTX_DAG_OWNER=MinhThai
AIRFLOW_CTX_DAG_ID=Python_operator_v05
AIRFLOW_CTX_TASK_ID=get_age
AIRFLOW_CTX_EXECUTION_DATE=2024-07-18T00:00:00+00:00
AIRFLOW_CTX_DAG_RUN_ID=scheduled__2024-07-18T00:00:00+00:00
[2024-07-19 03:16:59,654] {python.py:118} INFO - Done. Returned value was: None
[2024-07-19 03:16:59,672] {taskinstance.py:1166} INFO - Marking task as SUCCESS. dag_id=Python_operator_v05, task_id=get_age, execution_date=20240718T000000, start_date=20240719T031659, end_date=20240719T031659
[2024-07-19 03:16:59,730] {taskinstance.py:1220} INFO - 0 downstream tasks scheduled from follow-on schedule check
[2024-07-19 03:16:59,760] {local_task_job.py:146} INFO - Task exited with return code 0
