[2024-07-18 06:33:38,793] {taskinstance.py:851} INFO - Dependencies all met for <TaskInstance: xcom_example_dag.push_task 2023-10-18T00:00:00+00:00 [queued]>
[2024-07-18 06:33:38,992] {taskinstance.py:851} INFO - Dependencies all met for <TaskInstance: xcom_example_dag.push_task 2023-10-18T00:00:00+00:00 [queued]>
[2024-07-18 06:33:38,994] {taskinstance.py:1042} INFO - 
--------------------------------------------------------------------------------
[2024-07-18 06:33:38,995] {taskinstance.py:1043} INFO - Starting attempt 1 of 2
[2024-07-18 06:33:38,996] {taskinstance.py:1044} INFO - 
--------------------------------------------------------------------------------
[2024-07-18 06:33:39,097] {taskinstance.py:1063} INFO - Executing <Task(PythonOperator): push_task> on 2023-10-18T00:00:00+00:00
[2024-07-18 06:33:39,131] {standard_task_runner.py:52} INFO - Started process 2288 to run task
[2024-07-18 06:33:39,166] {standard_task_runner.py:76} INFO - Running: ['airflow', 'tasks', 'run', 'xcom_example_dag', 'push_task', '2023-10-18T00:00:00+00:00', '--job-id', '203', '--pool', 'default_pool', '--raw', '--subdir', 'DAGS_FOLDER/xcom.py', '--cfg-path', '/tmp/tmpr0ypefcc', '--error-file', '/tmp/tmpd9koob8y']
[2024-07-18 06:33:39,192] {standard_task_runner.py:77} INFO - Job 203: Subtask push_task
[2024-07-18 06:33:39,668] {logging_mixin.py:104} INFO - Running <TaskInstance: xcom_example_dag.push_task 2023-10-18T00:00:00+00:00 [running]> on host a868c7bacc12
[2024-07-18 06:33:40,115] {taskinstance.py:1257} INFO - Exporting the following env vars:
AIRFLOW_CTX_DAG_OWNER=airflow
AIRFLOW_CTX_DAG_ID=xcom_example_dag
AIRFLOW_CTX_TASK_ID=push_task
AIRFLOW_CTX_EXECUTION_DATE=2023-10-18T00:00:00+00:00
AIRFLOW_CTX_DAG_RUN_ID=scheduled__2023-10-18T00:00:00+00:00
[2024-07-18 06:33:40,200] {python.py:118} INFO - Done. Returned value was: None
[2024-07-18 06:33:40,264] {taskinstance.py:1166} INFO - Marking task as SUCCESS. dag_id=xcom_example_dag, task_id=push_task, execution_date=20231018T000000, start_date=20240718T063338, end_date=20240718T063340
[2024-07-18 06:33:40,429] {taskinstance.py:1220} INFO - 1 downstream tasks scheduled from follow-on schedule check
[2024-07-18 06:33:40,475] {local_task_job.py:146} INFO - Task exited with return code 0
