[2024-07-16 02:44:57,466] {taskinstance.py:851} INFO - Dependencies all met for <TaskInstance: our_first_dag.first_task 2023-09-18T00:00:00+00:00 [queued]>
[2024-07-16 02:44:57,501] {taskinstance.py:851} INFO - Dependencies all met for <TaskInstance: our_first_dag.first_task 2023-09-18T00:00:00+00:00 [queued]>
[2024-07-16 02:44:57,502] {taskinstance.py:1042} INFO - 
--------------------------------------------------------------------------------
[2024-07-16 02:44:57,502] {taskinstance.py:1043} INFO - Starting attempt 1 of 6
[2024-07-16 02:44:57,503] {taskinstance.py:1044} INFO - 
--------------------------------------------------------------------------------
[2024-07-16 02:44:57,523] {taskinstance.py:1063} INFO - Executing <Task(BashOperator): first_task> on 2023-09-18T00:00:00+00:00
[2024-07-16 02:44:57,528] {standard_task_runner.py:52} INFO - Started process 2839 to run task
[2024-07-16 02:44:57,536] {standard_task_runner.py:76} INFO - Running: ['airflow', 'tasks', 'run', 'our_first_dag', 'first_task', '2023-09-18T00:00:00+00:00', '--job-id', '786', '--pool', 'default_pool', '--raw', '--subdir', 'DAGS_FOLDER/our_first_dag.py', '--cfg-path', '/tmp/tmpnnf82vcz', '--error-file', '/tmp/tmpye79szb4']
[2024-07-16 02:44:57,543] {standard_task_runner.py:77} INFO - Job 786: Subtask first_task
[2024-07-16 02:44:57,659] {logging_mixin.py:104} INFO - Running <TaskInstance: our_first_dag.first_task 2023-09-18T00:00:00+00:00 [running]> on host f3060829e7b4
[2024-07-16 02:44:57,764] {taskinstance.py:1257} INFO - Exporting the following env vars:
AIRFLOW_CTX_DAG_OWNER=coder2j
AIRFLOW_CTX_DAG_ID=our_first_dag
AIRFLOW_CTX_TASK_ID=first_task
AIRFLOW_CTX_EXECUTION_DATE=2023-09-18T00:00:00+00:00
AIRFLOW_CTX_DAG_RUN_ID=scheduled__2023-09-18T00:00:00+00:00
[2024-07-16 02:44:57,766] {bash.py:135} INFO - Tmp dir root location: 
 /tmp
[2024-07-16 02:44:57,768] {bash.py:158} INFO - Running command: echo hello world, this is the first task
[2024-07-16 02:44:57,784] {bash.py:169} INFO - Output:
[2024-07-16 02:44:57,786] {bash.py:173} INFO - hello world, this is the first task
[2024-07-16 02:44:57,787] {bash.py:177} INFO - Command exited with return code 0
[2024-07-16 02:44:57,864] {taskinstance.py:1166} INFO - Marking task as SUCCESS. dag_id=our_first_dag, task_id=first_task, execution_date=20230918T000000, start_date=20240716T024457, end_date=20240716T024457
[2024-07-16 02:44:57,934] {taskinstance.py:1220} INFO - 0 downstream tasks scheduled from follow-on schedule check
[2024-07-16 02:44:57,949] {local_task_job.py:146} INFO - Task exited with return code 0
