[2024-07-19 03:16:59,344] {taskinstance.py:851} INFO - Dependencies all met for <TaskInstance: our_first_dag_v3.first_task 2024-07-18T00:00:00+00:00 [queued]>
[2024-07-19 03:16:59,369] {taskinstance.py:851} INFO - Dependencies all met for <TaskInstance: our_first_dag_v3.first_task 2024-07-18T00:00:00+00:00 [queued]>
[2024-07-19 03:16:59,370] {taskinstance.py:1042} INFO - 
--------------------------------------------------------------------------------
[2024-07-19 03:16:59,371] {taskinstance.py:1043} INFO - Starting attempt 1 of 6
[2024-07-19 03:16:59,372] {taskinstance.py:1044} INFO - 
--------------------------------------------------------------------------------
[2024-07-19 03:16:59,393] {taskinstance.py:1063} INFO - Executing <Task(BashOperator): first_task> on 2024-07-18T00:00:00+00:00
[2024-07-19 03:16:59,398] {standard_task_runner.py:52} INFO - Started process 220 to run task
[2024-07-19 03:16:59,404] {standard_task_runner.py:76} INFO - Running: ['airflow', 'tasks', 'run', 'our_first_dag_v3', 'first_task', '2024-07-18T00:00:00+00:00', '--job-id', '798', '--pool', 'default_pool', '--raw', '--subdir', 'DAGS_FOLDER/our_first_dag.py', '--cfg-path', '/tmp/tmpddilfpif', '--error-file', '/tmp/tmpptvmclp4']
[2024-07-19 03:16:59,408] {standard_task_runner.py:77} INFO - Job 798: Subtask first_task
[2024-07-19 03:16:59,476] {logging_mixin.py:104} INFO - Running <TaskInstance: our_first_dag_v3.first_task 2024-07-18T00:00:00+00:00 [running]> on host b7036ca352b1
[2024-07-19 03:16:59,623] {taskinstance.py:1257} INFO - Exporting the following env vars:
AIRFLOW_CTX_DAG_OWNER=coder2j
AIRFLOW_CTX_DAG_ID=our_first_dag_v3
AIRFLOW_CTX_TASK_ID=first_task
AIRFLOW_CTX_EXECUTION_DATE=2024-07-18T00:00:00+00:00
AIRFLOW_CTX_DAG_RUN_ID=scheduled__2024-07-18T00:00:00+00:00
[2024-07-19 03:16:59,627] {bash.py:135} INFO - Tmp dir root location: 
 /tmp
[2024-07-19 03:16:59,630] {bash.py:158} INFO - Running command: echo hello world, this is the first task
[2024-07-19 03:16:59,642] {bash.py:169} INFO - Output:
[2024-07-19 03:16:59,644] {bash.py:173} INFO - hello world, this is the first task
[2024-07-19 03:16:59,645] {bash.py:177} INFO - Command exited with return code 0
[2024-07-19 03:16:59,692] {taskinstance.py:1166} INFO - Marking task as SUCCESS. dag_id=our_first_dag_v3, task_id=first_task, execution_date=20240718T000000, start_date=20240719T031659, end_date=20240719T031659
[2024-07-19 03:16:59,745] {taskinstance.py:1220} INFO - 2 downstream tasks scheduled from follow-on schedule check
[2024-07-19 03:16:59,788] {local_task_job.py:146} INFO - Task exited with return code 0
