[2024-07-16 02:42:09,875] {taskinstance.py:851} INFO - Dependencies all met for <TaskInstance: our_first_dag.first_task 2022-03-30T00:00:00+00:00 [queued]>
[2024-07-16 02:42:09,920] {taskinstance.py:851} INFO - Dependencies all met for <TaskInstance: our_first_dag.first_task 2022-03-30T00:00:00+00:00 [queued]>
[2024-07-16 02:42:09,921] {taskinstance.py:1042} INFO - 
--------------------------------------------------------------------------------
[2024-07-16 02:42:09,922] {taskinstance.py:1043} INFO - Starting attempt 1 of 6
[2024-07-16 02:42:09,925] {taskinstance.py:1044} INFO - 
--------------------------------------------------------------------------------
[2024-07-16 02:42:09,955] {taskinstance.py:1063} INFO - Executing <Task(BashOperator): first_task> on 2022-03-30T00:00:00+00:00
[2024-07-16 02:42:09,962] {standard_task_runner.py:52} INFO - Started process 1148 to run task
[2024-07-16 02:42:09,971] {standard_task_runner.py:76} INFO - Running: ['airflow', 'tasks', 'run', 'our_first_dag', 'first_task', '2022-03-30T00:00:00+00:00', '--job-id', '249', '--pool', 'default_pool', '--raw', '--subdir', 'DAGS_FOLDER/our_first_dag.py', '--cfg-path', '/tmp/tmprg9o7vbp', '--error-file', '/tmp/tmp3ld3n572']
[2024-07-16 02:42:09,988] {standard_task_runner.py:77} INFO - Job 249: Subtask first_task
[2024-07-16 02:42:10,112] {logging_mixin.py:104} INFO - Running <TaskInstance: our_first_dag.first_task 2022-03-30T00:00:00+00:00 [running]> on host f3060829e7b4
[2024-07-16 02:42:10,236] {taskinstance.py:1257} INFO - Exporting the following env vars:
AIRFLOW_CTX_DAG_OWNER=coder2j
AIRFLOW_CTX_DAG_ID=our_first_dag
AIRFLOW_CTX_TASK_ID=first_task
AIRFLOW_CTX_EXECUTION_DATE=2022-03-30T00:00:00+00:00
AIRFLOW_CTX_DAG_RUN_ID=scheduled__2022-03-30T00:00:00+00:00
[2024-07-16 02:42:10,240] {bash.py:135} INFO - Tmp dir root location: 
 /tmp
[2024-07-16 02:42:10,243] {bash.py:158} INFO - Running command: echo hello world, this is the first task
[2024-07-16 02:42:10,260] {bash.py:169} INFO - Output:
[2024-07-16 02:42:10,264] {bash.py:173} INFO - hello world, this is the first task
[2024-07-16 02:42:10,265] {bash.py:177} INFO - Command exited with return code 0
[2024-07-16 02:42:10,407] {taskinstance.py:1166} INFO - Marking task as SUCCESS. dag_id=our_first_dag, task_id=first_task, execution_date=20220330T000000, start_date=20240716T024209, end_date=20240716T024210
[2024-07-16 02:42:10,502] {taskinstance.py:1220} INFO - 0 downstream tasks scheduled from follow-on schedule check
[2024-07-16 02:42:10,517] {local_task_job.py:146} INFO - Task exited with return code 0
