[2024-07-16 02:41:13,626] {taskinstance.py:851} INFO - Dependencies all met for <TaskInstance: our_first_dag.first_task 2021-08-31T00:00:00+00:00 [queued]>
[2024-07-16 02:41:13,669] {taskinstance.py:851} INFO - Dependencies all met for <TaskInstance: our_first_dag.first_task 2021-08-31T00:00:00+00:00 [queued]>
[2024-07-16 02:41:13,670] {taskinstance.py:1042} INFO - 
--------------------------------------------------------------------------------
[2024-07-16 02:41:13,671] {taskinstance.py:1043} INFO - Starting attempt 1 of 6
[2024-07-16 02:41:13,673] {taskinstance.py:1044} INFO - 
--------------------------------------------------------------------------------
[2024-07-16 02:41:13,692] {taskinstance.py:1063} INFO - Executing <Task(BashOperator): first_task> on 2021-08-31T00:00:00+00:00
[2024-07-16 02:41:13,701] {standard_task_runner.py:52} INFO - Started process 491 to run task
[2024-07-16 02:41:13,710] {standard_task_runner.py:76} INFO - Running: ['airflow', 'tasks', 'run', 'our_first_dag', 'first_task', '2021-08-31T00:00:00+00:00', '--job-id', '38', '--pool', 'default_pool', '--raw', '--subdir', 'DAGS_FOLDER/our_first_dag.py', '--cfg-path', '/tmp/tmp_k9q3rxe', '--error-file', '/tmp/tmp5dt6g0j8']
[2024-07-16 02:41:13,718] {standard_task_runner.py:77} INFO - Job 38: Subtask first_task
[2024-07-16 02:41:13,817] {logging_mixin.py:104} INFO - Running <TaskInstance: our_first_dag.first_task 2021-08-31T00:00:00+00:00 [running]> on host f3060829e7b4
[2024-07-16 02:41:13,923] {taskinstance.py:1257} INFO - Exporting the following env vars:
AIRFLOW_CTX_DAG_OWNER=coder2j
AIRFLOW_CTX_DAG_ID=our_first_dag
AIRFLOW_CTX_TASK_ID=first_task
AIRFLOW_CTX_EXECUTION_DATE=2021-08-31T00:00:00+00:00
AIRFLOW_CTX_DAG_RUN_ID=scheduled__2021-08-31T00:00:00+00:00
[2024-07-16 02:41:13,925] {bash.py:135} INFO - Tmp dir root location: 
 /tmp
[2024-07-16 02:41:13,927] {bash.py:158} INFO - Running command: echo hello world, this is the first task
[2024-07-16 02:41:13,945] {bash.py:169} INFO - Output:
[2024-07-16 02:41:13,947] {bash.py:173} INFO - hello world, this is the first task
[2024-07-16 02:41:13,948] {bash.py:177} INFO - Command exited with return code 0
[2024-07-16 02:41:14,002] {taskinstance.py:1166} INFO - Marking task as SUCCESS. dag_id=our_first_dag, task_id=first_task, execution_date=20210831T000000, start_date=20240716T024113, end_date=20240716T024114
[2024-07-16 02:41:14,054] {taskinstance.py:1220} INFO - 0 downstream tasks scheduled from follow-on schedule check
[2024-07-16 02:41:14,091] {local_task_job.py:146} INFO - Task exited with return code 0
