[2024-07-18 06:34:48,039] {taskinstance.py:851} INFO - Dependencies all met for <TaskInstance: xcom_example_dag.pull_task 2024-01-25T00:00:00+00:00 [queued]>
[2024-07-18 06:34:48,093] {taskinstance.py:851} INFO - Dependencies all met for <TaskInstance: xcom_example_dag.pull_task 2024-01-25T00:00:00+00:00 [queued]>
[2024-07-18 06:34:48,094] {taskinstance.py:1042} INFO - 
--------------------------------------------------------------------------------
[2024-07-18 06:34:48,095] {taskinstance.py:1043} INFO - Starting attempt 1 of 2
[2024-07-18 06:34:48,095] {taskinstance.py:1044} INFO - 
--------------------------------------------------------------------------------
[2024-07-18 06:34:48,142] {taskinstance.py:1063} INFO - Executing <Task(PythonOperator): pull_task> on 2024-01-25T00:00:00+00:00
[2024-07-18 06:34:48,151] {standard_task_runner.py:52} INFO - Started process 2762 to run task
[2024-07-18 06:34:48,158] {standard_task_runner.py:76} INFO - Running: ['airflow', 'tasks', 'run', 'xcom_example_dag', 'pull_task', '2024-01-25T00:00:00+00:00', '--job-id', '410', '--pool', 'default_pool', '--raw', '--subdir', 'DAGS_FOLDER/xcom.py', '--cfg-path', '/tmp/tmp0z7cliu5', '--error-file', '/tmp/tmp909asuse']
[2024-07-18 06:34:48,166] {standard_task_runner.py:77} INFO - Job 410: Subtask pull_task
[2024-07-18 06:34:48,332] {logging_mixin.py:104} INFO - Running <TaskInstance: xcom_example_dag.pull_task 2024-01-25T00:00:00+00:00 [running]> on host a868c7bacc12
[2024-07-18 06:34:48,563] {taskinstance.py:1257} INFO - Exporting the following env vars:
AIRFLOW_CTX_DAG_OWNER=airflow
AIRFLOW_CTX_DAG_ID=xcom_example_dag
AIRFLOW_CTX_TASK_ID=pull_task
AIRFLOW_CTX_EXECUTION_DATE=2024-01-25T00:00:00+00:00
AIRFLOW_CTX_DAG_RUN_ID=scheduled__2024-01-25T00:00:00+00:00
[2024-07-18 06:34:48,611] {logging_mixin.py:104} INFO - Pulled message: Hello from push_function!
[2024-07-18 06:34:48,612] {python.py:118} INFO - Done. Returned value was: None
[2024-07-18 06:34:48,657] {taskinstance.py:1166} INFO - Marking task as SUCCESS. dag_id=xcom_example_dag, task_id=pull_task, execution_date=20240125T000000, start_date=20240718T063448, end_date=20240718T063448
[2024-07-18 06:34:48,932] {taskinstance.py:1220} INFO - 0 downstream tasks scheduled from follow-on schedule check
[2024-07-18 06:34:48,998] {local_task_job.py:146} INFO - Task exited with return code 0
