[2024-07-18 06:33:55,602] {taskinstance.py:851} INFO - Dependencies all met for <TaskInstance: xcom_example_dag.push_task 2023-11-09T00:00:00+00:00 [queued]>
[2024-07-18 06:33:55,651] {taskinstance.py:851} INFO - Dependencies all met for <TaskInstance: xcom_example_dag.push_task 2023-11-09T00:00:00+00:00 [queued]>
[2024-07-18 06:33:55,655] {taskinstance.py:1042} INFO - 
--------------------------------------------------------------------------------
[2024-07-18 06:33:55,656] {taskinstance.py:1043} INFO - Starting attempt 1 of 2
[2024-07-18 06:33:55,657] {taskinstance.py:1044} INFO - 
--------------------------------------------------------------------------------
[2024-07-18 06:33:55,745] {taskinstance.py:1063} INFO - Executing <Task(PythonOperator): push_task> on 2023-11-09T00:00:00+00:00
[2024-07-18 06:33:55,762] {standard_task_runner.py:52} INFO - Started process 2391 to run task
[2024-07-18 06:33:55,802] {standard_task_runner.py:76} INFO - Running: ['airflow', 'tasks', 'run', 'xcom_example_dag', 'push_task', '2023-11-09T00:00:00+00:00', '--job-id', '246', '--pool', 'default_pool', '--raw', '--subdir', 'DAGS_FOLDER/xcom.py', '--cfg-path', '/tmp/tmp82timerp', '--error-file', '/tmp/tmpiiikkmhe']
[2024-07-18 06:33:55,850] {standard_task_runner.py:77} INFO - Job 246: Subtask push_task
[2024-07-18 06:33:56,037] {logging_mixin.py:104} INFO - Running <TaskInstance: xcom_example_dag.push_task 2023-11-09T00:00:00+00:00 [running]> on host a868c7bacc12
[2024-07-18 06:33:56,427] {taskinstance.py:1257} INFO - Exporting the following env vars:
AIRFLOW_CTX_DAG_OWNER=airflow
AIRFLOW_CTX_DAG_ID=xcom_example_dag
AIRFLOW_CTX_TASK_ID=push_task
AIRFLOW_CTX_EXECUTION_DATE=2023-11-09T00:00:00+00:00
AIRFLOW_CTX_DAG_RUN_ID=scheduled__2023-11-09T00:00:00+00:00
[2024-07-18 06:33:56,599] {python.py:118} INFO - Done. Returned value was: None
[2024-07-18 06:33:56,643] {taskinstance.py:1166} INFO - Marking task as SUCCESS. dag_id=xcom_example_dag, task_id=push_task, execution_date=20231109T000000, start_date=20240718T063355, end_date=20240718T063356
[2024-07-18 06:33:56,933] {taskinstance.py:1220} INFO - 1 downstream tasks scheduled from follow-on schedule check
[2024-07-18 06:33:57,006] {local_task_job.py:146} INFO - Task exited with return code 0
