[2024-07-16 02:44:38,824] {taskinstance.py:851} INFO - Dependencies all met for <TaskInstance: our_first_dag.first_task 2023-07-08T00:00:00+00:00 [queued]>
[2024-07-16 02:44:38,876] {taskinstance.py:851} INFO - Dependencies all met for <TaskInstance: our_first_dag.first_task 2023-07-08T00:00:00+00:00 [queued]>
[2024-07-16 02:44:38,877] {taskinstance.py:1042} INFO - 
--------------------------------------------------------------------------------
[2024-07-16 02:44:38,878] {taskinstance.py:1043} INFO - Starting attempt 1 of 6
[2024-07-16 02:44:38,879] {taskinstance.py:1044} INFO - 
--------------------------------------------------------------------------------
[2024-07-16 02:44:38,905] {taskinstance.py:1063} INFO - Executing <Task(BashOperator): first_task> on 2023-07-08T00:00:00+00:00
[2024-07-16 02:44:38,913] {standard_task_runner.py:52} INFO - Started process 2615 to run task
[2024-07-16 02:44:38,925] {standard_task_runner.py:76} INFO - Running: ['airflow', 'tasks', 'run', 'our_first_dag', 'first_task', '2023-07-08T00:00:00+00:00', '--job-id', '714', '--pool', 'default_pool', '--raw', '--subdir', 'DAGS_FOLDER/our_first_dag.py', '--cfg-path', '/tmp/tmpqgufoso1', '--error-file', '/tmp/tmpaclyqhb1']
[2024-07-16 02:44:38,941] {standard_task_runner.py:77} INFO - Job 714: Subtask first_task
[2024-07-16 02:44:39,079] {logging_mixin.py:104} INFO - Running <TaskInstance: our_first_dag.first_task 2023-07-08T00:00:00+00:00 [running]> on host f3060829e7b4
[2024-07-16 02:44:39,227] {taskinstance.py:1257} INFO - Exporting the following env vars:
AIRFLOW_CTX_DAG_OWNER=coder2j
AIRFLOW_CTX_DAG_ID=our_first_dag
AIRFLOW_CTX_TASK_ID=first_task
AIRFLOW_CTX_EXECUTION_DATE=2023-07-08T00:00:00+00:00
AIRFLOW_CTX_DAG_RUN_ID=scheduled__2023-07-08T00:00:00+00:00
[2024-07-16 02:44:39,229] {bash.py:135} INFO - Tmp dir root location: 
 /tmp
[2024-07-16 02:44:39,231] {bash.py:158} INFO - Running command: echo hello world, this is the first task
[2024-07-16 02:44:39,257] {bash.py:169} INFO - Output:
[2024-07-16 02:44:39,261] {bash.py:173} INFO - hello world, this is the first task
[2024-07-16 02:44:39,264] {bash.py:177} INFO - Command exited with return code 0
[2024-07-16 02:44:39,413] {taskinstance.py:1166} INFO - Marking task as SUCCESS. dag_id=our_first_dag, task_id=first_task, execution_date=20230708T000000, start_date=20240716T024438, end_date=20240716T024439
[2024-07-16 02:44:39,496] {taskinstance.py:1220} INFO - 0 downstream tasks scheduled from follow-on schedule check
[2024-07-16 02:44:39,521] {local_task_job.py:146} INFO - Task exited with return code 0
