[2024-07-16 02:42:52,625] {taskinstance.py:851} INFO - Dependencies all met for <TaskInstance: our_first_dag.first_task 2022-08-05T00:00:00+00:00 [queued]>
[2024-07-16 02:42:52,678] {taskinstance.py:851} INFO - Dependencies all met for <TaskInstance: our_first_dag.first_task 2022-08-05T00:00:00+00:00 [queued]>
[2024-07-16 02:42:52,680] {taskinstance.py:1042} INFO - 
--------------------------------------------------------------------------------
[2024-07-16 02:42:52,681] {taskinstance.py:1043} INFO - Starting attempt 1 of 6
[2024-07-16 02:42:52,685] {taskinstance.py:1044} INFO - 
--------------------------------------------------------------------------------
[2024-07-16 02:42:52,724] {taskinstance.py:1063} INFO - Executing <Task(BashOperator): first_task> on 2022-08-05T00:00:00+00:00
[2024-07-16 02:42:52,731] {standard_task_runner.py:52} INFO - Started process 1553 to run task
[2024-07-16 02:42:52,745] {standard_task_runner.py:76} INFO - Running: ['airflow', 'tasks', 'run', 'our_first_dag', 'first_task', '2022-08-05T00:00:00+00:00', '--job-id', '377', '--pool', 'default_pool', '--raw', '--subdir', 'DAGS_FOLDER/our_first_dag.py', '--cfg-path', '/tmp/tmp6r7riohz', '--error-file', '/tmp/tmpr6qa8j3s']
[2024-07-16 02:42:52,764] {standard_task_runner.py:77} INFO - Job 377: Subtask first_task
[2024-07-16 02:42:53,008] {logging_mixin.py:104} INFO - Running <TaskInstance: our_first_dag.first_task 2022-08-05T00:00:00+00:00 [running]> on host f3060829e7b4
[2024-07-16 02:42:53,195] {taskinstance.py:1257} INFO - Exporting the following env vars:
AIRFLOW_CTX_DAG_OWNER=coder2j
AIRFLOW_CTX_DAG_ID=our_first_dag
AIRFLOW_CTX_TASK_ID=first_task
AIRFLOW_CTX_EXECUTION_DATE=2022-08-05T00:00:00+00:00
AIRFLOW_CTX_DAG_RUN_ID=scheduled__2022-08-05T00:00:00+00:00
[2024-07-16 02:42:53,207] {bash.py:135} INFO - Tmp dir root location: 
 /tmp
[2024-07-16 02:42:53,536] {bash.py:158} INFO - Running command: echo hello world, this is the first task
[2024-07-16 02:42:53,680] {bash.py:169} INFO - Output:
[2024-07-16 02:42:53,701] {bash.py:173} INFO - hello world, this is the first task
[2024-07-16 02:42:53,718] {bash.py:177} INFO - Command exited with return code 0
[2024-07-16 02:42:53,809] {taskinstance.py:1166} INFO - Marking task as SUCCESS. dag_id=our_first_dag, task_id=first_task, execution_date=20220805T000000, start_date=20240716T024252, end_date=20240716T024253
[2024-07-16 02:42:53,892] {taskinstance.py:1220} INFO - 0 downstream tasks scheduled from follow-on schedule check
[2024-07-16 02:42:53,950] {local_task_job.py:146} INFO - Task exited with return code 0
