[2024-07-18 09:12:56,363] {taskinstance.py:851} INFO - Dependencies all met for <TaskInstance: Python_operator_v05.greet 2024-07-18T09:12:54.191608+00:00 [queued]>
[2024-07-18 09:12:56,375] {taskinstance.py:851} INFO - Dependencies all met for <TaskInstance: Python_operator_v05.greet 2024-07-18T09:12:54.191608+00:00 [queued]>
[2024-07-18 09:12:56,376] {taskinstance.py:1042} INFO - 
--------------------------------------------------------------------------------
[2024-07-18 09:12:56,376] {taskinstance.py:1043} INFO - Starting attempt 1 of 6
[2024-07-18 09:12:56,377] {taskinstance.py:1044} INFO - 
--------------------------------------------------------------------------------
[2024-07-18 09:12:56,391] {taskinstance.py:1063} INFO - Executing <Task(PythonOperator): greet> on 2024-07-18T09:12:54.191608+00:00
[2024-07-18 09:12:56,395] {standard_task_runner.py:52} INFO - Started process 3530 to run task
[2024-07-18 09:12:56,400] {standard_task_runner.py:76} INFO - Running: ['airflow', 'tasks', 'run', 'Python_operator_v05', 'greet', '2024-07-18T09:12:54.191608+00:00', '--job-id', '772', '--pool', 'default_pool', '--raw', '--subdir', 'DAGS_FOLDER/python_operator.py', '--cfg-path', '/tmp/tmpcr1tuetz', '--error-file', '/tmp/tmp4k5k49ax']
[2024-07-18 09:12:56,402] {standard_task_runner.py:77} INFO - Job 772: Subtask greet
[2024-07-18 09:12:56,447] {logging_mixin.py:104} INFO - Running <TaskInstance: Python_operator_v05.greet 2024-07-18T09:12:54.191608+00:00 [running]> on host b7036ca352b1
[2024-07-18 09:12:56,487] {taskinstance.py:1257} INFO - Exporting the following env vars:
AIRFLOW_CTX_DAG_OWNER=MinhThai
AIRFLOW_CTX_DAG_ID=Python_operator_v05
AIRFLOW_CTX_TASK_ID=greet
AIRFLOW_CTX_EXECUTION_DATE=2024-07-18T09:12:54.191608+00:00
AIRFLOW_CTX_DAG_RUN_ID=manual__2024-07-18T09:12:54.191608+00:00
[2024-07-18 09:12:56,509] {logging_mixin.py:104} INFO - Hello world. My name is Pham Minh Thai and I am 15 years old
[2024-07-18 09:12:56,510] {python.py:118} INFO - Done. Returned value was: None
[2024-07-18 09:12:56,519] {taskinstance.py:1166} INFO - Marking task as SUCCESS. dag_id=Python_operator_v05, task_id=greet, execution_date=20240718T091254, start_date=20240718T091256, end_date=20240718T091256
[2024-07-18 09:12:56,548] {taskinstance.py:1220} INFO - 0 downstream tasks scheduled from follow-on schedule check
[2024-07-18 09:12:56,571] {local_task_job.py:146} INFO - Task exited with return code 0
