[2024-07-16 02:46:16,671] {taskinstance.py:851} INFO - Dependencies all met for <TaskInstance: our_first_dag_v2.second_task 2021-09-03T00:00:00+00:00 [queued]>
[2024-07-16 02:46:16,753] {taskinstance.py:851} INFO - Dependencies all met for <TaskInstance: our_first_dag_v2.second_task 2021-09-03T00:00:00+00:00 [queued]>
[2024-07-16 02:46:16,755] {taskinstance.py:1042} INFO - 
--------------------------------------------------------------------------------
[2024-07-16 02:46:16,756] {taskinstance.py:1043} INFO - Starting attempt 1 of 6
[2024-07-16 02:46:16,758] {taskinstance.py:1044} INFO - 
--------------------------------------------------------------------------------
[2024-07-16 02:46:16,807] {taskinstance.py:1063} INFO - Executing <Task(BashOperator): second_task> on 2021-09-03T00:00:00+00:00
[2024-07-16 02:46:16,816] {standard_task_runner.py:52} INFO - Started process 3289 to run task
[2024-07-16 02:46:16,829] {standard_task_runner.py:76} INFO - Running: ['airflow', 'tasks', 'run', 'our_first_dag_v2', 'second_task', '2021-09-03T00:00:00+00:00', '--job-id', '896', '--pool', 'default_pool', '--raw', '--subdir', 'DAGS_FOLDER/our_first_dag.py', '--cfg-path', '/tmp/tmp0y_dgpfb', '--error-file', '/tmp/tmphp_lv1am']
[2024-07-16 02:46:16,836] {standard_task_runner.py:77} INFO - Job 896: Subtask second_task
[2024-07-16 02:46:17,015] {logging_mixin.py:104} INFO - Running <TaskInstance: our_first_dag_v2.second_task 2021-09-03T00:00:00+00:00 [running]> on host f3060829e7b4
[2024-07-16 02:46:17,167] {taskinstance.py:1257} INFO - Exporting the following env vars:
AIRFLOW_CTX_DAG_OWNER=coder2j
AIRFLOW_CTX_DAG_ID=our_first_dag_v2
AIRFLOW_CTX_TASK_ID=second_task
AIRFLOW_CTX_EXECUTION_DATE=2021-09-03T00:00:00+00:00
AIRFLOW_CTX_DAG_RUN_ID=scheduled__2021-09-03T00:00:00+00:00
[2024-07-16 02:46:17,169] {bash.py:135} INFO - Tmp dir root location: 
 /tmp
[2024-07-16 02:46:17,171] {bash.py:158} INFO - Running command: echo hello world, this is the second task, it will run after first task
[2024-07-16 02:46:17,197] {bash.py:169} INFO - Output:
[2024-07-16 02:46:17,201] {bash.py:173} INFO - hello world, this is the second task, it will run after first task
[2024-07-16 02:46:17,204] {bash.py:177} INFO - Command exited with return code 0
[2024-07-16 02:46:17,299] {taskinstance.py:1166} INFO - Marking task as SUCCESS. dag_id=our_first_dag_v2, task_id=second_task, execution_date=20210903T000000, start_date=20240716T024616, end_date=20240716T024617
[2024-07-16 02:46:17,487] {taskinstance.py:1220} INFO - 0 downstream tasks scheduled from follow-on schedule check
[2024-07-16 02:46:17,526] {local_task_job.py:146} INFO - Task exited with return code 0
