[2024-07-16 02:41:43,236] {taskinstance.py:851} INFO - Dependencies all met for <TaskInstance: our_first_dag.first_task 2021-12-26T00:00:00+00:00 [queued]>
[2024-07-16 02:41:43,282] {taskinstance.py:851} INFO - Dependencies all met for <TaskInstance: our_first_dag.first_task 2021-12-26T00:00:00+00:00 [queued]>
[2024-07-16 02:41:43,282] {taskinstance.py:1042} INFO - 
--------------------------------------------------------------------------------
[2024-07-16 02:41:43,283] {taskinstance.py:1043} INFO - Starting attempt 1 of 6
[2024-07-16 02:41:43,284] {taskinstance.py:1044} INFO - 
--------------------------------------------------------------------------------
[2024-07-16 02:41:43,305] {taskinstance.py:1063} INFO - Executing <Task(BashOperator): first_task> on 2021-12-26T00:00:00+00:00
[2024-07-16 02:41:43,314] {standard_task_runner.py:52} INFO - Started process 851 to run task
[2024-07-16 02:41:43,322] {standard_task_runner.py:76} INFO - Running: ['airflow', 'tasks', 'run', 'our_first_dag', 'first_task', '2021-12-26T00:00:00+00:00', '--job-id', '155', '--pool', 'default_pool', '--raw', '--subdir', 'DAGS_FOLDER/our_first_dag.py', '--cfg-path', '/tmp/tmpzc3mkk63', '--error-file', '/tmp/tmpsbuj9okc']
[2024-07-16 02:41:43,328] {standard_task_runner.py:77} INFO - Job 155: Subtask first_task
[2024-07-16 02:41:43,437] {logging_mixin.py:104} INFO - Running <TaskInstance: our_first_dag.first_task 2021-12-26T00:00:00+00:00 [running]> on host f3060829e7b4
[2024-07-16 02:41:43,536] {taskinstance.py:1257} INFO - Exporting the following env vars:
AIRFLOW_CTX_DAG_OWNER=coder2j
AIRFLOW_CTX_DAG_ID=our_first_dag
AIRFLOW_CTX_TASK_ID=first_task
AIRFLOW_CTX_EXECUTION_DATE=2021-12-26T00:00:00+00:00
AIRFLOW_CTX_DAG_RUN_ID=scheduled__2021-12-26T00:00:00+00:00
[2024-07-16 02:41:43,538] {bash.py:135} INFO - Tmp dir root location: 
 /tmp
[2024-07-16 02:41:43,540] {bash.py:158} INFO - Running command: echo hello world, this is the first task
[2024-07-16 02:41:43,559] {bash.py:169} INFO - Output:
[2024-07-16 02:41:43,560] {bash.py:173} INFO - hello world, this is the first task
[2024-07-16 02:41:43,569] {bash.py:177} INFO - Command exited with return code 0
[2024-07-16 02:41:43,629] {taskinstance.py:1166} INFO - Marking task as SUCCESS. dag_id=our_first_dag, task_id=first_task, execution_date=20211226T000000, start_date=20240716T024143, end_date=20240716T024143
[2024-07-16 02:41:43,694] {taskinstance.py:1220} INFO - 0 downstream tasks scheduled from follow-on schedule check
[2024-07-16 02:41:43,739] {local_task_job.py:146} INFO - Task exited with return code 0
