[2024-07-16 02:46:52,374] {taskinstance.py:851} INFO - Dependencies all met for <TaskInstance: our_first_dag_v2.first_task 2021-11-18T00:00:00+00:00 [queued]>
[2024-07-16 02:46:52,450] {taskinstance.py:851} INFO - Dependencies all met for <TaskInstance: our_first_dag_v2.first_task 2021-11-18T00:00:00+00:00 [queued]>
[2024-07-16 02:46:52,455] {taskinstance.py:1042} INFO - 
--------------------------------------------------------------------------------
[2024-07-16 02:46:52,456] {taskinstance.py:1043} INFO - Starting attempt 1 of 6
[2024-07-16 02:46:52,456] {taskinstance.py:1044} INFO - 
--------------------------------------------------------------------------------
[2024-07-16 02:46:52,487] {taskinstance.py:1063} INFO - Executing <Task(BashOperator): first_task> on 2021-11-18T00:00:00+00:00
[2024-07-16 02:46:52,495] {standard_task_runner.py:52} INFO - Started process 3737 to run task
[2024-07-16 02:46:52,505] {standard_task_runner.py:76} INFO - Running: ['airflow', 'tasks', 'run', 'our_first_dag_v2', 'first_task', '2021-11-18T00:00:00+00:00', '--job-id', '1039', '--pool', 'default_pool', '--raw', '--subdir', 'DAGS_FOLDER/our_first_dag.py', '--cfg-path', '/tmp/tmpgk8p4987', '--error-file', '/tmp/tmp4g9ovhbl']
[2024-07-16 02:46:52,523] {standard_task_runner.py:77} INFO - Job 1039: Subtask first_task
[2024-07-16 02:46:52,664] {logging_mixin.py:104} INFO - Running <TaskInstance: our_first_dag_v2.first_task 2021-11-18T00:00:00+00:00 [running]> on host f3060829e7b4
[2024-07-16 02:46:52,814] {taskinstance.py:1257} INFO - Exporting the following env vars:
AIRFLOW_CTX_DAG_OWNER=coder2j
AIRFLOW_CTX_DAG_ID=our_first_dag_v2
AIRFLOW_CTX_TASK_ID=first_task
AIRFLOW_CTX_EXECUTION_DATE=2021-11-18T00:00:00+00:00
AIRFLOW_CTX_DAG_RUN_ID=scheduled__2021-11-18T00:00:00+00:00
[2024-07-16 02:46:52,818] {bash.py:135} INFO - Tmp dir root location: 
 /tmp
[2024-07-16 02:46:52,821] {bash.py:158} INFO - Running command: echo hello world, this is the first task
[2024-07-16 02:46:52,841] {bash.py:169} INFO - Output:
[2024-07-16 02:46:52,846] {bash.py:173} INFO - hello world, this is the first task
[2024-07-16 02:46:52,847] {bash.py:177} INFO - Command exited with return code 0
[2024-07-16 02:46:52,924] {taskinstance.py:1166} INFO - Marking task as SUCCESS. dag_id=our_first_dag_v2, task_id=first_task, execution_date=20211118T000000, start_date=20240716T024652, end_date=20240716T024652
[2024-07-16 02:46:53,006] {taskinstance.py:1220} INFO - 1 downstream tasks scheduled from follow-on schedule check
[2024-07-16 02:46:53,058] {local_task_job.py:146} INFO - Task exited with return code 0
