[2024-07-18 06:34:01,453] {taskinstance.py:851} INFO - Dependencies all met for <TaskInstance: xcom_example_dag.push_task 2023-11-16T00:00:00+00:00 [queued]>
[2024-07-18 06:34:01,554] {taskinstance.py:851} INFO - Dependencies all met for <TaskInstance: xcom_example_dag.push_task 2023-11-16T00:00:00+00:00 [queued]>
[2024-07-18 06:34:01,559] {taskinstance.py:1042} INFO - 
--------------------------------------------------------------------------------
[2024-07-18 06:34:01,560] {taskinstance.py:1043} INFO - Starting attempt 1 of 2
[2024-07-18 06:34:01,567] {taskinstance.py:1044} INFO - 
--------------------------------------------------------------------------------
[2024-07-18 06:34:01,634] {taskinstance.py:1063} INFO - Executing <Task(PythonOperator): push_task> on 2023-11-16T00:00:00+00:00
[2024-07-18 06:34:01,646] {standard_task_runner.py:52} INFO - Started process 2425 to run task
[2024-07-18 06:34:01,719] {standard_task_runner.py:76} INFO - Running: ['airflow', 'tasks', 'run', 'xcom_example_dag', 'push_task', '2023-11-16T00:00:00+00:00', '--job-id', '261', '--pool', 'default_pool', '--raw', '--subdir', 'DAGS_FOLDER/xcom.py', '--cfg-path', '/tmp/tmpc5tf3t99', '--error-file', '/tmp/tmphscc18m4']
[2024-07-18 06:34:01,739] {standard_task_runner.py:77} INFO - Job 261: Subtask push_task
[2024-07-18 06:34:02,015] {logging_mixin.py:104} INFO - Running <TaskInstance: xcom_example_dag.push_task 2023-11-16T00:00:00+00:00 [running]> on host a868c7bacc12
[2024-07-18 06:34:02,363] {taskinstance.py:1257} INFO - Exporting the following env vars:
AIRFLOW_CTX_DAG_OWNER=airflow
AIRFLOW_CTX_DAG_ID=xcom_example_dag
AIRFLOW_CTX_TASK_ID=push_task
AIRFLOW_CTX_EXECUTION_DATE=2023-11-16T00:00:00+00:00
AIRFLOW_CTX_DAG_RUN_ID=scheduled__2023-11-16T00:00:00+00:00
[2024-07-18 06:34:02,526] {python.py:118} INFO - Done. Returned value was: None
[2024-07-18 06:34:02,596] {taskinstance.py:1166} INFO - Marking task as SUCCESS. dag_id=xcom_example_dag, task_id=push_task, execution_date=20231116T000000, start_date=20240718T063401, end_date=20240718T063402
[2024-07-18 06:34:02,873] {taskinstance.py:1220} INFO - 1 downstream tasks scheduled from follow-on schedule check
[2024-07-18 06:34:02,923] {local_task_job.py:146} INFO - Task exited with return code 0
