[2024-07-16 02:41:22,725] {taskinstance.py:851} INFO - Dependencies all met for <TaskInstance: our_first_dag.first_task 2021-10-10T00:00:00+00:00 [queued]>
[2024-07-16 02:41:22,756] {taskinstance.py:851} INFO - Dependencies all met for <TaskInstance: our_first_dag.first_task 2021-10-10T00:00:00+00:00 [queued]>
[2024-07-16 02:41:22,756] {taskinstance.py:1042} INFO - 
--------------------------------------------------------------------------------
[2024-07-16 02:41:22,757] {taskinstance.py:1043} INFO - Starting attempt 1 of 6
[2024-07-16 02:41:22,758] {taskinstance.py:1044} INFO - 
--------------------------------------------------------------------------------
[2024-07-16 02:41:22,779] {taskinstance.py:1063} INFO - Executing <Task(BashOperator): first_task> on 2021-10-10T00:00:00+00:00
[2024-07-16 02:41:22,786] {standard_task_runner.py:52} INFO - Started process 611 to run task
[2024-07-16 02:41:22,795] {standard_task_runner.py:76} INFO - Running: ['airflow', 'tasks', 'run', 'our_first_dag', 'first_task', '2021-10-10T00:00:00+00:00', '--job-id', '78', '--pool', 'default_pool', '--raw', '--subdir', 'DAGS_FOLDER/our_first_dag.py', '--cfg-path', '/tmp/tmpzs4yxsai', '--error-file', '/tmp/tmpspjm1x1b']
[2024-07-16 02:41:22,801] {standard_task_runner.py:77} INFO - Job 78: Subtask first_task
[2024-07-16 02:41:22,906] {logging_mixin.py:104} INFO - Running <TaskInstance: our_first_dag.first_task 2021-10-10T00:00:00+00:00 [running]> on host f3060829e7b4
[2024-07-16 02:41:23,005] {taskinstance.py:1257} INFO - Exporting the following env vars:
AIRFLOW_CTX_DAG_OWNER=coder2j
AIRFLOW_CTX_DAG_ID=our_first_dag
AIRFLOW_CTX_TASK_ID=first_task
AIRFLOW_CTX_EXECUTION_DATE=2021-10-10T00:00:00+00:00
AIRFLOW_CTX_DAG_RUN_ID=scheduled__2021-10-10T00:00:00+00:00
[2024-07-16 02:41:23,007] {bash.py:135} INFO - Tmp dir root location: 
 /tmp
[2024-07-16 02:41:23,010] {bash.py:158} INFO - Running command: echo hello world, this is the first task
[2024-07-16 02:41:23,023] {bash.py:169} INFO - Output:
[2024-07-16 02:41:23,024] {bash.py:173} INFO - hello world, this is the first task
[2024-07-16 02:41:23,026] {bash.py:177} INFO - Command exited with return code 0
[2024-07-16 02:41:23,089] {taskinstance.py:1166} INFO - Marking task as SUCCESS. dag_id=our_first_dag, task_id=first_task, execution_date=20211010T000000, start_date=20240716T024122, end_date=20240716T024123
[2024-07-16 02:41:23,198] {taskinstance.py:1220} INFO - 0 downstream tasks scheduled from follow-on schedule check
[2024-07-16 02:41:23,252] {local_task_job.py:146} INFO - Task exited with return code 0
