[2024-07-16 02:41:20,803] {taskinstance.py:851} INFO - Dependencies all met for <TaskInstance: our_first_dag.first_task 2021-10-01T00:00:00+00:00 [queued]>
[2024-07-16 02:41:20,832] {taskinstance.py:851} INFO - Dependencies all met for <TaskInstance: our_first_dag.first_task 2021-10-01T00:00:00+00:00 [queued]>
[2024-07-16 02:41:20,833] {taskinstance.py:1042} INFO - 
--------------------------------------------------------------------------------
[2024-07-16 02:41:20,833] {taskinstance.py:1043} INFO - Starting attempt 1 of 6
[2024-07-16 02:41:20,834] {taskinstance.py:1044} INFO - 
--------------------------------------------------------------------------------
[2024-07-16 02:41:20,853] {taskinstance.py:1063} INFO - Executing <Task(BashOperator): first_task> on 2021-10-01T00:00:00+00:00
[2024-07-16 02:41:20,858] {standard_task_runner.py:52} INFO - Started process 584 to run task
[2024-07-16 02:41:20,867] {standard_task_runner.py:76} INFO - Running: ['airflow', 'tasks', 'run', 'our_first_dag', 'first_task', '2021-10-01T00:00:00+00:00', '--job-id', '69', '--pool', 'default_pool', '--raw', '--subdir', 'DAGS_FOLDER/our_first_dag.py', '--cfg-path', '/tmp/tmpufn74urp', '--error-file', '/tmp/tmpv4q3i6xg']
[2024-07-16 02:41:20,873] {standard_task_runner.py:77} INFO - Job 69: Subtask first_task
[2024-07-16 02:41:20,982] {logging_mixin.py:104} INFO - Running <TaskInstance: our_first_dag.first_task 2021-10-01T00:00:00+00:00 [running]> on host f3060829e7b4
[2024-07-16 02:41:21,076] {taskinstance.py:1257} INFO - Exporting the following env vars:
AIRFLOW_CTX_DAG_OWNER=coder2j
AIRFLOW_CTX_DAG_ID=our_first_dag
AIRFLOW_CTX_TASK_ID=first_task
AIRFLOW_CTX_EXECUTION_DATE=2021-10-01T00:00:00+00:00
AIRFLOW_CTX_DAG_RUN_ID=scheduled__2021-10-01T00:00:00+00:00
[2024-07-16 02:41:21,078] {bash.py:135} INFO - Tmp dir root location: 
 /tmp
[2024-07-16 02:41:21,080] {bash.py:158} INFO - Running command: echo hello world, this is the first task
[2024-07-16 02:41:21,093] {bash.py:169} INFO - Output:
[2024-07-16 02:41:21,095] {bash.py:173} INFO - hello world, this is the first task
[2024-07-16 02:41:21,096] {bash.py:177} INFO - Command exited with return code 0
[2024-07-16 02:41:21,161] {taskinstance.py:1166} INFO - Marking task as SUCCESS. dag_id=our_first_dag, task_id=first_task, execution_date=20211001T000000, start_date=20240716T024120, end_date=20240716T024121
[2024-07-16 02:41:21,268] {taskinstance.py:1220} INFO - 0 downstream tasks scheduled from follow-on schedule check
[2024-07-16 02:41:21,321] {local_task_job.py:146} INFO - Task exited with return code 0
