[2024-07-18 06:34:26,762] {taskinstance.py:851} INFO - Dependencies all met for <TaskInstance: xcom_example_dag.push_task 2023-12-25T00:00:00+00:00 [queued]>
[2024-07-18 06:34:26,791] {taskinstance.py:851} INFO - Dependencies all met for <TaskInstance: xcom_example_dag.push_task 2023-12-25T00:00:00+00:00 [queued]>
[2024-07-18 06:34:26,800] {taskinstance.py:1042} INFO - 
--------------------------------------------------------------------------------
[2024-07-18 06:34:26,805] {taskinstance.py:1043} INFO - Starting attempt 1 of 2
[2024-07-18 06:34:26,805] {taskinstance.py:1044} INFO - 
--------------------------------------------------------------------------------
[2024-07-18 06:34:26,868] {taskinstance.py:1063} INFO - Executing <Task(PythonOperator): push_task> on 2023-12-25T00:00:00+00:00
[2024-07-18 06:34:26,878] {standard_task_runner.py:52} INFO - Started process 2605 to run task
[2024-07-18 06:34:26,888] {standard_task_runner.py:76} INFO - Running: ['airflow', 'tasks', 'run', 'xcom_example_dag', 'push_task', '2023-12-25T00:00:00+00:00', '--job-id', '340', '--pool', 'default_pool', '--raw', '--subdir', 'DAGS_FOLDER/xcom.py', '--cfg-path', '/tmp/tmp0spk76tu', '--error-file', '/tmp/tmpdjwwcwy9']
[2024-07-18 06:34:26,894] {standard_task_runner.py:77} INFO - Job 340: Subtask push_task
[2024-07-18 06:34:27,145] {logging_mixin.py:104} INFO - Running <TaskInstance: xcom_example_dag.push_task 2023-12-25T00:00:00+00:00 [running]> on host a868c7bacc12
[2024-07-18 06:34:27,436] {taskinstance.py:1257} INFO - Exporting the following env vars:
AIRFLOW_CTX_DAG_OWNER=airflow
AIRFLOW_CTX_DAG_ID=xcom_example_dag
AIRFLOW_CTX_TASK_ID=push_task
AIRFLOW_CTX_EXECUTION_DATE=2023-12-25T00:00:00+00:00
AIRFLOW_CTX_DAG_RUN_ID=scheduled__2023-12-25T00:00:00+00:00
[2024-07-18 06:34:27,529] {python.py:118} INFO - Done. Returned value was: None
[2024-07-18 06:34:27,605] {taskinstance.py:1166} INFO - Marking task as SUCCESS. dag_id=xcom_example_dag, task_id=push_task, execution_date=20231225T000000, start_date=20240718T063426, end_date=20240718T063427
[2024-07-18 06:34:27,763] {taskinstance.py:1220} INFO - 1 downstream tasks scheduled from follow-on schedule check
[2024-07-18 06:34:27,798] {local_task_job.py:146} INFO - Task exited with return code 0
