[2024-07-18 06:32:56,829] {taskinstance.py:851} INFO - Dependencies all met for <TaskInstance: xcom_example_dag.pull_task 2023-08-10T00:00:00+00:00 [queued]>
[2024-07-18 06:32:56,869] {taskinstance.py:851} INFO - Dependencies all met for <TaskInstance: xcom_example_dag.pull_task 2023-08-10T00:00:00+00:00 [queued]>
[2024-07-18 06:32:56,873] {taskinstance.py:1042} INFO - 
--------------------------------------------------------------------------------
[2024-07-18 06:32:56,877] {taskinstance.py:1043} INFO - Starting attempt 1 of 2
[2024-07-18 06:32:56,879] {taskinstance.py:1044} INFO - 
--------------------------------------------------------------------------------
[2024-07-18 06:32:56,960] {taskinstance.py:1063} INFO - Executing <Task(PythonOperator): pull_task> on 2023-08-10T00:00:00+00:00
[2024-07-18 06:32:56,968] {standard_task_runner.py:52} INFO - Started process 1989 to run task
[2024-07-18 06:32:57,001] {standard_task_runner.py:76} INFO - Running: ['airflow', 'tasks', 'run', 'xcom_example_dag', 'pull_task', '2023-08-10T00:00:00+00:00', '--job-id', '73', '--pool', 'default_pool', '--raw', '--subdir', 'DAGS_FOLDER/xcom.py', '--cfg-path', '/tmp/tmpdh3f2ut2', '--error-file', '/tmp/tmppg917gfn']
[2024-07-18 06:32:57,021] {standard_task_runner.py:77} INFO - Job 73: Subtask pull_task
[2024-07-18 06:32:57,214] {logging_mixin.py:104} INFO - Running <TaskInstance: xcom_example_dag.pull_task 2023-08-10T00:00:00+00:00 [running]> on host a868c7bacc12
[2024-07-18 06:32:57,450] {taskinstance.py:1257} INFO - Exporting the following env vars:
AIRFLOW_CTX_DAG_OWNER=airflow
AIRFLOW_CTX_DAG_ID=xcom_example_dag
AIRFLOW_CTX_TASK_ID=pull_task
AIRFLOW_CTX_EXECUTION_DATE=2023-08-10T00:00:00+00:00
AIRFLOW_CTX_DAG_RUN_ID=scheduled__2023-08-10T00:00:00+00:00
[2024-07-18 06:32:57,499] {logging_mixin.py:104} INFO - Pulled message: Hello from push_function!
[2024-07-18 06:32:57,503] {python.py:118} INFO - Done. Returned value was: None
[2024-07-18 06:32:57,558] {taskinstance.py:1166} INFO - Marking task as SUCCESS. dag_id=xcom_example_dag, task_id=pull_task, execution_date=20230810T000000, start_date=20240718T063256, end_date=20240718T063257
[2024-07-18 06:32:57,747] {taskinstance.py:1220} INFO - 0 downstream tasks scheduled from follow-on schedule check
[2024-07-18 06:32:57,796] {local_task_job.py:146} INFO - Task exited with return code 0
