[2024-07-19 03:17:00,574] {taskinstance.py:851} INFO - Dependencies all met for <TaskInstance: Python_operator_v05.greet 2024-07-18T00:00:00+00:00 [queued]>
[2024-07-19 03:17:00,604] {taskinstance.py:851} INFO - Dependencies all met for <TaskInstance: Python_operator_v05.greet 2024-07-18T00:00:00+00:00 [queued]>
[2024-07-19 03:17:00,604] {taskinstance.py:1042} INFO - 
--------------------------------------------------------------------------------
[2024-07-19 03:17:00,605] {taskinstance.py:1043} INFO - Starting attempt 1 of 6
[2024-07-19 03:17:00,605] {taskinstance.py:1044} INFO - 
--------------------------------------------------------------------------------
[2024-07-19 03:17:00,624] {taskinstance.py:1063} INFO - Executing <Task(PythonOperator): greet> on 2024-07-18T00:00:00+00:00
[2024-07-19 03:17:00,628] {standard_task_runner.py:52} INFO - Started process 251 to run task
[2024-07-19 03:17:00,635] {standard_task_runner.py:76} INFO - Running: ['airflow', 'tasks', 'run', 'Python_operator_v05', 'greet', '2024-07-18T00:00:00+00:00', '--job-id', '803', '--pool', 'default_pool', '--raw', '--subdir', 'DAGS_FOLDER/python_operator.py', '--cfg-path', '/tmp/tmpeye4vur7', '--error-file', '/tmp/tmp5trs132j']
[2024-07-19 03:17:00,639] {standard_task_runner.py:77} INFO - Job 803: Subtask greet
[2024-07-19 03:17:00,705] {logging_mixin.py:104} INFO - Running <TaskInstance: Python_operator_v05.greet 2024-07-18T00:00:00+00:00 [running]> on host b7036ca352b1
[2024-07-19 03:17:00,779] {taskinstance.py:1257} INFO - Exporting the following env vars:
AIRFLOW_CTX_DAG_OWNER=MinhThai
AIRFLOW_CTX_DAG_ID=Python_operator_v05
AIRFLOW_CTX_TASK_ID=greet
AIRFLOW_CTX_EXECUTION_DATE=2024-07-18T00:00:00+00:00
AIRFLOW_CTX_DAG_RUN_ID=scheduled__2024-07-18T00:00:00+00:00
[2024-07-19 03:17:00,813] {logging_mixin.py:104} INFO - Hello world. My name is Pham Minh Thai and I am 15 years old
[2024-07-19 03:17:00,813] {python.py:118} INFO - Done. Returned value was: None
[2024-07-19 03:17:00,828] {taskinstance.py:1166} INFO - Marking task as SUCCESS. dag_id=Python_operator_v05, task_id=greet, execution_date=20240718T000000, start_date=20240719T031700, end_date=20240719T031700
[2024-07-19 03:17:00,878] {taskinstance.py:1220} INFO - 0 downstream tasks scheduled from follow-on schedule check
[2024-07-19 03:17:00,928] {local_task_job.py:146} INFO - Task exited with return code 0
