[2024-07-18 09:10:27,610] {taskinstance.py:851} INFO - Dependencies all met for <TaskInstance: Python_operator_v05.get_name 2024-07-18T09:10:27.039249+00:00 [queued]>
[2024-07-18 09:10:27,635] {taskinstance.py:851} INFO - Dependencies all met for <TaskInstance: Python_operator_v05.get_name 2024-07-18T09:10:27.039249+00:00 [queued]>
[2024-07-18 09:10:27,636] {taskinstance.py:1042} INFO - 
--------------------------------------------------------------------------------
[2024-07-18 09:10:27,636] {taskinstance.py:1043} INFO - Starting attempt 1 of 6
[2024-07-18 09:10:27,637] {taskinstance.py:1044} INFO - 
--------------------------------------------------------------------------------
[2024-07-18 09:10:27,651] {taskinstance.py:1063} INFO - Executing <Task(PythonOperator): get_name> on 2024-07-18T09:10:27.039249+00:00
[2024-07-18 09:10:27,656] {standard_task_runner.py:52} INFO - Started process 3303 to run task
[2024-07-18 09:10:27,662] {standard_task_runner.py:76} INFO - Running: ['airflow', 'tasks', 'run', 'Python_operator_v05', 'get_name', '2024-07-18T09:10:27.039249+00:00', '--job-id', '767', '--pool', 'default_pool', '--raw', '--subdir', 'DAGS_FOLDER/python_operator.py', '--cfg-path', '/tmp/tmp3d92c5wn', '--error-file', '/tmp/tmpq5ej_xz1']
[2024-07-18 09:10:27,668] {standard_task_runner.py:77} INFO - Job 767: Subtask get_name
[2024-07-18 09:10:27,727] {logging_mixin.py:104} INFO - Running <TaskInstance: Python_operator_v05.get_name 2024-07-18T09:10:27.039249+00:00 [running]> on host b7036ca352b1
[2024-07-18 09:10:27,798] {taskinstance.py:1257} INFO - Exporting the following env vars:
AIRFLOW_CTX_DAG_OWNER=MinhThai
AIRFLOW_CTX_DAG_ID=Python_operator_v05
AIRFLOW_CTX_TASK_ID=get_name
AIRFLOW_CTX_EXECUTION_DATE=2024-07-18T09:10:27.039249+00:00
AIRFLOW_CTX_DAG_RUN_ID=manual__2024-07-18T09:10:27.039249+00:00
[2024-07-18 09:10:27,878] {python.py:118} INFO - Done. Returned value was: None
[2024-07-18 09:10:27,893] {taskinstance.py:1166} INFO - Marking task as SUCCESS. dag_id=Python_operator_v05, task_id=get_name, execution_date=20240718T091027, start_date=20240718T091027, end_date=20240718T091027
[2024-07-18 09:10:27,944] {taskinstance.py:1220} INFO - 0 downstream tasks scheduled from follow-on schedule check
[2024-07-18 09:10:27,954] {local_task_job.py:146} INFO - Task exited with return code 0
