[2024-07-18 06:33:37,515] {taskinstance.py:851} INFO - Dependencies all met for <TaskInstance: xcom_example_dag.push_task 2023-10-16T00:00:00+00:00 [queued]>
[2024-07-18 06:33:37,753] {taskinstance.py:851} INFO - Dependencies all met for <TaskInstance: xcom_example_dag.push_task 2023-10-16T00:00:00+00:00 [queued]>
[2024-07-18 06:33:37,774] {taskinstance.py:1042} INFO - 
--------------------------------------------------------------------------------
[2024-07-18 06:33:37,777] {taskinstance.py:1043} INFO - Starting attempt 1 of 2
[2024-07-18 06:33:37,778] {taskinstance.py:1044} INFO - 
--------------------------------------------------------------------------------
[2024-07-18 06:33:37,940] {taskinstance.py:1063} INFO - Executing <Task(PythonOperator): push_task> on 2023-10-16T00:00:00+00:00
[2024-07-18 06:33:37,963] {standard_task_runner.py:52} INFO - Started process 2282 to run task
[2024-07-18 06:33:37,987] {standard_task_runner.py:76} INFO - Running: ['airflow', 'tasks', 'run', 'xcom_example_dag', 'push_task', '2023-10-16T00:00:00+00:00', '--job-id', '200', '--pool', 'default_pool', '--raw', '--subdir', 'DAGS_FOLDER/xcom.py', '--cfg-path', '/tmp/tmp1ukt8wp4', '--error-file', '/tmp/tmpzj3_0jbm']
[2024-07-18 06:33:37,999] {standard_task_runner.py:77} INFO - Job 200: Subtask push_task
[2024-07-18 06:33:38,259] {logging_mixin.py:104} INFO - Running <TaskInstance: xcom_example_dag.push_task 2023-10-16T00:00:00+00:00 [running]> on host a868c7bacc12
[2024-07-18 06:33:38,505] {taskinstance.py:1257} INFO - Exporting the following env vars:
AIRFLOW_CTX_DAG_OWNER=airflow
AIRFLOW_CTX_DAG_ID=xcom_example_dag
AIRFLOW_CTX_TASK_ID=push_task
AIRFLOW_CTX_EXECUTION_DATE=2023-10-16T00:00:00+00:00
AIRFLOW_CTX_DAG_RUN_ID=scheduled__2023-10-16T00:00:00+00:00
[2024-07-18 06:33:38,550] {python.py:118} INFO - Done. Returned value was: None
[2024-07-18 06:33:38,600] {taskinstance.py:1166} INFO - Marking task as SUCCESS. dag_id=xcom_example_dag, task_id=push_task, execution_date=20231016T000000, start_date=20240718T063337, end_date=20240718T063338
[2024-07-18 06:33:38,769] {taskinstance.py:1220} INFO - 1 downstream tasks scheduled from follow-on schedule check
[2024-07-18 06:33:38,866] {local_task_job.py:146} INFO - Task exited with return code 0
