[2024-07-18 05:51:31,960] {taskinstance.py:851} INFO - Dependencies all met for <TaskInstance: our_first_dag_v3.first_task 2024-07-17T00:00:00+00:00 [queued]>
[2024-07-18 05:51:31,971] {taskinstance.py:851} INFO - Dependencies all met for <TaskInstance: our_first_dag_v3.first_task 2024-07-17T00:00:00+00:00 [queued]>
[2024-07-18 05:51:31,972] {taskinstance.py:1042} INFO - 
--------------------------------------------------------------------------------
[2024-07-18 05:51:31,972] {taskinstance.py:1043} INFO - Starting attempt 1 of 6
[2024-07-18 05:51:31,973] {taskinstance.py:1044} INFO - 
--------------------------------------------------------------------------------
[2024-07-18 05:51:31,990] {taskinstance.py:1063} INFO - Executing <Task(BashOperator): first_task> on 2024-07-17T00:00:00+00:00
[2024-07-18 05:51:31,994] {standard_task_runner.py:52} INFO - Started process 594 to run task
[2024-07-18 05:51:31,998] {standard_task_runner.py:76} INFO - Running: ['airflow', 'tasks', 'run', 'our_first_dag_v3', 'first_task', '2024-07-17T00:00:00+00:00', '--job-id', '8', '--pool', 'default_pool', '--raw', '--subdir', 'DAGS_FOLDER/our_first_dag.py', '--cfg-path', '/tmp/tmp_aysv53h', '--error-file', '/tmp/tmpqgnya8mq']
[2024-07-18 05:51:32,001] {standard_task_runner.py:77} INFO - Job 8: Subtask first_task
[2024-07-18 05:51:32,046] {logging_mixin.py:104} INFO - Running <TaskInstance: our_first_dag_v3.first_task 2024-07-17T00:00:00+00:00 [running]> on host a868c7bacc12
[2024-07-18 05:51:32,112] {taskinstance.py:1257} INFO - Exporting the following env vars:
AIRFLOW_CTX_DAG_OWNER=coder2j
AIRFLOW_CTX_DAG_ID=our_first_dag_v3
AIRFLOW_CTX_TASK_ID=first_task
AIRFLOW_CTX_EXECUTION_DATE=2024-07-17T00:00:00+00:00
AIRFLOW_CTX_DAG_RUN_ID=scheduled__2024-07-17T00:00:00+00:00
[2024-07-18 05:51:32,115] {bash.py:135} INFO - Tmp dir root location: 
 /tmp
[2024-07-18 05:51:32,118] {bash.py:158} INFO - Running command: echo hello world, this is the first task
[2024-07-18 05:51:32,139] {bash.py:169} INFO - Output:
[2024-07-18 05:51:32,143] {bash.py:173} INFO - hello world, this is the first task
[2024-07-18 05:51:32,144] {bash.py:177} INFO - Command exited with return code 0
[2024-07-18 05:51:32,195] {taskinstance.py:1166} INFO - Marking task as SUCCESS. dag_id=our_first_dag_v3, task_id=first_task, execution_date=20240717T000000, start_date=20240718T055131, end_date=20240718T055132
[2024-07-18 05:51:32,228] {taskinstance.py:1220} INFO - 1 downstream tasks scheduled from follow-on schedule check
[2024-07-18 05:51:32,251] {local_task_job.py:146} INFO - Task exited with return code 0
