[2024-07-18 06:34:57,833] {taskinstance.py:851} INFO - Dependencies all met for <TaskInstance: xcom_example_dag.push_task 2024-02-13T00:00:00+00:00 [queued]>
[2024-07-18 06:34:57,868] {taskinstance.py:851} INFO - Dependencies all met for <TaskInstance: xcom_example_dag.push_task 2024-02-13T00:00:00+00:00 [queued]>
[2024-07-18 06:34:57,868] {taskinstance.py:1042} INFO - 
--------------------------------------------------------------------------------
[2024-07-18 06:34:57,869] {taskinstance.py:1043} INFO - Starting attempt 1 of 2
[2024-07-18 06:34:57,870] {taskinstance.py:1044} INFO - 
--------------------------------------------------------------------------------
[2024-07-18 06:34:58,015] {taskinstance.py:1063} INFO - Executing <Task(PythonOperator): push_task> on 2024-02-13T00:00:00+00:00
[2024-07-18 06:34:58,039] {standard_task_runner.py:52} INFO - Started process 2830 to run task
[2024-07-18 06:34:58,055] {standard_task_runner.py:76} INFO - Running: ['airflow', 'tasks', 'run', 'xcom_example_dag', 'push_task', '2024-02-13T00:00:00+00:00', '--job-id', '439', '--pool', 'default_pool', '--raw', '--subdir', 'DAGS_FOLDER/xcom.py', '--cfg-path', '/tmp/tmpjv8yammz', '--error-file', '/tmp/tmpkm33exmk']
[2024-07-18 06:34:58,069] {standard_task_runner.py:77} INFO - Job 439: Subtask push_task
[2024-07-18 06:34:58,219] {logging_mixin.py:104} INFO - Running <TaskInstance: xcom_example_dag.push_task 2024-02-13T00:00:00+00:00 [running]> on host a868c7bacc12
[2024-07-18 06:34:58,493] {taskinstance.py:1257} INFO - Exporting the following env vars:
AIRFLOW_CTX_DAG_OWNER=airflow
AIRFLOW_CTX_DAG_ID=xcom_example_dag
AIRFLOW_CTX_TASK_ID=push_task
AIRFLOW_CTX_EXECUTION_DATE=2024-02-13T00:00:00+00:00
AIRFLOW_CTX_DAG_RUN_ID=scheduled__2024-02-13T00:00:00+00:00
[2024-07-18 06:34:58,619] {python.py:118} INFO - Done. Returned value was: None
[2024-07-18 06:34:58,667] {taskinstance.py:1166} INFO - Marking task as SUCCESS. dag_id=xcom_example_dag, task_id=push_task, execution_date=20240213T000000, start_date=20240718T063457, end_date=20240718T063458
[2024-07-18 06:34:58,914] {taskinstance.py:1220} INFO - 0 downstream tasks scheduled from follow-on schedule check
[2024-07-18 06:34:58,973] {local_task_job.py:146} INFO - Task exited with return code 0
