[2024-07-18 05:57:30,823] {taskinstance.py:851} INFO - Dependencies all met for <TaskInstance: our_first_dag_v3.second_task 2024-07-18T05:57:28.374317+00:00 [queued]>
[2024-07-18 05:57:30,840] {taskinstance.py:851} INFO - Dependencies all met for <TaskInstance: our_first_dag_v3.second_task 2024-07-18T05:57:28.374317+00:00 [queued]>
[2024-07-18 05:57:30,841] {taskinstance.py:1042} INFO - 
--------------------------------------------------------------------------------
[2024-07-18 05:57:30,841] {taskinstance.py:1043} INFO - Starting attempt 1 of 6
[2024-07-18 05:57:30,841] {taskinstance.py:1044} INFO - 
--------------------------------------------------------------------------------
[2024-07-18 05:57:30,858] {taskinstance.py:1063} INFO - Executing <Task(BashOperator): second_task> on 2024-07-18T05:57:28.374317+00:00
[2024-07-18 05:57:30,861] {standard_task_runner.py:52} INFO - Started process 788 to run task
[2024-07-18 05:57:30,866] {standard_task_runner.py:76} INFO - Running: ['airflow', 'tasks', 'run', 'our_first_dag_v3', 'second_task', '2024-07-18T05:57:28.374317+00:00', '--job-id', '14', '--pool', 'default_pool', '--raw', '--subdir', 'DAGS_FOLDER/our_first_dag.py', '--cfg-path', '/tmp/tmpkbtxg1dn', '--error-file', '/tmp/tmpmfm5o50w']
[2024-07-18 05:57:30,870] {standard_task_runner.py:77} INFO - Job 14: Subtask second_task
[2024-07-18 05:57:30,917] {logging_mixin.py:104} INFO - Running <TaskInstance: our_first_dag_v3.second_task 2024-07-18T05:57:28.374317+00:00 [running]> on host a868c7bacc12
[2024-07-18 05:57:30,963] {taskinstance.py:1257} INFO - Exporting the following env vars:
AIRFLOW_CTX_DAG_OWNER=coder2j
AIRFLOW_CTX_DAG_ID=our_first_dag_v3
AIRFLOW_CTX_TASK_ID=second_task
AIRFLOW_CTX_EXECUTION_DATE=2024-07-18T05:57:28.374317+00:00
AIRFLOW_CTX_DAG_RUN_ID=manual__2024-07-18T05:57:28.374317+00:00
[2024-07-18 05:57:30,964] {bash.py:135} INFO - Tmp dir root location: 
 /tmp
[2024-07-18 05:57:30,966] {bash.py:158} INFO - Running command: echo hello world, this is the second task, it will run after first task
[2024-07-18 05:57:30,974] {bash.py:169} INFO - Output:
[2024-07-18 05:57:30,975] {bash.py:173} INFO - hello world, this is the second task, it will run after first task
[2024-07-18 05:57:30,975] {bash.py:177} INFO - Command exited with return code 0
[2024-07-18 05:57:31,006] {taskinstance.py:1166} INFO - Marking task as SUCCESS. dag_id=our_first_dag_v3, task_id=second_task, execution_date=20240718T055728, start_date=20240718T055730, end_date=20240718T055731
[2024-07-18 05:57:31,035] {taskinstance.py:1220} INFO - 0 downstream tasks scheduled from follow-on schedule check
[2024-07-18 05:57:31,078] {local_task_job.py:146} INFO - Task exited with return code 0
