[2024-07-19 03:16:59,323] {taskinstance.py:851} INFO - Dependencies all met for <TaskInstance: catchup_and_backfill.get_age 2024-07-18T00:00:00+00:00 [queued]>
[2024-07-19 03:16:59,354] {taskinstance.py:851} INFO - Dependencies all met for <TaskInstance: catchup_and_backfill.get_age 2024-07-18T00:00:00+00:00 [queued]>
[2024-07-19 03:16:59,356] {taskinstance.py:1042} INFO - 
--------------------------------------------------------------------------------
[2024-07-19 03:16:59,356] {taskinstance.py:1043} INFO - Starting attempt 1 of 6
[2024-07-19 03:16:59,357] {taskinstance.py:1044} INFO - 
--------------------------------------------------------------------------------
[2024-07-19 03:16:59,377] {taskinstance.py:1063} INFO - Executing <Task(PythonOperator): get_age> on 2024-07-18T00:00:00+00:00
[2024-07-19 03:16:59,382] {standard_task_runner.py:52} INFO - Started process 217 to run task
[2024-07-19 03:16:59,388] {standard_task_runner.py:76} INFO - Running: ['airflow', 'tasks', 'run', 'catchup_and_backfill', 'get_age', '2024-07-18T00:00:00+00:00', '--job-id', '794', '--pool', 'default_pool', '--raw', '--subdir', 'DAGS_FOLDER/catchup_and_backfill.py', '--cfg-path', '/tmp/tmpcoi4ysqs', '--error-file', '/tmp/tmpqxwg7au0']
[2024-07-19 03:16:59,393] {standard_task_runner.py:77} INFO - Job 794: Subtask get_age
[2024-07-19 03:16:59,471] {logging_mixin.py:104} INFO - Running <TaskInstance: catchup_and_backfill.get_age 2024-07-18T00:00:00+00:00 [running]> on host b7036ca352b1
[2024-07-19 03:16:59,623] {taskinstance.py:1257} INFO - Exporting the following env vars:
AIRFLOW_CTX_DAG_OWNER=MinhThai
AIRFLOW_CTX_DAG_ID=catchup_and_backfill
AIRFLOW_CTX_TASK_ID=get_age
AIRFLOW_CTX_EXECUTION_DATE=2024-07-18T00:00:00+00:00
AIRFLOW_CTX_DAG_RUN_ID=scheduled__2024-07-18T00:00:00+00:00
[2024-07-19 03:16:59,651] {python.py:118} INFO - Done. Returned value was: None
[2024-07-19 03:16:59,668] {taskinstance.py:1166} INFO - Marking task as SUCCESS. dag_id=catchup_and_backfill, task_id=get_age, execution_date=20240718T000000, start_date=20240719T031659, end_date=20240719T031659
[2024-07-19 03:16:59,716] {taskinstance.py:1220} INFO - 0 downstream tasks scheduled from follow-on schedule check
[2024-07-19 03:16:59,763] {local_task_job.py:146} INFO - Task exited with return code 0
