[2024-07-18 06:34:51,510] {taskinstance.py:851} INFO - Dependencies all met for <TaskInstance: xcom_example_dag.push_task 2024-02-04T00:00:00+00:00 [queued]>
[2024-07-18 06:34:51,633] {taskinstance.py:851} INFO - Dependencies all met for <TaskInstance: xcom_example_dag.push_task 2024-02-04T00:00:00+00:00 [queued]>
[2024-07-18 06:34:51,645] {taskinstance.py:1042} INFO - 
--------------------------------------------------------------------------------
[2024-07-18 06:34:51,648] {taskinstance.py:1043} INFO - Starting attempt 1 of 2
[2024-07-18 06:34:51,659] {taskinstance.py:1044} INFO - 
--------------------------------------------------------------------------------
[2024-07-18 06:34:51,733] {taskinstance.py:1063} INFO - Executing <Task(PythonOperator): push_task> on 2024-02-04T00:00:00+00:00
[2024-07-18 06:34:51,748] {standard_task_runner.py:52} INFO - Started process 2793 to run task
[2024-07-18 06:34:51,771] {standard_task_runner.py:76} INFO - Running: ['airflow', 'tasks', 'run', 'xcom_example_dag', 'push_task', '2024-02-04T00:00:00+00:00', '--job-id', '421', '--pool', 'default_pool', '--raw', '--subdir', 'DAGS_FOLDER/xcom.py', '--cfg-path', '/tmp/tmpkhantvtb', '--error-file', '/tmp/tmp8x4hr2gn']
[2024-07-18 06:34:51,780] {standard_task_runner.py:77} INFO - Job 421: Subtask push_task
[2024-07-18 06:34:52,042] {logging_mixin.py:104} INFO - Running <TaskInstance: xcom_example_dag.push_task 2024-02-04T00:00:00+00:00 [running]> on host a868c7bacc12
[2024-07-18 06:34:52,219] {taskinstance.py:1257} INFO - Exporting the following env vars:
AIRFLOW_CTX_DAG_OWNER=airflow
AIRFLOW_CTX_DAG_ID=xcom_example_dag
AIRFLOW_CTX_TASK_ID=push_task
AIRFLOW_CTX_EXECUTION_DATE=2024-02-04T00:00:00+00:00
AIRFLOW_CTX_DAG_RUN_ID=scheduled__2024-02-04T00:00:00+00:00
[2024-07-18 06:34:52,283] {python.py:118} INFO - Done. Returned value was: None
[2024-07-18 06:34:52,315] {taskinstance.py:1166} INFO - Marking task as SUCCESS. dag_id=xcom_example_dag, task_id=push_task, execution_date=20240204T000000, start_date=20240718T063451, end_date=20240718T063452
[2024-07-18 06:34:52,595] {taskinstance.py:1220} INFO - 1 downstream tasks scheduled from follow-on schedule check
[2024-07-18 06:34:52,695] {local_task_job.py:146} INFO - Task exited with return code 0
