[2024-07-16 02:46:40,011] {taskinstance.py:851} INFO - Dependencies all met for <TaskInstance: our_first_dag_v2.first_task 2021-10-23T00:00:00+00:00 [queued]>
[2024-07-16 02:46:40,048] {taskinstance.py:851} INFO - Dependencies all met for <TaskInstance: our_first_dag_v2.first_task 2021-10-23T00:00:00+00:00 [queued]>
[2024-07-16 02:46:40,049] {taskinstance.py:1042} INFO - 
--------------------------------------------------------------------------------
[2024-07-16 02:46:40,050] {taskinstance.py:1043} INFO - Starting attempt 1 of 6
[2024-07-16 02:46:40,050] {taskinstance.py:1044} INFO - 
--------------------------------------------------------------------------------
[2024-07-16 02:46:40,078] {taskinstance.py:1063} INFO - Executing <Task(BashOperator): first_task> on 2021-10-23T00:00:00+00:00
[2024-07-16 02:46:40,084] {standard_task_runner.py:52} INFO - Started process 3571 to run task
[2024-07-16 02:46:40,109] {standard_task_runner.py:76} INFO - Running: ['airflow', 'tasks', 'run', 'our_first_dag_v2', 'first_task', '2021-10-23T00:00:00+00:00', '--job-id', '987', '--pool', 'default_pool', '--raw', '--subdir', 'DAGS_FOLDER/our_first_dag.py', '--cfg-path', '/tmp/tmp_dfmjon7', '--error-file', '/tmp/tmpz6pbmzc8']
[2024-07-16 02:46:40,124] {standard_task_runner.py:77} INFO - Job 987: Subtask first_task
[2024-07-16 02:46:40,305] {logging_mixin.py:104} INFO - Running <TaskInstance: our_first_dag_v2.first_task 2021-10-23T00:00:00+00:00 [running]> on host f3060829e7b4
[2024-07-16 02:46:40,414] {taskinstance.py:1257} INFO - Exporting the following env vars:
AIRFLOW_CTX_DAG_OWNER=coder2j
AIRFLOW_CTX_DAG_ID=our_first_dag_v2
AIRFLOW_CTX_TASK_ID=first_task
AIRFLOW_CTX_EXECUTION_DATE=2021-10-23T00:00:00+00:00
AIRFLOW_CTX_DAG_RUN_ID=scheduled__2021-10-23T00:00:00+00:00
[2024-07-16 02:46:40,420] {bash.py:135} INFO - Tmp dir root location: 
 /tmp
[2024-07-16 02:46:40,422] {bash.py:158} INFO - Running command: echo hello world, this is the first task
[2024-07-16 02:46:40,437] {bash.py:169} INFO - Output:
[2024-07-16 02:46:40,441] {bash.py:173} INFO - hello world, this is the first task
[2024-07-16 02:46:40,442] {bash.py:177} INFO - Command exited with return code 0
[2024-07-16 02:46:40,525] {taskinstance.py:1166} INFO - Marking task as SUCCESS. dag_id=our_first_dag_v2, task_id=first_task, execution_date=20211023T000000, start_date=20240716T024640, end_date=20240716T024640
[2024-07-16 02:46:40,640] {taskinstance.py:1220} INFO - 1 downstream tasks scheduled from follow-on schedule check
[2024-07-16 02:46:40,670] {local_task_job.py:146} INFO - Task exited with return code 0
