[2024-07-18 06:33:35,140] {taskinstance.py:851} INFO - Dependencies all met for <TaskInstance: xcom_example_dag.push_task 2023-10-12T00:00:00+00:00 [queued]>
[2024-07-18 06:33:35,220] {taskinstance.py:851} INFO - Dependencies all met for <TaskInstance: xcom_example_dag.push_task 2023-10-12T00:00:00+00:00 [queued]>
[2024-07-18 06:33:35,223] {taskinstance.py:1042} INFO - 
--------------------------------------------------------------------------------
[2024-07-18 06:33:35,226] {taskinstance.py:1043} INFO - Starting attempt 1 of 2
[2024-07-18 06:33:35,228] {taskinstance.py:1044} INFO - 
--------------------------------------------------------------------------------
[2024-07-18 06:33:35,273] {taskinstance.py:1063} INFO - Executing <Task(PythonOperator): push_task> on 2023-10-12T00:00:00+00:00
[2024-07-18 06:33:35,280] {standard_task_runner.py:52} INFO - Started process 2259 to run task
[2024-07-18 06:33:35,299] {standard_task_runner.py:76} INFO - Running: ['airflow', 'tasks', 'run', 'xcom_example_dag', 'push_task', '2023-10-12T00:00:00+00:00', '--job-id', '191', '--pool', 'default_pool', '--raw', '--subdir', 'DAGS_FOLDER/xcom.py', '--cfg-path', '/tmp/tmpn7aw8e39', '--error-file', '/tmp/tmprtx4n6km']
[2024-07-18 06:33:35,307] {standard_task_runner.py:77} INFO - Job 191: Subtask push_task
[2024-07-18 06:33:35,596] {logging_mixin.py:104} INFO - Running <TaskInstance: xcom_example_dag.push_task 2023-10-12T00:00:00+00:00 [running]> on host a868c7bacc12
[2024-07-18 06:33:35,744] {taskinstance.py:1257} INFO - Exporting the following env vars:
AIRFLOW_CTX_DAG_OWNER=airflow
AIRFLOW_CTX_DAG_ID=xcom_example_dag
AIRFLOW_CTX_TASK_ID=push_task
AIRFLOW_CTX_EXECUTION_DATE=2023-10-12T00:00:00+00:00
AIRFLOW_CTX_DAG_RUN_ID=scheduled__2023-10-12T00:00:00+00:00
[2024-07-18 06:33:35,804] {python.py:118} INFO - Done. Returned value was: None
[2024-07-18 06:33:35,835] {taskinstance.py:1166} INFO - Marking task as SUCCESS. dag_id=xcom_example_dag, task_id=push_task, execution_date=20231012T000000, start_date=20240718T063335, end_date=20240718T063335
[2024-07-18 06:33:36,047] {taskinstance.py:1220} INFO - 0 downstream tasks scheduled from follow-on schedule check
[2024-07-18 06:33:36,076] {local_task_job.py:146} INFO - Task exited with return code 0
