[2024-07-19 03:16:59,353] {taskinstance.py:851} INFO - Dependencies all met for <TaskInstance: xcom_example_dag.push_task 2024-07-18T00:00:00+00:00 [queued]>
[2024-07-19 03:16:59,381] {taskinstance.py:851} INFO - Dependencies all met for <TaskInstance: xcom_example_dag.push_task 2024-07-18T00:00:00+00:00 [queued]>
[2024-07-19 03:16:59,381] {taskinstance.py:1042} INFO - 
--------------------------------------------------------------------------------
[2024-07-19 03:16:59,382] {taskinstance.py:1043} INFO - Starting attempt 1 of 2
[2024-07-19 03:16:59,382] {taskinstance.py:1044} INFO - 
--------------------------------------------------------------------------------
[2024-07-19 03:16:59,400] {taskinstance.py:1063} INFO - Executing <Task(PythonOperator): push_task> on 2024-07-18T00:00:00+00:00
[2024-07-19 03:16:59,406] {standard_task_runner.py:52} INFO - Started process 221 to run task
[2024-07-19 03:16:59,410] {standard_task_runner.py:76} INFO - Running: ['airflow', 'tasks', 'run', 'xcom_example_dag', 'push_task', '2024-07-18T00:00:00+00:00', '--job-id', '799', '--pool', 'default_pool', '--raw', '--subdir', 'DAGS_FOLDER/xcom.py', '--cfg-path', '/tmp/tmp36a03mtd', '--error-file', '/tmp/tmp5spl2nrr']
[2024-07-19 03:16:59,414] {standard_task_runner.py:77} INFO - Job 799: Subtask push_task
[2024-07-19 03:16:59,480] {logging_mixin.py:104} INFO - Running <TaskInstance: xcom_example_dag.push_task 2024-07-18T00:00:00+00:00 [running]> on host b7036ca352b1
[2024-07-19 03:16:59,632] {taskinstance.py:1257} INFO - Exporting the following env vars:
AIRFLOW_CTX_DAG_OWNER=airflow
AIRFLOW_CTX_DAG_ID=xcom_example_dag
AIRFLOW_CTX_TASK_ID=push_task
AIRFLOW_CTX_EXECUTION_DATE=2024-07-18T00:00:00+00:00
AIRFLOW_CTX_DAG_RUN_ID=scheduled__2024-07-18T00:00:00+00:00
[2024-07-19 03:16:59,661] {python.py:118} INFO - Done. Returned value was: None
[2024-07-19 03:16:59,677] {taskinstance.py:1166} INFO - Marking task as SUCCESS. dag_id=xcom_example_dag, task_id=push_task, execution_date=20240718T000000, start_date=20240719T031659, end_date=20240719T031659
[2024-07-19 03:16:59,728] {taskinstance.py:1220} INFO - 1 downstream tasks scheduled from follow-on schedule check
[2024-07-19 03:16:59,742] {local_task_job.py:146} INFO - Task exited with return code 0
