[2024-07-16 02:46:20,938] {taskinstance.py:851} INFO - Dependencies all met for <TaskInstance: our_first_dag_v2.first_task 2021-09-15T00:00:00+00:00 [queued]>
[2024-07-16 02:46:20,996] {taskinstance.py:851} INFO - Dependencies all met for <TaskInstance: our_first_dag_v2.first_task 2021-09-15T00:00:00+00:00 [queued]>
[2024-07-16 02:46:21,004] {taskinstance.py:1042} INFO - 
--------------------------------------------------------------------------------
[2024-07-16 02:46:21,007] {taskinstance.py:1043} INFO - Starting attempt 1 of 6
[2024-07-16 02:46:21,012] {taskinstance.py:1044} INFO - 
--------------------------------------------------------------------------------
[2024-07-16 02:46:21,066] {taskinstance.py:1063} INFO - Executing <Task(BashOperator): first_task> on 2021-09-15T00:00:00+00:00
[2024-07-16 02:46:21,088] {standard_task_runner.py:52} INFO - Started process 3340 to run task
[2024-07-16 02:46:21,141] {standard_task_runner.py:76} INFO - Running: ['airflow', 'tasks', 'run', 'our_first_dag_v2', 'first_task', '2021-09-15T00:00:00+00:00', '--job-id', '912', '--pool', 'default_pool', '--raw', '--subdir', 'DAGS_FOLDER/our_first_dag.py', '--cfg-path', '/tmp/tmpsdabq9ve', '--error-file', '/tmp/tmpcxoygwnm']
[2024-07-16 02:46:21,149] {standard_task_runner.py:77} INFO - Job 912: Subtask first_task
[2024-07-16 02:46:21,374] {logging_mixin.py:104} INFO - Running <TaskInstance: our_first_dag_v2.first_task 2021-09-15T00:00:00+00:00 [running]> on host f3060829e7b4
[2024-07-16 02:46:21,606] {taskinstance.py:1257} INFO - Exporting the following env vars:
AIRFLOW_CTX_DAG_OWNER=coder2j
AIRFLOW_CTX_DAG_ID=our_first_dag_v2
AIRFLOW_CTX_TASK_ID=first_task
AIRFLOW_CTX_EXECUTION_DATE=2021-09-15T00:00:00+00:00
AIRFLOW_CTX_DAG_RUN_ID=scheduled__2021-09-15T00:00:00+00:00
[2024-07-16 02:46:21,611] {bash.py:135} INFO - Tmp dir root location: 
 /tmp
[2024-07-16 02:46:21,614] {bash.py:158} INFO - Running command: echo hello world, this is the first task
[2024-07-16 02:46:21,628] {bash.py:169} INFO - Output:
[2024-07-16 02:46:21,631] {bash.py:173} INFO - hello world, this is the first task
[2024-07-16 02:46:21,632] {bash.py:177} INFO - Command exited with return code 0
[2024-07-16 02:46:21,710] {taskinstance.py:1166} INFO - Marking task as SUCCESS. dag_id=our_first_dag_v2, task_id=first_task, execution_date=20210915T000000, start_date=20240716T024620, end_date=20240716T024621
[2024-07-16 02:46:21,859] {taskinstance.py:1220} INFO - 1 downstream tasks scheduled from follow-on schedule check
[2024-07-16 02:46:21,918] {local_task_job.py:146} INFO - Task exited with return code 0
