[2024-07-18 06:33:15,308] {taskinstance.py:851} INFO - Dependencies all met for <TaskInstance: xcom_example_dag.push_task 2023-09-09T00:00:00+00:00 [queued]>
[2024-07-18 06:33:15,379] {taskinstance.py:851} INFO - Dependencies all met for <TaskInstance: xcom_example_dag.push_task 2023-09-09T00:00:00+00:00 [queued]>
[2024-07-18 06:33:15,381] {taskinstance.py:1042} INFO - 
--------------------------------------------------------------------------------
[2024-07-18 06:33:15,382] {taskinstance.py:1043} INFO - Starting attempt 1 of 2
[2024-07-18 06:33:15,382] {taskinstance.py:1044} INFO - 
--------------------------------------------------------------------------------
[2024-07-18 06:33:15,458] {taskinstance.py:1063} INFO - Executing <Task(PythonOperator): push_task> on 2023-09-09T00:00:00+00:00
[2024-07-18 06:33:15,475] {standard_task_runner.py:52} INFO - Started process 2114 to run task
[2024-07-18 06:33:15,494] {standard_task_runner.py:76} INFO - Running: ['airflow', 'tasks', 'run', 'xcom_example_dag', 'push_task', '2023-09-09T00:00:00+00:00', '--job-id', '126', '--pool', 'default_pool', '--raw', '--subdir', 'DAGS_FOLDER/xcom.py', '--cfg-path', '/tmp/tmpu7jt7hsi', '--error-file', '/tmp/tmpqrdde1po']
[2024-07-18 06:33:15,509] {standard_task_runner.py:77} INFO - Job 126: Subtask push_task
[2024-07-18 06:33:15,785] {logging_mixin.py:104} INFO - Running <TaskInstance: xcom_example_dag.push_task 2023-09-09T00:00:00+00:00 [running]> on host a868c7bacc12
[2024-07-18 06:33:16,055] {taskinstance.py:1257} INFO - Exporting the following env vars:
AIRFLOW_CTX_DAG_OWNER=airflow
AIRFLOW_CTX_DAG_ID=xcom_example_dag
AIRFLOW_CTX_TASK_ID=push_task
AIRFLOW_CTX_EXECUTION_DATE=2023-09-09T00:00:00+00:00
AIRFLOW_CTX_DAG_RUN_ID=scheduled__2023-09-09T00:00:00+00:00
[2024-07-18 06:33:16,140] {python.py:118} INFO - Done. Returned value was: None
[2024-07-18 06:33:16,202] {taskinstance.py:1166} INFO - Marking task as SUCCESS. dag_id=xcom_example_dag, task_id=push_task, execution_date=20230909T000000, start_date=20240718T063315, end_date=20240718T063316
[2024-07-18 06:33:16,332] {taskinstance.py:1220} INFO - 1 downstream tasks scheduled from follow-on schedule check
[2024-07-18 06:33:16,390] {local_task_job.py:146} INFO - Task exited with return code 0
