[2024-07-18 06:33:20,927] {taskinstance.py:851} INFO - Dependencies all met for <TaskInstance: xcom_example_dag.push_task 2023-09-19T00:00:00+00:00 [queued]>
[2024-07-18 06:33:21,003] {taskinstance.py:851} INFO - Dependencies all met for <TaskInstance: xcom_example_dag.push_task 2023-09-19T00:00:00+00:00 [queued]>
[2024-07-18 06:33:21,004] {taskinstance.py:1042} INFO - 
--------------------------------------------------------------------------------
[2024-07-18 06:33:21,004] {taskinstance.py:1043} INFO - Starting attempt 1 of 2
[2024-07-18 06:33:21,005] {taskinstance.py:1044} INFO - 
--------------------------------------------------------------------------------
[2024-07-18 06:33:21,059] {taskinstance.py:1063} INFO - Executing <Task(PythonOperator): push_task> on 2023-09-19T00:00:00+00:00
[2024-07-18 06:33:21,068] {standard_task_runner.py:52} INFO - Started process 2157 to run task
[2024-07-18 06:33:21,087] {standard_task_runner.py:76} INFO - Running: ['airflow', 'tasks', 'run', 'xcom_example_dag', 'push_task', '2023-09-19T00:00:00+00:00', '--job-id', '146', '--pool', 'default_pool', '--raw', '--subdir', 'DAGS_FOLDER/xcom.py', '--cfg-path', '/tmp/tmpc7a0z_o0', '--error-file', '/tmp/tmp7a7_wv2j']
[2024-07-18 06:33:21,098] {standard_task_runner.py:77} INFO - Job 146: Subtask push_task
[2024-07-18 06:33:21,258] {logging_mixin.py:104} INFO - Running <TaskInstance: xcom_example_dag.push_task 2023-09-19T00:00:00+00:00 [running]> on host a868c7bacc12
[2024-07-18 06:33:21,363] {taskinstance.py:1257} INFO - Exporting the following env vars:
AIRFLOW_CTX_DAG_OWNER=airflow
AIRFLOW_CTX_DAG_ID=xcom_example_dag
AIRFLOW_CTX_TASK_ID=push_task
AIRFLOW_CTX_EXECUTION_DATE=2023-09-19T00:00:00+00:00
AIRFLOW_CTX_DAG_RUN_ID=scheduled__2023-09-19T00:00:00+00:00
[2024-07-18 06:33:21,407] {python.py:118} INFO - Done. Returned value was: None
[2024-07-18 06:33:21,433] {taskinstance.py:1166} INFO - Marking task as SUCCESS. dag_id=xcom_example_dag, task_id=push_task, execution_date=20230919T000000, start_date=20240718T063320, end_date=20240718T063321
[2024-07-18 06:33:21,503] {taskinstance.py:1220} INFO - 1 downstream tasks scheduled from follow-on schedule check
[2024-07-18 06:33:21,553] {local_task_job.py:146} INFO - Task exited with return code 0
