[2024-07-16 02:42:36,471] {taskinstance.py:851} INFO - Dependencies all met for <TaskInstance: our_first_dag.first_task 2022-06-24T00:00:00+00:00 [queued]>
[2024-07-16 02:42:36,557] {taskinstance.py:851} INFO - Dependencies all met for <TaskInstance: our_first_dag.first_task 2022-06-24T00:00:00+00:00 [queued]>
[2024-07-16 02:42:36,560] {taskinstance.py:1042} INFO - 
--------------------------------------------------------------------------------
[2024-07-16 02:42:36,561] {taskinstance.py:1043} INFO - Starting attempt 1 of 6
[2024-07-16 02:42:36,565] {taskinstance.py:1044} INFO - 
--------------------------------------------------------------------------------
[2024-07-16 02:42:36,625] {taskinstance.py:1063} INFO - Executing <Task(BashOperator): first_task> on 2022-06-24T00:00:00+00:00
[2024-07-16 02:42:36,642] {standard_task_runner.py:52} INFO - Started process 1423 to run task
[2024-07-16 02:42:36,655] {standard_task_runner.py:76} INFO - Running: ['airflow', 'tasks', 'run', 'our_first_dag', 'first_task', '2022-06-24T00:00:00+00:00', '--job-id', '335', '--pool', 'default_pool', '--raw', '--subdir', 'DAGS_FOLDER/our_first_dag.py', '--cfg-path', '/tmp/tmpu81toscz', '--error-file', '/tmp/tmpjkq8g7dm']
[2024-07-16 02:42:36,666] {standard_task_runner.py:77} INFO - Job 335: Subtask first_task
[2024-07-16 02:42:36,841] {logging_mixin.py:104} INFO - Running <TaskInstance: our_first_dag.first_task 2022-06-24T00:00:00+00:00 [running]> on host f3060829e7b4
[2024-07-16 02:42:37,052] {taskinstance.py:1257} INFO - Exporting the following env vars:
AIRFLOW_CTX_DAG_OWNER=coder2j
AIRFLOW_CTX_DAG_ID=our_first_dag
AIRFLOW_CTX_TASK_ID=first_task
AIRFLOW_CTX_EXECUTION_DATE=2022-06-24T00:00:00+00:00
AIRFLOW_CTX_DAG_RUN_ID=scheduled__2022-06-24T00:00:00+00:00
[2024-07-16 02:42:37,053] {bash.py:135} INFO - Tmp dir root location: 
 /tmp
[2024-07-16 02:42:37,056] {bash.py:158} INFO - Running command: echo hello world, this is the first task
[2024-07-16 02:42:37,077] {bash.py:169} INFO - Output:
[2024-07-16 02:42:37,078] {bash.py:173} INFO - hello world, this is the first task
[2024-07-16 02:42:37,086] {bash.py:177} INFO - Command exited with return code 0
[2024-07-16 02:42:37,186] {taskinstance.py:1166} INFO - Marking task as SUCCESS. dag_id=our_first_dag, task_id=first_task, execution_date=20220624T000000, start_date=20240716T024236, end_date=20240716T024237
[2024-07-16 02:42:37,282] {taskinstance.py:1220} INFO - 0 downstream tasks scheduled from follow-on schedule check
[2024-07-16 02:42:37,325] {local_task_job.py:146} INFO - Task exited with return code 0
