[2024-07-18 06:33:32,733] {taskinstance.py:851} INFO - Dependencies all met for <TaskInstance: xcom_example_dag.push_task 2023-10-08T00:00:00+00:00 [queued]>
[2024-07-18 06:33:32,845] {taskinstance.py:851} INFO - Dependencies all met for <TaskInstance: xcom_example_dag.push_task 2023-10-08T00:00:00+00:00 [queued]>
[2024-07-18 06:33:32,858] {taskinstance.py:1042} INFO - 
--------------------------------------------------------------------------------
[2024-07-18 06:33:32,860] {taskinstance.py:1043} INFO - Starting attempt 1 of 2
[2024-07-18 06:33:32,862] {taskinstance.py:1044} INFO - 
--------------------------------------------------------------------------------
[2024-07-18 06:33:32,908] {taskinstance.py:1063} INFO - Executing <Task(PythonOperator): push_task> on 2023-10-08T00:00:00+00:00
[2024-07-18 06:33:32,925] {standard_task_runner.py:52} INFO - Started process 2241 to run task
[2024-07-18 06:33:32,935] {standard_task_runner.py:76} INFO - Running: ['airflow', 'tasks', 'run', 'xcom_example_dag', 'push_task', '2023-10-08T00:00:00+00:00', '--job-id', '182', '--pool', 'default_pool', '--raw', '--subdir', 'DAGS_FOLDER/xcom.py', '--cfg-path', '/tmp/tmpg0o65ins', '--error-file', '/tmp/tmpnjp0t29s']
[2024-07-18 06:33:32,943] {standard_task_runner.py:77} INFO - Job 182: Subtask push_task
[2024-07-18 06:33:33,169] {logging_mixin.py:104} INFO - Running <TaskInstance: xcom_example_dag.push_task 2023-10-08T00:00:00+00:00 [running]> on host a868c7bacc12
[2024-07-18 06:33:33,331] {taskinstance.py:1257} INFO - Exporting the following env vars:
AIRFLOW_CTX_DAG_OWNER=airflow
AIRFLOW_CTX_DAG_ID=xcom_example_dag
AIRFLOW_CTX_TASK_ID=push_task
AIRFLOW_CTX_EXECUTION_DATE=2023-10-08T00:00:00+00:00
AIRFLOW_CTX_DAG_RUN_ID=scheduled__2023-10-08T00:00:00+00:00
[2024-07-18 06:33:33,394] {python.py:118} INFO - Done. Returned value was: None
[2024-07-18 06:33:33,471] {taskinstance.py:1166} INFO - Marking task as SUCCESS. dag_id=xcom_example_dag, task_id=push_task, execution_date=20231008T000000, start_date=20240718T063332, end_date=20240718T063333
[2024-07-18 06:33:33,617] {taskinstance.py:1220} INFO - 1 downstream tasks scheduled from follow-on schedule check
[2024-07-18 06:33:33,650] {local_task_job.py:146} INFO - Task exited with return code 0
