[2024-07-18 05:08:05,843] {taskinstance.py:851} INFO - Dependencies all met for <TaskInstance: our_first_dag_v2.second_task 2024-07-17T00:00:00+00:00 [queued]>
[2024-07-18 05:08:05,928] {taskinstance.py:851} INFO - Dependencies all met for <TaskInstance: our_first_dag_v2.second_task 2024-07-17T00:00:00+00:00 [queued]>
[2024-07-18 05:08:05,928] {taskinstance.py:1042} INFO - 
--------------------------------------------------------------------------------
[2024-07-18 05:08:05,930] {taskinstance.py:1043} INFO - Starting attempt 1 of 6
[2024-07-18 05:08:05,932] {taskinstance.py:1044} INFO - 
--------------------------------------------------------------------------------
[2024-07-18 05:08:05,961] {taskinstance.py:1063} INFO - Executing <Task(BashOperator): second_task> on 2024-07-17T00:00:00+00:00
[2024-07-18 05:08:05,969] {standard_task_runner.py:52} INFO - Started process 221 to run task
[2024-07-18 05:08:05,978] {standard_task_runner.py:76} INFO - Running: ['airflow', 'tasks', 'run', 'our_first_dag_v2', 'second_task', '2024-07-17T00:00:00+00:00', '--job-id', '3', '--pool', 'default_pool', '--raw', '--subdir', 'DAGS_FOLDER/our_first_dag.py', '--cfg-path', '/tmp/tmp3bswbo6n', '--error-file', '/tmp/tmp388_eej4']
[2024-07-18 05:08:05,985] {standard_task_runner.py:77} INFO - Job 3: Subtask second_task
[2024-07-18 05:08:06,154] {logging_mixin.py:104} INFO - Running <TaskInstance: our_first_dag_v2.second_task 2024-07-17T00:00:00+00:00 [running]> on host 7817c4a4c30b
[2024-07-18 05:08:06,283] {taskinstance.py:1257} INFO - Exporting the following env vars:
AIRFLOW_CTX_DAG_OWNER=coder2j
AIRFLOW_CTX_DAG_ID=our_first_dag_v2
AIRFLOW_CTX_TASK_ID=second_task
AIRFLOW_CTX_EXECUTION_DATE=2024-07-17T00:00:00+00:00
AIRFLOW_CTX_DAG_RUN_ID=scheduled__2024-07-17T00:00:00+00:00
[2024-07-18 05:08:06,285] {bash.py:135} INFO - Tmp dir root location: 
 /tmp
[2024-07-18 05:08:06,289] {bash.py:158} INFO - Running command: echo hello world, this is the second task, it will run after first task
[2024-07-18 05:08:06,305] {bash.py:169} INFO - Output:
[2024-07-18 05:08:06,307] {bash.py:173} INFO - hello world, this is the second task, it will run after first task
[2024-07-18 05:08:06,308] {bash.py:177} INFO - Command exited with return code 0
[2024-07-18 05:08:06,370] {taskinstance.py:1166} INFO - Marking task as SUCCESS. dag_id=our_first_dag_v2, task_id=second_task, execution_date=20240717T000000, start_date=20240718T050805, end_date=20240718T050806
[2024-07-18 05:08:06,551] {taskinstance.py:1220} INFO - 0 downstream tasks scheduled from follow-on schedule check
[2024-07-18 05:08:06,632] {local_task_job.py:146} INFO - Task exited with return code 0
