[2024-07-16 02:46:44,338] {taskinstance.py:851} INFO - Dependencies all met for <TaskInstance: our_first_dag_v2.second_task 2021-10-28T00:00:00+00:00 [queued]>
[2024-07-16 02:46:44,420] {taskinstance.py:851} INFO - Dependencies all met for <TaskInstance: our_first_dag_v2.second_task 2021-10-28T00:00:00+00:00 [queued]>
[2024-07-16 02:46:44,422] {taskinstance.py:1042} INFO - 
--------------------------------------------------------------------------------
[2024-07-16 02:46:44,422] {taskinstance.py:1043} INFO - Starting attempt 1 of 6
[2024-07-16 02:46:44,423] {taskinstance.py:1044} INFO - 
--------------------------------------------------------------------------------
[2024-07-16 02:46:44,445] {taskinstance.py:1063} INFO - Executing <Task(BashOperator): second_task> on 2021-10-28T00:00:00+00:00
[2024-07-16 02:46:44,454] {standard_task_runner.py:52} INFO - Started process 3641 to run task
[2024-07-16 02:46:44,471] {standard_task_runner.py:76} INFO - Running: ['airflow', 'tasks', 'run', 'our_first_dag_v2', 'second_task', '2021-10-28T00:00:00+00:00', '--job-id', '1008', '--pool', 'default_pool', '--raw', '--subdir', 'DAGS_FOLDER/our_first_dag.py', '--cfg-path', '/tmp/tmp5f_7w5vx', '--error-file', '/tmp/tmpk8vf4otp']
[2024-07-16 02:46:44,477] {standard_task_runner.py:77} INFO - Job 1008: Subtask second_task
[2024-07-16 02:46:44,647] {logging_mixin.py:104} INFO - Running <TaskInstance: our_first_dag_v2.second_task 2021-10-28T00:00:00+00:00 [running]> on host f3060829e7b4
[2024-07-16 02:46:44,840] {taskinstance.py:1257} INFO - Exporting the following env vars:
AIRFLOW_CTX_DAG_OWNER=coder2j
AIRFLOW_CTX_DAG_ID=our_first_dag_v2
AIRFLOW_CTX_TASK_ID=second_task
AIRFLOW_CTX_EXECUTION_DATE=2021-10-28T00:00:00+00:00
AIRFLOW_CTX_DAG_RUN_ID=scheduled__2021-10-28T00:00:00+00:00
[2024-07-16 02:46:44,841] {bash.py:135} INFO - Tmp dir root location: 
 /tmp
[2024-07-16 02:46:44,847] {bash.py:158} INFO - Running command: echo hello world, this is the second task, it will run after first task
[2024-07-16 02:46:44,863] {bash.py:169} INFO - Output:
[2024-07-16 02:46:44,866] {bash.py:173} INFO - hello world, this is the second task, it will run after first task
[2024-07-16 02:46:44,867] {bash.py:177} INFO - Command exited with return code 0
[2024-07-16 02:46:44,963] {taskinstance.py:1166} INFO - Marking task as SUCCESS. dag_id=our_first_dag_v2, task_id=second_task, execution_date=20211028T000000, start_date=20240716T024644, end_date=20240716T024644
[2024-07-16 02:46:45,209] {taskinstance.py:1220} INFO - 0 downstream tasks scheduled from follow-on schedule check
[2024-07-16 02:46:45,245] {local_task_job.py:146} INFO - Task exited with return code 0
