[2024-07-18 06:35:17,032] {taskinstance.py:851} INFO - Dependencies all met for <TaskInstance: xcom_example_dag.push_task 2024-03-12T00:00:00+00:00 [queued]>
[2024-07-18 06:35:17,087] {taskinstance.py:851} INFO - Dependencies all met for <TaskInstance: xcom_example_dag.push_task 2024-03-12T00:00:00+00:00 [queued]>
[2024-07-18 06:35:17,098] {taskinstance.py:1042} INFO - 
--------------------------------------------------------------------------------
[2024-07-18 06:35:17,100] {taskinstance.py:1043} INFO - Starting attempt 1 of 2
[2024-07-18 06:35:17,103] {taskinstance.py:1044} INFO - 
--------------------------------------------------------------------------------
[2024-07-18 06:35:17,141] {taskinstance.py:1063} INFO - Executing <Task(PythonOperator): push_task> on 2024-03-12T00:00:00+00:00
[2024-07-18 06:35:17,166] {standard_task_runner.py:52} INFO - Started process 2962 to run task
[2024-07-18 06:35:17,162] {standard_task_runner.py:76} INFO - Running: ['airflow', 'tasks', 'run', 'xcom_example_dag', 'push_task', '2024-03-12T00:00:00+00:00', '--job-id', '495', '--pool', 'default_pool', '--raw', '--subdir', 'DAGS_FOLDER/xcom.py', '--cfg-path', '/tmp/tmpymtx5j0c', '--error-file', '/tmp/tmpxl7izr43']
[2024-07-18 06:35:17,171] {standard_task_runner.py:77} INFO - Job 495: Subtask push_task
[2024-07-18 06:35:17,325] {logging_mixin.py:104} INFO - Running <TaskInstance: xcom_example_dag.push_task 2024-03-12T00:00:00+00:00 [running]> on host a868c7bacc12
[2024-07-18 06:35:17,542] {taskinstance.py:1257} INFO - Exporting the following env vars:
AIRFLOW_CTX_DAG_OWNER=airflow
AIRFLOW_CTX_DAG_ID=xcom_example_dag
AIRFLOW_CTX_TASK_ID=push_task
AIRFLOW_CTX_EXECUTION_DATE=2024-03-12T00:00:00+00:00
AIRFLOW_CTX_DAG_RUN_ID=scheduled__2024-03-12T00:00:00+00:00
[2024-07-18 06:35:17,693] {python.py:118} INFO - Done. Returned value was: None
[2024-07-18 06:35:17,979] {taskinstance.py:1166} INFO - Marking task as SUCCESS. dag_id=xcom_example_dag, task_id=push_task, execution_date=20240312T000000, start_date=20240718T063517, end_date=20240718T063517
[2024-07-18 06:35:18,412] {taskinstance.py:1220} INFO - 0 downstream tasks scheduled from follow-on schedule check
[2024-07-18 06:35:18,449] {local_task_job.py:146} INFO - Task exited with return code 0
