[2024-07-18 06:34:46,299] {taskinstance.py:851} INFO - Dependencies all met for <TaskInstance: xcom_example_dag.push_task 2024-01-26T00:00:00+00:00 [queued]>
[2024-07-18 06:34:46,407] {taskinstance.py:851} INFO - Dependencies all met for <TaskInstance: xcom_example_dag.push_task 2024-01-26T00:00:00+00:00 [queued]>
[2024-07-18 06:34:46,408] {taskinstance.py:1042} INFO - 
--------------------------------------------------------------------------------
[2024-07-18 06:34:46,410] {taskinstance.py:1043} INFO - Starting attempt 1 of 2
[2024-07-18 06:34:46,410] {taskinstance.py:1044} INFO - 
--------------------------------------------------------------------------------
[2024-07-18 06:34:46,479] {taskinstance.py:1063} INFO - Executing <Task(PythonOperator): push_task> on 2024-01-26T00:00:00+00:00
[2024-07-18 06:34:46,490] {standard_task_runner.py:52} INFO - Started process 2748 to run task
[2024-07-18 06:34:46,502] {standard_task_runner.py:76} INFO - Running: ['airflow', 'tasks', 'run', 'xcom_example_dag', 'push_task', '2024-01-26T00:00:00+00:00', '--job-id', '403', '--pool', 'default_pool', '--raw', '--subdir', 'DAGS_FOLDER/xcom.py', '--cfg-path', '/tmp/tmpp9ap5d98', '--error-file', '/tmp/tmp6dt5_4ob']
[2024-07-18 06:34:46,517] {standard_task_runner.py:77} INFO - Job 403: Subtask push_task
[2024-07-18 06:34:46,679] {logging_mixin.py:104} INFO - Running <TaskInstance: xcom_example_dag.push_task 2024-01-26T00:00:00+00:00 [running]> on host a868c7bacc12
[2024-07-18 06:34:46,824] {taskinstance.py:1257} INFO - Exporting the following env vars:
AIRFLOW_CTX_DAG_OWNER=airflow
AIRFLOW_CTX_DAG_ID=xcom_example_dag
AIRFLOW_CTX_TASK_ID=push_task
AIRFLOW_CTX_EXECUTION_DATE=2024-01-26T00:00:00+00:00
AIRFLOW_CTX_DAG_RUN_ID=scheduled__2024-01-26T00:00:00+00:00
[2024-07-18 06:34:47,013] {python.py:118} INFO - Done. Returned value was: None
[2024-07-18 06:34:47,050] {taskinstance.py:1166} INFO - Marking task as SUCCESS. dag_id=xcom_example_dag, task_id=push_task, execution_date=20240126T000000, start_date=20240718T063446, end_date=20240718T063447
[2024-07-18 06:34:47,361] {taskinstance.py:1220} INFO - 0 downstream tasks scheduled from follow-on schedule check
[2024-07-18 06:34:47,423] {local_task_job.py:146} INFO - Task exited with return code 0
