[2024-07-18 11:20:17,387] {taskinstance.py:851} INFO - Dependencies all met for <TaskInstance: catchup_and_backfill.get_age 2024-07-15T00:00:00+00:00 [queued]>
[2024-07-18 11:20:17,408] {taskinstance.py:851} INFO - Dependencies all met for <TaskInstance: catchup_and_backfill.get_age 2024-07-15T00:00:00+00:00 [queued]>
[2024-07-18 11:20:17,409] {taskinstance.py:1042} INFO - 
--------------------------------------------------------------------------------
[2024-07-18 11:20:17,409] {taskinstance.py:1043} INFO - Starting attempt 1 of 6
[2024-07-18 11:20:17,409] {taskinstance.py:1044} INFO - 
--------------------------------------------------------------------------------
[2024-07-18 11:20:17,420] {taskinstance.py:1063} INFO - Executing <Task(PythonOperator): get_age> on 2024-07-15T00:00:00+00:00
[2024-07-18 11:20:17,427] {standard_task_runner.py:52} INFO - Started process 10046 to run task
[2024-07-18 11:20:17,432] {standard_task_runner.py:76} INFO - Running: ['airflow', 'tasks', 'run', 'catchup_and_backfill', 'get_age', '2024-07-15T00:00:00+00:00', '--job-id', '786', '--pool', 'default_pool', '--raw', '--subdir', 'DAGS_FOLDER/catchup_and_backfill.py', '--cfg-path', '/tmp/tmppudbamq0', '--error-file', '/tmp/tmptld6ki76']
[2024-07-18 11:20:17,434] {standard_task_runner.py:77} INFO - Job 786: Subtask get_age
[2024-07-18 11:20:17,493] {logging_mixin.py:104} INFO - Running <TaskInstance: catchup_and_backfill.get_age 2024-07-15T00:00:00+00:00 [running]> on host 063096b7a65b
[2024-07-18 11:20:17,554] {taskinstance.py:1257} INFO - Exporting the following env vars:
AIRFLOW_CTX_DAG_OWNER=MinhThai
AIRFLOW_CTX_DAG_ID=catchup_and_backfill
AIRFLOW_CTX_TASK_ID=get_age
AIRFLOW_CTX_EXECUTION_DATE=2024-07-15T00:00:00+00:00
AIRFLOW_CTX_DAG_RUN_ID=backfill__2024-07-15T00:00:00+00:00
[2024-07-18 11:20:17,575] {python.py:118} INFO - Done. Returned value was: None
[2024-07-18 11:20:17,589] {taskinstance.py:1166} INFO - Marking task as SUCCESS. dag_id=catchup_and_backfill, task_id=get_age, execution_date=20240715T000000, start_date=20240718T112017, end_date=20240718T112017
[2024-07-18 11:20:17,619] {taskinstance.py:1220} INFO - 0 downstream tasks scheduled from follow-on schedule check
[2024-07-18 11:20:17,646] {local_task_job.py:146} INFO - Task exited with return code 0
