[2024-07-16 02:46:52,879] {taskinstance.py:851} INFO - Dependencies all met for <TaskInstance: our_first_dag_v2.second_task 2021-11-15T00:00:00+00:00 [queued]>
[2024-07-16 02:46:52,934] {taskinstance.py:851} INFO - Dependencies all met for <TaskInstance: our_first_dag_v2.second_task 2021-11-15T00:00:00+00:00 [queued]>
[2024-07-16 02:46:52,935] {taskinstance.py:1042} INFO - 
--------------------------------------------------------------------------------
[2024-07-16 02:46:52,936] {taskinstance.py:1043} INFO - Starting attempt 1 of 6
[2024-07-16 02:46:52,937] {taskinstance.py:1044} INFO - 
--------------------------------------------------------------------------------
[2024-07-16 02:46:52,955] {taskinstance.py:1063} INFO - Executing <Task(BashOperator): second_task> on 2021-11-15T00:00:00+00:00
[2024-07-16 02:46:52,965] {standard_task_runner.py:52} INFO - Started process 3743 to run task
[2024-07-16 02:46:52,998] {standard_task_runner.py:76} INFO - Running: ['airflow', 'tasks', 'run', 'our_first_dag_v2', 'second_task', '2021-11-15T00:00:00+00:00', '--job-id', '1042', '--pool', 'default_pool', '--raw', '--subdir', 'DAGS_FOLDER/our_first_dag.py', '--cfg-path', '/tmp/tmpqxl8uo_h', '--error-file', '/tmp/tmp9dxh1l7f']
[2024-07-16 02:46:53,022] {standard_task_runner.py:77} INFO - Job 1042: Subtask second_task
[2024-07-16 02:46:53,164] {logging_mixin.py:104} INFO - Running <TaskInstance: our_first_dag_v2.second_task 2021-11-15T00:00:00+00:00 [running]> on host f3060829e7b4
[2024-07-16 02:46:53,282] {taskinstance.py:1257} INFO - Exporting the following env vars:
AIRFLOW_CTX_DAG_OWNER=coder2j
AIRFLOW_CTX_DAG_ID=our_first_dag_v2
AIRFLOW_CTX_TASK_ID=second_task
AIRFLOW_CTX_EXECUTION_DATE=2021-11-15T00:00:00+00:00
AIRFLOW_CTX_DAG_RUN_ID=scheduled__2021-11-15T00:00:00+00:00
[2024-07-16 02:46:53,287] {bash.py:135} INFO - Tmp dir root location: 
 /tmp
[2024-07-16 02:46:53,290] {bash.py:158} INFO - Running command: echo hello world, this is the second task, it will run after first task
[2024-07-16 02:46:53,307] {bash.py:169} INFO - Output:
[2024-07-16 02:46:53,309] {bash.py:173} INFO - hello world, this is the second task, it will run after first task
[2024-07-16 02:46:53,310] {bash.py:177} INFO - Command exited with return code 0
[2024-07-16 02:46:53,461] {taskinstance.py:1166} INFO - Marking task as SUCCESS. dag_id=our_first_dag_v2, task_id=second_task, execution_date=20211115T000000, start_date=20240716T024652, end_date=20240716T024653
[2024-07-16 02:46:53,733] {taskinstance.py:1220} INFO - 0 downstream tasks scheduled from follow-on schedule check
[2024-07-16 02:46:53,765] {local_task_job.py:146} INFO - Task exited with return code 0
