[2024-07-18 09:25:43,113] {taskinstance.py:851} INFO - Dependencies all met for <TaskInstance: dag_with_taskflow_api.get_age 2024-07-18T09:25:41.602260+00:00 [queued]>
[2024-07-18 09:25:43,141] {taskinstance.py:851} INFO - Dependencies all met for <TaskInstance: dag_with_taskflow_api.get_age 2024-07-18T09:25:41.602260+00:00 [queued]>
[2024-07-18 09:25:43,144] {taskinstance.py:1042} INFO - 
--------------------------------------------------------------------------------
[2024-07-18 09:25:43,145] {taskinstance.py:1043} INFO - Starting attempt 1 of 6
[2024-07-18 09:25:43,147] {taskinstance.py:1044} INFO - 
--------------------------------------------------------------------------------
[2024-07-18 09:25:43,164] {taskinstance.py:1063} INFO - Executing <Task(_PythonDecoratedOperator): get_age> on 2024-07-18T09:25:41.602260+00:00
[2024-07-18 09:25:43,169] {standard_task_runner.py:52} INFO - Started process 4820 to run task
[2024-07-18 09:25:43,179] {standard_task_runner.py:76} INFO - Running: ['airflow', 'tasks', 'run', 'dag_with_taskflow_api', 'get_age', '2024-07-18T09:25:41.602260+00:00', '--job-id', '773', '--pool', 'default_pool', '--raw', '--subdir', 'DAGS_FOLDER/dag_with_taskflow_api.py', '--cfg-path', '/tmp/tmp5jhb3l3o', '--error-file', '/tmp/tmpw0n95fd5']
[2024-07-18 09:25:43,183] {standard_task_runner.py:77} INFO - Job 773: Subtask get_age
[2024-07-18 09:25:43,254] {logging_mixin.py:104} INFO - Running <TaskInstance: dag_with_taskflow_api.get_age 2024-07-18T09:25:41.602260+00:00 [running]> on host b7036ca352b1
[2024-07-18 09:25:43,330] {taskinstance.py:1257} INFO - Exporting the following env vars:
AIRFLOW_CTX_DAG_OWNER=MinhThai
AIRFLOW_CTX_DAG_ID=dag_with_taskflow_api
AIRFLOW_CTX_TASK_ID=get_age
AIRFLOW_CTX_EXECUTION_DATE=2024-07-18T09:25:41.602260+00:00
AIRFLOW_CTX_DAG_RUN_ID=manual__2024-07-18T09:25:41.602260+00:00
[2024-07-18 09:25:43,367] {taskinstance.py:1166} INFO - Marking task as SUCCESS. dag_id=dag_with_taskflow_api, task_id=get_age, execution_date=20240718T092541, start_date=20240718T092543, end_date=20240718T092543
[2024-07-18 09:25:43,412] {taskinstance.py:1220} INFO - 1 downstream tasks scheduled from follow-on schedule check
[2024-07-18 09:25:43,428] {local_task_job.py:146} INFO - Task exited with return code 0
