[2024-07-16 02:42:48,557] {taskinstance.py:851} INFO - Dependencies all met for <TaskInstance: our_first_dag.first_task 2022-07-23T00:00:00+00:00 [queued]>
[2024-07-16 02:42:48,609] {taskinstance.py:851} INFO - Dependencies all met for <TaskInstance: our_first_dag.first_task 2022-07-23T00:00:00+00:00 [queued]>
[2024-07-16 02:42:48,611] {taskinstance.py:1042} INFO - 
--------------------------------------------------------------------------------
[2024-07-16 02:42:48,612] {taskinstance.py:1043} INFO - Starting attempt 1 of 6
[2024-07-16 02:42:48,613] {taskinstance.py:1044} INFO - 
--------------------------------------------------------------------------------
[2024-07-16 02:42:48,663] {taskinstance.py:1063} INFO - Executing <Task(BashOperator): first_task> on 2022-07-23T00:00:00+00:00
[2024-07-16 02:42:48,672] {standard_task_runner.py:52} INFO - Started process 1515 to run task
[2024-07-16 02:42:48,681] {standard_task_runner.py:76} INFO - Running: ['airflow', 'tasks', 'run', 'our_first_dag', 'first_task', '2022-07-23T00:00:00+00:00', '--job-id', '364', '--pool', 'default_pool', '--raw', '--subdir', 'DAGS_FOLDER/our_first_dag.py', '--cfg-path', '/tmp/tmpjmzzj9lj', '--error-file', '/tmp/tmp9ddberrr']
[2024-07-16 02:42:48,690] {standard_task_runner.py:77} INFO - Job 364: Subtask first_task
[2024-07-16 02:42:48,842] {logging_mixin.py:104} INFO - Running <TaskInstance: our_first_dag.first_task 2022-07-23T00:00:00+00:00 [running]> on host f3060829e7b4
[2024-07-16 02:42:49,020] {taskinstance.py:1257} INFO - Exporting the following env vars:
AIRFLOW_CTX_DAG_OWNER=coder2j
AIRFLOW_CTX_DAG_ID=our_first_dag
AIRFLOW_CTX_TASK_ID=first_task
AIRFLOW_CTX_EXECUTION_DATE=2022-07-23T00:00:00+00:00
AIRFLOW_CTX_DAG_RUN_ID=scheduled__2022-07-23T00:00:00+00:00
[2024-07-16 02:42:49,021] {bash.py:135} INFO - Tmp dir root location: 
 /tmp
[2024-07-16 02:42:49,024] {bash.py:158} INFO - Running command: echo hello world, this is the first task
[2024-07-16 02:42:49,042] {bash.py:169} INFO - Output:
[2024-07-16 02:42:49,045] {bash.py:173} INFO - hello world, this is the first task
[2024-07-16 02:42:49,046] {bash.py:177} INFO - Command exited with return code 0
[2024-07-16 02:42:49,124] {taskinstance.py:1166} INFO - Marking task as SUCCESS. dag_id=our_first_dag, task_id=first_task, execution_date=20220723T000000, start_date=20240716T024248, end_date=20240716T024249
[2024-07-16 02:42:49,209] {taskinstance.py:1220} INFO - 0 downstream tasks scheduled from follow-on schedule check
[2024-07-16 02:42:49,259] {local_task_job.py:146} INFO - Task exited with return code 0
