[2024-07-16 02:41:15,627] {taskinstance.py:851} INFO - Dependencies all met for <TaskInstance: our_first_dag.first_task 2021-09-10T00:00:00+00:00 [queued]>
[2024-07-16 02:41:15,660] {taskinstance.py:851} INFO - Dependencies all met for <TaskInstance: our_first_dag.first_task 2021-09-10T00:00:00+00:00 [queued]>
[2024-07-16 02:41:15,661] {taskinstance.py:1042} INFO - 
--------------------------------------------------------------------------------
[2024-07-16 02:41:15,661] {taskinstance.py:1043} INFO - Starting attempt 1 of 6
[2024-07-16 02:41:15,664] {taskinstance.py:1044} INFO - 
--------------------------------------------------------------------------------
[2024-07-16 02:41:15,690] {taskinstance.py:1063} INFO - Executing <Task(BashOperator): first_task> on 2021-09-10T00:00:00+00:00
[2024-07-16 02:41:15,697] {standard_task_runner.py:52} INFO - Started process 521 to run task
[2024-07-16 02:41:15,705] {standard_task_runner.py:76} INFO - Running: ['airflow', 'tasks', 'run', 'our_first_dag', 'first_task', '2021-09-10T00:00:00+00:00', '--job-id', '48', '--pool', 'default_pool', '--raw', '--subdir', 'DAGS_FOLDER/our_first_dag.py', '--cfg-path', '/tmp/tmp707euhgi', '--error-file', '/tmp/tmp36_gqcyi']
[2024-07-16 02:41:15,711] {standard_task_runner.py:77} INFO - Job 48: Subtask first_task
[2024-07-16 02:41:15,816] {logging_mixin.py:104} INFO - Running <TaskInstance: our_first_dag.first_task 2021-09-10T00:00:00+00:00 [running]> on host f3060829e7b4
[2024-07-16 02:41:15,918] {taskinstance.py:1257} INFO - Exporting the following env vars:
AIRFLOW_CTX_DAG_OWNER=coder2j
AIRFLOW_CTX_DAG_ID=our_first_dag
AIRFLOW_CTX_TASK_ID=first_task
AIRFLOW_CTX_EXECUTION_DATE=2021-09-10T00:00:00+00:00
AIRFLOW_CTX_DAG_RUN_ID=scheduled__2021-09-10T00:00:00+00:00
[2024-07-16 02:41:15,922] {bash.py:135} INFO - Tmp dir root location: 
 /tmp
[2024-07-16 02:41:15,925] {bash.py:158} INFO - Running command: echo hello world, this is the first task
[2024-07-16 02:41:15,944] {bash.py:169} INFO - Output:
[2024-07-16 02:41:15,948] {bash.py:173} INFO - hello world, this is the first task
[2024-07-16 02:41:15,949] {bash.py:177} INFO - Command exited with return code 0
[2024-07-16 02:41:16,014] {taskinstance.py:1166} INFO - Marking task as SUCCESS. dag_id=our_first_dag, task_id=first_task, execution_date=20210910T000000, start_date=20240716T024115, end_date=20240716T024116
[2024-07-16 02:41:16,229] {taskinstance.py:1220} INFO - 0 downstream tasks scheduled from follow-on schedule check
[2024-07-16 02:41:16,249] {local_task_job.py:146} INFO - Task exited with return code 0
