[2024-07-18 06:35:07,741] {taskinstance.py:851} INFO - Dependencies all met for <TaskInstance: xcom_example_dag.push_task 2024-02-27T00:00:00+00:00 [queued]>
[2024-07-18 06:35:07,955] {taskinstance.py:851} INFO - Dependencies all met for <TaskInstance: xcom_example_dag.push_task 2024-02-27T00:00:00+00:00 [queued]>
[2024-07-18 06:35:07,985] {taskinstance.py:1042} INFO - 
--------------------------------------------------------------------------------
[2024-07-18 06:35:08,000] {taskinstance.py:1043} INFO - Starting attempt 1 of 2
[2024-07-18 06:35:08,002] {taskinstance.py:1044} INFO - 
--------------------------------------------------------------------------------
[2024-07-18 06:35:08,096] {taskinstance.py:1063} INFO - Executing <Task(PythonOperator): push_task> on 2024-02-27T00:00:00+00:00
[2024-07-18 06:35:08,123] {standard_task_runner.py:52} INFO - Started process 2897 to run task
[2024-07-18 06:35:08,173] {standard_task_runner.py:76} INFO - Running: ['airflow', 'tasks', 'run', 'xcom_example_dag', 'push_task', '2024-02-27T00:00:00+00:00', '--job-id', '467', '--pool', 'default_pool', '--raw', '--subdir', 'DAGS_FOLDER/xcom.py', '--cfg-path', '/tmp/tmpiq4vdsbo', '--error-file', '/tmp/tmpk3b7a23d']
[2024-07-18 06:35:08,191] {standard_task_runner.py:77} INFO - Job 467: Subtask push_task
[2024-07-18 06:35:08,388] {logging_mixin.py:104} INFO - Running <TaskInstance: xcom_example_dag.push_task 2024-02-27T00:00:00+00:00 [running]> on host a868c7bacc12
[2024-07-18 06:35:08,628] {taskinstance.py:1257} INFO - Exporting the following env vars:
AIRFLOW_CTX_DAG_OWNER=airflow
AIRFLOW_CTX_DAG_ID=xcom_example_dag
AIRFLOW_CTX_TASK_ID=push_task
AIRFLOW_CTX_EXECUTION_DATE=2024-02-27T00:00:00+00:00
AIRFLOW_CTX_DAG_RUN_ID=scheduled__2024-02-27T00:00:00+00:00
[2024-07-18 06:35:08,723] {python.py:118} INFO - Done. Returned value was: None
[2024-07-18 06:35:08,771] {taskinstance.py:1166} INFO - Marking task as SUCCESS. dag_id=xcom_example_dag, task_id=push_task, execution_date=20240227T000000, start_date=20240718T063507, end_date=20240718T063508
[2024-07-18 06:35:09,219] {taskinstance.py:1220} INFO - 0 downstream tasks scheduled from follow-on schedule check
[2024-07-18 06:35:09,264] {local_task_job.py:146} INFO - Task exited with return code 0
