[2024-07-16 02:41:25,924] {taskinstance.py:851} INFO - Dependencies all met for <TaskInstance: our_first_dag.first_task 2021-10-24T00:00:00+00:00 [queued]>
[2024-07-16 02:41:25,954] {taskinstance.py:851} INFO - Dependencies all met for <TaskInstance: our_first_dag.first_task 2021-10-24T00:00:00+00:00 [queued]>
[2024-07-16 02:41:25,955] {taskinstance.py:1042} INFO - 
--------------------------------------------------------------------------------
[2024-07-16 02:41:25,955] {taskinstance.py:1043} INFO - Starting attempt 1 of 6
[2024-07-16 02:41:25,956] {taskinstance.py:1044} INFO - 
--------------------------------------------------------------------------------
[2024-07-16 02:41:25,976] {taskinstance.py:1063} INFO - Executing <Task(BashOperator): first_task> on 2021-10-24T00:00:00+00:00
[2024-07-16 02:41:25,982] {standard_task_runner.py:52} INFO - Started process 658 to run task
[2024-07-16 02:41:25,992] {standard_task_runner.py:76} INFO - Running: ['airflow', 'tasks', 'run', 'our_first_dag', 'first_task', '2021-10-24T00:00:00+00:00', '--job-id', '92', '--pool', 'default_pool', '--raw', '--subdir', 'DAGS_FOLDER/our_first_dag.py', '--cfg-path', '/tmp/tmpyfwamcto', '--error-file', '/tmp/tmpcq0bkfsz']
[2024-07-16 02:41:25,998] {standard_task_runner.py:77} INFO - Job 92: Subtask first_task
[2024-07-16 02:41:26,162] {logging_mixin.py:104} INFO - Running <TaskInstance: our_first_dag.first_task 2021-10-24T00:00:00+00:00 [running]> on host f3060829e7b4
[2024-07-16 02:41:26,313] {taskinstance.py:1257} INFO - Exporting the following env vars:
AIRFLOW_CTX_DAG_OWNER=coder2j
AIRFLOW_CTX_DAG_ID=our_first_dag
AIRFLOW_CTX_TASK_ID=first_task
AIRFLOW_CTX_EXECUTION_DATE=2021-10-24T00:00:00+00:00
AIRFLOW_CTX_DAG_RUN_ID=scheduled__2021-10-24T00:00:00+00:00
[2024-07-16 02:41:26,315] {bash.py:135} INFO - Tmp dir root location: 
 /tmp
[2024-07-16 02:41:26,317] {bash.py:158} INFO - Running command: echo hello world, this is the first task
[2024-07-16 02:41:26,341] {bash.py:169} INFO - Output:
[2024-07-16 02:41:26,348] {bash.py:173} INFO - hello world, this is the first task
[2024-07-16 02:41:26,359] {bash.py:177} INFO - Command exited with return code 0
[2024-07-16 02:41:26,467] {taskinstance.py:1166} INFO - Marking task as SUCCESS. dag_id=our_first_dag, task_id=first_task, execution_date=20211024T000000, start_date=20240716T024125, end_date=20240716T024126
[2024-07-16 02:41:26,588] {taskinstance.py:1220} INFO - 0 downstream tasks scheduled from follow-on schedule check
[2024-07-16 02:41:26,624] {local_task_job.py:146} INFO - Task exited with return code 0
