[2024-07-19 03:16:59,331] {taskinstance.py:851} INFO - Dependencies all met for <TaskInstance: catchup_and_backfill.get_name 2024-07-18T00:00:00+00:00 [queued]>
[2024-07-19 03:16:59,358] {taskinstance.py:851} INFO - Dependencies all met for <TaskInstance: catchup_and_backfill.get_name 2024-07-18T00:00:00+00:00 [queued]>
[2024-07-19 03:16:59,358] {taskinstance.py:1042} INFO - 
--------------------------------------------------------------------------------
[2024-07-19 03:16:59,359] {taskinstance.py:1043} INFO - Starting attempt 1 of 6
[2024-07-19 03:16:59,359] {taskinstance.py:1044} INFO - 
--------------------------------------------------------------------------------
[2024-07-19 03:16:59,386] {taskinstance.py:1063} INFO - Executing <Task(PythonOperator): get_name> on 2024-07-18T00:00:00+00:00
[2024-07-19 03:16:59,390] {standard_task_runner.py:52} INFO - Started process 218 to run task
[2024-07-19 03:16:59,398] {standard_task_runner.py:76} INFO - Running: ['airflow', 'tasks', 'run', 'catchup_and_backfill', 'get_name', '2024-07-18T00:00:00+00:00', '--job-id', '797', '--pool', 'default_pool', '--raw', '--subdir', 'DAGS_FOLDER/catchup_and_backfill.py', '--cfg-path', '/tmp/tmp58gqu2t5', '--error-file', '/tmp/tmpxa282xdx']
[2024-07-19 03:16:59,403] {standard_task_runner.py:77} INFO - Job 797: Subtask get_name
[2024-07-19 03:16:59,475] {logging_mixin.py:104} INFO - Running <TaskInstance: catchup_and_backfill.get_name 2024-07-18T00:00:00+00:00 [running]> on host b7036ca352b1
[2024-07-19 03:16:59,623] {taskinstance.py:1257} INFO - Exporting the following env vars:
AIRFLOW_CTX_DAG_OWNER=MinhThai
AIRFLOW_CTX_DAG_ID=catchup_and_backfill
AIRFLOW_CTX_TASK_ID=get_name
AIRFLOW_CTX_EXECUTION_DATE=2024-07-18T00:00:00+00:00
AIRFLOW_CTX_DAG_RUN_ID=scheduled__2024-07-18T00:00:00+00:00
[2024-07-19 03:16:59,673] {python.py:118} INFO - Done. Returned value was: None
[2024-07-19 03:16:59,693] {taskinstance.py:1166} INFO - Marking task as SUCCESS. dag_id=catchup_and_backfill, task_id=get_name, execution_date=20240718T000000, start_date=20240719T031659, end_date=20240719T031659
[2024-07-19 03:16:59,754] {taskinstance.py:1220} INFO - 1 downstream tasks scheduled from follow-on schedule check
[2024-07-19 03:16:59,784] {local_task_job.py:146} INFO - Task exited with return code 0
