[2024-07-16 02:46:07,997] {taskinstance.py:851} INFO - Dependencies all met for <TaskInstance: our_first_dag_v2.second_task 2021-08-18T00:00:00+00:00 [queued]>
[2024-07-16 02:46:08,042] {taskinstance.py:851} INFO - Dependencies all met for <TaskInstance: our_first_dag_v2.second_task 2021-08-18T00:00:00+00:00 [queued]>
[2024-07-16 02:46:08,045] {taskinstance.py:1042} INFO - 
--------------------------------------------------------------------------------
[2024-07-16 02:46:08,046] {taskinstance.py:1043} INFO - Starting attempt 1 of 6
[2024-07-16 02:46:08,047] {taskinstance.py:1044} INFO - 
--------------------------------------------------------------------------------
[2024-07-16 02:46:08,076] {taskinstance.py:1063} INFO - Executing <Task(BashOperator): second_task> on 2021-08-18T00:00:00+00:00
[2024-07-16 02:46:08,088] {standard_task_runner.py:52} INFO - Started process 3183 to run task
[2024-07-16 02:46:08,101] {standard_task_runner.py:76} INFO - Running: ['airflow', 'tasks', 'run', 'our_first_dag_v2', 'second_task', '2021-08-18T00:00:00+00:00', '--job-id', '863', '--pool', 'default_pool', '--raw', '--subdir', 'DAGS_FOLDER/our_first_dag.py', '--cfg-path', '/tmp/tmp35il73b6', '--error-file', '/tmp/tmp98ev_4lr']
[2024-07-16 02:46:08,118] {standard_task_runner.py:77} INFO - Job 863: Subtask second_task
[2024-07-16 02:46:08,380] {logging_mixin.py:104} INFO - Running <TaskInstance: our_first_dag_v2.second_task 2021-08-18T00:00:00+00:00 [running]> on host f3060829e7b4
[2024-07-16 02:46:08,513] {taskinstance.py:1257} INFO - Exporting the following env vars:
AIRFLOW_CTX_DAG_OWNER=coder2j
AIRFLOW_CTX_DAG_ID=our_first_dag_v2
AIRFLOW_CTX_TASK_ID=second_task
AIRFLOW_CTX_EXECUTION_DATE=2021-08-18T00:00:00+00:00
AIRFLOW_CTX_DAG_RUN_ID=scheduled__2021-08-18T00:00:00+00:00
[2024-07-16 02:46:08,518] {bash.py:135} INFO - Tmp dir root location: 
 /tmp
[2024-07-16 02:46:08,521] {bash.py:158} INFO - Running command: echo hello world, this is the second task, it will run after first task
[2024-07-16 02:46:08,539] {bash.py:169} INFO - Output:
[2024-07-16 02:46:08,543] {bash.py:173} INFO - hello world, this is the second task, it will run after first task
[2024-07-16 02:46:08,544] {bash.py:177} INFO - Command exited with return code 0
[2024-07-16 02:46:08,643] {taskinstance.py:1166} INFO - Marking task as SUCCESS. dag_id=our_first_dag_v2, task_id=second_task, execution_date=20210818T000000, start_date=20240716T024607, end_date=20240716T024608
[2024-07-16 02:46:08,779] {taskinstance.py:1220} INFO - 0 downstream tasks scheduled from follow-on schedule check
[2024-07-16 02:46:08,842] {local_task_job.py:146} INFO - Task exited with return code 0
