[2024-07-18 11:20:27,332] {taskinstance.py:851} INFO - Dependencies all met for <TaskInstance: catchup_and_backfill.greet 2024-07-15T00:00:00+00:00 [queued]>
[2024-07-18 11:20:27,349] {taskinstance.py:851} INFO - Dependencies all met for <TaskInstance: catchup_and_backfill.greet 2024-07-15T00:00:00+00:00 [queued]>
[2024-07-18 11:20:27,350] {taskinstance.py:1042} INFO - 
--------------------------------------------------------------------------------
[2024-07-18 11:20:27,350] {taskinstance.py:1043} INFO - Starting attempt 1 of 6
[2024-07-18 11:20:27,350] {taskinstance.py:1044} INFO - 
--------------------------------------------------------------------------------
[2024-07-18 11:20:27,361] {taskinstance.py:1063} INFO - Executing <Task(PythonOperator): greet> on 2024-07-15T00:00:00+00:00
[2024-07-18 11:20:27,365] {standard_task_runner.py:52} INFO - Started process 10056 to run task
[2024-07-18 11:20:27,370] {standard_task_runner.py:76} INFO - Running: ['airflow', 'tasks', 'run', 'catchup_and_backfill', 'greet', '2024-07-15T00:00:00+00:00', '--job-id', '788', '--pool', 'default_pool', '--raw', '--subdir', 'DAGS_FOLDER/catchup_and_backfill.py', '--cfg-path', '/tmp/tmphqu63nif', '--error-file', '/tmp/tmpt8tgwnv2']
[2024-07-18 11:20:27,372] {standard_task_runner.py:77} INFO - Job 788: Subtask greet
[2024-07-18 11:20:27,417] {logging_mixin.py:104} INFO - Running <TaskInstance: catchup_and_backfill.greet 2024-07-15T00:00:00+00:00 [running]> on host 063096b7a65b
[2024-07-18 11:20:27,456] {taskinstance.py:1257} INFO - Exporting the following env vars:
AIRFLOW_CTX_DAG_OWNER=MinhThai
AIRFLOW_CTX_DAG_ID=catchup_and_backfill
AIRFLOW_CTX_TASK_ID=greet
AIRFLOW_CTX_EXECUTION_DATE=2024-07-15T00:00:00+00:00
AIRFLOW_CTX_DAG_RUN_ID=backfill__2024-07-15T00:00:00+00:00
[2024-07-18 11:20:27,486] {logging_mixin.py:104} INFO - Hello world. My name is Pham Thien An and I am 15 years old
[2024-07-18 11:20:27,487] {python.py:118} INFO - Done. Returned value was: None
[2024-07-18 11:20:27,497] {taskinstance.py:1166} INFO - Marking task as SUCCESS. dag_id=catchup_and_backfill, task_id=greet, execution_date=20240715T000000, start_date=20240718T112027, end_date=20240718T112027
[2024-07-18 11:20:27,522] {taskinstance.py:1220} INFO - 0 downstream tasks scheduled from follow-on schedule check
[2024-07-18 11:20:27,543] {local_task_job.py:146} INFO - Task exited with return code 0
