[2024-07-18 06:33:48,698] {taskinstance.py:851} INFO - Dependencies all met for <TaskInstance: xcom_example_dag.push_task 2023-10-30T00:00:00+00:00 [queued]>
[2024-07-18 06:33:48,781] {taskinstance.py:851} INFO - Dependencies all met for <TaskInstance: xcom_example_dag.push_task 2023-10-30T00:00:00+00:00 [queued]>
[2024-07-18 06:33:48,788] {taskinstance.py:1042} INFO - 
--------------------------------------------------------------------------------
[2024-07-18 06:33:48,792] {taskinstance.py:1043} INFO - Starting attempt 1 of 2
[2024-07-18 06:33:48,798] {taskinstance.py:1044} INFO - 
--------------------------------------------------------------------------------
[2024-07-18 06:33:48,855] {taskinstance.py:1063} INFO - Executing <Task(PythonOperator): push_task> on 2023-10-30T00:00:00+00:00
[2024-07-18 06:33:48,862] {standard_task_runner.py:52} INFO - Started process 2349 to run task
[2024-07-18 06:33:48,873] {standard_task_runner.py:76} INFO - Running: ['airflow', 'tasks', 'run', 'xcom_example_dag', 'push_task', '2023-10-30T00:00:00+00:00', '--job-id', '228', '--pool', 'default_pool', '--raw', '--subdir', 'DAGS_FOLDER/xcom.py', '--cfg-path', '/tmp/tmphxs79aqx', '--error-file', '/tmp/tmpzit6ncdo']
[2024-07-18 06:33:48,881] {standard_task_runner.py:77} INFO - Job 228: Subtask push_task
[2024-07-18 06:33:49,039] {logging_mixin.py:104} INFO - Running <TaskInstance: xcom_example_dag.push_task 2023-10-30T00:00:00+00:00 [running]> on host a868c7bacc12
[2024-07-18 06:33:49,234] {taskinstance.py:1257} INFO - Exporting the following env vars:
AIRFLOW_CTX_DAG_OWNER=airflow
AIRFLOW_CTX_DAG_ID=xcom_example_dag
AIRFLOW_CTX_TASK_ID=push_task
AIRFLOW_CTX_EXECUTION_DATE=2023-10-30T00:00:00+00:00
AIRFLOW_CTX_DAG_RUN_ID=scheduled__2023-10-30T00:00:00+00:00
[2024-07-18 06:33:49,297] {python.py:118} INFO - Done. Returned value was: None
[2024-07-18 06:33:49,327] {taskinstance.py:1166} INFO - Marking task as SUCCESS. dag_id=xcom_example_dag, task_id=push_task, execution_date=20231030T000000, start_date=20240718T063348, end_date=20240718T063349
[2024-07-18 06:33:49,658] {taskinstance.py:1220} INFO - 1 downstream tasks scheduled from follow-on schedule check
[2024-07-18 06:33:49,735] {local_task_job.py:146} INFO - Task exited with return code 0
