[2024-07-18 06:32:42,008] {taskinstance.py:851} INFO - Dependencies all met for <TaskInstance: xcom_example_dag.push_task 2023-07-21T00:00:00+00:00 [queued]>
[2024-07-18 06:32:42,036] {taskinstance.py:851} INFO - Dependencies all met for <TaskInstance: xcom_example_dag.push_task 2023-07-21T00:00:00+00:00 [queued]>
[2024-07-18 06:32:42,038] {taskinstance.py:1042} INFO - 
--------------------------------------------------------------------------------
[2024-07-18 06:32:42,045] {taskinstance.py:1043} INFO - Starting attempt 1 of 2
[2024-07-18 06:32:42,050] {taskinstance.py:1044} INFO - 
--------------------------------------------------------------------------------
[2024-07-18 06:32:42,144] {taskinstance.py:1063} INFO - Executing <Task(PythonOperator): push_task> on 2023-07-21T00:00:00+00:00
[2024-07-18 06:32:42,156] {standard_task_runner.py:52} INFO - Started process 1879 to run task
[2024-07-18 06:32:42,169] {standard_task_runner.py:76} INFO - Running: ['airflow', 'tasks', 'run', 'xcom_example_dag', 'push_task', '2023-07-21T00:00:00+00:00', '--job-id', '25', '--pool', 'default_pool', '--raw', '--subdir', 'DAGS_FOLDER/xcom.py', '--cfg-path', '/tmp/tmpyhn1me_c', '--error-file', '/tmp/tmpbg_fuo_3']
[2024-07-18 06:32:42,178] {standard_task_runner.py:77} INFO - Job 25: Subtask push_task
[2024-07-18 06:32:42,365] {logging_mixin.py:104} INFO - Running <TaskInstance: xcom_example_dag.push_task 2023-07-21T00:00:00+00:00 [running]> on host a868c7bacc12
[2024-07-18 06:32:42,608] {taskinstance.py:1257} INFO - Exporting the following env vars:
AIRFLOW_CTX_DAG_OWNER=airflow
AIRFLOW_CTX_DAG_ID=xcom_example_dag
AIRFLOW_CTX_TASK_ID=push_task
AIRFLOW_CTX_EXECUTION_DATE=2023-07-21T00:00:00+00:00
AIRFLOW_CTX_DAG_RUN_ID=scheduled__2023-07-21T00:00:00+00:00
[2024-07-18 06:32:42,692] {python.py:118} INFO - Done. Returned value was: None
[2024-07-18 06:32:42,733] {taskinstance.py:1166} INFO - Marking task as SUCCESS. dag_id=xcom_example_dag, task_id=push_task, execution_date=20230721T000000, start_date=20240718T063242, end_date=20240718T063242
[2024-07-18 06:32:42,859] {taskinstance.py:1220} INFO - 0 downstream tasks scheduled from follow-on schedule check
[2024-07-18 06:32:42,918] {local_task_job.py:146} INFO - Task exited with return code 0
