[2024-07-16 02:46:52,872] {taskinstance.py:851} INFO - Dependencies all met for <TaskInstance: our_first_dag_v2.first_task 2021-11-19T00:00:00+00:00 [queued]>
[2024-07-16 02:46:52,912] {taskinstance.py:851} INFO - Dependencies all met for <TaskInstance: our_first_dag_v2.first_task 2021-11-19T00:00:00+00:00 [queued]>
[2024-07-16 02:46:52,912] {taskinstance.py:1042} INFO - 
--------------------------------------------------------------------------------
[2024-07-16 02:46:52,913] {taskinstance.py:1043} INFO - Starting attempt 1 of 6
[2024-07-16 02:46:52,914] {taskinstance.py:1044} INFO - 
--------------------------------------------------------------------------------
[2024-07-16 02:46:52,935] {taskinstance.py:1063} INFO - Executing <Task(BashOperator): first_task> on 2021-11-19T00:00:00+00:00
[2024-07-16 02:46:52,946] {standard_task_runner.py:52} INFO - Started process 3742 to run task
[2024-07-16 02:46:52,968] {standard_task_runner.py:76} INFO - Running: ['airflow', 'tasks', 'run', 'our_first_dag_v2', 'first_task', '2021-11-19T00:00:00+00:00', '--job-id', '1041', '--pool', 'default_pool', '--raw', '--subdir', 'DAGS_FOLDER/our_first_dag.py', '--cfg-path', '/tmp/tmpri_kzoeo', '--error-file', '/tmp/tmp9gydk9pf']
[2024-07-16 02:46:52,975] {standard_task_runner.py:77} INFO - Job 1041: Subtask first_task
[2024-07-16 02:46:53,130] {logging_mixin.py:104} INFO - Running <TaskInstance: our_first_dag_v2.first_task 2021-11-19T00:00:00+00:00 [running]> on host f3060829e7b4
[2024-07-16 02:46:53,277] {taskinstance.py:1257} INFO - Exporting the following env vars:
AIRFLOW_CTX_DAG_OWNER=coder2j
AIRFLOW_CTX_DAG_ID=our_first_dag_v2
AIRFLOW_CTX_TASK_ID=first_task
AIRFLOW_CTX_EXECUTION_DATE=2021-11-19T00:00:00+00:00
AIRFLOW_CTX_DAG_RUN_ID=scheduled__2021-11-19T00:00:00+00:00
[2024-07-16 02:46:53,284] {bash.py:135} INFO - Tmp dir root location: 
 /tmp
[2024-07-16 02:46:53,286] {bash.py:158} INFO - Running command: echo hello world, this is the first task
[2024-07-16 02:46:53,321] {bash.py:169} INFO - Output:
[2024-07-16 02:46:53,322] {bash.py:173} INFO - hello world, this is the first task
[2024-07-16 02:46:53,323] {bash.py:177} INFO - Command exited with return code 0
[2024-07-16 02:46:53,406] {taskinstance.py:1166} INFO - Marking task as SUCCESS. dag_id=our_first_dag_v2, task_id=first_task, execution_date=20211119T000000, start_date=20240716T024652, end_date=20240716T024653
[2024-07-16 02:46:53,731] {taskinstance.py:1220} INFO - 0 downstream tasks scheduled from follow-on schedule check
[2024-07-16 02:46:53,796] {local_task_job.py:146} INFO - Task exited with return code 0
