[2024-07-16 02:44:22,573] {taskinstance.py:851} INFO - Dependencies all met for <TaskInstance: our_first_dag.first_task 2023-05-13T00:00:00+00:00 [queued]>
[2024-07-16 02:44:22,656] {taskinstance.py:851} INFO - Dependencies all met for <TaskInstance: our_first_dag.first_task 2023-05-13T00:00:00+00:00 [queued]>
[2024-07-16 02:44:22,657] {taskinstance.py:1042} INFO - 
--------------------------------------------------------------------------------
[2024-07-16 02:44:22,666] {taskinstance.py:1043} INFO - Starting attempt 1 of 6
[2024-07-16 02:44:22,670] {taskinstance.py:1044} INFO - 
--------------------------------------------------------------------------------
[2024-07-16 02:44:22,703] {taskinstance.py:1063} INFO - Executing <Task(BashOperator): first_task> on 2023-05-13T00:00:00+00:00
[2024-07-16 02:44:22,717] {standard_task_runner.py:52} INFO - Started process 2442 to run task
[2024-07-16 02:44:22,744] {standard_task_runner.py:76} INFO - Running: ['airflow', 'tasks', 'run', 'our_first_dag', 'first_task', '2023-05-13T00:00:00+00:00', '--job-id', '658', '--pool', 'default_pool', '--raw', '--subdir', 'DAGS_FOLDER/our_first_dag.py', '--cfg-path', '/tmp/tmp0v51v58u', '--error-file', '/tmp/tmpqrrcnzo3']
[2024-07-16 02:44:22,776] {standard_task_runner.py:77} INFO - Job 658: Subtask first_task
[2024-07-16 02:44:22,980] {logging_mixin.py:104} INFO - Running <TaskInstance: our_first_dag.first_task 2023-05-13T00:00:00+00:00 [running]> on host f3060829e7b4
[2024-07-16 02:44:23,256] {taskinstance.py:1257} INFO - Exporting the following env vars:
AIRFLOW_CTX_DAG_OWNER=coder2j
AIRFLOW_CTX_DAG_ID=our_first_dag
AIRFLOW_CTX_TASK_ID=first_task
AIRFLOW_CTX_EXECUTION_DATE=2023-05-13T00:00:00+00:00
AIRFLOW_CTX_DAG_RUN_ID=scheduled__2023-05-13T00:00:00+00:00
[2024-07-16 02:44:23,261] {bash.py:135} INFO - Tmp dir root location: 
 /tmp
[2024-07-16 02:44:23,266] {bash.py:158} INFO - Running command: echo hello world, this is the first task
[2024-07-16 02:44:23,300] {bash.py:169} INFO - Output:
[2024-07-16 02:44:23,303] {bash.py:173} INFO - hello world, this is the first task
[2024-07-16 02:44:23,304] {bash.py:177} INFO - Command exited with return code 0
[2024-07-16 02:44:23,404] {taskinstance.py:1166} INFO - Marking task as SUCCESS. dag_id=our_first_dag, task_id=first_task, execution_date=20230513T000000, start_date=20240716T024422, end_date=20240716T024423
[2024-07-16 02:44:23,557] {taskinstance.py:1220} INFO - 0 downstream tasks scheduled from follow-on schedule check
[2024-07-16 02:44:23,615] {local_task_job.py:146} INFO - Task exited with return code 0
