[2024-07-18 06:33:01,408] {taskinstance.py:851} INFO - Dependencies all met for <TaskInstance: xcom_example_dag.push_task 2023-08-20T00:00:00+00:00 [queued]>
[2024-07-18 06:33:01,587] {taskinstance.py:851} INFO - Dependencies all met for <TaskInstance: xcom_example_dag.push_task 2023-08-20T00:00:00+00:00 [queued]>
[2024-07-18 06:33:01,598] {taskinstance.py:1042} INFO - 
--------------------------------------------------------------------------------
[2024-07-18 06:33:01,599] {taskinstance.py:1043} INFO - Starting attempt 1 of 2
[2024-07-18 06:33:01,601] {taskinstance.py:1044} INFO - 
--------------------------------------------------------------------------------
[2024-07-18 06:33:01,663] {taskinstance.py:1063} INFO - Executing <Task(PythonOperator): push_task> on 2023-08-20T00:00:00+00:00
[2024-07-18 06:33:01,676] {standard_task_runner.py:52} INFO - Started process 2019 to run task
[2024-07-18 06:33:01,688] {standard_task_runner.py:76} INFO - Running: ['airflow', 'tasks', 'run', 'xcom_example_dag', 'push_task', '2023-08-20T00:00:00+00:00', '--job-id', '86', '--pool', 'default_pool', '--raw', '--subdir', 'DAGS_FOLDER/xcom.py', '--cfg-path', '/tmp/tmpp1gi99r2', '--error-file', '/tmp/tmpfj5r_jhu']
[2024-07-18 06:33:01,704] {standard_task_runner.py:77} INFO - Job 86: Subtask push_task
[2024-07-18 06:33:01,976] {logging_mixin.py:104} INFO - Running <TaskInstance: xcom_example_dag.push_task 2023-08-20T00:00:00+00:00 [running]> on host a868c7bacc12
[2024-07-18 06:33:02,379] {taskinstance.py:1257} INFO - Exporting the following env vars:
AIRFLOW_CTX_DAG_OWNER=airflow
AIRFLOW_CTX_DAG_ID=xcom_example_dag
AIRFLOW_CTX_TASK_ID=push_task
AIRFLOW_CTX_EXECUTION_DATE=2023-08-20T00:00:00+00:00
AIRFLOW_CTX_DAG_RUN_ID=scheduled__2023-08-20T00:00:00+00:00
[2024-07-18 06:33:02,547] {python.py:118} INFO - Done. Returned value was: None
[2024-07-18 06:33:02,608] {taskinstance.py:1166} INFO - Marking task as SUCCESS. dag_id=xcom_example_dag, task_id=push_task, execution_date=20230820T000000, start_date=20240718T063301, end_date=20240718T063302
[2024-07-18 06:33:02,924] {taskinstance.py:1220} INFO - 0 downstream tasks scheduled from follow-on schedule check
[2024-07-18 06:33:02,970] {local_task_job.py:146} INFO - Task exited with return code 0
