[2024-07-18 06:34:51,383] {taskinstance.py:851} INFO - Dependencies all met for <TaskInstance: xcom_example_dag.pull_task 2024-01-30T00:00:00+00:00 [queued]>
[2024-07-18 06:34:51,456] {taskinstance.py:851} INFO - Dependencies all met for <TaskInstance: xcom_example_dag.pull_task 2024-01-30T00:00:00+00:00 [queued]>
[2024-07-18 06:34:51,462] {taskinstance.py:1042} INFO - 
--------------------------------------------------------------------------------
[2024-07-18 06:34:51,475] {taskinstance.py:1043} INFO - Starting attempt 1 of 2
[2024-07-18 06:34:51,477] {taskinstance.py:1044} INFO - 
--------------------------------------------------------------------------------
[2024-07-18 06:34:51,703] {taskinstance.py:1063} INFO - Executing <Task(PythonOperator): pull_task> on 2024-01-30T00:00:00+00:00
[2024-07-18 06:34:51,718] {standard_task_runner.py:52} INFO - Started process 2792 to run task
[2024-07-18 06:34:51,756] {standard_task_runner.py:76} INFO - Running: ['airflow', 'tasks', 'run', 'xcom_example_dag', 'pull_task', '2024-01-30T00:00:00+00:00', '--job-id', '420', '--pool', 'default_pool', '--raw', '--subdir', 'DAGS_FOLDER/xcom.py', '--cfg-path', '/tmp/tmp7a94hoso', '--error-file', '/tmp/tmpde3c379t']
[2024-07-18 06:34:51,762] {standard_task_runner.py:77} INFO - Job 420: Subtask pull_task
[2024-07-18 06:34:52,034] {logging_mixin.py:104} INFO - Running <TaskInstance: xcom_example_dag.pull_task 2024-01-30T00:00:00+00:00 [running]> on host a868c7bacc12
[2024-07-18 06:34:52,217] {taskinstance.py:1257} INFO - Exporting the following env vars:
AIRFLOW_CTX_DAG_OWNER=airflow
AIRFLOW_CTX_DAG_ID=xcom_example_dag
AIRFLOW_CTX_TASK_ID=pull_task
AIRFLOW_CTX_EXECUTION_DATE=2024-01-30T00:00:00+00:00
AIRFLOW_CTX_DAG_RUN_ID=scheduled__2024-01-30T00:00:00+00:00
[2024-07-18 06:34:52,248] {logging_mixin.py:104} INFO - Pulled message: Hello from push_function!
[2024-07-18 06:34:52,254] {python.py:118} INFO - Done. Returned value was: None
[2024-07-18 06:34:52,286] {taskinstance.py:1166} INFO - Marking task as SUCCESS. dag_id=xcom_example_dag, task_id=pull_task, execution_date=20240130T000000, start_date=20240718T063451, end_date=20240718T063452
[2024-07-18 06:34:52,414] {taskinstance.py:1220} INFO - 0 downstream tasks scheduled from follow-on schedule check
[2024-07-18 06:34:52,469] {local_task_job.py:146} INFO - Task exited with return code 0
