[2024-07-16 02:45:02,417] {taskinstance.py:851} INFO - Dependencies all met for <TaskInstance: our_first_dag.first_task 2023-10-08T00:00:00+00:00 [queued]>
[2024-07-16 02:45:02,489] {taskinstance.py:851} INFO - Dependencies all met for <TaskInstance: our_first_dag.first_task 2023-10-08T00:00:00+00:00 [queued]>
[2024-07-16 02:45:02,496] {taskinstance.py:1042} INFO - 
--------------------------------------------------------------------------------
[2024-07-16 02:45:02,498] {taskinstance.py:1043} INFO - Starting attempt 1 of 6
[2024-07-16 02:45:02,507] {taskinstance.py:1044} INFO - 
--------------------------------------------------------------------------------
[2024-07-16 02:45:02,547] {taskinstance.py:1063} INFO - Executing <Task(BashOperator): first_task> on 2023-10-08T00:00:00+00:00
[2024-07-16 02:45:02,563] {standard_task_runner.py:52} INFO - Started process 2901 to run task
[2024-07-16 02:45:02,571] {standard_task_runner.py:76} INFO - Running: ['airflow', 'tasks', 'run', 'our_first_dag', 'first_task', '2023-10-08T00:00:00+00:00', '--job-id', '806', '--pool', 'default_pool', '--raw', '--subdir', 'DAGS_FOLDER/our_first_dag.py', '--cfg-path', '/tmp/tmps6v7wk2f', '--error-file', '/tmp/tmpr918k1vz']
[2024-07-16 02:45:02,579] {standard_task_runner.py:77} INFO - Job 806: Subtask first_task
[2024-07-16 02:45:02,720] {logging_mixin.py:104} INFO - Running <TaskInstance: our_first_dag.first_task 2023-10-08T00:00:00+00:00 [running]> on host f3060829e7b4
[2024-07-16 02:45:02,868] {taskinstance.py:1257} INFO - Exporting the following env vars:
AIRFLOW_CTX_DAG_OWNER=coder2j
AIRFLOW_CTX_DAG_ID=our_first_dag
AIRFLOW_CTX_TASK_ID=first_task
AIRFLOW_CTX_EXECUTION_DATE=2023-10-08T00:00:00+00:00
AIRFLOW_CTX_DAG_RUN_ID=scheduled__2023-10-08T00:00:00+00:00
[2024-07-16 02:45:02,874] {bash.py:135} INFO - Tmp dir root location: 
 /tmp
[2024-07-16 02:45:02,879] {bash.py:158} INFO - Running command: echo hello world, this is the first task
[2024-07-16 02:45:02,897] {bash.py:169} INFO - Output:
[2024-07-16 02:45:02,900] {bash.py:173} INFO - hello world, this is the first task
[2024-07-16 02:45:02,902] {bash.py:177} INFO - Command exited with return code 0
[2024-07-16 02:45:02,976] {taskinstance.py:1166} INFO - Marking task as SUCCESS. dag_id=our_first_dag, task_id=first_task, execution_date=20231008T000000, start_date=20240716T024502, end_date=20240716T024502
[2024-07-16 02:45:03,033] {taskinstance.py:1220} INFO - 0 downstream tasks scheduled from follow-on schedule check
[2024-07-16 02:45:03,072] {local_task_job.py:146} INFO - Task exited with return code 0
