[2024-07-18 11:22:23,652] {taskinstance.py:851} INFO - Dependencies all met for <TaskInstance: catchup_and_backfill.get_name 2024-07-18T11:22:22.032132+00:00 [queued]>
[2024-07-18 11:22:23,688] {taskinstance.py:851} INFO - Dependencies all met for <TaskInstance: catchup_and_backfill.get_name 2024-07-18T11:22:22.032132+00:00 [queued]>
[2024-07-18 11:22:23,689] {taskinstance.py:1042} INFO - 
--------------------------------------------------------------------------------
[2024-07-18 11:22:23,690] {taskinstance.py:1043} INFO - Starting attempt 1 of 6
[2024-07-18 11:22:23,690] {taskinstance.py:1044} INFO - 
--------------------------------------------------------------------------------
[2024-07-18 11:22:23,711] {taskinstance.py:1063} INFO - Executing <Task(PythonOperator): get_name> on 2024-07-18T11:22:22.032132+00:00
[2024-07-18 11:22:23,719] {standard_task_runner.py:52} INFO - Started process 18639 to run task
[2024-07-18 11:22:23,730] {standard_task_runner.py:76} INFO - Running: ['airflow', 'tasks', 'run', 'catchup_and_backfill', 'get_name', '2024-07-18T11:22:22.032132+00:00', '--job-id', '789', '--pool', 'default_pool', '--raw', '--subdir', 'DAGS_FOLDER/catchup_and_backfill.py', '--cfg-path', '/tmp/tmpq8ldrn6g', '--error-file', '/tmp/tmppabm5xn4']
[2024-07-18 11:22:23,758] {standard_task_runner.py:77} INFO - Job 789: Subtask get_name
[2024-07-18 11:22:23,881] {logging_mixin.py:104} INFO - Running <TaskInstance: catchup_and_backfill.get_name 2024-07-18T11:22:22.032132+00:00 [running]> on host b7036ca352b1
[2024-07-18 11:22:24,021] {taskinstance.py:1257} INFO - Exporting the following env vars:
AIRFLOW_CTX_DAG_OWNER=MinhThai
AIRFLOW_CTX_DAG_ID=catchup_and_backfill
AIRFLOW_CTX_TASK_ID=get_name
AIRFLOW_CTX_EXECUTION_DATE=2024-07-18T11:22:22.032132+00:00
AIRFLOW_CTX_DAG_RUN_ID=manual__2024-07-18T11:22:22.032132+00:00
[2024-07-18 11:22:24,097] {python.py:118} INFO - Done. Returned value was: None
[2024-07-18 11:22:24,136] {taskinstance.py:1166} INFO - Marking task as SUCCESS. dag_id=catchup_and_backfill, task_id=get_name, execution_date=20240718T112222, start_date=20240718T112223, end_date=20240718T112224
[2024-07-18 11:22:24,248] {taskinstance.py:1220} INFO - 0 downstream tasks scheduled from follow-on schedule check
[2024-07-18 11:22:24,263] {local_task_job.py:146} INFO - Task exited with return code 0
