[2024-07-18 06:33:31,635] {taskinstance.py:851} INFO - Dependencies all met for <TaskInstance: xcom_example_dag.push_task 2023-10-06T00:00:00+00:00 [queued]>
[2024-07-18 06:33:31,708] {taskinstance.py:851} INFO - Dependencies all met for <TaskInstance: xcom_example_dag.push_task 2023-10-06T00:00:00+00:00 [queued]>
[2024-07-18 06:33:31,735] {taskinstance.py:1042} INFO - 
--------------------------------------------------------------------------------
[2024-07-18 06:33:31,742] {taskinstance.py:1043} INFO - Starting attempt 1 of 2
[2024-07-18 06:33:31,743] {taskinstance.py:1044} INFO - 
--------------------------------------------------------------------------------
[2024-07-18 06:33:31,844] {taskinstance.py:1063} INFO - Executing <Task(PythonOperator): push_task> on 2023-10-06T00:00:00+00:00
[2024-07-18 06:33:31,880] {standard_task_runner.py:52} INFO - Started process 2236 to run task
[2024-07-18 06:33:31,893] {standard_task_runner.py:76} INFO - Running: ['airflow', 'tasks', 'run', 'xcom_example_dag', 'push_task', '2023-10-06T00:00:00+00:00', '--job-id', '179', '--pool', 'default_pool', '--raw', '--subdir', 'DAGS_FOLDER/xcom.py', '--cfg-path', '/tmp/tmp8pcvwrl2', '--error-file', '/tmp/tmp1ggg6spi']
[2024-07-18 06:33:31,899] {standard_task_runner.py:77} INFO - Job 179: Subtask push_task
[2024-07-18 06:33:32,058] {logging_mixin.py:104} INFO - Running <TaskInstance: xcom_example_dag.push_task 2023-10-06T00:00:00+00:00 [running]> on host a868c7bacc12
[2024-07-18 06:33:32,235] {taskinstance.py:1257} INFO - Exporting the following env vars:
AIRFLOW_CTX_DAG_OWNER=airflow
AIRFLOW_CTX_DAG_ID=xcom_example_dag
AIRFLOW_CTX_TASK_ID=push_task
AIRFLOW_CTX_EXECUTION_DATE=2023-10-06T00:00:00+00:00
AIRFLOW_CTX_DAG_RUN_ID=scheduled__2023-10-06T00:00:00+00:00
[2024-07-18 06:33:32,300] {python.py:118} INFO - Done. Returned value was: None
[2024-07-18 06:33:32,341] {taskinstance.py:1166} INFO - Marking task as SUCCESS. dag_id=xcom_example_dag, task_id=push_task, execution_date=20231006T000000, start_date=20240718T063331, end_date=20240718T063332
[2024-07-18 06:33:32,496] {taskinstance.py:1220} INFO - 1 downstream tasks scheduled from follow-on schedule check
[2024-07-18 06:33:32,525] {local_task_job.py:146} INFO - Task exited with return code 0
