[2024-07-18 06:33:01,977] {taskinstance.py:851} INFO - Dependencies all met for <TaskInstance: xcom_example_dag.push_task 2023-08-21T00:00:00+00:00 [queued]>
[2024-07-18 06:33:02,089] {taskinstance.py:851} INFO - Dependencies all met for <TaskInstance: xcom_example_dag.push_task 2023-08-21T00:00:00+00:00 [queued]>
[2024-07-18 06:33:02,093] {taskinstance.py:1042} INFO - 
--------------------------------------------------------------------------------
[2024-07-18 06:33:02,095] {taskinstance.py:1043} INFO - Starting attempt 1 of 2
[2024-07-18 06:33:02,101] {taskinstance.py:1044} INFO - 
--------------------------------------------------------------------------------
[2024-07-18 06:33:02,231] {taskinstance.py:1063} INFO - Executing <Task(PythonOperator): push_task> on 2023-08-21T00:00:00+00:00
[2024-07-18 06:33:02,262] {standard_task_runner.py:52} INFO - Started process 2023 to run task
[2024-07-18 06:33:02,290] {standard_task_runner.py:76} INFO - Running: ['airflow', 'tasks', 'run', 'xcom_example_dag', 'push_task', '2023-08-21T00:00:00+00:00', '--job-id', '88', '--pool', 'default_pool', '--raw', '--subdir', 'DAGS_FOLDER/xcom.py', '--cfg-path', '/tmp/tmppezn8vnv', '--error-file', '/tmp/tmpm6ewa5tl']
[2024-07-18 06:33:02,302] {standard_task_runner.py:77} INFO - Job 88: Subtask push_task
[2024-07-18 06:33:02,754] {logging_mixin.py:104} INFO - Running <TaskInstance: xcom_example_dag.push_task 2023-08-21T00:00:00+00:00 [running]> on host a868c7bacc12
[2024-07-18 06:33:02,992] {taskinstance.py:1257} INFO - Exporting the following env vars:
AIRFLOW_CTX_DAG_OWNER=airflow
AIRFLOW_CTX_DAG_ID=xcom_example_dag
AIRFLOW_CTX_TASK_ID=push_task
AIRFLOW_CTX_EXECUTION_DATE=2023-08-21T00:00:00+00:00
AIRFLOW_CTX_DAG_RUN_ID=scheduled__2023-08-21T00:00:00+00:00
[2024-07-18 06:33:03,188] {python.py:118} INFO - Done. Returned value was: None
[2024-07-18 06:33:03,245] {taskinstance.py:1166} INFO - Marking task as SUCCESS. dag_id=xcom_example_dag, task_id=push_task, execution_date=20230821T000000, start_date=20240718T063301, end_date=20240718T063303
[2024-07-18 06:33:03,487] {taskinstance.py:1220} INFO - 1 downstream tasks scheduled from follow-on schedule check
[2024-07-18 06:33:03,536] {local_task_job.py:146} INFO - Task exited with return code 0
