[2024-07-16 02:47:00,974] {taskinstance.py:851} INFO - Dependencies all met for <TaskInstance: our_first_dag_v2.second_task 2021-12-04T00:00:00+00:00 [queued]>
[2024-07-16 02:47:01,021] {taskinstance.py:851} INFO - Dependencies all met for <TaskInstance: our_first_dag_v2.second_task 2021-12-04T00:00:00+00:00 [queued]>
[2024-07-16 02:47:01,021] {taskinstance.py:1042} INFO - 
--------------------------------------------------------------------------------
[2024-07-16 02:47:01,023] {taskinstance.py:1043} INFO - Starting attempt 1 of 6
[2024-07-16 02:47:01,024] {taskinstance.py:1044} INFO - 
--------------------------------------------------------------------------------
[2024-07-16 02:47:01,052] {taskinstance.py:1063} INFO - Executing <Task(BashOperator): second_task> on 2021-12-04T00:00:00+00:00
[2024-07-16 02:47:01,062] {standard_task_runner.py:52} INFO - Started process 3860 to run task
[2024-07-16 02:47:01,073] {standard_task_runner.py:76} INFO - Running: ['airflow', 'tasks', 'run', 'our_first_dag_v2', 'second_task', '2021-12-04T00:00:00+00:00', '--job-id', '1079', '--pool', 'default_pool', '--raw', '--subdir', 'DAGS_FOLDER/our_first_dag.py', '--cfg-path', '/tmp/tmp9gp0z6pl', '--error-file', '/tmp/tmpkajmz64s']
[2024-07-16 02:47:01,078] {standard_task_runner.py:77} INFO - Job 1079: Subtask second_task
[2024-07-16 02:47:01,225] {logging_mixin.py:104} INFO - Running <TaskInstance: our_first_dag_v2.second_task 2021-12-04T00:00:00+00:00 [running]> on host f3060829e7b4
[2024-07-16 02:47:01,334] {taskinstance.py:1257} INFO - Exporting the following env vars:
AIRFLOW_CTX_DAG_OWNER=coder2j
AIRFLOW_CTX_DAG_ID=our_first_dag_v2
AIRFLOW_CTX_TASK_ID=second_task
AIRFLOW_CTX_EXECUTION_DATE=2021-12-04T00:00:00+00:00
AIRFLOW_CTX_DAG_RUN_ID=scheduled__2021-12-04T00:00:00+00:00
[2024-07-16 02:47:01,338] {bash.py:135} INFO - Tmp dir root location: 
 /tmp
[2024-07-16 02:47:01,342] {bash.py:158} INFO - Running command: echo hello world, this is the second task, it will run after first task
[2024-07-16 02:47:01,364] {bash.py:169} INFO - Output:
[2024-07-16 02:47:01,367] {bash.py:173} INFO - hello world, this is the second task, it will run after first task
[2024-07-16 02:47:01,371] {bash.py:177} INFO - Command exited with return code 0
[2024-07-16 02:47:01,459] {taskinstance.py:1166} INFO - Marking task as SUCCESS. dag_id=our_first_dag_v2, task_id=second_task, execution_date=20211204T000000, start_date=20240716T024700, end_date=20240716T024701
[2024-07-16 02:47:01,664] {taskinstance.py:1220} INFO - 0 downstream tasks scheduled from follow-on schedule check
[2024-07-16 02:47:01,703] {local_task_job.py:146} INFO - Task exited with return code 0
