[2024-07-16 02:46:51,919] {taskinstance.py:851} INFO - Dependencies all met for <TaskInstance: our_first_dag_v2.second_task 2021-11-12T00:00:00+00:00 [queued]>
[2024-07-16 02:46:51,971] {taskinstance.py:851} INFO - Dependencies all met for <TaskInstance: our_first_dag_v2.second_task 2021-11-12T00:00:00+00:00 [queued]>
[2024-07-16 02:46:51,979] {taskinstance.py:1042} INFO - 
--------------------------------------------------------------------------------
[2024-07-16 02:46:51,982] {taskinstance.py:1043} INFO - Starting attempt 1 of 6
[2024-07-16 02:46:51,983] {taskinstance.py:1044} INFO - 
--------------------------------------------------------------------------------
[2024-07-16 02:46:52,010] {taskinstance.py:1063} INFO - Executing <Task(BashOperator): second_task> on 2021-11-12T00:00:00+00:00
[2024-07-16 02:46:52,017] {standard_task_runner.py:52} INFO - Started process 3730 to run task
[2024-07-16 02:46:52,029] {standard_task_runner.py:76} INFO - Running: ['airflow', 'tasks', 'run', 'our_first_dag_v2', 'second_task', '2021-11-12T00:00:00+00:00', '--job-id', '1038', '--pool', 'default_pool', '--raw', '--subdir', 'DAGS_FOLDER/our_first_dag.py', '--cfg-path', '/tmp/tmp7oa0x38f', '--error-file', '/tmp/tmpzt21rnq8']
[2024-07-16 02:46:52,049] {standard_task_runner.py:77} INFO - Job 1038: Subtask second_task
[2024-07-16 02:46:52,285] {logging_mixin.py:104} INFO - Running <TaskInstance: our_first_dag_v2.second_task 2021-11-12T00:00:00+00:00 [running]> on host f3060829e7b4
[2024-07-16 02:46:52,453] {taskinstance.py:1257} INFO - Exporting the following env vars:
AIRFLOW_CTX_DAG_OWNER=coder2j
AIRFLOW_CTX_DAG_ID=our_first_dag_v2
AIRFLOW_CTX_TASK_ID=second_task
AIRFLOW_CTX_EXECUTION_DATE=2021-11-12T00:00:00+00:00
AIRFLOW_CTX_DAG_RUN_ID=scheduled__2021-11-12T00:00:00+00:00
[2024-07-16 02:46:52,458] {bash.py:135} INFO - Tmp dir root location: 
 /tmp
[2024-07-16 02:46:52,460] {bash.py:158} INFO - Running command: echo hello world, this is the second task, it will run after first task
[2024-07-16 02:46:52,476] {bash.py:169} INFO - Output:
[2024-07-16 02:46:52,479] {bash.py:173} INFO - hello world, this is the second task, it will run after first task
[2024-07-16 02:46:52,480] {bash.py:177} INFO - Command exited with return code 0
[2024-07-16 02:46:52,565] {taskinstance.py:1166} INFO - Marking task as SUCCESS. dag_id=our_first_dag_v2, task_id=second_task, execution_date=20211112T000000, start_date=20240716T024651, end_date=20240716T024652
[2024-07-16 02:46:52,673] {taskinstance.py:1220} INFO - 0 downstream tasks scheduled from follow-on schedule check
[2024-07-16 02:46:52,726] {local_task_job.py:146} INFO - Task exited with return code 0
