[2024-07-16 02:44:34,558] {taskinstance.py:851} INFO - Dependencies all met for <TaskInstance: our_first_dag.first_task 2023-06-23T00:00:00+00:00 [queued]>
[2024-07-16 02:44:34,606] {taskinstance.py:851} INFO - Dependencies all met for <TaskInstance: our_first_dag.first_task 2023-06-23T00:00:00+00:00 [queued]>
[2024-07-16 02:44:34,608] {taskinstance.py:1042} INFO - 
--------------------------------------------------------------------------------
[2024-07-16 02:44:34,609] {taskinstance.py:1043} INFO - Starting attempt 1 of 6
[2024-07-16 02:44:34,610] {taskinstance.py:1044} INFO - 
--------------------------------------------------------------------------------
[2024-07-16 02:44:34,632] {taskinstance.py:1063} INFO - Executing <Task(BashOperator): first_task> on 2023-06-23T00:00:00+00:00
[2024-07-16 02:44:34,641] {standard_task_runner.py:52} INFO - Started process 2570 to run task
[2024-07-16 02:44:34,656] {standard_task_runner.py:76} INFO - Running: ['airflow', 'tasks', 'run', 'our_first_dag', 'first_task', '2023-06-23T00:00:00+00:00', '--job-id', '699', '--pool', 'default_pool', '--raw', '--subdir', 'DAGS_FOLDER/our_first_dag.py', '--cfg-path', '/tmp/tmpeosko_89', '--error-file', '/tmp/tmpgu3gghvf']
[2024-07-16 02:44:34,664] {standard_task_runner.py:77} INFO - Job 699: Subtask first_task
[2024-07-16 02:44:34,772] {logging_mixin.py:104} INFO - Running <TaskInstance: our_first_dag.first_task 2023-06-23T00:00:00+00:00 [running]> on host f3060829e7b4
[2024-07-16 02:44:34,876] {taskinstance.py:1257} INFO - Exporting the following env vars:
AIRFLOW_CTX_DAG_OWNER=coder2j
AIRFLOW_CTX_DAG_ID=our_first_dag
AIRFLOW_CTX_TASK_ID=first_task
AIRFLOW_CTX_EXECUTION_DATE=2023-06-23T00:00:00+00:00
AIRFLOW_CTX_DAG_RUN_ID=scheduled__2023-06-23T00:00:00+00:00
[2024-07-16 02:44:34,878] {bash.py:135} INFO - Tmp dir root location: 
 /tmp
[2024-07-16 02:44:34,880] {bash.py:158} INFO - Running command: echo hello world, this is the first task
[2024-07-16 02:44:34,894] {bash.py:169} INFO - Output:
[2024-07-16 02:44:34,896] {bash.py:173} INFO - hello world, this is the first task
[2024-07-16 02:44:34,897] {bash.py:177} INFO - Command exited with return code 0
[2024-07-16 02:44:34,966] {taskinstance.py:1166} INFO - Marking task as SUCCESS. dag_id=our_first_dag, task_id=first_task, execution_date=20230623T000000, start_date=20240716T024434, end_date=20240716T024434
[2024-07-16 02:44:35,046] {taskinstance.py:1220} INFO - 0 downstream tasks scheduled from follow-on schedule check
[2024-07-16 02:44:35,070] {local_task_job.py:146} INFO - Task exited with return code 0
