[2024-07-18 05:58:56,939] {taskinstance.py:851} INFO - Dependencies all met for <TaskInstance: our_first_dag_v3.second_task 2024-07-18T05:58:54.630913+00:00 [queued]>
[2024-07-18 05:58:56,952] {taskinstance.py:851} INFO - Dependencies all met for <TaskInstance: our_first_dag_v3.second_task 2024-07-18T05:58:54.630913+00:00 [queued]>
[2024-07-18 05:58:56,953] {taskinstance.py:1042} INFO - 
--------------------------------------------------------------------------------
[2024-07-18 05:58:56,953] {taskinstance.py:1043} INFO - Starting attempt 1 of 6
[2024-07-18 05:58:56,954] {taskinstance.py:1044} INFO - 
--------------------------------------------------------------------------------
[2024-07-18 05:58:56,971] {taskinstance.py:1063} INFO - Executing <Task(BashOperator): second_task> on 2024-07-18T05:58:54.630913+00:00
[2024-07-18 05:58:56,976] {standard_task_runner.py:52} INFO - Started process 836 to run task
[2024-07-18 05:58:56,980] {standard_task_runner.py:76} INFO - Running: ['airflow', 'tasks', 'run', 'our_first_dag_v3', 'second_task', '2024-07-18T05:58:54.630913+00:00', '--job-id', '17', '--pool', 'default_pool', '--raw', '--subdir', 'DAGS_FOLDER/our_first_dag.py', '--cfg-path', '/tmp/tmpvsdos8wq', '--error-file', '/tmp/tmp86m3aul5']
[2024-07-18 05:58:56,985] {standard_task_runner.py:77} INFO - Job 17: Subtask second_task
[2024-07-18 05:58:57,051] {logging_mixin.py:104} INFO - Running <TaskInstance: our_first_dag_v3.second_task 2024-07-18T05:58:54.630913+00:00 [running]> on host a868c7bacc12
[2024-07-18 05:58:57,127] {taskinstance.py:1257} INFO - Exporting the following env vars:
AIRFLOW_CTX_DAG_OWNER=coder2j
AIRFLOW_CTX_DAG_ID=our_first_dag_v3
AIRFLOW_CTX_TASK_ID=second_task
AIRFLOW_CTX_EXECUTION_DATE=2024-07-18T05:58:54.630913+00:00
AIRFLOW_CTX_DAG_RUN_ID=manual__2024-07-18T05:58:54.630913+00:00
[2024-07-18 05:58:57,128] {bash.py:135} INFO - Tmp dir root location: 
 /tmp
[2024-07-18 05:58:57,134] {bash.py:158} INFO - Running command: echo hello world, this is the second task, it will run after first task
[2024-07-18 05:58:57,145] {bash.py:169} INFO - Output:
[2024-07-18 05:58:57,147] {bash.py:173} INFO - hello world, this is the second task, it will run after first task
[2024-07-18 05:58:57,148] {bash.py:177} INFO - Command exited with return code 0
[2024-07-18 05:58:57,205] {taskinstance.py:1166} INFO - Marking task as SUCCESS. dag_id=our_first_dag_v3, task_id=second_task, execution_date=20240718T055854, start_date=20240718T055856, end_date=20240718T055857
[2024-07-18 05:58:57,256] {taskinstance.py:1220} INFO - 0 downstream tasks scheduled from follow-on schedule check
[2024-07-18 05:58:57,273] {local_task_job.py:146} INFO - Task exited with return code 0
