[2024-07-16 02:44:27,611] {taskinstance.py:851} INFO - Dependencies all met for <TaskInstance: our_first_dag.first_task 2023-05-28T00:00:00+00:00 [queued]>
[2024-07-16 02:44:27,650] {taskinstance.py:851} INFO - Dependencies all met for <TaskInstance: our_first_dag.first_task 2023-05-28T00:00:00+00:00 [queued]>
[2024-07-16 02:44:27,651] {taskinstance.py:1042} INFO - 
--------------------------------------------------------------------------------
[2024-07-16 02:44:27,652] {taskinstance.py:1043} INFO - Starting attempt 1 of 6
[2024-07-16 02:44:27,653] {taskinstance.py:1044} INFO - 
--------------------------------------------------------------------------------
[2024-07-16 02:44:27,686] {taskinstance.py:1063} INFO - Executing <Task(BashOperator): first_task> on 2023-05-28T00:00:00+00:00
[2024-07-16 02:44:27,697] {standard_task_runner.py:52} INFO - Started process 2486 to run task
[2024-07-16 02:44:27,723] {standard_task_runner.py:76} INFO - Running: ['airflow', 'tasks', 'run', 'our_first_dag', 'first_task', '2023-05-28T00:00:00+00:00', '--job-id', '673', '--pool', 'default_pool', '--raw', '--subdir', 'DAGS_FOLDER/our_first_dag.py', '--cfg-path', '/tmp/tmp6244p827', '--error-file', '/tmp/tmpn6n7ik5k']
[2024-07-16 02:44:27,730] {standard_task_runner.py:77} INFO - Job 673: Subtask first_task
[2024-07-16 02:44:27,855] {logging_mixin.py:104} INFO - Running <TaskInstance: our_first_dag.first_task 2023-05-28T00:00:00+00:00 [running]> on host f3060829e7b4
[2024-07-16 02:44:27,987] {taskinstance.py:1257} INFO - Exporting the following env vars:
AIRFLOW_CTX_DAG_OWNER=coder2j
AIRFLOW_CTX_DAG_ID=our_first_dag
AIRFLOW_CTX_TASK_ID=first_task
AIRFLOW_CTX_EXECUTION_DATE=2023-05-28T00:00:00+00:00
AIRFLOW_CTX_DAG_RUN_ID=scheduled__2023-05-28T00:00:00+00:00
[2024-07-16 02:44:27,994] {bash.py:135} INFO - Tmp dir root location: 
 /tmp
[2024-07-16 02:44:27,998] {bash.py:158} INFO - Running command: echo hello world, this is the first task
[2024-07-16 02:44:28,019] {bash.py:169} INFO - Output:
[2024-07-16 02:44:28,021] {bash.py:173} INFO - hello world, this is the first task
[2024-07-16 02:44:28,023] {bash.py:177} INFO - Command exited with return code 0
[2024-07-16 02:44:28,089] {taskinstance.py:1166} INFO - Marking task as SUCCESS. dag_id=our_first_dag, task_id=first_task, execution_date=20230528T000000, start_date=20240716T024427, end_date=20240716T024428
[2024-07-16 02:44:28,182] {taskinstance.py:1220} INFO - 0 downstream tasks scheduled from follow-on schedule check
[2024-07-16 02:44:28,218] {local_task_job.py:146} INFO - Task exited with return code 0
