[2024-07-18 06:34:53,786] {taskinstance.py:851} INFO - Dependencies all met for <TaskInstance: xcom_example_dag.push_task 2024-02-07T00:00:00+00:00 [queued]>
[2024-07-18 06:34:53,888] {taskinstance.py:851} INFO - Dependencies all met for <TaskInstance: xcom_example_dag.push_task 2024-02-07T00:00:00+00:00 [queued]>
[2024-07-18 06:34:53,889] {taskinstance.py:1042} INFO - 
--------------------------------------------------------------------------------
[2024-07-18 06:34:53,890] {taskinstance.py:1043} INFO - Starting attempt 1 of 2
[2024-07-18 06:34:53,890] {taskinstance.py:1044} INFO - 
--------------------------------------------------------------------------------
[2024-07-18 06:34:53,955] {taskinstance.py:1063} INFO - Executing <Task(PythonOperator): push_task> on 2024-02-07T00:00:00+00:00
[2024-07-18 06:34:53,974] {standard_task_runner.py:52} INFO - Started process 2807 to run task
[2024-07-18 06:34:53,982] {standard_task_runner.py:76} INFO - Running: ['airflow', 'tasks', 'run', 'xcom_example_dag', 'push_task', '2024-02-07T00:00:00+00:00', '--job-id', '427', '--pool', 'default_pool', '--raw', '--subdir', 'DAGS_FOLDER/xcom.py', '--cfg-path', '/tmp/tmppi68yb6o', '--error-file', '/tmp/tmp0cri0zn2']
[2024-07-18 06:34:53,993] {standard_task_runner.py:77} INFO - Job 427: Subtask push_task
[2024-07-18 06:34:54,240] {logging_mixin.py:104} INFO - Running <TaskInstance: xcom_example_dag.push_task 2024-02-07T00:00:00+00:00 [running]> on host a868c7bacc12
[2024-07-18 06:34:54,485] {taskinstance.py:1257} INFO - Exporting the following env vars:
AIRFLOW_CTX_DAG_OWNER=airflow
AIRFLOW_CTX_DAG_ID=xcom_example_dag
AIRFLOW_CTX_TASK_ID=push_task
AIRFLOW_CTX_EXECUTION_DATE=2024-02-07T00:00:00+00:00
AIRFLOW_CTX_DAG_RUN_ID=scheduled__2024-02-07T00:00:00+00:00
[2024-07-18 06:34:54,574] {python.py:118} INFO - Done. Returned value was: None
[2024-07-18 06:34:54,673] {taskinstance.py:1166} INFO - Marking task as SUCCESS. dag_id=xcom_example_dag, task_id=push_task, execution_date=20240207T000000, start_date=20240718T063453, end_date=20240718T063454
[2024-07-18 06:34:55,009] {taskinstance.py:1220} INFO - 0 downstream tasks scheduled from follow-on schedule check
[2024-07-18 06:34:55,087] {local_task_job.py:146} INFO - Task exited with return code 0
