[2024-07-18 06:32:59,573] {taskinstance.py:851} INFO - Dependencies all met for <TaskInstance: xcom_example_dag.push_task 2023-08-18T00:00:00+00:00 [queued]>
[2024-07-18 06:32:59,636] {taskinstance.py:851} INFO - Dependencies all met for <TaskInstance: xcom_example_dag.push_task 2023-08-18T00:00:00+00:00 [queued]>
[2024-07-18 06:32:59,646] {taskinstance.py:1042} INFO - 
--------------------------------------------------------------------------------
[2024-07-18 06:32:59,648] {taskinstance.py:1043} INFO - Starting attempt 1 of 2
[2024-07-18 06:32:59,649] {taskinstance.py:1044} INFO - 
--------------------------------------------------------------------------------
[2024-07-18 06:32:59,765] {taskinstance.py:1063} INFO - Executing <Task(PythonOperator): push_task> on 2023-08-18T00:00:00+00:00
[2024-07-18 06:32:59,777] {standard_task_runner.py:52} INFO - Started process 2010 to run task
[2024-07-18 06:32:59,807] {standard_task_runner.py:76} INFO - Running: ['airflow', 'tasks', 'run', 'xcom_example_dag', 'push_task', '2023-08-18T00:00:00+00:00', '--job-id', '81', '--pool', 'default_pool', '--raw', '--subdir', 'DAGS_FOLDER/xcom.py', '--cfg-path', '/tmp/tmpt3c1xzye', '--error-file', '/tmp/tmppys4kqdf']
[2024-07-18 06:32:59,835] {standard_task_runner.py:77} INFO - Job 81: Subtask push_task
[2024-07-18 06:32:59,965] {logging_mixin.py:104} INFO - Running <TaskInstance: xcom_example_dag.push_task 2023-08-18T00:00:00+00:00 [running]> on host a868c7bacc12
[2024-07-18 06:33:00,213] {taskinstance.py:1257} INFO - Exporting the following env vars:
AIRFLOW_CTX_DAG_OWNER=airflow
AIRFLOW_CTX_DAG_ID=xcom_example_dag
AIRFLOW_CTX_TASK_ID=push_task
AIRFLOW_CTX_EXECUTION_DATE=2023-08-18T00:00:00+00:00
AIRFLOW_CTX_DAG_RUN_ID=scheduled__2023-08-18T00:00:00+00:00
[2024-07-18 06:33:00,314] {python.py:118} INFO - Done. Returned value was: None
[2024-07-18 06:33:00,528] {taskinstance.py:1166} INFO - Marking task as SUCCESS. dag_id=xcom_example_dag, task_id=push_task, execution_date=20230818T000000, start_date=20240718T063259, end_date=20240718T063300
[2024-07-18 06:33:01,111] {taskinstance.py:1220} INFO - 0 downstream tasks scheduled from follow-on schedule check
[2024-07-18 06:33:01,143] {local_task_job.py:146} INFO - Task exited with return code 0
