[2024-07-16 02:44:40,669] {taskinstance.py:851} INFO - Dependencies all met for <TaskInstance: our_first_dag.first_task 2023-07-14T00:00:00+00:00 [queued]>
[2024-07-16 02:44:40,710] {taskinstance.py:851} INFO - Dependencies all met for <TaskInstance: our_first_dag.first_task 2023-07-14T00:00:00+00:00 [queued]>
[2024-07-16 02:44:40,711] {taskinstance.py:1042} INFO - 
--------------------------------------------------------------------------------
[2024-07-16 02:44:40,712] {taskinstance.py:1043} INFO - Starting attempt 1 of 6
[2024-07-16 02:44:40,712] {taskinstance.py:1044} INFO - 
--------------------------------------------------------------------------------
[2024-07-16 02:44:40,736] {taskinstance.py:1063} INFO - Executing <Task(BashOperator): first_task> on 2023-07-14T00:00:00+00:00
[2024-07-16 02:44:40,742] {standard_task_runner.py:52} INFO - Started process 2631 to run task
[2024-07-16 02:44:40,751] {standard_task_runner.py:76} INFO - Running: ['airflow', 'tasks', 'run', 'our_first_dag', 'first_task', '2023-07-14T00:00:00+00:00', '--job-id', '720', '--pool', 'default_pool', '--raw', '--subdir', 'DAGS_FOLDER/our_first_dag.py', '--cfg-path', '/tmp/tmpn388_mcj', '--error-file', '/tmp/tmp2rc7v470']
[2024-07-16 02:44:40,758] {standard_task_runner.py:77} INFO - Job 720: Subtask first_task
[2024-07-16 02:44:40,903] {logging_mixin.py:104} INFO - Running <TaskInstance: our_first_dag.first_task 2023-07-14T00:00:00+00:00 [running]> on host f3060829e7b4
[2024-07-16 02:44:41,028] {taskinstance.py:1257} INFO - Exporting the following env vars:
AIRFLOW_CTX_DAG_OWNER=coder2j
AIRFLOW_CTX_DAG_ID=our_first_dag
AIRFLOW_CTX_TASK_ID=first_task
AIRFLOW_CTX_EXECUTION_DATE=2023-07-14T00:00:00+00:00
AIRFLOW_CTX_DAG_RUN_ID=scheduled__2023-07-14T00:00:00+00:00
[2024-07-16 02:44:41,034] {bash.py:135} INFO - Tmp dir root location: 
 /tmp
[2024-07-16 02:44:41,036] {bash.py:158} INFO - Running command: echo hello world, this is the first task
[2024-07-16 02:44:41,050] {bash.py:169} INFO - Output:
[2024-07-16 02:44:41,052] {bash.py:173} INFO - hello world, this is the first task
[2024-07-16 02:44:41,053] {bash.py:177} INFO - Command exited with return code 0
[2024-07-16 02:44:41,124] {taskinstance.py:1166} INFO - Marking task as SUCCESS. dag_id=our_first_dag, task_id=first_task, execution_date=20230714T000000, start_date=20240716T024440, end_date=20240716T024441
[2024-07-16 02:44:41,201] {taskinstance.py:1220} INFO - 0 downstream tasks scheduled from follow-on schedule check
[2024-07-16 02:44:41,230] {local_task_job.py:146} INFO - Task exited with return code 0
