[2024-07-16 02:46:10,273] {taskinstance.py:851} INFO - Dependencies all met for <TaskInstance: our_first_dag_v2.first_task 2021-08-26T00:00:00+00:00 [queued]>
[2024-07-16 02:46:10,348] {taskinstance.py:851} INFO - Dependencies all met for <TaskInstance: our_first_dag_v2.first_task 2021-08-26T00:00:00+00:00 [queued]>
[2024-07-16 02:46:10,351] {taskinstance.py:1042} INFO - 
--------------------------------------------------------------------------------
[2024-07-16 02:46:10,355] {taskinstance.py:1043} INFO - Starting attempt 1 of 6
[2024-07-16 02:46:10,357] {taskinstance.py:1044} INFO - 
--------------------------------------------------------------------------------
[2024-07-16 02:46:10,420] {taskinstance.py:1063} INFO - Executing <Task(BashOperator): first_task> on 2021-08-26T00:00:00+00:00
[2024-07-16 02:46:10,432] {standard_task_runner.py:52} INFO - Started process 3213 to run task
[2024-07-16 02:46:10,447] {standard_task_runner.py:76} INFO - Running: ['airflow', 'tasks', 'run', 'our_first_dag_v2', 'first_task', '2021-08-26T00:00:00+00:00', '--job-id', '870', '--pool', 'default_pool', '--raw', '--subdir', 'DAGS_FOLDER/our_first_dag.py', '--cfg-path', '/tmp/tmpl21wbmuq', '--error-file', '/tmp/tmp01ibgjgd']
[2024-07-16 02:46:10,470] {standard_task_runner.py:77} INFO - Job 870: Subtask first_task
[2024-07-16 02:46:10,660] {logging_mixin.py:104} INFO - Running <TaskInstance: our_first_dag_v2.first_task 2021-08-26T00:00:00+00:00 [running]> on host f3060829e7b4
[2024-07-16 02:46:10,828] {taskinstance.py:1257} INFO - Exporting the following env vars:
AIRFLOW_CTX_DAG_OWNER=coder2j
AIRFLOW_CTX_DAG_ID=our_first_dag_v2
AIRFLOW_CTX_TASK_ID=first_task
AIRFLOW_CTX_EXECUTION_DATE=2021-08-26T00:00:00+00:00
AIRFLOW_CTX_DAG_RUN_ID=scheduled__2021-08-26T00:00:00+00:00
[2024-07-16 02:46:10,834] {bash.py:135} INFO - Tmp dir root location: 
 /tmp
[2024-07-16 02:46:10,836] {bash.py:158} INFO - Running command: echo hello world, this is the first task
[2024-07-16 02:46:10,855] {bash.py:169} INFO - Output:
[2024-07-16 02:46:10,872] {bash.py:173} INFO - hello world, this is the first task
[2024-07-16 02:46:10,874] {bash.py:177} INFO - Command exited with return code 0
[2024-07-16 02:46:10,992] {taskinstance.py:1166} INFO - Marking task as SUCCESS. dag_id=our_first_dag_v2, task_id=first_task, execution_date=20210826T000000, start_date=20240716T024610, end_date=20240716T024610
[2024-07-16 02:46:11,279] {taskinstance.py:1220} INFO - 1 downstream tasks scheduled from follow-on schedule check
[2024-07-16 02:46:11,307] {local_task_job.py:146} INFO - Task exited with return code 0
