[2024-07-16 02:41:59,368] {taskinstance.py:851} INFO - Dependencies all met for <TaskInstance: our_first_dag.first_task 2022-02-22T00:00:00+00:00 [queued]>
[2024-07-16 02:41:59,447] {taskinstance.py:851} INFO - Dependencies all met for <TaskInstance: our_first_dag.first_task 2022-02-22T00:00:00+00:00 [queued]>
[2024-07-16 02:41:59,449] {taskinstance.py:1042} INFO - 
--------------------------------------------------------------------------------
[2024-07-16 02:41:59,450] {taskinstance.py:1043} INFO - Starting attempt 1 of 6
[2024-07-16 02:41:59,451] {taskinstance.py:1044} INFO - 
--------------------------------------------------------------------------------
[2024-07-16 02:41:59,481] {taskinstance.py:1063} INFO - Executing <Task(BashOperator): first_task> on 2022-02-22T00:00:00+00:00
[2024-07-16 02:41:59,491] {standard_task_runner.py:52} INFO - Started process 1035 to run task
[2024-07-16 02:41:59,529] {standard_task_runner.py:76} INFO - Running: ['airflow', 'tasks', 'run', 'our_first_dag', 'first_task', '2022-02-22T00:00:00+00:00', '--job-id', '213', '--pool', 'default_pool', '--raw', '--subdir', 'DAGS_FOLDER/our_first_dag.py', '--cfg-path', '/tmp/tmpt3pjcrg9', '--error-file', '/tmp/tmpl7mukg9f']
[2024-07-16 02:41:59,547] {standard_task_runner.py:77} INFO - Job 213: Subtask first_task
[2024-07-16 02:41:59,765] {logging_mixin.py:104} INFO - Running <TaskInstance: our_first_dag.first_task 2022-02-22T00:00:00+00:00 [running]> on host f3060829e7b4
[2024-07-16 02:41:59,898] {taskinstance.py:1257} INFO - Exporting the following env vars:
AIRFLOW_CTX_DAG_OWNER=coder2j
AIRFLOW_CTX_DAG_ID=our_first_dag
AIRFLOW_CTX_TASK_ID=first_task
AIRFLOW_CTX_EXECUTION_DATE=2022-02-22T00:00:00+00:00
AIRFLOW_CTX_DAG_RUN_ID=scheduled__2022-02-22T00:00:00+00:00
[2024-07-16 02:41:59,901] {bash.py:135} INFO - Tmp dir root location: 
 /tmp
[2024-07-16 02:41:59,903] {bash.py:158} INFO - Running command: echo hello world, this is the first task
[2024-07-16 02:41:59,920] {bash.py:169} INFO - Output:
[2024-07-16 02:41:59,921] {bash.py:173} INFO - hello world, this is the first task
[2024-07-16 02:41:59,922] {bash.py:177} INFO - Command exited with return code 0
[2024-07-16 02:42:00,000] {taskinstance.py:1166} INFO - Marking task as SUCCESS. dag_id=our_first_dag, task_id=first_task, execution_date=20220222T000000, start_date=20240716T024159, end_date=20240716T024200
[2024-07-16 02:42:00,100] {taskinstance.py:1220} INFO - 0 downstream tasks scheduled from follow-on schedule check
[2024-07-16 02:42:00,132] {local_task_job.py:146} INFO - Task exited with return code 0
