[2024-07-16 02:46:01,037] {taskinstance.py:851} INFO - Dependencies all met for <TaskInstance: our_first_dag_v2.first_task 2021-08-06T00:00:00+00:00 [queued]>
[2024-07-16 02:46:01,081] {taskinstance.py:851} INFO - Dependencies all met for <TaskInstance: our_first_dag_v2.first_task 2021-08-06T00:00:00+00:00 [queued]>
[2024-07-16 02:46:01,085] {taskinstance.py:1042} INFO - 
--------------------------------------------------------------------------------
[2024-07-16 02:46:01,086] {taskinstance.py:1043} INFO - Starting attempt 1 of 6
[2024-07-16 02:46:01,087] {taskinstance.py:1044} INFO - 
--------------------------------------------------------------------------------
[2024-07-16 02:46:01,109] {taskinstance.py:1063} INFO - Executing <Task(BashOperator): first_task> on 2021-08-06T00:00:00+00:00
[2024-07-16 02:46:01,115] {standard_task_runner.py:52} INFO - Started process 3091 to run task
[2024-07-16 02:46:01,123] {standard_task_runner.py:76} INFO - Running: ['airflow', 'tasks', 'run', 'our_first_dag_v2', 'first_task', '2021-08-06T00:00:00+00:00', '--job-id', '833', '--pool', 'default_pool', '--raw', '--subdir', 'DAGS_FOLDER/our_first_dag.py', '--cfg-path', '/tmp/tmp6et5jx_i', '--error-file', '/tmp/tmpku060o5u']
[2024-07-16 02:46:01,129] {standard_task_runner.py:77} INFO - Job 833: Subtask first_task
[2024-07-16 02:46:01,219] {logging_mixin.py:104} INFO - Running <TaskInstance: our_first_dag_v2.first_task 2021-08-06T00:00:00+00:00 [running]> on host f3060829e7b4
[2024-07-16 02:46:01,308] {taskinstance.py:1257} INFO - Exporting the following env vars:
AIRFLOW_CTX_DAG_OWNER=coder2j
AIRFLOW_CTX_DAG_ID=our_first_dag_v2
AIRFLOW_CTX_TASK_ID=first_task
AIRFLOW_CTX_EXECUTION_DATE=2021-08-06T00:00:00+00:00
AIRFLOW_CTX_DAG_RUN_ID=scheduled__2021-08-06T00:00:00+00:00
[2024-07-16 02:46:01,309] {bash.py:135} INFO - Tmp dir root location: 
 /tmp
[2024-07-16 02:46:01,311] {bash.py:158} INFO - Running command: echo hello world, this is the first task
[2024-07-16 02:46:01,323] {bash.py:169} INFO - Output:
[2024-07-16 02:46:01,324] {bash.py:173} INFO - hello world, this is the first task
[2024-07-16 02:46:01,325] {bash.py:177} INFO - Command exited with return code 0
[2024-07-16 02:46:01,379] {taskinstance.py:1166} INFO - Marking task as SUCCESS. dag_id=our_first_dag_v2, task_id=first_task, execution_date=20210806T000000, start_date=20240716T024601, end_date=20240716T024601
[2024-07-16 02:46:01,454] {taskinstance.py:1220} INFO - 1 downstream tasks scheduled from follow-on schedule check
[2024-07-16 02:46:01,494] {local_task_job.py:146} INFO - Task exited with return code 0
