[2024-07-16 02:47:16,293] {taskinstance.py:851} INFO - Dependencies all met for <TaskInstance: our_first_dag_v2.second_task 2022-01-02T00:00:00+00:00 [queued]>
[2024-07-16 02:47:16,450] {taskinstance.py:851} INFO - Dependencies all met for <TaskInstance: our_first_dag_v2.second_task 2022-01-02T00:00:00+00:00 [queued]>
[2024-07-16 02:47:16,451] {taskinstance.py:1042} INFO - 
--------------------------------------------------------------------------------
[2024-07-16 02:47:16,452] {taskinstance.py:1043} INFO - Starting attempt 1 of 6
[2024-07-16 02:47:16,454] {taskinstance.py:1044} INFO - 
--------------------------------------------------------------------------------
[2024-07-16 02:47:16,503] {taskinstance.py:1063} INFO - Executing <Task(BashOperator): second_task> on 2022-01-02T00:00:00+00:00
[2024-07-16 02:47:16,534] {standard_task_runner.py:52} INFO - Started process 4043 to run task
[2024-07-16 02:47:16,551] {standard_task_runner.py:76} INFO - Running: ['airflow', 'tasks', 'run', 'our_first_dag_v2', 'second_task', '2022-01-02T00:00:00+00:00', '--job-id', '1137', '--pool', 'default_pool', '--raw', '--subdir', 'DAGS_FOLDER/our_first_dag.py', '--cfg-path', '/tmp/tmprz1ozfy8', '--error-file', '/tmp/tmpepyqsdag']
[2024-07-16 02:47:16,560] {standard_task_runner.py:77} INFO - Job 1137: Subtask second_task
[2024-07-16 02:47:16,731] {logging_mixin.py:104} INFO - Running <TaskInstance: our_first_dag_v2.second_task 2022-01-02T00:00:00+00:00 [running]> on host f3060829e7b4
[2024-07-16 02:47:16,850] {taskinstance.py:1257} INFO - Exporting the following env vars:
AIRFLOW_CTX_DAG_OWNER=coder2j
AIRFLOW_CTX_DAG_ID=our_first_dag_v2
AIRFLOW_CTX_TASK_ID=second_task
AIRFLOW_CTX_EXECUTION_DATE=2022-01-02T00:00:00+00:00
AIRFLOW_CTX_DAG_RUN_ID=scheduled__2022-01-02T00:00:00+00:00
[2024-07-16 02:47:16,852] {bash.py:135} INFO - Tmp dir root location: 
 /tmp
[2024-07-16 02:47:16,854] {bash.py:158} INFO - Running command: echo hello world, this is the second task, it will run after first task
[2024-07-16 02:47:16,869] {bash.py:169} INFO - Output:
[2024-07-16 02:47:16,872] {bash.py:173} INFO - hello world, this is the second task, it will run after first task
[2024-07-16 02:47:16,873] {bash.py:177} INFO - Command exited with return code 0
[2024-07-16 02:47:16,941] {taskinstance.py:1166} INFO - Marking task as SUCCESS. dag_id=our_first_dag_v2, task_id=second_task, execution_date=20220102T000000, start_date=20240716T024716, end_date=20240716T024716
[2024-07-16 02:47:17,013] {taskinstance.py:1220} INFO - 0 downstream tasks scheduled from follow-on schedule check
[2024-07-16 02:47:17,034] {local_task_job.py:146} INFO - Task exited with return code 0
