[2024-07-16 02:47:01,642] {taskinstance.py:851} INFO - Dependencies all met for <TaskInstance: our_first_dag_v2.first_task 2021-12-10T00:00:00+00:00 [queued]>
[2024-07-16 02:47:01,689] {taskinstance.py:851} INFO - Dependencies all met for <TaskInstance: our_first_dag_v2.first_task 2021-12-10T00:00:00+00:00 [queued]>
[2024-07-16 02:47:01,691] {taskinstance.py:1042} INFO - 
--------------------------------------------------------------------------------
[2024-07-16 02:47:01,691] {taskinstance.py:1043} INFO - Starting attempt 1 of 6
[2024-07-16 02:47:01,692] {taskinstance.py:1044} INFO - 
--------------------------------------------------------------------------------
[2024-07-16 02:47:01,716] {taskinstance.py:1063} INFO - Executing <Task(BashOperator): first_task> on 2021-12-10T00:00:00+00:00
[2024-07-16 02:47:01,723] {standard_task_runner.py:52} INFO - Started process 3874 to run task
[2024-07-16 02:47:01,746] {standard_task_runner.py:76} INFO - Running: ['airflow', 'tasks', 'run', 'our_first_dag_v2', 'first_task', '2021-12-10T00:00:00+00:00', '--job-id', '1083', '--pool', 'default_pool', '--raw', '--subdir', 'DAGS_FOLDER/our_first_dag.py', '--cfg-path', '/tmp/tmp0bv5uzj2', '--error-file', '/tmp/tmpf01kn3dy']
[2024-07-16 02:47:01,761] {standard_task_runner.py:77} INFO - Job 1083: Subtask first_task
[2024-07-16 02:47:01,924] {logging_mixin.py:104} INFO - Running <TaskInstance: our_first_dag_v2.first_task 2021-12-10T00:00:00+00:00 [running]> on host f3060829e7b4
[2024-07-16 02:47:02,061] {taskinstance.py:1257} INFO - Exporting the following env vars:
AIRFLOW_CTX_DAG_OWNER=coder2j
AIRFLOW_CTX_DAG_ID=our_first_dag_v2
AIRFLOW_CTX_TASK_ID=first_task
AIRFLOW_CTX_EXECUTION_DATE=2021-12-10T00:00:00+00:00
AIRFLOW_CTX_DAG_RUN_ID=scheduled__2021-12-10T00:00:00+00:00
[2024-07-16 02:47:02,067] {bash.py:135} INFO - Tmp dir root location: 
 /tmp
[2024-07-16 02:47:02,070] {bash.py:158} INFO - Running command: echo hello world, this is the first task
[2024-07-16 02:47:02,127] {bash.py:169} INFO - Output:
[2024-07-16 02:47:02,130] {bash.py:173} INFO - hello world, this is the first task
[2024-07-16 02:47:02,131] {bash.py:177} INFO - Command exited with return code 0
[2024-07-16 02:47:02,187] {taskinstance.py:1166} INFO - Marking task as SUCCESS. dag_id=our_first_dag_v2, task_id=first_task, execution_date=20211210T000000, start_date=20240716T024701, end_date=20240716T024702
[2024-07-16 02:47:02,260] {taskinstance.py:1220} INFO - 1 downstream tasks scheduled from follow-on schedule check
[2024-07-16 02:47:02,325] {local_task_job.py:146} INFO - Task exited with return code 0
