[2024-07-16 02:46:46,517] {taskinstance.py:851} INFO - Dependencies all met for <TaskInstance: our_first_dag_v2.second_task 2021-11-03T00:00:00+00:00 [queued]>
[2024-07-16 02:46:46,618] {taskinstance.py:851} INFO - Dependencies all met for <TaskInstance: our_first_dag_v2.second_task 2021-11-03T00:00:00+00:00 [queued]>
[2024-07-16 02:46:46,622] {taskinstance.py:1042} INFO - 
--------------------------------------------------------------------------------
[2024-07-16 02:46:46,627] {taskinstance.py:1043} INFO - Starting attempt 1 of 6
[2024-07-16 02:46:46,629] {taskinstance.py:1044} INFO - 
--------------------------------------------------------------------------------
[2024-07-16 02:46:46,723] {taskinstance.py:1063} INFO - Executing <Task(BashOperator): second_task> on 2021-11-03T00:00:00+00:00
[2024-07-16 02:46:46,729] {standard_task_runner.py:52} INFO - Started process 3673 to run task
[2024-07-16 02:46:46,739] {standard_task_runner.py:76} INFO - Running: ['airflow', 'tasks', 'run', 'our_first_dag_v2', 'second_task', '2021-11-03T00:00:00+00:00', '--job-id', '1018', '--pool', 'default_pool', '--raw', '--subdir', 'DAGS_FOLDER/our_first_dag.py', '--cfg-path', '/tmp/tmptler6n5p', '--error-file', '/tmp/tmprm3he_l3']
[2024-07-16 02:46:46,757] {standard_task_runner.py:77} INFO - Job 1018: Subtask second_task
[2024-07-16 02:46:46,992] {logging_mixin.py:104} INFO - Running <TaskInstance: our_first_dag_v2.second_task 2021-11-03T00:00:00+00:00 [running]> on host f3060829e7b4
[2024-07-16 02:46:47,136] {taskinstance.py:1257} INFO - Exporting the following env vars:
AIRFLOW_CTX_DAG_OWNER=coder2j
AIRFLOW_CTX_DAG_ID=our_first_dag_v2
AIRFLOW_CTX_TASK_ID=second_task
AIRFLOW_CTX_EXECUTION_DATE=2021-11-03T00:00:00+00:00
AIRFLOW_CTX_DAG_RUN_ID=scheduled__2021-11-03T00:00:00+00:00
[2024-07-16 02:46:47,141] {bash.py:135} INFO - Tmp dir root location: 
 /tmp
[2024-07-16 02:46:47,147] {bash.py:158} INFO - Running command: echo hello world, this is the second task, it will run after first task
[2024-07-16 02:46:47,172] {bash.py:169} INFO - Output:
[2024-07-16 02:46:47,175] {bash.py:173} INFO - hello world, this is the second task, it will run after first task
[2024-07-16 02:46:47,176] {bash.py:177} INFO - Command exited with return code 0
[2024-07-16 02:46:47,306] {taskinstance.py:1166} INFO - Marking task as SUCCESS. dag_id=our_first_dag_v2, task_id=second_task, execution_date=20211103T000000, start_date=20240716T024646, end_date=20240716T024647
[2024-07-16 02:46:47,491] {taskinstance.py:1220} INFO - 0 downstream tasks scheduled from follow-on schedule check
[2024-07-16 02:46:47,520] {local_task_job.py:146} INFO - Task exited with return code 0
