[2024-07-16 02:46:59,282] {taskinstance.py:851} INFO - Dependencies all met for <TaskInstance: our_first_dag_v2.first_task 2021-12-04T00:00:00+00:00 [queued]>
[2024-07-16 02:46:59,322] {taskinstance.py:851} INFO - Dependencies all met for <TaskInstance: our_first_dag_v2.first_task 2021-12-04T00:00:00+00:00 [queued]>
[2024-07-16 02:46:59,323] {taskinstance.py:1042} INFO - 
--------------------------------------------------------------------------------
[2024-07-16 02:46:59,323] {taskinstance.py:1043} INFO - Starting attempt 1 of 6
[2024-07-16 02:46:59,324] {taskinstance.py:1044} INFO - 
--------------------------------------------------------------------------------
[2024-07-16 02:46:59,355] {taskinstance.py:1063} INFO - Executing <Task(BashOperator): first_task> on 2021-12-04T00:00:00+00:00
[2024-07-16 02:46:59,381] {standard_task_runner.py:52} INFO - Started process 3836 to run task
[2024-07-16 02:46:59,423] {standard_task_runner.py:76} INFO - Running: ['airflow', 'tasks', 'run', 'our_first_dag_v2', 'first_task', '2021-12-04T00:00:00+00:00', '--job-id', '1072', '--pool', 'default_pool', '--raw', '--subdir', 'DAGS_FOLDER/our_first_dag.py', '--cfg-path', '/tmp/tmpfy858tgr', '--error-file', '/tmp/tmp60c671mr']
[2024-07-16 02:46:59,451] {standard_task_runner.py:77} INFO - Job 1072: Subtask first_task
[2024-07-16 02:46:59,651] {logging_mixin.py:104} INFO - Running <TaskInstance: our_first_dag_v2.first_task 2021-12-04T00:00:00+00:00 [running]> on host f3060829e7b4
[2024-07-16 02:46:59,839] {taskinstance.py:1257} INFO - Exporting the following env vars:
AIRFLOW_CTX_DAG_OWNER=coder2j
AIRFLOW_CTX_DAG_ID=our_first_dag_v2
AIRFLOW_CTX_TASK_ID=first_task
AIRFLOW_CTX_EXECUTION_DATE=2021-12-04T00:00:00+00:00
AIRFLOW_CTX_DAG_RUN_ID=scheduled__2021-12-04T00:00:00+00:00
[2024-07-16 02:46:59,840] {bash.py:135} INFO - Tmp dir root location: 
 /tmp
[2024-07-16 02:46:59,843] {bash.py:158} INFO - Running command: echo hello world, this is the first task
[2024-07-16 02:46:59,867] {bash.py:169} INFO - Output:
[2024-07-16 02:46:59,871] {bash.py:173} INFO - hello world, this is the first task
[2024-07-16 02:46:59,872] {bash.py:177} INFO - Command exited with return code 0
[2024-07-16 02:46:59,945] {taskinstance.py:1166} INFO - Marking task as SUCCESS. dag_id=our_first_dag_v2, task_id=first_task, execution_date=20211204T000000, start_date=20240716T024659, end_date=20240716T024659
[2024-07-16 02:47:00,051] {taskinstance.py:1220} INFO - 1 downstream tasks scheduled from follow-on schedule check
[2024-07-16 02:47:00,068] {local_task_job.py:146} INFO - Task exited with return code 0
