[2024-07-16 02:43:09,255] {taskinstance.py:851} INFO - Dependencies all met for <TaskInstance: our_first_dag.first_task 2022-09-19T00:00:00+00:00 [queued]>
[2024-07-16 02:43:09,303] {taskinstance.py:851} INFO - Dependencies all met for <TaskInstance: our_first_dag.first_task 2022-09-19T00:00:00+00:00 [queued]>
[2024-07-16 02:43:09,304] {taskinstance.py:1042} INFO - 
--------------------------------------------------------------------------------
[2024-07-16 02:43:09,305] {taskinstance.py:1043} INFO - Starting attempt 1 of 6
[2024-07-16 02:43:09,306] {taskinstance.py:1044} INFO - 
--------------------------------------------------------------------------------
[2024-07-16 02:43:09,331] {taskinstance.py:1063} INFO - Executing <Task(BashOperator): first_task> on 2022-09-19T00:00:00+00:00
[2024-07-16 02:43:09,340] {standard_task_runner.py:52} INFO - Started process 1698 to run task
[2024-07-16 02:43:09,366] {standard_task_runner.py:76} INFO - Running: ['airflow', 'tasks', 'run', 'our_first_dag', 'first_task', '2022-09-19T00:00:00+00:00', '--job-id', '422', '--pool', 'default_pool', '--raw', '--subdir', 'DAGS_FOLDER/our_first_dag.py', '--cfg-path', '/tmp/tmpx2e2nrp7', '--error-file', '/tmp/tmpzxgs726x']
[2024-07-16 02:43:09,373] {standard_task_runner.py:77} INFO - Job 422: Subtask first_task
[2024-07-16 02:43:09,534] {logging_mixin.py:104} INFO - Running <TaskInstance: our_first_dag.first_task 2022-09-19T00:00:00+00:00 [running]> on host f3060829e7b4
[2024-07-16 02:43:09,669] {taskinstance.py:1257} INFO - Exporting the following env vars:
AIRFLOW_CTX_DAG_OWNER=coder2j
AIRFLOW_CTX_DAG_ID=our_first_dag
AIRFLOW_CTX_TASK_ID=first_task
AIRFLOW_CTX_EXECUTION_DATE=2022-09-19T00:00:00+00:00
AIRFLOW_CTX_DAG_RUN_ID=scheduled__2022-09-19T00:00:00+00:00
[2024-07-16 02:43:09,672] {bash.py:135} INFO - Tmp dir root location: 
 /tmp
[2024-07-16 02:43:09,676] {bash.py:158} INFO - Running command: echo hello world, this is the first task
[2024-07-16 02:43:09,695] {bash.py:169} INFO - Output:
[2024-07-16 02:43:09,698] {bash.py:173} INFO - hello world, this is the first task
[2024-07-16 02:43:09,699] {bash.py:177} INFO - Command exited with return code 0
[2024-07-16 02:43:09,764] {taskinstance.py:1166} INFO - Marking task as SUCCESS. dag_id=our_first_dag, task_id=first_task, execution_date=20220919T000000, start_date=20240716T024309, end_date=20240716T024309
[2024-07-16 02:43:09,863] {taskinstance.py:1220} INFO - 0 downstream tasks scheduled from follow-on schedule check
[2024-07-16 02:43:09,891] {local_task_job.py:146} INFO - Task exited with return code 0
