[2024-07-16 02:41:35,758] {taskinstance.py:851} INFO - Dependencies all met for <TaskInstance: our_first_dag.first_task 2021-11-29T00:00:00+00:00 [queued]>
[2024-07-16 02:41:35,803] {taskinstance.py:851} INFO - Dependencies all met for <TaskInstance: our_first_dag.first_task 2021-11-29T00:00:00+00:00 [queued]>
[2024-07-16 02:41:35,804] {taskinstance.py:1042} INFO - 
--------------------------------------------------------------------------------
[2024-07-16 02:41:35,805] {taskinstance.py:1043} INFO - Starting attempt 1 of 6
[2024-07-16 02:41:35,806] {taskinstance.py:1044} INFO - 
--------------------------------------------------------------------------------
[2024-07-16 02:41:35,830] {taskinstance.py:1063} INFO - Executing <Task(BashOperator): first_task> on 2021-11-29T00:00:00+00:00
[2024-07-16 02:41:35,840] {standard_task_runner.py:52} INFO - Started process 772 to run task
[2024-07-16 02:41:35,848] {standard_task_runner.py:76} INFO - Running: ['airflow', 'tasks', 'run', 'our_first_dag', 'first_task', '2021-11-29T00:00:00+00:00', '--job-id', '128', '--pool', 'default_pool', '--raw', '--subdir', 'DAGS_FOLDER/our_first_dag.py', '--cfg-path', '/tmp/tmpmw25ky8e', '--error-file', '/tmp/tmpdayrhpgk']
[2024-07-16 02:41:35,858] {standard_task_runner.py:77} INFO - Job 128: Subtask first_task
[2024-07-16 02:41:35,979] {logging_mixin.py:104} INFO - Running <TaskInstance: our_first_dag.first_task 2021-11-29T00:00:00+00:00 [running]> on host f3060829e7b4
[2024-07-16 02:41:36,123] {taskinstance.py:1257} INFO - Exporting the following env vars:
AIRFLOW_CTX_DAG_OWNER=coder2j
AIRFLOW_CTX_DAG_ID=our_first_dag
AIRFLOW_CTX_TASK_ID=first_task
AIRFLOW_CTX_EXECUTION_DATE=2021-11-29T00:00:00+00:00
AIRFLOW_CTX_DAG_RUN_ID=scheduled__2021-11-29T00:00:00+00:00
[2024-07-16 02:41:36,124] {bash.py:135} INFO - Tmp dir root location: 
 /tmp
[2024-07-16 02:41:36,128] {bash.py:158} INFO - Running command: echo hello world, this is the first task
[2024-07-16 02:41:36,163] {bash.py:169} INFO - Output:
[2024-07-16 02:41:36,171] {bash.py:173} INFO - hello world, this is the first task
[2024-07-16 02:41:36,178] {bash.py:177} INFO - Command exited with return code 0
[2024-07-16 02:41:36,308] {taskinstance.py:1166} INFO - Marking task as SUCCESS. dag_id=our_first_dag, task_id=first_task, execution_date=20211129T000000, start_date=20240716T024135, end_date=20240716T024136
[2024-07-16 02:41:36,410] {taskinstance.py:1220} INFO - 0 downstream tasks scheduled from follow-on schedule check
[2024-07-16 02:41:36,458] {local_task_job.py:146} INFO - Task exited with return code 0
