[2024-07-16 02:46:57,655] {taskinstance.py:851} INFO - Dependencies all met for <TaskInstance: our_first_dag_v2.second_task 2021-11-26T00:00:00+00:00 [queued]>
[2024-07-16 02:46:57,708] {taskinstance.py:851} INFO - Dependencies all met for <TaskInstance: our_first_dag_v2.second_task 2021-11-26T00:00:00+00:00 [queued]>
[2024-07-16 02:46:57,714] {taskinstance.py:1042} INFO - 
--------------------------------------------------------------------------------
[2024-07-16 02:46:57,715] {taskinstance.py:1043} INFO - Starting attempt 1 of 6
[2024-07-16 02:46:57,718] {taskinstance.py:1044} INFO - 
--------------------------------------------------------------------------------
[2024-07-16 02:46:57,748] {taskinstance.py:1063} INFO - Executing <Task(BashOperator): second_task> on 2021-11-26T00:00:00+00:00
[2024-07-16 02:46:57,761] {standard_task_runner.py:52} INFO - Started process 3816 to run task
[2024-07-16 02:46:57,781] {standard_task_runner.py:76} INFO - Running: ['airflow', 'tasks', 'run', 'our_first_dag_v2', 'second_task', '2021-11-26T00:00:00+00:00', '--job-id', '1064', '--pool', 'default_pool', '--raw', '--subdir', 'DAGS_FOLDER/our_first_dag.py', '--cfg-path', '/tmp/tmplm4em0nf', '--error-file', '/tmp/tmpkwavu5v8']
[2024-07-16 02:46:57,793] {standard_task_runner.py:77} INFO - Job 1064: Subtask second_task
[2024-07-16 02:46:58,067] {logging_mixin.py:104} INFO - Running <TaskInstance: our_first_dag_v2.second_task 2021-11-26T00:00:00+00:00 [running]> on host f3060829e7b4
[2024-07-16 02:46:58,227] {taskinstance.py:1257} INFO - Exporting the following env vars:
AIRFLOW_CTX_DAG_OWNER=coder2j
AIRFLOW_CTX_DAG_ID=our_first_dag_v2
AIRFLOW_CTX_TASK_ID=second_task
AIRFLOW_CTX_EXECUTION_DATE=2021-11-26T00:00:00+00:00
AIRFLOW_CTX_DAG_RUN_ID=scheduled__2021-11-26T00:00:00+00:00
[2024-07-16 02:46:58,229] {bash.py:135} INFO - Tmp dir root location: 
 /tmp
[2024-07-16 02:46:58,232] {bash.py:158} INFO - Running command: echo hello world, this is the second task, it will run after first task
[2024-07-16 02:46:58,249] {bash.py:169} INFO - Output:
[2024-07-16 02:46:58,250] {bash.py:173} INFO - hello world, this is the second task, it will run after first task
[2024-07-16 02:46:58,251] {bash.py:177} INFO - Command exited with return code 0
[2024-07-16 02:46:58,388] {taskinstance.py:1166} INFO - Marking task as SUCCESS. dag_id=our_first_dag_v2, task_id=second_task, execution_date=20211126T000000, start_date=20240716T024657, end_date=20240716T024658
[2024-07-16 02:46:58,604] {taskinstance.py:1220} INFO - 0 downstream tasks scheduled from follow-on schedule check
[2024-07-16 02:46:58,646] {local_task_job.py:146} INFO - Task exited with return code 0
