[2024-07-16 02:46:36,794] {taskinstance.py:851} INFO - Dependencies all met for <TaskInstance: our_first_dag_v2.second_task 2021-10-12T00:00:00+00:00 [queued]>
[2024-07-16 02:46:36,880] {taskinstance.py:851} INFO - Dependencies all met for <TaskInstance: our_first_dag_v2.second_task 2021-10-12T00:00:00+00:00 [queued]>
[2024-07-16 02:46:36,882] {taskinstance.py:1042} INFO - 
--------------------------------------------------------------------------------
[2024-07-16 02:46:36,896] {taskinstance.py:1043} INFO - Starting attempt 1 of 6
[2024-07-16 02:46:36,898] {taskinstance.py:1044} INFO - 
--------------------------------------------------------------------------------
[2024-07-16 02:46:36,939] {taskinstance.py:1063} INFO - Executing <Task(BashOperator): second_task> on 2021-10-12T00:00:00+00:00
[2024-07-16 02:46:36,950] {standard_task_runner.py:52} INFO - Started process 3536 to run task
[2024-07-16 02:46:36,968] {standard_task_runner.py:76} INFO - Running: ['airflow', 'tasks', 'run', 'our_first_dag_v2', 'second_task', '2021-10-12T00:00:00+00:00', '--job-id', '974', '--pool', 'default_pool', '--raw', '--subdir', 'DAGS_FOLDER/our_first_dag.py', '--cfg-path', '/tmp/tmpo_c67jkc', '--error-file', '/tmp/tmpu6k63s1j']
[2024-07-16 02:46:36,974] {standard_task_runner.py:77} INFO - Job 974: Subtask second_task
[2024-07-16 02:46:37,134] {logging_mixin.py:104} INFO - Running <TaskInstance: our_first_dag_v2.second_task 2021-10-12T00:00:00+00:00 [running]> on host f3060829e7b4
[2024-07-16 02:46:37,415] {taskinstance.py:1257} INFO - Exporting the following env vars:
AIRFLOW_CTX_DAG_OWNER=coder2j
AIRFLOW_CTX_DAG_ID=our_first_dag_v2
AIRFLOW_CTX_TASK_ID=second_task
AIRFLOW_CTX_EXECUTION_DATE=2021-10-12T00:00:00+00:00
AIRFLOW_CTX_DAG_RUN_ID=scheduled__2021-10-12T00:00:00+00:00
[2024-07-16 02:46:37,416] {bash.py:135} INFO - Tmp dir root location: 
 /tmp
[2024-07-16 02:46:37,419] {bash.py:158} INFO - Running command: echo hello world, this is the second task, it will run after first task
[2024-07-16 02:46:37,437] {bash.py:169} INFO - Output:
[2024-07-16 02:46:37,440] {bash.py:173} INFO - hello world, this is the second task, it will run after first task
[2024-07-16 02:46:37,441] {bash.py:177} INFO - Command exited with return code 0
[2024-07-16 02:46:37,620] {taskinstance.py:1166} INFO - Marking task as SUCCESS. dag_id=our_first_dag_v2, task_id=second_task, execution_date=20211012T000000, start_date=20240716T024636, end_date=20240716T024637
[2024-07-16 02:46:37,898] {taskinstance.py:1220} INFO - 0 downstream tasks scheduled from follow-on schedule check
[2024-07-16 02:46:37,922] {local_task_job.py:146} INFO - Task exited with return code 0
