[2024-07-16 02:41:08,851] {taskinstance.py:851} INFO - Dependencies all met for <TaskInstance: our_first_dag.first_task 2021-08-08T00:00:00+00:00 [queued]>
[2024-07-16 02:41:08,879] {taskinstance.py:851} INFO - Dependencies all met for <TaskInstance: our_first_dag.first_task 2021-08-08T00:00:00+00:00 [queued]>
[2024-07-16 02:41:08,880] {taskinstance.py:1042} INFO - 
--------------------------------------------------------------------------------
[2024-07-16 02:41:08,880] {taskinstance.py:1043} INFO - Starting attempt 1 of 6
[2024-07-16 02:41:08,881] {taskinstance.py:1044} INFO - 
--------------------------------------------------------------------------------
[2024-07-16 02:41:08,896] {taskinstance.py:1063} INFO - Executing <Task(BashOperator): first_task> on 2021-08-08T00:00:00+00:00
[2024-07-16 02:41:08,906] {standard_task_runner.py:52} INFO - Started process 416 to run task
[2024-07-16 02:41:08,917] {standard_task_runner.py:76} INFO - Running: ['airflow', 'tasks', 'run', 'our_first_dag', 'first_task', '2021-08-08T00:00:00+00:00', '--job-id', '15', '--pool', 'default_pool', '--raw', '--subdir', 'DAGS_FOLDER/our_first_dag.py', '--cfg-path', '/tmp/tmpxjkd1a8x', '--error-file', '/tmp/tmpj4k1wx6h']
[2024-07-16 02:41:08,922] {standard_task_runner.py:77} INFO - Job 15: Subtask first_task
[2024-07-16 02:41:09,024] {logging_mixin.py:104} INFO - Running <TaskInstance: our_first_dag.first_task 2021-08-08T00:00:00+00:00 [running]> on host f3060829e7b4
[2024-07-16 02:41:09,135] {taskinstance.py:1257} INFO - Exporting the following env vars:
AIRFLOW_CTX_DAG_OWNER=coder2j
AIRFLOW_CTX_DAG_ID=our_first_dag
AIRFLOW_CTX_TASK_ID=first_task
AIRFLOW_CTX_EXECUTION_DATE=2021-08-08T00:00:00+00:00
AIRFLOW_CTX_DAG_RUN_ID=scheduled__2021-08-08T00:00:00+00:00
[2024-07-16 02:41:09,139] {bash.py:135} INFO - Tmp dir root location: 
 /tmp
[2024-07-16 02:41:09,142] {bash.py:158} INFO - Running command: echo hello world, this is the first task
[2024-07-16 02:41:09,159] {bash.py:169} INFO - Output:
[2024-07-16 02:41:09,162] {bash.py:173} INFO - hello world, this is the first task
[2024-07-16 02:41:09,164] {bash.py:177} INFO - Command exited with return code 0
[2024-07-16 02:41:09,215] {taskinstance.py:1166} INFO - Marking task as SUCCESS. dag_id=our_first_dag, task_id=first_task, execution_date=20210808T000000, start_date=20240716T024108, end_date=20240716T024109
[2024-07-16 02:41:09,276] {taskinstance.py:1220} INFO - 0 downstream tasks scheduled from follow-on schedule check
[2024-07-16 02:41:09,288] {local_task_job.py:146} INFO - Task exited with return code 0
