[2024-07-16 02:46:33,747] {taskinstance.py:851} INFO - Dependencies all met for <TaskInstance: our_first_dag_v2.first_task 2021-10-10T00:00:00+00:00 [queued]>
[2024-07-16 02:46:33,801] {taskinstance.py:851} INFO - Dependencies all met for <TaskInstance: our_first_dag_v2.first_task 2021-10-10T00:00:00+00:00 [queued]>
[2024-07-16 02:46:33,802] {taskinstance.py:1042} INFO - 
--------------------------------------------------------------------------------
[2024-07-16 02:46:33,804] {taskinstance.py:1043} INFO - Starting attempt 1 of 6
[2024-07-16 02:46:33,805] {taskinstance.py:1044} INFO - 
--------------------------------------------------------------------------------
[2024-07-16 02:46:33,857] {taskinstance.py:1063} INFO - Executing <Task(BashOperator): first_task> on 2021-10-10T00:00:00+00:00
[2024-07-16 02:46:33,866] {standard_task_runner.py:52} INFO - Started process 3497 to run task
[2024-07-16 02:46:33,900] {standard_task_runner.py:76} INFO - Running: ['airflow', 'tasks', 'run', 'our_first_dag_v2', 'first_task', '2021-10-10T00:00:00+00:00', '--job-id', '960', '--pool', 'default_pool', '--raw', '--subdir', 'DAGS_FOLDER/our_first_dag.py', '--cfg-path', '/tmp/tmp6aspaewr', '--error-file', '/tmp/tmp8xgg89j2']
[2024-07-16 02:46:33,906] {standard_task_runner.py:77} INFO - Job 960: Subtask first_task
[2024-07-16 02:46:34,048] {logging_mixin.py:104} INFO - Running <TaskInstance: our_first_dag_v2.first_task 2021-10-10T00:00:00+00:00 [running]> on host f3060829e7b4
[2024-07-16 02:46:34,207] {taskinstance.py:1257} INFO - Exporting the following env vars:
AIRFLOW_CTX_DAG_OWNER=coder2j
AIRFLOW_CTX_DAG_ID=our_first_dag_v2
AIRFLOW_CTX_TASK_ID=first_task
AIRFLOW_CTX_EXECUTION_DATE=2021-10-10T00:00:00+00:00
AIRFLOW_CTX_DAG_RUN_ID=scheduled__2021-10-10T00:00:00+00:00
[2024-07-16 02:46:34,213] {bash.py:135} INFO - Tmp dir root location: 
 /tmp
[2024-07-16 02:46:34,217] {bash.py:158} INFO - Running command: echo hello world, this is the first task
[2024-07-16 02:46:34,236] {bash.py:169} INFO - Output:
[2024-07-16 02:46:34,241] {bash.py:173} INFO - hello world, this is the first task
[2024-07-16 02:46:34,242] {bash.py:177} INFO - Command exited with return code 0
[2024-07-16 02:46:34,340] {taskinstance.py:1166} INFO - Marking task as SUCCESS. dag_id=our_first_dag_v2, task_id=first_task, execution_date=20211010T000000, start_date=20240716T024633, end_date=20240716T024634
[2024-07-16 02:46:34,504] {taskinstance.py:1220} INFO - 1 downstream tasks scheduled from follow-on schedule check
[2024-07-16 02:46:34,546] {local_task_job.py:146} INFO - Task exited with return code 0
