[2024-07-16 02:47:11,174] {taskinstance.py:851} INFO - Dependencies all met for <TaskInstance: our_first_dag_v2.second_task 2021-12-25T00:00:00+00:00 [queued]>
[2024-07-16 02:47:11,216] {taskinstance.py:851} INFO - Dependencies all met for <TaskInstance: our_first_dag_v2.second_task 2021-12-25T00:00:00+00:00 [queued]>
[2024-07-16 02:47:11,217] {taskinstance.py:1042} INFO - 
--------------------------------------------------------------------------------
[2024-07-16 02:47:11,218] {taskinstance.py:1043} INFO - Starting attempt 1 of 6
[2024-07-16 02:47:11,218] {taskinstance.py:1044} INFO - 
--------------------------------------------------------------------------------
[2024-07-16 02:47:11,250] {taskinstance.py:1063} INFO - Executing <Task(BashOperator): second_task> on 2021-12-25T00:00:00+00:00
[2024-07-16 02:47:11,274] {standard_task_runner.py:52} INFO - Started process 3994 to run task
[2024-07-16 02:47:11,295] {standard_task_runner.py:76} INFO - Running: ['airflow', 'tasks', 'run', 'our_first_dag_v2', 'second_task', '2021-12-25T00:00:00+00:00', '--job-id', '1122', '--pool', 'default_pool', '--raw', '--subdir', 'DAGS_FOLDER/our_first_dag.py', '--cfg-path', '/tmp/tmp4a7updad', '--error-file', '/tmp/tmptuog7kjn']
[2024-07-16 02:47:11,312] {standard_task_runner.py:77} INFO - Job 1122: Subtask second_task
[2024-07-16 02:47:11,632] {logging_mixin.py:104} INFO - Running <TaskInstance: our_first_dag_v2.second_task 2021-12-25T00:00:00+00:00 [running]> on host f3060829e7b4
[2024-07-16 02:47:11,987] {taskinstance.py:1257} INFO - Exporting the following env vars:
AIRFLOW_CTX_DAG_OWNER=coder2j
AIRFLOW_CTX_DAG_ID=our_first_dag_v2
AIRFLOW_CTX_TASK_ID=second_task
AIRFLOW_CTX_EXECUTION_DATE=2021-12-25T00:00:00+00:00
AIRFLOW_CTX_DAG_RUN_ID=scheduled__2021-12-25T00:00:00+00:00
[2024-07-16 02:47:11,999] {bash.py:135} INFO - Tmp dir root location: 
 /tmp
[2024-07-16 02:47:12,006] {bash.py:158} INFO - Running command: echo hello world, this is the second task, it will run after first task
[2024-07-16 02:47:12,044] {bash.py:169} INFO - Output:
[2024-07-16 02:47:12,046] {bash.py:173} INFO - hello world, this is the second task, it will run after first task
[2024-07-16 02:47:12,047] {bash.py:177} INFO - Command exited with return code 0
[2024-07-16 02:47:12,220] {taskinstance.py:1166} INFO - Marking task as SUCCESS. dag_id=our_first_dag_v2, task_id=second_task, execution_date=20211225T000000, start_date=20240716T024711, end_date=20240716T024712
[2024-07-16 02:47:12,487] {taskinstance.py:1220} INFO - 0 downstream tasks scheduled from follow-on schedule check
[2024-07-16 02:47:12,569] {local_task_job.py:146} INFO - Task exited with return code 0
