[2024-07-19 03:17:00,581] {taskinstance.py:851} INFO - Dependencies all met for <TaskInstance: catchup_and_backfill.greet 2024-07-18T00:00:00+00:00 [queued]>
[2024-07-19 03:17:00,607] {taskinstance.py:851} INFO - Dependencies all met for <TaskInstance: catchup_and_backfill.greet 2024-07-18T00:00:00+00:00 [queued]>
[2024-07-19 03:17:00,608] {taskinstance.py:1042} INFO - 
--------------------------------------------------------------------------------
[2024-07-19 03:17:00,608] {taskinstance.py:1043} INFO - Starting attempt 1 of 6
[2024-07-19 03:17:00,609] {taskinstance.py:1044} INFO - 
--------------------------------------------------------------------------------
[2024-07-19 03:17:00,627] {taskinstance.py:1063} INFO - Executing <Task(PythonOperator): greet> on 2024-07-18T00:00:00+00:00
[2024-07-19 03:17:00,631] {standard_task_runner.py:52} INFO - Started process 252 to run task
[2024-07-19 03:17:00,639] {standard_task_runner.py:76} INFO - Running: ['airflow', 'tasks', 'run', 'catchup_and_backfill', 'greet', '2024-07-18T00:00:00+00:00', '--job-id', '804', '--pool', 'default_pool', '--raw', '--subdir', 'DAGS_FOLDER/catchup_and_backfill.py', '--cfg-path', '/tmp/tmpzzkpeaku', '--error-file', '/tmp/tmprk89k8sl']
[2024-07-19 03:17:00,643] {standard_task_runner.py:77} INFO - Job 804: Subtask greet
[2024-07-19 03:17:00,715] {logging_mixin.py:104} INFO - Running <TaskInstance: catchup_and_backfill.greet 2024-07-18T00:00:00+00:00 [running]> on host b7036ca352b1
[2024-07-19 03:17:00,804] {taskinstance.py:1257} INFO - Exporting the following env vars:
AIRFLOW_CTX_DAG_OWNER=MinhThai
AIRFLOW_CTX_DAG_ID=catchup_and_backfill
AIRFLOW_CTX_TASK_ID=greet
AIRFLOW_CTX_EXECUTION_DATE=2024-07-18T00:00:00+00:00
AIRFLOW_CTX_DAG_RUN_ID=scheduled__2024-07-18T00:00:00+00:00
[2024-07-19 03:17:00,833] {logging_mixin.py:104} INFO - Hello world. My name is Pham Thien An and I am 15 years old
[2024-07-19 03:17:00,834] {python.py:118} INFO - Done. Returned value was: None
[2024-07-19 03:17:00,855] {taskinstance.py:1166} INFO - Marking task as SUCCESS. dag_id=catchup_and_backfill, task_id=greet, execution_date=20240718T000000, start_date=20240719T031700, end_date=20240719T031700
[2024-07-19 03:17:00,901] {taskinstance.py:1220} INFO - 0 downstream tasks scheduled from follow-on schedule check
[2024-07-19 03:17:00,931] {local_task_job.py:146} INFO - Task exited with return code 0
