[2024-07-16 02:46:10,857] {taskinstance.py:851} INFO - Dependencies all met for <TaskInstance: our_first_dag_v2.second_task 2021-08-23T00:00:00+00:00 [queued]>
[2024-07-16 02:46:10,937] {taskinstance.py:851} INFO - Dependencies all met for <TaskInstance: our_first_dag_v2.second_task 2021-08-23T00:00:00+00:00 [queued]>
[2024-07-16 02:46:10,938] {taskinstance.py:1042} INFO - 
--------------------------------------------------------------------------------
[2024-07-16 02:46:10,939] {taskinstance.py:1043} INFO - Starting attempt 1 of 6
[2024-07-16 02:46:10,940] {taskinstance.py:1044} INFO - 
--------------------------------------------------------------------------------
[2024-07-16 02:46:10,985] {taskinstance.py:1063} INFO - Executing <Task(BashOperator): second_task> on 2021-08-23T00:00:00+00:00
[2024-07-16 02:46:10,992] {standard_task_runner.py:52} INFO - Started process 3221 to run task
[2024-07-16 02:46:11,010] {standard_task_runner.py:76} INFO - Running: ['airflow', 'tasks', 'run', 'our_first_dag_v2', 'second_task', '2021-08-23T00:00:00+00:00', '--job-id', '874', '--pool', 'default_pool', '--raw', '--subdir', 'DAGS_FOLDER/our_first_dag.py', '--cfg-path', '/tmp/tmpn0d7r4bq', '--error-file', '/tmp/tmpavkqxk58']
[2024-07-16 02:46:11,023] {standard_task_runner.py:77} INFO - Job 874: Subtask second_task
[2024-07-16 02:46:11,207] {logging_mixin.py:104} INFO - Running <TaskInstance: our_first_dag_v2.second_task 2021-08-23T00:00:00+00:00 [running]> on host f3060829e7b4
[2024-07-16 02:46:11,456] {taskinstance.py:1257} INFO - Exporting the following env vars:
AIRFLOW_CTX_DAG_OWNER=coder2j
AIRFLOW_CTX_DAG_ID=our_first_dag_v2
AIRFLOW_CTX_TASK_ID=second_task
AIRFLOW_CTX_EXECUTION_DATE=2021-08-23T00:00:00+00:00
AIRFLOW_CTX_DAG_RUN_ID=scheduled__2021-08-23T00:00:00+00:00
[2024-07-16 02:46:11,457] {bash.py:135} INFO - Tmp dir root location: 
 /tmp
[2024-07-16 02:46:11,460] {bash.py:158} INFO - Running command: echo hello world, this is the second task, it will run after first task
[2024-07-16 02:46:11,499] {bash.py:169} INFO - Output:
[2024-07-16 02:46:11,502] {bash.py:173} INFO - hello world, this is the second task, it will run after first task
[2024-07-16 02:46:11,506] {bash.py:177} INFO - Command exited with return code 0
[2024-07-16 02:46:11,601] {taskinstance.py:1166} INFO - Marking task as SUCCESS. dag_id=our_first_dag_v2, task_id=second_task, execution_date=20210823T000000, start_date=20240716T024610, end_date=20240716T024611
[2024-07-16 02:46:11,741] {taskinstance.py:1220} INFO - 0 downstream tasks scheduled from follow-on schedule check
[2024-07-16 02:46:11,764] {local_task_job.py:146} INFO - Task exited with return code 0
