[2024-07-16 02:46:27,755] {taskinstance.py:851} INFO - Dependencies all met for <TaskInstance: our_first_dag_v2.first_task 2021-09-29T00:00:00+00:00 [queued]>
[2024-07-16 02:46:27,797] {taskinstance.py:851} INFO - Dependencies all met for <TaskInstance: our_first_dag_v2.first_task 2021-09-29T00:00:00+00:00 [queued]>
[2024-07-16 02:46:27,798] {taskinstance.py:1042} INFO - 
--------------------------------------------------------------------------------
[2024-07-16 02:46:27,798] {taskinstance.py:1043} INFO - Starting attempt 1 of 6
[2024-07-16 02:46:27,799] {taskinstance.py:1044} INFO - 
--------------------------------------------------------------------------------
[2024-07-16 02:46:27,819] {taskinstance.py:1063} INFO - Executing <Task(BashOperator): first_task> on 2021-09-29T00:00:00+00:00
[2024-07-16 02:46:27,829] {standard_task_runner.py:52} INFO - Started process 3424 to run task
[2024-07-16 02:46:27,857] {standard_task_runner.py:76} INFO - Running: ['airflow', 'tasks', 'run', 'our_first_dag_v2', 'first_task', '2021-09-29T00:00:00+00:00', '--job-id', '939', '--pool', 'default_pool', '--raw', '--subdir', 'DAGS_FOLDER/our_first_dag.py', '--cfg-path', '/tmp/tmpvvqpj38l', '--error-file', '/tmp/tmpm51pzmjp']
[2024-07-16 02:46:27,862] {standard_task_runner.py:77} INFO - Job 939: Subtask first_task
[2024-07-16 02:46:28,084] {logging_mixin.py:104} INFO - Running <TaskInstance: our_first_dag_v2.first_task 2021-09-29T00:00:00+00:00 [running]> on host f3060829e7b4
[2024-07-16 02:46:28,219] {taskinstance.py:1257} INFO - Exporting the following env vars:
AIRFLOW_CTX_DAG_OWNER=coder2j
AIRFLOW_CTX_DAG_ID=our_first_dag_v2
AIRFLOW_CTX_TASK_ID=first_task
AIRFLOW_CTX_EXECUTION_DATE=2021-09-29T00:00:00+00:00
AIRFLOW_CTX_DAG_RUN_ID=scheduled__2021-09-29T00:00:00+00:00
[2024-07-16 02:46:28,227] {bash.py:135} INFO - Tmp dir root location: 
 /tmp
[2024-07-16 02:46:28,230] {bash.py:158} INFO - Running command: echo hello world, this is the first task
[2024-07-16 02:46:28,251] {bash.py:169} INFO - Output:
[2024-07-16 02:46:28,258] {bash.py:173} INFO - hello world, this is the first task
[2024-07-16 02:46:28,259] {bash.py:177} INFO - Command exited with return code 0
[2024-07-16 02:46:28,366] {taskinstance.py:1166} INFO - Marking task as SUCCESS. dag_id=our_first_dag_v2, task_id=first_task, execution_date=20210929T000000, start_date=20240716T024627, end_date=20240716T024628
[2024-07-16 02:46:28,731] {taskinstance.py:1220} INFO - 1 downstream tasks scheduled from follow-on schedule check
[2024-07-16 02:46:28,887] {local_task_job.py:146} INFO - Task exited with return code 0
