[2024-07-18 06:33:27,425] {taskinstance.py:851} INFO - Dependencies all met for <TaskInstance: xcom_example_dag.push_task 2023-09-29T00:00:00+00:00 [queued]>
[2024-07-18 06:33:27,564] {taskinstance.py:851} INFO - Dependencies all met for <TaskInstance: xcom_example_dag.push_task 2023-09-29T00:00:00+00:00 [queued]>
[2024-07-18 06:33:27,570] {taskinstance.py:1042} INFO - 
--------------------------------------------------------------------------------
[2024-07-18 06:33:27,578] {taskinstance.py:1043} INFO - Starting attempt 1 of 2
[2024-07-18 06:33:27,583] {taskinstance.py:1044} INFO - 
--------------------------------------------------------------------------------
[2024-07-18 06:33:27,684] {taskinstance.py:1063} INFO - Executing <Task(PythonOperator): push_task> on 2023-09-29T00:00:00+00:00
[2024-07-18 06:33:27,695] {standard_task_runner.py:52} INFO - Started process 2204 to run task
[2024-07-18 06:33:27,722] {standard_task_runner.py:76} INFO - Running: ['airflow', 'tasks', 'run', 'xcom_example_dag', 'push_task', '2023-09-29T00:00:00+00:00', '--job-id', '166', '--pool', 'default_pool', '--raw', '--subdir', 'DAGS_FOLDER/xcom.py', '--cfg-path', '/tmp/tmpkjxmxb2g', '--error-file', '/tmp/tmpvbhhli2r']
[2024-07-18 06:33:27,792] {standard_task_runner.py:77} INFO - Job 166: Subtask push_task
[2024-07-18 06:33:28,023] {logging_mixin.py:104} INFO - Running <TaskInstance: xcom_example_dag.push_task 2023-09-29T00:00:00+00:00 [running]> on host a868c7bacc12
[2024-07-18 06:33:28,306] {taskinstance.py:1257} INFO - Exporting the following env vars:
AIRFLOW_CTX_DAG_OWNER=airflow
AIRFLOW_CTX_DAG_ID=xcom_example_dag
AIRFLOW_CTX_TASK_ID=push_task
AIRFLOW_CTX_EXECUTION_DATE=2023-09-29T00:00:00+00:00
AIRFLOW_CTX_DAG_RUN_ID=scheduled__2023-09-29T00:00:00+00:00
[2024-07-18 06:33:28,373] {python.py:118} INFO - Done. Returned value was: None
[2024-07-18 06:33:28,406] {taskinstance.py:1166} INFO - Marking task as SUCCESS. dag_id=xcom_example_dag, task_id=push_task, execution_date=20230929T000000, start_date=20240718T063327, end_date=20240718T063328
[2024-07-18 06:33:28,763] {taskinstance.py:1220} INFO - 0 downstream tasks scheduled from follow-on schedule check
[2024-07-18 06:33:28,813] {local_task_job.py:146} INFO - Task exited with return code 0
