[2024-07-16 02:44:20,174] {taskinstance.py:851} INFO - Dependencies all met for <TaskInstance: our_first_dag.first_task 2023-05-06T00:00:00+00:00 [queued]>
[2024-07-16 02:44:20,213] {taskinstance.py:851} INFO - Dependencies all met for <TaskInstance: our_first_dag.first_task 2023-05-06T00:00:00+00:00 [queued]>
[2024-07-16 02:44:20,214] {taskinstance.py:1042} INFO - 
--------------------------------------------------------------------------------
[2024-07-16 02:44:20,215] {taskinstance.py:1043} INFO - Starting attempt 1 of 6
[2024-07-16 02:44:20,216] {taskinstance.py:1044} INFO - 
--------------------------------------------------------------------------------
[2024-07-16 02:44:20,248] {taskinstance.py:1063} INFO - Executing <Task(BashOperator): first_task> on 2023-05-06T00:00:00+00:00
[2024-07-16 02:44:20,260] {standard_task_runner.py:52} INFO - Started process 2415 to run task
[2024-07-16 02:44:20,272] {standard_task_runner.py:76} INFO - Running: ['airflow', 'tasks', 'run', 'our_first_dag', 'first_task', '2023-05-06T00:00:00+00:00', '--job-id', '651', '--pool', 'default_pool', '--raw', '--subdir', 'DAGS_FOLDER/our_first_dag.py', '--cfg-path', '/tmp/tmpwecnbl7p', '--error-file', '/tmp/tmp61_cj_pp']
[2024-07-16 02:44:20,279] {standard_task_runner.py:77} INFO - Job 651: Subtask first_task
[2024-07-16 02:44:20,423] {logging_mixin.py:104} INFO - Running <TaskInstance: our_first_dag.first_task 2023-05-06T00:00:00+00:00 [running]> on host f3060829e7b4
[2024-07-16 02:44:20,572] {taskinstance.py:1257} INFO - Exporting the following env vars:
AIRFLOW_CTX_DAG_OWNER=coder2j
AIRFLOW_CTX_DAG_ID=our_first_dag
AIRFLOW_CTX_TASK_ID=first_task
AIRFLOW_CTX_EXECUTION_DATE=2023-05-06T00:00:00+00:00
AIRFLOW_CTX_DAG_RUN_ID=scheduled__2023-05-06T00:00:00+00:00
[2024-07-16 02:44:20,579] {bash.py:135} INFO - Tmp dir root location: 
 /tmp
[2024-07-16 02:44:20,584] {bash.py:158} INFO - Running command: echo hello world, this is the first task
[2024-07-16 02:44:20,634] {bash.py:169} INFO - Output:
[2024-07-16 02:44:20,639] {bash.py:173} INFO - hello world, this is the first task
[2024-07-16 02:44:20,644] {bash.py:177} INFO - Command exited with return code 0
[2024-07-16 02:44:20,776] {taskinstance.py:1166} INFO - Marking task as SUCCESS. dag_id=our_first_dag, task_id=first_task, execution_date=20230506T000000, start_date=20240716T024420, end_date=20240716T024420
[2024-07-16 02:44:20,879] {taskinstance.py:1220} INFO - 0 downstream tasks scheduled from follow-on schedule check
[2024-07-16 02:44:20,906] {local_task_job.py:146} INFO - Task exited with return code 0
