[2024-07-16 02:47:05,774] {taskinstance.py:851} INFO - Dependencies all met for <TaskInstance: our_first_dag_v2.first_task 2021-12-20T00:00:00+00:00 [queued]>
[2024-07-16 02:47:05,858] {taskinstance.py:851} INFO - Dependencies all met for <TaskInstance: our_first_dag_v2.first_task 2021-12-20T00:00:00+00:00 [queued]>
[2024-07-16 02:47:05,860] {taskinstance.py:1042} INFO - 
--------------------------------------------------------------------------------
[2024-07-16 02:47:05,861] {taskinstance.py:1043} INFO - Starting attempt 1 of 6
[2024-07-16 02:47:05,862] {taskinstance.py:1044} INFO - 
--------------------------------------------------------------------------------
[2024-07-16 02:47:05,894] {taskinstance.py:1063} INFO - Executing <Task(BashOperator): first_task> on 2021-12-20T00:00:00+00:00
[2024-07-16 02:47:05,910] {standard_task_runner.py:52} INFO - Started process 3940 to run task
[2024-07-16 02:47:05,928] {standard_task_runner.py:76} INFO - Running: ['airflow', 'tasks', 'run', 'our_first_dag_v2', 'first_task', '2021-12-20T00:00:00+00:00', '--job-id', '1104', '--pool', 'default_pool', '--raw', '--subdir', 'DAGS_FOLDER/our_first_dag.py', '--cfg-path', '/tmp/tmp2tl6k0oz', '--error-file', '/tmp/tmpd2tyjtg_']
[2024-07-16 02:47:05,948] {standard_task_runner.py:77} INFO - Job 1104: Subtask first_task
[2024-07-16 02:47:06,088] {logging_mixin.py:104} INFO - Running <TaskInstance: our_first_dag_v2.first_task 2021-12-20T00:00:00+00:00 [running]> on host f3060829e7b4
[2024-07-16 02:47:06,259] {taskinstance.py:1257} INFO - Exporting the following env vars:
AIRFLOW_CTX_DAG_OWNER=coder2j
AIRFLOW_CTX_DAG_ID=our_first_dag_v2
AIRFLOW_CTX_TASK_ID=first_task
AIRFLOW_CTX_EXECUTION_DATE=2021-12-20T00:00:00+00:00
AIRFLOW_CTX_DAG_RUN_ID=scheduled__2021-12-20T00:00:00+00:00
[2024-07-16 02:47:06,261] {bash.py:135} INFO - Tmp dir root location: 
 /tmp
[2024-07-16 02:47:06,263] {bash.py:158} INFO - Running command: echo hello world, this is the first task
[2024-07-16 02:47:06,286] {bash.py:169} INFO - Output:
[2024-07-16 02:47:06,288] {bash.py:173} INFO - hello world, this is the first task
[2024-07-16 02:47:06,289] {bash.py:177} INFO - Command exited with return code 0
[2024-07-16 02:47:06,438] {taskinstance.py:1166} INFO - Marking task as SUCCESS. dag_id=our_first_dag_v2, task_id=first_task, execution_date=20211220T000000, start_date=20240716T024705, end_date=20240716T024706
[2024-07-16 02:47:06,750] {taskinstance.py:1220} INFO - 0 downstream tasks scheduled from follow-on schedule check
[2024-07-16 02:47:06,784] {local_task_job.py:146} INFO - Task exited with return code 0
