[2024-07-18 06:37:03,562] {taskinstance.py:851} INFO - Dependencies all met for <TaskInstance: xcom_example_dag.push_task 2024-07-06T00:00:00+00:00 [queued]>
[2024-07-18 06:37:03,661] {taskinstance.py:851} INFO - Dependencies all met for <TaskInstance: xcom_example_dag.push_task 2024-07-06T00:00:00+00:00 [queued]>
[2024-07-18 06:37:03,663] {taskinstance.py:1042} INFO - 
--------------------------------------------------------------------------------
[2024-07-18 06:37:03,664] {taskinstance.py:1043} INFO - Starting attempt 1 of 2
[2024-07-18 06:37:03,670] {taskinstance.py:1044} INFO - 
--------------------------------------------------------------------------------
[2024-07-18 06:37:03,726] {taskinstance.py:1063} INFO - Executing <Task(PythonOperator): push_task> on 2024-07-06T00:00:00+00:00
[2024-07-18 06:37:03,753] {standard_task_runner.py:52} INFO - Started process 553 to run task
[2024-07-18 06:37:03,794] {standard_task_runner.py:76} INFO - Running: ['airflow', 'tasks', 'run', 'xcom_example_dag', 'push_task', '2024-07-06T00:00:00+00:00', '--job-id', '729', '--pool', 'default_pool', '--raw', '--subdir', 'DAGS_FOLDER/xcom.py', '--cfg-path', '/tmp/tmpfmcj0zqc', '--error-file', '/tmp/tmpvd9ndrub']
[2024-07-18 06:37:03,805] {standard_task_runner.py:77} INFO - Job 729: Subtask push_task
[2024-07-18 06:37:03,961] {logging_mixin.py:104} INFO - Running <TaskInstance: xcom_example_dag.push_task 2024-07-06T00:00:00+00:00 [running]> on host a868c7bacc12
[2024-07-18 06:37:04,109] {taskinstance.py:1257} INFO - Exporting the following env vars:
AIRFLOW_CTX_DAG_OWNER=airflow
AIRFLOW_CTX_DAG_ID=xcom_example_dag
AIRFLOW_CTX_TASK_ID=push_task
AIRFLOW_CTX_EXECUTION_DATE=2024-07-06T00:00:00+00:00
AIRFLOW_CTX_DAG_RUN_ID=scheduled__2024-07-06T00:00:00+00:00
[2024-07-18 06:37:04,183] {python.py:118} INFO - Done. Returned value was: None
[2024-07-18 06:37:04,230] {taskinstance.py:1166} INFO - Marking task as SUCCESS. dag_id=xcom_example_dag, task_id=push_task, execution_date=20240706T000000, start_date=20240718T063703, end_date=20240718T063704
[2024-07-18 06:37:04,351] {taskinstance.py:1220} INFO - 1 downstream tasks scheduled from follow-on schedule check
[2024-07-18 06:37:04,379] {local_task_job.py:146} INFO - Task exited with return code 0
