[2024-07-18 11:20:17,389] {taskinstance.py:851} INFO - Dependencies all met for <TaskInstance: catchup_and_backfill.get_name 2024-07-15T00:00:00+00:00 [queued]>
[2024-07-18 11:20:17,409] {taskinstance.py:851} INFO - Dependencies all met for <TaskInstance: catchup_and_backfill.get_name 2024-07-15T00:00:00+00:00 [queued]>
[2024-07-18 11:20:17,410] {taskinstance.py:1042} INFO - 
--------------------------------------------------------------------------------
[2024-07-18 11:20:17,410] {taskinstance.py:1043} INFO - Starting attempt 1 of 6
[2024-07-18 11:20:17,411] {taskinstance.py:1044} INFO - 
--------------------------------------------------------------------------------
[2024-07-18 11:20:17,421] {taskinstance.py:1063} INFO - Executing <Task(PythonOperator): get_name> on 2024-07-15T00:00:00+00:00
[2024-07-18 11:20:17,432] {standard_task_runner.py:52} INFO - Started process 10047 to run task
[2024-07-18 11:20:17,438] {standard_task_runner.py:76} INFO - Running: ['airflow', 'tasks', 'run', 'catchup_and_backfill', 'get_name', '2024-07-15T00:00:00+00:00', '--job-id', '787', '--pool', 'default_pool', '--raw', '--subdir', 'DAGS_FOLDER/catchup_and_backfill.py', '--cfg-path', '/tmp/tmphayic81b', '--error-file', '/tmp/tmp4i79r12w']
[2024-07-18 11:20:17,440] {standard_task_runner.py:77} INFO - Job 787: Subtask get_name
[2024-07-18 11:20:17,501] {logging_mixin.py:104} INFO - Running <TaskInstance: catchup_and_backfill.get_name 2024-07-15T00:00:00+00:00 [running]> on host 063096b7a65b
[2024-07-18 11:20:17,561] {taskinstance.py:1257} INFO - Exporting the following env vars:
AIRFLOW_CTX_DAG_OWNER=MinhThai
AIRFLOW_CTX_DAG_ID=catchup_and_backfill
AIRFLOW_CTX_TASK_ID=get_name
AIRFLOW_CTX_EXECUTION_DATE=2024-07-15T00:00:00+00:00
AIRFLOW_CTX_DAG_RUN_ID=backfill__2024-07-15T00:00:00+00:00
[2024-07-18 11:20:17,594] {python.py:118} INFO - Done. Returned value was: None
[2024-07-18 11:20:17,607] {taskinstance.py:1166} INFO - Marking task as SUCCESS. dag_id=catchup_and_backfill, task_id=get_name, execution_date=20240715T000000, start_date=20240718T112017, end_date=20240718T112017
[2024-07-18 11:20:17,638] {taskinstance.py:1220} INFO - 0 downstream tasks scheduled from follow-on schedule check
[2024-07-18 11:20:17,651] {local_task_job.py:146} INFO - Task exited with return code 0
