[2024-07-16 02:46:05,126] {taskinstance.py:851} INFO - Dependencies all met for <TaskInstance: our_first_dag_v2.first_task 2021-08-16T00:00:00+00:00 [queued]>
[2024-07-16 02:46:05,183] {taskinstance.py:851} INFO - Dependencies all met for <TaskInstance: our_first_dag_v2.first_task 2021-08-16T00:00:00+00:00 [queued]>
[2024-07-16 02:46:05,184] {taskinstance.py:1042} INFO - 
--------------------------------------------------------------------------------
[2024-07-16 02:46:05,185] {taskinstance.py:1043} INFO - Starting attempt 1 of 6
[2024-07-16 02:46:05,185] {taskinstance.py:1044} INFO - 
--------------------------------------------------------------------------------
[2024-07-16 02:46:05,241] {taskinstance.py:1063} INFO - Executing <Task(BashOperator): first_task> on 2021-08-16T00:00:00+00:00
[2024-07-16 02:46:05,252] {standard_task_runner.py:52} INFO - Started process 3151 to run task
[2024-07-16 02:46:05,265] {standard_task_runner.py:76} INFO - Running: ['airflow', 'tasks', 'run', 'our_first_dag_v2', 'first_task', '2021-08-16T00:00:00+00:00', '--job-id', '850', '--pool', 'default_pool', '--raw', '--subdir', 'DAGS_FOLDER/our_first_dag.py', '--cfg-path', '/tmp/tmp8l_l0hch', '--error-file', '/tmp/tmpfbs1ofs4']
[2024-07-16 02:46:05,271] {standard_task_runner.py:77} INFO - Job 850: Subtask first_task
[2024-07-16 02:46:05,415] {logging_mixin.py:104} INFO - Running <TaskInstance: our_first_dag_v2.first_task 2021-08-16T00:00:00+00:00 [running]> on host f3060829e7b4
[2024-07-16 02:46:05,646] {taskinstance.py:1257} INFO - Exporting the following env vars:
AIRFLOW_CTX_DAG_OWNER=coder2j
AIRFLOW_CTX_DAG_ID=our_first_dag_v2
AIRFLOW_CTX_TASK_ID=first_task
AIRFLOW_CTX_EXECUTION_DATE=2021-08-16T00:00:00+00:00
AIRFLOW_CTX_DAG_RUN_ID=scheduled__2021-08-16T00:00:00+00:00
[2024-07-16 02:46:05,663] {bash.py:135} INFO - Tmp dir root location: 
 /tmp
[2024-07-16 02:46:05,666] {bash.py:158} INFO - Running command: echo hello world, this is the first task
[2024-07-16 02:46:05,700] {bash.py:169} INFO - Output:
[2024-07-16 02:46:05,703] {bash.py:173} INFO - hello world, this is the first task
[2024-07-16 02:46:05,704] {bash.py:177} INFO - Command exited with return code 0
[2024-07-16 02:46:05,786] {taskinstance.py:1166} INFO - Marking task as SUCCESS. dag_id=our_first_dag_v2, task_id=first_task, execution_date=20210816T000000, start_date=20240716T024605, end_date=20240716T024605
[2024-07-16 02:46:05,946] {taskinstance.py:1220} INFO - 1 downstream tasks scheduled from follow-on schedule check
[2024-07-16 02:46:05,972] {local_task_job.py:146} INFO - Task exited with return code 0
