[2024-07-16 02:44:51,614] {taskinstance.py:851} INFO - Dependencies all met for <TaskInstance: our_first_dag.first_task 2023-08-24T00:00:00+00:00 [queued]>
[2024-07-16 02:44:51,668] {taskinstance.py:851} INFO - Dependencies all met for <TaskInstance: our_first_dag.first_task 2023-08-24T00:00:00+00:00 [queued]>
[2024-07-16 02:44:51,668] {taskinstance.py:1042} INFO - 
--------------------------------------------------------------------------------
[2024-07-16 02:44:51,669] {taskinstance.py:1043} INFO - Starting attempt 1 of 6
[2024-07-16 02:44:51,670] {taskinstance.py:1044} INFO - 
--------------------------------------------------------------------------------
[2024-07-16 02:44:51,692] {taskinstance.py:1063} INFO - Executing <Task(BashOperator): first_task> on 2023-08-24T00:00:00+00:00
[2024-07-16 02:44:51,698] {standard_task_runner.py:52} INFO - Started process 2759 to run task
[2024-07-16 02:44:51,713] {standard_task_runner.py:76} INFO - Running: ['airflow', 'tasks', 'run', 'our_first_dag', 'first_task', '2023-08-24T00:00:00+00:00', '--job-id', '761', '--pool', 'default_pool', '--raw', '--subdir', 'DAGS_FOLDER/our_first_dag.py', '--cfg-path', '/tmp/tmpz5ttyt2h', '--error-file', '/tmp/tmpzn1_5ffc']
[2024-07-16 02:44:51,720] {standard_task_runner.py:77} INFO - Job 761: Subtask first_task
[2024-07-16 02:44:51,836] {logging_mixin.py:104} INFO - Running <TaskInstance: our_first_dag.first_task 2023-08-24T00:00:00+00:00 [running]> on host f3060829e7b4
[2024-07-16 02:44:51,944] {taskinstance.py:1257} INFO - Exporting the following env vars:
AIRFLOW_CTX_DAG_OWNER=coder2j
AIRFLOW_CTX_DAG_ID=our_first_dag
AIRFLOW_CTX_TASK_ID=first_task
AIRFLOW_CTX_EXECUTION_DATE=2023-08-24T00:00:00+00:00
AIRFLOW_CTX_DAG_RUN_ID=scheduled__2023-08-24T00:00:00+00:00
[2024-07-16 02:44:51,945] {bash.py:135} INFO - Tmp dir root location: 
 /tmp
[2024-07-16 02:44:51,947] {bash.py:158} INFO - Running command: echo hello world, this is the first task
[2024-07-16 02:44:51,958] {bash.py:169} INFO - Output:
[2024-07-16 02:44:51,960] {bash.py:173} INFO - hello world, this is the first task
[2024-07-16 02:44:51,961] {bash.py:177} INFO - Command exited with return code 0
[2024-07-16 02:44:52,014] {taskinstance.py:1166} INFO - Marking task as SUCCESS. dag_id=our_first_dag, task_id=first_task, execution_date=20230824T000000, start_date=20240716T024451, end_date=20240716T024452
[2024-07-16 02:44:52,083] {taskinstance.py:1220} INFO - 0 downstream tasks scheduled from follow-on schedule check
[2024-07-16 02:44:52,123] {local_task_job.py:146} INFO - Task exited with return code 0
