[2024-07-16 02:44:02,044] {taskinstance.py:851} INFO - Dependencies all met for <TaskInstance: our_first_dag.first_task 2023-03-16T00:00:00+00:00 [queued]>
[2024-07-16 02:44:02,095] {taskinstance.py:851} INFO - Dependencies all met for <TaskInstance: our_first_dag.first_task 2023-03-16T00:00:00+00:00 [queued]>
[2024-07-16 02:44:02,097] {taskinstance.py:1042} INFO - 
--------------------------------------------------------------------------------
[2024-07-16 02:44:02,098] {taskinstance.py:1043} INFO - Starting attempt 1 of 6
[2024-07-16 02:44:02,099] {taskinstance.py:1044} INFO - 
--------------------------------------------------------------------------------
[2024-07-16 02:44:02,137] {taskinstance.py:1063} INFO - Executing <Task(BashOperator): first_task> on 2023-03-16T00:00:00+00:00
[2024-07-16 02:44:02,145] {standard_task_runner.py:52} INFO - Started process 2258 to run task
[2024-07-16 02:44:02,167] {standard_task_runner.py:76} INFO - Running: ['airflow', 'tasks', 'run', 'our_first_dag', 'first_task', '2023-03-16T00:00:00+00:00', '--job-id', '600', '--pool', 'default_pool', '--raw', '--subdir', 'DAGS_FOLDER/our_first_dag.py', '--cfg-path', '/tmp/tmpposrrblu', '--error-file', '/tmp/tmp8rfghw1n']
[2024-07-16 02:44:02,180] {standard_task_runner.py:77} INFO - Job 600: Subtask first_task
[2024-07-16 02:44:02,352] {logging_mixin.py:104} INFO - Running <TaskInstance: our_first_dag.first_task 2023-03-16T00:00:00+00:00 [running]> on host f3060829e7b4
[2024-07-16 02:44:02,560] {taskinstance.py:1257} INFO - Exporting the following env vars:
AIRFLOW_CTX_DAG_OWNER=coder2j
AIRFLOW_CTX_DAG_ID=our_first_dag
AIRFLOW_CTX_TASK_ID=first_task
AIRFLOW_CTX_EXECUTION_DATE=2023-03-16T00:00:00+00:00
AIRFLOW_CTX_DAG_RUN_ID=scheduled__2023-03-16T00:00:00+00:00
[2024-07-16 02:44:02,564] {bash.py:135} INFO - Tmp dir root location: 
 /tmp
[2024-07-16 02:44:02,567] {bash.py:158} INFO - Running command: echo hello world, this is the first task
[2024-07-16 02:44:02,592] {bash.py:169} INFO - Output:
[2024-07-16 02:44:02,596] {bash.py:173} INFO - hello world, this is the first task
[2024-07-16 02:44:02,597] {bash.py:177} INFO - Command exited with return code 0
[2024-07-16 02:44:02,683] {taskinstance.py:1166} INFO - Marking task as SUCCESS. dag_id=our_first_dag, task_id=first_task, execution_date=20230316T000000, start_date=20240716T024402, end_date=20240716T024402
[2024-07-16 02:44:02,780] {taskinstance.py:1220} INFO - 0 downstream tasks scheduled from follow-on schedule check
[2024-07-16 02:44:02,840] {local_task_job.py:146} INFO - Task exited with return code 0
