[2024-07-16 02:46:41,987] {taskinstance.py:851} INFO - Dependencies all met for <TaskInstance: our_first_dag_v2.first_task 2021-10-27T00:00:00+00:00 [queued]>
[2024-07-16 02:46:42,025] {taskinstance.py:851} INFO - Dependencies all met for <TaskInstance: our_first_dag_v2.first_task 2021-10-27T00:00:00+00:00 [queued]>
[2024-07-16 02:46:42,027] {taskinstance.py:1042} INFO - 
--------------------------------------------------------------------------------
[2024-07-16 02:46:42,028] {taskinstance.py:1043} INFO - Starting attempt 1 of 6
[2024-07-16 02:46:42,028] {taskinstance.py:1044} INFO - 
--------------------------------------------------------------------------------
[2024-07-16 02:46:42,062] {taskinstance.py:1063} INFO - Executing <Task(BashOperator): first_task> on 2021-10-27T00:00:00+00:00
[2024-07-16 02:46:42,071] {standard_task_runner.py:52} INFO - Started process 3602 to run task
[2024-07-16 02:46:42,081] {standard_task_runner.py:76} INFO - Running: ['airflow', 'tasks', 'run', 'our_first_dag_v2', 'first_task', '2021-10-27T00:00:00+00:00', '--job-id', '996', '--pool', 'default_pool', '--raw', '--subdir', 'DAGS_FOLDER/our_first_dag.py', '--cfg-path', '/tmp/tmpj_mv2qhi', '--error-file', '/tmp/tmp5b5kmuco']
[2024-07-16 02:46:42,090] {standard_task_runner.py:77} INFO - Job 996: Subtask first_task
[2024-07-16 02:46:42,320] {logging_mixin.py:104} INFO - Running <TaskInstance: our_first_dag_v2.first_task 2021-10-27T00:00:00+00:00 [running]> on host f3060829e7b4
[2024-07-16 02:46:42,425] {taskinstance.py:1257} INFO - Exporting the following env vars:
AIRFLOW_CTX_DAG_OWNER=coder2j
AIRFLOW_CTX_DAG_ID=our_first_dag_v2
AIRFLOW_CTX_TASK_ID=first_task
AIRFLOW_CTX_EXECUTION_DATE=2021-10-27T00:00:00+00:00
AIRFLOW_CTX_DAG_RUN_ID=scheduled__2021-10-27T00:00:00+00:00
[2024-07-16 02:46:42,430] {bash.py:135} INFO - Tmp dir root location: 
 /tmp
[2024-07-16 02:46:42,432] {bash.py:158} INFO - Running command: echo hello world, this is the first task
[2024-07-16 02:46:42,452] {bash.py:169} INFO - Output:
[2024-07-16 02:46:42,455] {bash.py:173} INFO - hello world, this is the first task
[2024-07-16 02:46:42,456] {bash.py:177} INFO - Command exited with return code 0
[2024-07-16 02:46:42,543] {taskinstance.py:1166} INFO - Marking task as SUCCESS. dag_id=our_first_dag_v2, task_id=first_task, execution_date=20211027T000000, start_date=20240716T024641, end_date=20240716T024642
[2024-07-16 02:46:42,714] {taskinstance.py:1220} INFO - 1 downstream tasks scheduled from follow-on schedule check
[2024-07-16 02:46:42,747] {local_task_job.py:146} INFO - Task exited with return code 0
