[2024-07-18 06:35:26,198] {taskinstance.py:851} INFO - Dependencies all met for <TaskInstance: xcom_example_dag.push_task 2024-03-26T00:00:00+00:00 [queued]>
[2024-07-18 06:35:26,267] {taskinstance.py:851} INFO - Dependencies all met for <TaskInstance: xcom_example_dag.push_task 2024-03-26T00:00:00+00:00 [queued]>
[2024-07-18 06:35:26,272] {taskinstance.py:1042} INFO - 
--------------------------------------------------------------------------------
[2024-07-18 06:35:26,273] {taskinstance.py:1043} INFO - Starting attempt 1 of 2
[2024-07-18 06:35:26,274] {taskinstance.py:1044} INFO - 
--------------------------------------------------------------------------------
[2024-07-18 06:35:26,339] {taskinstance.py:1063} INFO - Executing <Task(PythonOperator): push_task> on 2024-03-26T00:00:00+00:00
[2024-07-18 06:35:26,348] {standard_task_runner.py:52} INFO - Started process 3030 to run task
[2024-07-18 06:35:26,360] {standard_task_runner.py:76} INFO - Running: ['airflow', 'tasks', 'run', 'xcom_example_dag', 'push_task', '2024-03-26T00:00:00+00:00', '--job-id', '524', '--pool', 'default_pool', '--raw', '--subdir', 'DAGS_FOLDER/xcom.py', '--cfg-path', '/tmp/tmpe6ygbp0z', '--error-file', '/tmp/tmp6743qr3e']
[2024-07-18 06:35:26,393] {standard_task_runner.py:77} INFO - Job 524: Subtask push_task
[2024-07-18 06:35:26,636] {logging_mixin.py:104} INFO - Running <TaskInstance: xcom_example_dag.push_task 2024-03-26T00:00:00+00:00 [running]> on host a868c7bacc12
[2024-07-18 06:35:26,909] {taskinstance.py:1257} INFO - Exporting the following env vars:
AIRFLOW_CTX_DAG_OWNER=airflow
AIRFLOW_CTX_DAG_ID=xcom_example_dag
AIRFLOW_CTX_TASK_ID=push_task
AIRFLOW_CTX_EXECUTION_DATE=2024-03-26T00:00:00+00:00
AIRFLOW_CTX_DAG_RUN_ID=scheduled__2024-03-26T00:00:00+00:00
[2024-07-18 06:35:26,987] {python.py:118} INFO - Done. Returned value was: None
[2024-07-18 06:35:27,031] {taskinstance.py:1166} INFO - Marking task as SUCCESS. dag_id=xcom_example_dag, task_id=push_task, execution_date=20240326T000000, start_date=20240718T063526, end_date=20240718T063527
[2024-07-18 06:35:27,269] {taskinstance.py:1220} INFO - 0 downstream tasks scheduled from follow-on schedule check
[2024-07-18 06:35:27,320] {local_task_job.py:146} INFO - Task exited with return code 0
