[2024-07-16 02:46:00,213] {taskinstance.py:851} INFO - Dependencies all met for <TaskInstance: our_first_dag_v2.second_task 2021-08-01T00:00:00+00:00 [queued]>
[2024-07-16 02:46:00,256] {taskinstance.py:851} INFO - Dependencies all met for <TaskInstance: our_first_dag_v2.second_task 2021-08-01T00:00:00+00:00 [queued]>
[2024-07-16 02:46:00,257] {taskinstance.py:1042} INFO - 
--------------------------------------------------------------------------------
[2024-07-16 02:46:00,258] {taskinstance.py:1043} INFO - Starting attempt 1 of 6
[2024-07-16 02:46:00,258] {taskinstance.py:1044} INFO - 
--------------------------------------------------------------------------------
[2024-07-16 02:46:00,275] {taskinstance.py:1063} INFO - Executing <Task(BashOperator): second_task> on 2021-08-01T00:00:00+00:00
[2024-07-16 02:46:00,282] {standard_task_runner.py:52} INFO - Started process 3079 to run task
[2024-07-16 02:46:00,289] {standard_task_runner.py:76} INFO - Running: ['airflow', 'tasks', 'run', 'our_first_dag_v2', 'second_task', '2021-08-01T00:00:00+00:00', '--job-id', '828', '--pool', 'default_pool', '--raw', '--subdir', 'DAGS_FOLDER/our_first_dag.py', '--cfg-path', '/tmp/tmpspvk7rn3', '--error-file', '/tmp/tmpeeso7yuk']
[2024-07-16 02:46:00,294] {standard_task_runner.py:77} INFO - Job 828: Subtask second_task
[2024-07-16 02:46:00,373] {logging_mixin.py:104} INFO - Running <TaskInstance: our_first_dag_v2.second_task 2021-08-01T00:00:00+00:00 [running]> on host f3060829e7b4
[2024-07-16 02:46:00,447] {taskinstance.py:1257} INFO - Exporting the following env vars:
AIRFLOW_CTX_DAG_OWNER=coder2j
AIRFLOW_CTX_DAG_ID=our_first_dag_v2
AIRFLOW_CTX_TASK_ID=second_task
AIRFLOW_CTX_EXECUTION_DATE=2021-08-01T00:00:00+00:00
AIRFLOW_CTX_DAG_RUN_ID=scheduled__2021-08-01T00:00:00+00:00
[2024-07-16 02:46:00,449] {bash.py:135} INFO - Tmp dir root location: 
 /tmp
[2024-07-16 02:46:00,451] {bash.py:158} INFO - Running command: echo hello world, this is the second task, it will run after first task
[2024-07-16 02:46:00,462] {bash.py:169} INFO - Output:
[2024-07-16 02:46:00,464] {bash.py:173} INFO - hello world, this is the second task, it will run after first task
[2024-07-16 02:46:00,465] {bash.py:177} INFO - Command exited with return code 0
[2024-07-16 02:46:00,507] {taskinstance.py:1166} INFO - Marking task as SUCCESS. dag_id=our_first_dag_v2, task_id=second_task, execution_date=20210801T000000, start_date=20240716T024600, end_date=20240716T024600
[2024-07-16 02:46:00,566] {taskinstance.py:1220} INFO - 0 downstream tasks scheduled from follow-on schedule check
[2024-07-16 02:46:00,580] {local_task_job.py:146} INFO - Task exited with return code 0
