[2024-07-18 06:37:01,938] {taskinstance.py:851} INFO - Dependencies all met for <TaskInstance: xcom_example_dag.push_task 2024-07-04T00:00:00+00:00 [queued]>
[2024-07-18 06:37:02,032] {taskinstance.py:851} INFO - Dependencies all met for <TaskInstance: xcom_example_dag.push_task 2024-07-04T00:00:00+00:00 [queued]>
[2024-07-18 06:37:02,034] {taskinstance.py:1042} INFO - 
--------------------------------------------------------------------------------
[2024-07-18 06:37:02,035] {taskinstance.py:1043} INFO - Starting attempt 1 of 2
[2024-07-18 06:37:02,036] {taskinstance.py:1044} INFO - 
--------------------------------------------------------------------------------
[2024-07-18 06:37:02,113] {taskinstance.py:1063} INFO - Executing <Task(PythonOperator): push_task> on 2024-07-04T00:00:00+00:00
[2024-07-18 06:37:02,134] {standard_task_runner.py:52} INFO - Started process 539 to run task
[2024-07-18 06:37:02,171] {standard_task_runner.py:76} INFO - Running: ['airflow', 'tasks', 'run', 'xcom_example_dag', 'push_task', '2024-07-04T00:00:00+00:00', '--job-id', '724', '--pool', 'default_pool', '--raw', '--subdir', 'DAGS_FOLDER/xcom.py', '--cfg-path', '/tmp/tmp9w3smvif', '--error-file', '/tmp/tmpqd6zi92t']
[2024-07-18 06:37:02,207] {standard_task_runner.py:77} INFO - Job 724: Subtask push_task
[2024-07-18 06:37:02,478] {logging_mixin.py:104} INFO - Running <TaskInstance: xcom_example_dag.push_task 2024-07-04T00:00:00+00:00 [running]> on host a868c7bacc12
[2024-07-18 06:37:02,683] {taskinstance.py:1257} INFO - Exporting the following env vars:
AIRFLOW_CTX_DAG_OWNER=airflow
AIRFLOW_CTX_DAG_ID=xcom_example_dag
AIRFLOW_CTX_TASK_ID=push_task
AIRFLOW_CTX_EXECUTION_DATE=2024-07-04T00:00:00+00:00
AIRFLOW_CTX_DAG_RUN_ID=scheduled__2024-07-04T00:00:00+00:00
[2024-07-18 06:37:02,763] {python.py:118} INFO - Done. Returned value was: None
[2024-07-18 06:37:02,803] {taskinstance.py:1166} INFO - Marking task as SUCCESS. dag_id=xcom_example_dag, task_id=push_task, execution_date=20240704T000000, start_date=20240718T063701, end_date=20240718T063702
[2024-07-18 06:37:02,957] {taskinstance.py:1220} INFO - 1 downstream tasks scheduled from follow-on schedule check
[2024-07-18 06:37:03,012] {local_task_job.py:146} INFO - Task exited with return code 0
