[2024-07-18 06:37:10,678] {taskinstance.py:851} INFO - Dependencies all met for <TaskInstance: xcom_example_dag.pull_task 2024-07-16T00:00:00+00:00 [queued]>
[2024-07-18 06:37:10,722] {taskinstance.py:851} INFO - Dependencies all met for <TaskInstance: xcom_example_dag.pull_task 2024-07-16T00:00:00+00:00 [queued]>
[2024-07-18 06:37:10,723] {taskinstance.py:1042} INFO - 
--------------------------------------------------------------------------------
[2024-07-18 06:37:10,724] {taskinstance.py:1043} INFO - Starting attempt 1 of 2
[2024-07-18 06:37:10,725] {taskinstance.py:1044} INFO - 
--------------------------------------------------------------------------------
[2024-07-18 06:37:10,762] {taskinstance.py:1063} INFO - Executing <Task(PythonOperator): pull_task> on 2024-07-16T00:00:00+00:00
[2024-07-18 06:37:10,769] {standard_task_runner.py:52} INFO - Started process 601 to run task
[2024-07-18 06:37:10,779] {standard_task_runner.py:76} INFO - Running: ['airflow', 'tasks', 'run', 'xcom_example_dag', 'pull_task', '2024-07-16T00:00:00+00:00', '--job-id', '755', '--pool', 'default_pool', '--raw', '--subdir', 'DAGS_FOLDER/xcom.py', '--cfg-path', '/tmp/tmpuh6q0n7q', '--error-file', '/tmp/tmp7yc7cera']
[2024-07-18 06:37:10,787] {standard_task_runner.py:77} INFO - Job 755: Subtask pull_task
[2024-07-18 06:37:10,908] {logging_mixin.py:104} INFO - Running <TaskInstance: xcom_example_dag.pull_task 2024-07-16T00:00:00+00:00 [running]> on host a868c7bacc12
[2024-07-18 06:37:11,074] {taskinstance.py:1257} INFO - Exporting the following env vars:
AIRFLOW_CTX_DAG_OWNER=airflow
AIRFLOW_CTX_DAG_ID=xcom_example_dag
AIRFLOW_CTX_TASK_ID=pull_task
AIRFLOW_CTX_EXECUTION_DATE=2024-07-16T00:00:00+00:00
AIRFLOW_CTX_DAG_RUN_ID=scheduled__2024-07-16T00:00:00+00:00
[2024-07-18 06:37:11,102] {logging_mixin.py:104} INFO - Pulled message: Hello from push_function!
[2024-07-18 06:37:11,103] {python.py:118} INFO - Done. Returned value was: None
[2024-07-18 06:37:11,129] {taskinstance.py:1166} INFO - Marking task as SUCCESS. dag_id=xcom_example_dag, task_id=pull_task, execution_date=20240716T000000, start_date=20240718T063710, end_date=20240718T063711
[2024-07-18 06:37:11,194] {taskinstance.py:1220} INFO - 0 downstream tasks scheduled from follow-on schedule check
[2024-07-18 06:37:11,236] {local_task_job.py:146} INFO - Task exited with return code 0
