[2024-07-16 02:46:55,738] {taskinstance.py:851} INFO - Dependencies all met for <TaskInstance: our_first_dag_v2.first_task 2021-11-26T00:00:00+00:00 [queued]>
[2024-07-16 02:46:55,796] {taskinstance.py:851} INFO - Dependencies all met for <TaskInstance: our_first_dag_v2.first_task 2021-11-26T00:00:00+00:00 [queued]>
[2024-07-16 02:46:55,798] {taskinstance.py:1042} INFO - 
--------------------------------------------------------------------------------
[2024-07-16 02:46:55,798] {taskinstance.py:1043} INFO - Starting attempt 1 of 6
[2024-07-16 02:46:55,799] {taskinstance.py:1044} INFO - 
--------------------------------------------------------------------------------
[2024-07-16 02:46:55,857] {taskinstance.py:1063} INFO - Executing <Task(BashOperator): first_task> on 2021-11-26T00:00:00+00:00
[2024-07-16 02:46:55,864] {standard_task_runner.py:52} INFO - Started process 3789 to run task
[2024-07-16 02:46:55,885] {standard_task_runner.py:76} INFO - Running: ['airflow', 'tasks', 'run', 'our_first_dag_v2', 'first_task', '2021-11-26T00:00:00+00:00', '--job-id', '1056', '--pool', 'default_pool', '--raw', '--subdir', 'DAGS_FOLDER/our_first_dag.py', '--cfg-path', '/tmp/tmpksv8n28p', '--error-file', '/tmp/tmprahedvwr']
[2024-07-16 02:46:55,901] {standard_task_runner.py:77} INFO - Job 1056: Subtask first_task
[2024-07-16 02:46:56,073] {logging_mixin.py:104} INFO - Running <TaskInstance: our_first_dag_v2.first_task 2021-11-26T00:00:00+00:00 [running]> on host f3060829e7b4
[2024-07-16 02:46:56,213] {taskinstance.py:1257} INFO - Exporting the following env vars:
AIRFLOW_CTX_DAG_OWNER=coder2j
AIRFLOW_CTX_DAG_ID=our_first_dag_v2
AIRFLOW_CTX_TASK_ID=first_task
AIRFLOW_CTX_EXECUTION_DATE=2021-11-26T00:00:00+00:00
AIRFLOW_CTX_DAG_RUN_ID=scheduled__2021-11-26T00:00:00+00:00
[2024-07-16 02:46:56,215] {bash.py:135} INFO - Tmp dir root location: 
 /tmp
[2024-07-16 02:46:56,217] {bash.py:158} INFO - Running command: echo hello world, this is the first task
[2024-07-16 02:46:56,234] {bash.py:169} INFO - Output:
[2024-07-16 02:46:56,236] {bash.py:173} INFO - hello world, this is the first task
[2024-07-16 02:46:56,237] {bash.py:177} INFO - Command exited with return code 0
[2024-07-16 02:46:56,294] {taskinstance.py:1166} INFO - Marking task as SUCCESS. dag_id=our_first_dag_v2, task_id=first_task, execution_date=20211126T000000, start_date=20240716T024655, end_date=20240716T024656
[2024-07-16 02:46:56,447] {taskinstance.py:1220} INFO - 1 downstream tasks scheduled from follow-on schedule check
[2024-07-16 02:46:56,478] {local_task_job.py:146} INFO - Task exited with return code 0
