[2024-07-16 02:46:53,720] {taskinstance.py:851} INFO - Dependencies all met for <TaskInstance: our_first_dag_v2.first_task 2021-11-21T00:00:00+00:00 [queued]>
[2024-07-16 02:46:53,764] {taskinstance.py:851} INFO - Dependencies all met for <TaskInstance: our_first_dag_v2.first_task 2021-11-21T00:00:00+00:00 [queued]>
[2024-07-16 02:46:53,765] {taskinstance.py:1042} INFO - 
--------------------------------------------------------------------------------
[2024-07-16 02:46:53,765] {taskinstance.py:1043} INFO - Starting attempt 1 of 6
[2024-07-16 02:46:53,766] {taskinstance.py:1044} INFO - 
--------------------------------------------------------------------------------
[2024-07-16 02:46:53,787] {taskinstance.py:1063} INFO - Executing <Task(BashOperator): first_task> on 2021-11-21T00:00:00+00:00
[2024-07-16 02:46:53,796] {standard_task_runner.py:52} INFO - Started process 3760 to run task
[2024-07-16 02:46:53,818] {standard_task_runner.py:76} INFO - Running: ['airflow', 'tasks', 'run', 'our_first_dag_v2', 'first_task', '2021-11-21T00:00:00+00:00', '--job-id', '1046', '--pool', 'default_pool', '--raw', '--subdir', 'DAGS_FOLDER/our_first_dag.py', '--cfg-path', '/tmp/tmpi34l7fk8', '--error-file', '/tmp/tmpejyzw07s']
[2024-07-16 02:46:53,829] {standard_task_runner.py:77} INFO - Job 1046: Subtask first_task
[2024-07-16 02:46:53,984] {logging_mixin.py:104} INFO - Running <TaskInstance: our_first_dag_v2.first_task 2021-11-21T00:00:00+00:00 [running]> on host f3060829e7b4
[2024-07-16 02:46:54,107] {taskinstance.py:1257} INFO - Exporting the following env vars:
AIRFLOW_CTX_DAG_OWNER=coder2j
AIRFLOW_CTX_DAG_ID=our_first_dag_v2
AIRFLOW_CTX_TASK_ID=first_task
AIRFLOW_CTX_EXECUTION_DATE=2021-11-21T00:00:00+00:00
AIRFLOW_CTX_DAG_RUN_ID=scheduled__2021-11-21T00:00:00+00:00
[2024-07-16 02:46:54,109] {bash.py:135} INFO - Tmp dir root location: 
 /tmp
[2024-07-16 02:46:54,111] {bash.py:158} INFO - Running command: echo hello world, this is the first task
[2024-07-16 02:46:54,127] {bash.py:169} INFO - Output:
[2024-07-16 02:46:54,129] {bash.py:173} INFO - hello world, this is the first task
[2024-07-16 02:46:54,131] {bash.py:177} INFO - Command exited with return code 0
[2024-07-16 02:46:54,210] {taskinstance.py:1166} INFO - Marking task as SUCCESS. dag_id=our_first_dag_v2, task_id=first_task, execution_date=20211121T000000, start_date=20240716T024653, end_date=20240716T024654
[2024-07-16 02:46:54,445] {taskinstance.py:1220} INFO - 0 downstream tasks scheduled from follow-on schedule check
[2024-07-16 02:46:54,474] {local_task_job.py:146} INFO - Task exited with return code 0
