[2024-07-18 05:58:55,795] {taskinstance.py:851} INFO - Dependencies all met for <TaskInstance: our_first_dag_v3.first_task 2024-07-18T05:58:54.630913+00:00 [queued]>
[2024-07-18 05:58:55,808] {taskinstance.py:851} INFO - Dependencies all met for <TaskInstance: our_first_dag_v3.first_task 2024-07-18T05:58:54.630913+00:00 [queued]>
[2024-07-18 05:58:55,809] {taskinstance.py:1042} INFO - 
--------------------------------------------------------------------------------
[2024-07-18 05:58:55,809] {taskinstance.py:1043} INFO - Starting attempt 1 of 6
[2024-07-18 05:58:55,809] {taskinstance.py:1044} INFO - 
--------------------------------------------------------------------------------
[2024-07-18 05:58:55,826] {taskinstance.py:1063} INFO - Executing <Task(BashOperator): first_task> on 2024-07-18T05:58:54.630913+00:00
[2024-07-18 05:58:55,830] {standard_task_runner.py:52} INFO - Started process 832 to run task
[2024-07-18 05:58:55,836] {standard_task_runner.py:76} INFO - Running: ['airflow', 'tasks', 'run', 'our_first_dag_v3', 'first_task', '2024-07-18T05:58:54.630913+00:00', '--job-id', '15', '--pool', 'default_pool', '--raw', '--subdir', 'DAGS_FOLDER/our_first_dag.py', '--cfg-path', '/tmp/tmpnpdsc9_j', '--error-file', '/tmp/tmp7vp0rmi2']
[2024-07-18 05:58:55,839] {standard_task_runner.py:77} INFO - Job 15: Subtask first_task
[2024-07-18 05:58:55,926] {logging_mixin.py:104} INFO - Running <TaskInstance: our_first_dag_v3.first_task 2024-07-18T05:58:54.630913+00:00 [running]> on host a868c7bacc12
[2024-07-18 05:58:56,015] {taskinstance.py:1257} INFO - Exporting the following env vars:
AIRFLOW_CTX_DAG_OWNER=coder2j
AIRFLOW_CTX_DAG_ID=our_first_dag_v3
AIRFLOW_CTX_TASK_ID=first_task
AIRFLOW_CTX_EXECUTION_DATE=2024-07-18T05:58:54.630913+00:00
AIRFLOW_CTX_DAG_RUN_ID=manual__2024-07-18T05:58:54.630913+00:00
[2024-07-18 05:58:56,016] {bash.py:135} INFO - Tmp dir root location: 
 /tmp
[2024-07-18 05:58:56,017] {bash.py:158} INFO - Running command: echo hello world, this is the first task
[2024-07-18 05:58:56,026] {bash.py:169} INFO - Output:
[2024-07-18 05:58:56,027] {bash.py:173} INFO - hello world, this is the first task
[2024-07-18 05:58:56,028] {bash.py:177} INFO - Command exited with return code 0
[2024-07-18 05:58:56,064] {taskinstance.py:1166} INFO - Marking task as SUCCESS. dag_id=our_first_dag_v3, task_id=first_task, execution_date=20240718T055854, start_date=20240718T055855, end_date=20240718T055856
[2024-07-18 05:58:56,108] {taskinstance.py:1220} INFO - 2 downstream tasks scheduled from follow-on schedule check
[2024-07-18 05:58:56,134] {local_task_job.py:146} INFO - Task exited with return code 0
