[2024-07-19 03:17:00,546] {taskinstance.py:851} INFO - Dependencies all met for <TaskInstance: our_first_dag_v3.second_task 2024-07-18T00:00:00+00:00 [queued]>
[2024-07-19 03:17:00,575] {taskinstance.py:851} INFO - Dependencies all met for <TaskInstance: our_first_dag_v3.second_task 2024-07-18T00:00:00+00:00 [queued]>
[2024-07-19 03:17:00,576] {taskinstance.py:1042} INFO - 
--------------------------------------------------------------------------------
[2024-07-19 03:17:00,576] {taskinstance.py:1043} INFO - Starting attempt 1 of 6
[2024-07-19 03:17:00,576] {taskinstance.py:1044} INFO - 
--------------------------------------------------------------------------------
[2024-07-19 03:17:00,591] {taskinstance.py:1063} INFO - Executing <Task(BashOperator): second_task> on 2024-07-18T00:00:00+00:00
[2024-07-19 03:17:00,596] {standard_task_runner.py:52} INFO - Started process 248 to run task
[2024-07-19 03:17:00,601] {standard_task_runner.py:76} INFO - Running: ['airflow', 'tasks', 'run', 'our_first_dag_v3', 'second_task', '2024-07-18T00:00:00+00:00', '--job-id', '800', '--pool', 'default_pool', '--raw', '--subdir', 'DAGS_FOLDER/our_first_dag.py', '--cfg-path', '/tmp/tmpiif3gg5p', '--error-file', '/tmp/tmp7zcogpp1']
[2024-07-19 03:17:00,604] {standard_task_runner.py:77} INFO - Job 800: Subtask second_task
[2024-07-19 03:17:00,672] {logging_mixin.py:104} INFO - Running <TaskInstance: our_first_dag_v3.second_task 2024-07-18T00:00:00+00:00 [running]> on host b7036ca352b1
[2024-07-19 03:17:00,738] {taskinstance.py:1257} INFO - Exporting the following env vars:
AIRFLOW_CTX_DAG_OWNER=coder2j
AIRFLOW_CTX_DAG_ID=our_first_dag_v3
AIRFLOW_CTX_TASK_ID=second_task
AIRFLOW_CTX_EXECUTION_DATE=2024-07-18T00:00:00+00:00
AIRFLOW_CTX_DAG_RUN_ID=scheduled__2024-07-18T00:00:00+00:00
[2024-07-19 03:17:00,740] {bash.py:135} INFO - Tmp dir root location: 
 /tmp
[2024-07-19 03:17:00,742] {bash.py:158} INFO - Running command: echo hello world, this is the second task, it will run after first task
[2024-07-19 03:17:00,753] {bash.py:169} INFO - Output:
[2024-07-19 03:17:00,754] {bash.py:173} INFO - hello world, this is the second task, it will run after first task
[2024-07-19 03:17:00,755] {bash.py:177} INFO - Command exited with return code 0
[2024-07-19 03:17:00,824] {taskinstance.py:1166} INFO - Marking task as SUCCESS. dag_id=our_first_dag_v3, task_id=second_task, execution_date=20240718T000000, start_date=20240719T031700, end_date=20240719T031700
[2024-07-19 03:17:00,869] {taskinstance.py:1220} INFO - 0 downstream tasks scheduled from follow-on schedule check
[2024-07-19 03:17:00,892] {local_task_job.py:146} INFO - Task exited with return code 0
