[2024-07-16 02:46:06,318] {taskinstance.py:851} INFO - Dependencies all met for <TaskInstance: our_first_dag_v2.first_task 2021-08-19T00:00:00+00:00 [queued]>
[2024-07-16 02:46:06,406] {taskinstance.py:851} INFO - Dependencies all met for <TaskInstance: our_first_dag_v2.first_task 2021-08-19T00:00:00+00:00 [queued]>
[2024-07-16 02:46:06,413] {taskinstance.py:1042} INFO - 
--------------------------------------------------------------------------------
[2024-07-16 02:46:06,414] {taskinstance.py:1043} INFO - Starting attempt 1 of 6
[2024-07-16 02:46:06,415] {taskinstance.py:1044} INFO - 
--------------------------------------------------------------------------------
[2024-07-16 02:46:06,499] {taskinstance.py:1063} INFO - Executing <Task(BashOperator): first_task> on 2021-08-19T00:00:00+00:00
[2024-07-16 02:46:06,517] {standard_task_runner.py:52} INFO - Started process 3168 to run task
[2024-07-16 02:46:06,555] {standard_task_runner.py:76} INFO - Running: ['airflow', 'tasks', 'run', 'our_first_dag_v2', 'first_task', '2021-08-19T00:00:00+00:00', '--job-id', '856', '--pool', 'default_pool', '--raw', '--subdir', 'DAGS_FOLDER/our_first_dag.py', '--cfg-path', '/tmp/tmpmnkn5xw_', '--error-file', '/tmp/tmphbp1uz_v']
[2024-07-16 02:46:06,595] {standard_task_runner.py:77} INFO - Job 856: Subtask first_task
[2024-07-16 02:46:06,871] {logging_mixin.py:104} INFO - Running <TaskInstance: our_first_dag_v2.first_task 2021-08-19T00:00:00+00:00 [running]> on host f3060829e7b4
[2024-07-16 02:46:07,074] {taskinstance.py:1257} INFO - Exporting the following env vars:
AIRFLOW_CTX_DAG_OWNER=coder2j
AIRFLOW_CTX_DAG_ID=our_first_dag_v2
AIRFLOW_CTX_TASK_ID=first_task
AIRFLOW_CTX_EXECUTION_DATE=2021-08-19T00:00:00+00:00
AIRFLOW_CTX_DAG_RUN_ID=scheduled__2021-08-19T00:00:00+00:00
[2024-07-16 02:46:07,075] {bash.py:135} INFO - Tmp dir root location: 
 /tmp
[2024-07-16 02:46:07,082] {bash.py:158} INFO - Running command: echo hello world, this is the first task
[2024-07-16 02:46:07,122] {bash.py:169} INFO - Output:
[2024-07-16 02:46:07,124] {bash.py:173} INFO - hello world, this is the first task
[2024-07-16 02:46:07,125] {bash.py:177} INFO - Command exited with return code 0
[2024-07-16 02:46:07,298] {taskinstance.py:1166} INFO - Marking task as SUCCESS. dag_id=our_first_dag_v2, task_id=first_task, execution_date=20210819T000000, start_date=20240716T024606, end_date=20240716T024607
[2024-07-16 02:46:07,470] {taskinstance.py:1220} INFO - 1 downstream tasks scheduled from follow-on schedule check
[2024-07-16 02:46:07,509] {local_task_job.py:146} INFO - Task exited with return code 0
