[2024-07-19 03:17:00,559] {taskinstance.py:851} INFO - Dependencies all met for <TaskInstance: our_first_dag_v3.third_task 2024-07-18T00:00:00+00:00 [queued]>
[2024-07-19 03:17:00,584] {taskinstance.py:851} INFO - Dependencies all met for <TaskInstance: our_first_dag_v3.third_task 2024-07-18T00:00:00+00:00 [queued]>
[2024-07-19 03:17:00,586] {taskinstance.py:1042} INFO - 
--------------------------------------------------------------------------------
[2024-07-19 03:17:00,586] {taskinstance.py:1043} INFO - Starting attempt 1 of 6
[2024-07-19 03:17:00,587] {taskinstance.py:1044} INFO - 
--------------------------------------------------------------------------------
[2024-07-19 03:17:00,606] {taskinstance.py:1063} INFO - Executing <Task(BashOperator): third_task> on 2024-07-18T00:00:00+00:00
[2024-07-19 03:17:00,612] {standard_task_runner.py:52} INFO - Started process 249 to run task
[2024-07-19 03:17:00,617] {standard_task_runner.py:76} INFO - Running: ['airflow', 'tasks', 'run', 'our_first_dag_v3', 'third_task', '2024-07-18T00:00:00+00:00', '--job-id', '801', '--pool', 'default_pool', '--raw', '--subdir', 'DAGS_FOLDER/our_first_dag.py', '--cfg-path', '/tmp/tmpca70fc4a', '--error-file', '/tmp/tmpluqj8dw9']
[2024-07-19 03:17:00,622] {standard_task_runner.py:77} INFO - Job 801: Subtask third_task
[2024-07-19 03:17:00,691] {logging_mixin.py:104} INFO - Running <TaskInstance: our_first_dag_v3.third_task 2024-07-18T00:00:00+00:00 [running]> on host b7036ca352b1
[2024-07-19 03:17:00,757] {taskinstance.py:1257} INFO - Exporting the following env vars:
AIRFLOW_CTX_DAG_OWNER=coder2j
AIRFLOW_CTX_DAG_ID=our_first_dag_v3
AIRFLOW_CTX_TASK_ID=third_task
AIRFLOW_CTX_EXECUTION_DATE=2024-07-18T00:00:00+00:00
AIRFLOW_CTX_DAG_RUN_ID=scheduled__2024-07-18T00:00:00+00:00
[2024-07-19 03:17:00,758] {bash.py:135} INFO - Tmp dir root location: 
 /tmp
[2024-07-19 03:17:00,760] {bash.py:158} INFO - Running command: echo hello world, this is the third task, it will run after first task and at the same time task 2
[2024-07-19 03:17:00,773] {bash.py:169} INFO - Output:
[2024-07-19 03:17:00,775] {bash.py:173} INFO - hello world, this is the third task, it will run after first task and at the same time task 2
[2024-07-19 03:17:00,776] {bash.py:177} INFO - Command exited with return code 0
[2024-07-19 03:17:00,841] {taskinstance.py:1166} INFO - Marking task as SUCCESS. dag_id=our_first_dag_v3, task_id=third_task, execution_date=20240718T000000, start_date=20240719T031700, end_date=20240719T031700
[2024-07-19 03:17:00,889] {taskinstance.py:1220} INFO - 0 downstream tasks scheduled from follow-on schedule check
[2024-07-19 03:17:00,915] {local_task_job.py:146} INFO - Task exited with return code 0
