[2024-07-18 06:37:07,269] {taskinstance.py:851} INFO - Dependencies all met for <TaskInstance: xcom_example_dag.push_task 2024-07-14T00:00:00+00:00 [queued]>
[2024-07-18 06:37:07,311] {taskinstance.py:851} INFO - Dependencies all met for <TaskInstance: xcom_example_dag.push_task 2024-07-14T00:00:00+00:00 [queued]>
[2024-07-18 06:37:07,312] {taskinstance.py:1042} INFO - 
--------------------------------------------------------------------------------
[2024-07-18 06:37:07,313] {taskinstance.py:1043} INFO - Starting attempt 1 of 2
[2024-07-18 06:37:07,313] {taskinstance.py:1044} INFO - 
--------------------------------------------------------------------------------
[2024-07-18 06:37:07,334] {taskinstance.py:1063} INFO - Executing <Task(PythonOperator): push_task> on 2024-07-14T00:00:00+00:00
[2024-07-18 06:37:07,341] {standard_task_runner.py:52} INFO - Started process 582 to run task
[2024-07-18 06:37:07,356] {standard_task_runner.py:76} INFO - Running: ['airflow', 'tasks', 'run', 'xcom_example_dag', 'push_task', '2024-07-14T00:00:00+00:00', '--job-id', '744', '--pool', 'default_pool', '--raw', '--subdir', 'DAGS_FOLDER/xcom.py', '--cfg-path', '/tmp/tmpijp1fkz2', '--error-file', '/tmp/tmpbl9umpfw']
[2024-07-18 06:37:07,366] {standard_task_runner.py:77} INFO - Job 744: Subtask push_task
[2024-07-18 06:37:07,574] {logging_mixin.py:104} INFO - Running <TaskInstance: xcom_example_dag.push_task 2024-07-14T00:00:00+00:00 [running]> on host a868c7bacc12
[2024-07-18 06:37:07,802] {taskinstance.py:1257} INFO - Exporting the following env vars:
AIRFLOW_CTX_DAG_OWNER=airflow
AIRFLOW_CTX_DAG_ID=xcom_example_dag
AIRFLOW_CTX_TASK_ID=push_task
AIRFLOW_CTX_EXECUTION_DATE=2024-07-14T00:00:00+00:00
AIRFLOW_CTX_DAG_RUN_ID=scheduled__2024-07-14T00:00:00+00:00
[2024-07-18 06:37:07,849] {python.py:118} INFO - Done. Returned value was: None
[2024-07-18 06:37:07,879] {taskinstance.py:1166} INFO - Marking task as SUCCESS. dag_id=xcom_example_dag, task_id=push_task, execution_date=20240714T000000, start_date=20240718T063707, end_date=20240718T063707
[2024-07-18 06:37:07,970] {taskinstance.py:1220} INFO - 1 downstream tasks scheduled from follow-on schedule check
[2024-07-18 06:37:08,025] {local_task_job.py:146} INFO - Task exited with return code 0
