[2024-07-18 06:37:00,509] {taskinstance.py:851} INFO - Dependencies all met for <TaskInstance: xcom_example_dag.pull_task 2024-06-28T00:00:00+00:00 [queued]>
[2024-07-18 06:37:00,725] {taskinstance.py:851} INFO - Dependencies all met for <TaskInstance: xcom_example_dag.pull_task 2024-06-28T00:00:00+00:00 [queued]>
[2024-07-18 06:37:00,767] {taskinstance.py:1042} INFO - 
--------------------------------------------------------------------------------
[2024-07-18 06:37:00,768] {taskinstance.py:1043} INFO - Starting attempt 1 of 2
[2024-07-18 06:37:00,769] {taskinstance.py:1044} INFO - 
--------------------------------------------------------------------------------
[2024-07-18 06:37:00,901] {taskinstance.py:1063} INFO - Executing <Task(PythonOperator): pull_task> on 2024-06-28T00:00:00+00:00
[2024-07-18 06:37:00,925] {standard_task_runner.py:52} INFO - Started process 529 to run task
[2024-07-18 06:37:00,957] {standard_task_runner.py:76} INFO - Running: ['airflow', 'tasks', 'run', 'xcom_example_dag', 'pull_task', '2024-06-28T00:00:00+00:00', '--job-id', '721', '--pool', 'default_pool', '--raw', '--subdir', 'DAGS_FOLDER/xcom.py', '--cfg-path', '/tmp/tmpxuv0v2i3', '--error-file', '/tmp/tmpjvytzxm_']
[2024-07-18 06:37:00,968] {standard_task_runner.py:77} INFO - Job 721: Subtask pull_task
[2024-07-18 06:37:01,264] {logging_mixin.py:104} INFO - Running <TaskInstance: xcom_example_dag.pull_task 2024-06-28T00:00:00+00:00 [running]> on host a868c7bacc12
[2024-07-18 06:37:01,548] {taskinstance.py:1257} INFO - Exporting the following env vars:
AIRFLOW_CTX_DAG_OWNER=airflow
AIRFLOW_CTX_DAG_ID=xcom_example_dag
AIRFLOW_CTX_TASK_ID=pull_task
AIRFLOW_CTX_EXECUTION_DATE=2024-06-28T00:00:00+00:00
AIRFLOW_CTX_DAG_RUN_ID=scheduled__2024-06-28T00:00:00+00:00
[2024-07-18 06:37:01,575] {logging_mixin.py:104} INFO - Pulled message: Hello from push_function!
[2024-07-18 06:37:01,583] {python.py:118} INFO - Done. Returned value was: None
[2024-07-18 06:37:01,683] {taskinstance.py:1166} INFO - Marking task as SUCCESS. dag_id=xcom_example_dag, task_id=pull_task, execution_date=20240628T000000, start_date=20240718T063700, end_date=20240718T063701
[2024-07-18 06:37:01,967] {taskinstance.py:1220} INFO - 0 downstream tasks scheduled from follow-on schedule check
[2024-07-18 06:37:02,021] {local_task_job.py:146} INFO - Task exited with return code 0
