[2024-07-16 02:41:18,418] {taskinstance.py:851} INFO - Dependencies all met for <TaskInstance: our_first_dag.first_task 2021-09-21T00:00:00+00:00 [queued]>
[2024-07-16 02:41:18,454] {taskinstance.py:851} INFO - Dependencies all met for <TaskInstance: our_first_dag.first_task 2021-09-21T00:00:00+00:00 [queued]>
[2024-07-16 02:41:18,455] {taskinstance.py:1042} INFO - 
--------------------------------------------------------------------------------
[2024-07-16 02:41:18,456] {taskinstance.py:1043} INFO - Starting attempt 1 of 6
[2024-07-16 02:41:18,456] {taskinstance.py:1044} INFO - 
--------------------------------------------------------------------------------
[2024-07-16 02:41:18,478] {taskinstance.py:1063} INFO - Executing <Task(BashOperator): first_task> on 2021-09-21T00:00:00+00:00
[2024-07-16 02:41:18,486] {standard_task_runner.py:52} INFO - Started process 553 to run task
[2024-07-16 02:41:18,494] {standard_task_runner.py:76} INFO - Running: ['airflow', 'tasks', 'run', 'our_first_dag', 'first_task', '2021-09-21T00:00:00+00:00', '--job-id', '59', '--pool', 'default_pool', '--raw', '--subdir', 'DAGS_FOLDER/our_first_dag.py', '--cfg-path', '/tmp/tmpbl3klepv', '--error-file', '/tmp/tmptlmmbnno']
[2024-07-16 02:41:18,499] {standard_task_runner.py:77} INFO - Job 59: Subtask first_task
[2024-07-16 02:41:18,617] {logging_mixin.py:104} INFO - Running <TaskInstance: our_first_dag.first_task 2021-09-21T00:00:00+00:00 [running]> on host f3060829e7b4
[2024-07-16 02:41:18,701] {taskinstance.py:1257} INFO - Exporting the following env vars:
AIRFLOW_CTX_DAG_OWNER=coder2j
AIRFLOW_CTX_DAG_ID=our_first_dag
AIRFLOW_CTX_TASK_ID=first_task
AIRFLOW_CTX_EXECUTION_DATE=2021-09-21T00:00:00+00:00
AIRFLOW_CTX_DAG_RUN_ID=scheduled__2021-09-21T00:00:00+00:00
[2024-07-16 02:41:18,702] {bash.py:135} INFO - Tmp dir root location: 
 /tmp
[2024-07-16 02:41:18,705] {bash.py:158} INFO - Running command: echo hello world, this is the first task
[2024-07-16 02:41:18,719] {bash.py:169} INFO - Output:
[2024-07-16 02:41:18,722] {bash.py:173} INFO - hello world, this is the first task
[2024-07-16 02:41:18,723] {bash.py:177} INFO - Command exited with return code 0
[2024-07-16 02:41:18,775] {taskinstance.py:1166} INFO - Marking task as SUCCESS. dag_id=our_first_dag, task_id=first_task, execution_date=20210921T000000, start_date=20240716T024118, end_date=20240716T024118
[2024-07-16 02:41:18,863] {taskinstance.py:1220} INFO - 0 downstream tasks scheduled from follow-on schedule check
[2024-07-16 02:41:18,907] {local_task_job.py:146} INFO - Task exited with return code 0
