[2024-07-16 02:47:03,627] {taskinstance.py:851} INFO - Dependencies all met for <TaskInstance: our_first_dag_v2.first_task 2021-12-15T00:00:00+00:00 [queued]>
[2024-07-16 02:47:03,683] {taskinstance.py:851} INFO - Dependencies all met for <TaskInstance: our_first_dag_v2.first_task 2021-12-15T00:00:00+00:00 [queued]>
[2024-07-16 02:47:03,684] {taskinstance.py:1042} INFO - 
--------------------------------------------------------------------------------
[2024-07-16 02:47:03,685] {taskinstance.py:1043} INFO - Starting attempt 1 of 6
[2024-07-16 02:47:03,686] {taskinstance.py:1044} INFO - 
--------------------------------------------------------------------------------
[2024-07-16 02:47:03,708] {taskinstance.py:1063} INFO - Executing <Task(BashOperator): first_task> on 2021-12-15T00:00:00+00:00
[2024-07-16 02:47:03,718] {standard_task_runner.py:52} INFO - Started process 3906 to run task
[2024-07-16 02:47:03,732] {standard_task_runner.py:76} INFO - Running: ['airflow', 'tasks', 'run', 'our_first_dag_v2', 'first_task', '2021-12-15T00:00:00+00:00', '--job-id', '1093', '--pool', 'default_pool', '--raw', '--subdir', 'DAGS_FOLDER/our_first_dag.py', '--cfg-path', '/tmp/tmpoy2fe_kd', '--error-file', '/tmp/tmpalevu0b3']
[2024-07-16 02:47:03,744] {standard_task_runner.py:77} INFO - Job 1093: Subtask first_task
[2024-07-16 02:47:03,889] {logging_mixin.py:104} INFO - Running <TaskInstance: our_first_dag_v2.first_task 2021-12-15T00:00:00+00:00 [running]> on host f3060829e7b4
[2024-07-16 02:47:04,083] {taskinstance.py:1257} INFO - Exporting the following env vars:
AIRFLOW_CTX_DAG_OWNER=coder2j
AIRFLOW_CTX_DAG_ID=our_first_dag_v2
AIRFLOW_CTX_TASK_ID=first_task
AIRFLOW_CTX_EXECUTION_DATE=2021-12-15T00:00:00+00:00
AIRFLOW_CTX_DAG_RUN_ID=scheduled__2021-12-15T00:00:00+00:00
[2024-07-16 02:47:04,084] {bash.py:135} INFO - Tmp dir root location: 
 /tmp
[2024-07-16 02:47:04,091] {bash.py:158} INFO - Running command: echo hello world, this is the first task
[2024-07-16 02:47:04,134] {bash.py:169} INFO - Output:
[2024-07-16 02:47:04,137] {bash.py:173} INFO - hello world, this is the first task
[2024-07-16 02:47:04,138] {bash.py:177} INFO - Command exited with return code 0
[2024-07-16 02:47:04,244] {taskinstance.py:1166} INFO - Marking task as SUCCESS. dag_id=our_first_dag_v2, task_id=first_task, execution_date=20211215T000000, start_date=20240716T024703, end_date=20240716T024704
[2024-07-16 02:47:04,424] {taskinstance.py:1220} INFO - 1 downstream tasks scheduled from follow-on schedule check
[2024-07-16 02:47:04,464] {local_task_job.py:146} INFO - Task exited with return code 0
