[2024-07-18 06:32:44,243] {taskinstance.py:851} INFO - Dependencies all met for <TaskInstance: xcom_example_dag.push_task 2023-07-26T00:00:00+00:00 [queued]>
[2024-07-18 06:32:44,285] {taskinstance.py:851} INFO - Dependencies all met for <TaskInstance: xcom_example_dag.push_task 2023-07-26T00:00:00+00:00 [queued]>
[2024-07-18 06:32:44,288] {taskinstance.py:1042} INFO - 
--------------------------------------------------------------------------------
[2024-07-18 06:32:44,291] {taskinstance.py:1043} INFO - Starting attempt 1 of 2
[2024-07-18 06:32:44,295] {taskinstance.py:1044} INFO - 
--------------------------------------------------------------------------------
[2024-07-18 06:32:44,343] {taskinstance.py:1063} INFO - Executing <Task(PythonOperator): push_task> on 2023-07-26T00:00:00+00:00
[2024-07-18 06:32:44,349] {standard_task_runner.py:52} INFO - Started process 1902 to run task
[2024-07-18 06:32:44,362] {standard_task_runner.py:76} INFO - Running: ['airflow', 'tasks', 'run', 'xcom_example_dag', 'push_task', '2023-07-26T00:00:00+00:00', '--job-id', '35', '--pool', 'default_pool', '--raw', '--subdir', 'DAGS_FOLDER/xcom.py', '--cfg-path', '/tmp/tmpaxtixcdn', '--error-file', '/tmp/tmpeb8xs6ue']
[2024-07-18 06:32:44,371] {standard_task_runner.py:77} INFO - Job 35: Subtask push_task
[2024-07-18 06:32:44,539] {logging_mixin.py:104} INFO - Running <TaskInstance: xcom_example_dag.push_task 2023-07-26T00:00:00+00:00 [running]> on host a868c7bacc12
[2024-07-18 06:32:44,888] {taskinstance.py:1257} INFO - Exporting the following env vars:
AIRFLOW_CTX_DAG_OWNER=airflow
AIRFLOW_CTX_DAG_ID=xcom_example_dag
AIRFLOW_CTX_TASK_ID=push_task
AIRFLOW_CTX_EXECUTION_DATE=2023-07-26T00:00:00+00:00
AIRFLOW_CTX_DAG_RUN_ID=scheduled__2023-07-26T00:00:00+00:00
[2024-07-18 06:32:45,064] {python.py:118} INFO - Done. Returned value was: None
[2024-07-18 06:32:45,170] {taskinstance.py:1166} INFO - Marking task as SUCCESS. dag_id=xcom_example_dag, task_id=push_task, execution_date=20230726T000000, start_date=20240718T063244, end_date=20240718T063245
[2024-07-18 06:32:45,659] {taskinstance.py:1220} INFO - 0 downstream tasks scheduled from follow-on schedule check
[2024-07-18 06:32:45,757] {local_task_job.py:146} INFO - Task exited with return code 0
