[2024-07-18 06:36:15,698] {taskinstance.py:851} INFO - Dependencies all met for <TaskInstance: xcom_example_dag.push_task 2024-04-29T00:00:00+00:00 [queued]>
[2024-07-18 06:36:15,751] {taskinstance.py:851} INFO - Dependencies all met for <TaskInstance: xcom_example_dag.push_task 2024-04-29T00:00:00+00:00 [queued]>
[2024-07-18 06:36:15,752] {taskinstance.py:1042} INFO - 
--------------------------------------------------------------------------------
[2024-07-18 06:36:15,753] {taskinstance.py:1043} INFO - Starting attempt 1 of 2
[2024-07-18 06:36:15,754] {taskinstance.py:1044} INFO - 
--------------------------------------------------------------------------------
[2024-07-18 06:36:15,783] {taskinstance.py:1063} INFO - Executing <Task(PythonOperator): push_task> on 2024-04-29T00:00:00+00:00
[2024-07-18 06:36:15,789] {standard_task_runner.py:52} INFO - Started process 228 to run task
[2024-07-18 06:36:15,805] {standard_task_runner.py:76} INFO - Running: ['airflow', 'tasks', 'run', 'xcom_example_dag', 'push_task', '2024-04-29T00:00:00+00:00', '--job-id', '591', '--pool', 'default_pool', '--raw', '--subdir', 'DAGS_FOLDER/xcom.py', '--cfg-path', '/tmp/tmpp0gkd62p', '--error-file', '/tmp/tmpnx9r1k63']
[2024-07-18 06:36:15,812] {standard_task_runner.py:77} INFO - Job 591: Subtask push_task
[2024-07-18 06:36:15,960] {logging_mixin.py:104} INFO - Running <TaskInstance: xcom_example_dag.push_task 2024-04-29T00:00:00+00:00 [running]> on host a868c7bacc12
[2024-07-18 06:36:16,136] {taskinstance.py:1257} INFO - Exporting the following env vars:
AIRFLOW_CTX_DAG_OWNER=airflow
AIRFLOW_CTX_DAG_ID=xcom_example_dag
AIRFLOW_CTX_TASK_ID=push_task
AIRFLOW_CTX_EXECUTION_DATE=2024-04-29T00:00:00+00:00
AIRFLOW_CTX_DAG_RUN_ID=scheduled__2024-04-29T00:00:00+00:00
[2024-07-18 06:36:16,186] {python.py:118} INFO - Done. Returned value was: None
[2024-07-18 06:36:16,221] {taskinstance.py:1166} INFO - Marking task as SUCCESS. dag_id=xcom_example_dag, task_id=push_task, execution_date=20240429T000000, start_date=20240718T063615, end_date=20240718T063616
[2024-07-18 06:36:16,337] {taskinstance.py:1220} INFO - 1 downstream tasks scheduled from follow-on schedule check
[2024-07-18 06:36:16,376] {local_task_job.py:146} INFO - Task exited with return code 0
