[2024-07-16 02:42:07,340] {taskinstance.py:851} INFO - Dependencies all met for <TaskInstance: our_first_dag.first_task 2022-03-21T00:00:00+00:00 [queued]>
[2024-07-16 02:42:07,380] {taskinstance.py:851} INFO - Dependencies all met for <TaskInstance: our_first_dag.first_task 2022-03-21T00:00:00+00:00 [queued]>
[2024-07-16 02:42:07,382] {taskinstance.py:1042} INFO - 
--------------------------------------------------------------------------------
[2024-07-16 02:42:07,385] {taskinstance.py:1043} INFO - Starting attempt 1 of 6
[2024-07-16 02:42:07,386] {taskinstance.py:1044} INFO - 
--------------------------------------------------------------------------------
[2024-07-16 02:42:07,407] {taskinstance.py:1063} INFO - Executing <Task(BashOperator): first_task> on 2022-03-21T00:00:00+00:00
[2024-07-16 02:42:07,417] {standard_task_runner.py:52} INFO - Started process 1122 to run task
[2024-07-16 02:42:07,442] {standard_task_runner.py:76} INFO - Running: ['airflow', 'tasks', 'run', 'our_first_dag', 'first_task', '2022-03-21T00:00:00+00:00', '--job-id', '240', '--pool', 'default_pool', '--raw', '--subdir', 'DAGS_FOLDER/our_first_dag.py', '--cfg-path', '/tmp/tmpq8fc6x0t', '--error-file', '/tmp/tmp5dzy4pwl']
[2024-07-16 02:42:07,450] {standard_task_runner.py:77} INFO - Job 240: Subtask first_task
[2024-07-16 02:42:07,599] {logging_mixin.py:104} INFO - Running <TaskInstance: our_first_dag.first_task 2022-03-21T00:00:00+00:00 [running]> on host f3060829e7b4
[2024-07-16 02:42:07,747] {taskinstance.py:1257} INFO - Exporting the following env vars:
AIRFLOW_CTX_DAG_OWNER=coder2j
AIRFLOW_CTX_DAG_ID=our_first_dag
AIRFLOW_CTX_TASK_ID=first_task
AIRFLOW_CTX_EXECUTION_DATE=2022-03-21T00:00:00+00:00
AIRFLOW_CTX_DAG_RUN_ID=scheduled__2022-03-21T00:00:00+00:00
[2024-07-16 02:42:07,748] {bash.py:135} INFO - Tmp dir root location: 
 /tmp
[2024-07-16 02:42:07,751] {bash.py:158} INFO - Running command: echo hello world, this is the first task
[2024-07-16 02:42:07,770] {bash.py:169} INFO - Output:
[2024-07-16 02:42:07,773] {bash.py:173} INFO - hello world, this is the first task
[2024-07-16 02:42:07,775] {bash.py:177} INFO - Command exited with return code 0
[2024-07-16 02:42:07,870] {taskinstance.py:1166} INFO - Marking task as SUCCESS. dag_id=our_first_dag, task_id=first_task, execution_date=20220321T000000, start_date=20240716T024207, end_date=20240716T024207
[2024-07-16 02:42:07,952] {taskinstance.py:1220} INFO - 0 downstream tasks scheduled from follow-on schedule check
[2024-07-16 02:42:07,982] {local_task_job.py:146} INFO - Task exited with return code 0
