[2024-07-16 02:42:37,692] {taskinstance.py:851} INFO - Dependencies all met for <TaskInstance: our_first_dag.first_task 2022-06-28T00:00:00+00:00 [queued]>
[2024-07-16 02:42:37,754] {taskinstance.py:851} INFO - Dependencies all met for <TaskInstance: our_first_dag.first_task 2022-06-28T00:00:00+00:00 [queued]>
[2024-07-16 02:42:37,755] {taskinstance.py:1042} INFO - 
--------------------------------------------------------------------------------
[2024-07-16 02:42:37,756] {taskinstance.py:1043} INFO - Starting attempt 1 of 6
[2024-07-16 02:42:37,757] {taskinstance.py:1044} INFO - 
--------------------------------------------------------------------------------
[2024-07-16 02:42:37,791] {taskinstance.py:1063} INFO - Executing <Task(BashOperator): first_task> on 2022-06-28T00:00:00+00:00
[2024-07-16 02:42:37,803] {standard_task_runner.py:52} INFO - Started process 1433 to run task
[2024-07-16 02:42:37,808] {standard_task_runner.py:76} INFO - Running: ['airflow', 'tasks', 'run', 'our_first_dag', 'first_task', '2022-06-28T00:00:00+00:00', '--job-id', '339', '--pool', 'default_pool', '--raw', '--subdir', 'DAGS_FOLDER/our_first_dag.py', '--cfg-path', '/tmp/tmpru3a3wug', '--error-file', '/tmp/tmpx9q3xcru']
[2024-07-16 02:42:37,817] {standard_task_runner.py:77} INFO - Job 339: Subtask first_task
[2024-07-16 02:42:37,975] {logging_mixin.py:104} INFO - Running <TaskInstance: our_first_dag.first_task 2022-06-28T00:00:00+00:00 [running]> on host f3060829e7b4
[2024-07-16 02:42:38,143] {taskinstance.py:1257} INFO - Exporting the following env vars:
AIRFLOW_CTX_DAG_OWNER=coder2j
AIRFLOW_CTX_DAG_ID=our_first_dag
AIRFLOW_CTX_TASK_ID=first_task
AIRFLOW_CTX_EXECUTION_DATE=2022-06-28T00:00:00+00:00
AIRFLOW_CTX_DAG_RUN_ID=scheduled__2022-06-28T00:00:00+00:00
[2024-07-16 02:42:38,150] {bash.py:135} INFO - Tmp dir root location: 
 /tmp
[2024-07-16 02:42:38,153] {bash.py:158} INFO - Running command: echo hello world, this is the first task
[2024-07-16 02:42:38,175] {bash.py:169} INFO - Output:
[2024-07-16 02:42:38,176] {bash.py:173} INFO - hello world, this is the first task
[2024-07-16 02:42:38,177] {bash.py:177} INFO - Command exited with return code 0
[2024-07-16 02:42:38,282] {taskinstance.py:1166} INFO - Marking task as SUCCESS. dag_id=our_first_dag, task_id=first_task, execution_date=20220628T000000, start_date=20240716T024237, end_date=20240716T024238
[2024-07-16 02:42:38,485] {taskinstance.py:1220} INFO - 0 downstream tasks scheduled from follow-on schedule check
[2024-07-16 02:42:38,530] {local_task_job.py:146} INFO - Task exited with return code 0
