[2024-07-16 02:47:02,938] {taskinstance.py:851} INFO - Dependencies all met for <TaskInstance: our_first_dag_v2.second_task 2021-12-09T00:00:00+00:00 [queued]>
[2024-07-16 02:47:02,990] {taskinstance.py:851} INFO - Dependencies all met for <TaskInstance: our_first_dag_v2.second_task 2021-12-09T00:00:00+00:00 [queued]>
[2024-07-16 02:47:02,991] {taskinstance.py:1042} INFO - 
--------------------------------------------------------------------------------
[2024-07-16 02:47:02,991] {taskinstance.py:1043} INFO - Starting attempt 1 of 6
[2024-07-16 02:47:02,992] {taskinstance.py:1044} INFO - 
--------------------------------------------------------------------------------
[2024-07-16 02:47:03,023] {taskinstance.py:1063} INFO - Executing <Task(BashOperator): second_task> on 2021-12-09T00:00:00+00:00
[2024-07-16 02:47:03,040] {standard_task_runner.py:52} INFO - Started process 3892 to run task
[2024-07-16 02:47:03,063] {standard_task_runner.py:76} INFO - Running: ['airflow', 'tasks', 'run', 'our_first_dag_v2', 'second_task', '2021-12-09T00:00:00+00:00', '--job-id', '1090', '--pool', 'default_pool', '--raw', '--subdir', 'DAGS_FOLDER/our_first_dag.py', '--cfg-path', '/tmp/tmp221ha0zw', '--error-file', '/tmp/tmpm_5pc3a1']
[2024-07-16 02:47:03,076] {standard_task_runner.py:77} INFO - Job 1090: Subtask second_task
[2024-07-16 02:47:03,212] {logging_mixin.py:104} INFO - Running <TaskInstance: our_first_dag_v2.second_task 2021-12-09T00:00:00+00:00 [running]> on host f3060829e7b4
[2024-07-16 02:47:03,414] {taskinstance.py:1257} INFO - Exporting the following env vars:
AIRFLOW_CTX_DAG_OWNER=coder2j
AIRFLOW_CTX_DAG_ID=our_first_dag_v2
AIRFLOW_CTX_TASK_ID=second_task
AIRFLOW_CTX_EXECUTION_DATE=2021-12-09T00:00:00+00:00
AIRFLOW_CTX_DAG_RUN_ID=scheduled__2021-12-09T00:00:00+00:00
[2024-07-16 02:47:03,419] {bash.py:135} INFO - Tmp dir root location: 
 /tmp
[2024-07-16 02:47:03,421] {bash.py:158} INFO - Running command: echo hello world, this is the second task, it will run after first task
[2024-07-16 02:47:03,438] {bash.py:169} INFO - Output:
[2024-07-16 02:47:03,442] {bash.py:173} INFO - hello world, this is the second task, it will run after first task
[2024-07-16 02:47:03,443] {bash.py:177} INFO - Command exited with return code 0
[2024-07-16 02:47:03,525] {taskinstance.py:1166} INFO - Marking task as SUCCESS. dag_id=our_first_dag_v2, task_id=second_task, execution_date=20211209T000000, start_date=20240716T024702, end_date=20240716T024703
[2024-07-16 02:47:03,604] {taskinstance.py:1220} INFO - 0 downstream tasks scheduled from follow-on schedule check
[2024-07-16 02:47:03,628] {local_task_job.py:146} INFO - Task exited with return code 0
