[2024-07-18 06:33:56,654] {taskinstance.py:851} INFO - Dependencies all met for <TaskInstance: xcom_example_dag.pull_task 2023-11-05T00:00:00+00:00 [queued]>
[2024-07-18 06:33:56,736] {taskinstance.py:851} INFO - Dependencies all met for <TaskInstance: xcom_example_dag.pull_task 2023-11-05T00:00:00+00:00 [queued]>
[2024-07-18 06:33:56,737] {taskinstance.py:1042} INFO - 
--------------------------------------------------------------------------------
[2024-07-18 06:33:56,738] {taskinstance.py:1043} INFO - Starting attempt 1 of 2
[2024-07-18 06:33:56,739] {taskinstance.py:1044} INFO - 
--------------------------------------------------------------------------------
[2024-07-18 06:33:56,814] {taskinstance.py:1063} INFO - Executing <Task(PythonOperator): pull_task> on 2023-11-05T00:00:00+00:00
[2024-07-18 06:33:56,822] {standard_task_runner.py:52} INFO - Started process 2395 to run task
[2024-07-18 06:33:56,843] {standard_task_runner.py:76} INFO - Running: ['airflow', 'tasks', 'run', 'xcom_example_dag', 'pull_task', '2023-11-05T00:00:00+00:00', '--job-id', '248', '--pool', 'default_pool', '--raw', '--subdir', 'DAGS_FOLDER/xcom.py', '--cfg-path', '/tmp/tmpyfs0deg2', '--error-file', '/tmp/tmp31xenkb5']
[2024-07-18 06:33:56,857] {standard_task_runner.py:77} INFO - Job 248: Subtask pull_task
[2024-07-18 06:33:57,155] {logging_mixin.py:104} INFO - Running <TaskInstance: xcom_example_dag.pull_task 2023-11-05T00:00:00+00:00 [running]> on host a868c7bacc12
[2024-07-18 06:33:57,444] {taskinstance.py:1257} INFO - Exporting the following env vars:
AIRFLOW_CTX_DAG_OWNER=airflow
AIRFLOW_CTX_DAG_ID=xcom_example_dag
AIRFLOW_CTX_TASK_ID=pull_task
AIRFLOW_CTX_EXECUTION_DATE=2023-11-05T00:00:00+00:00
AIRFLOW_CTX_DAG_RUN_ID=scheduled__2023-11-05T00:00:00+00:00
[2024-07-18 06:33:57,518] {logging_mixin.py:104} INFO - Pulled message: Hello from push_function!
[2024-07-18 06:33:57,518] {python.py:118} INFO - Done. Returned value was: None
[2024-07-18 06:33:57,583] {taskinstance.py:1166} INFO - Marking task as SUCCESS. dag_id=xcom_example_dag, task_id=pull_task, execution_date=20231105T000000, start_date=20240718T063356, end_date=20240718T063357
[2024-07-18 06:33:57,823] {taskinstance.py:1220} INFO - 0 downstream tasks scheduled from follow-on schedule check
[2024-07-18 06:33:57,853] {local_task_job.py:146} INFO - Task exited with return code 0
