[2024-07-16 02:45:07,146] {taskinstance.py:851} INFO - Dependencies all met for <TaskInstance: our_first_dag.first_task 2023-10-22T00:00:00+00:00 [queued]>
[2024-07-16 02:45:07,199] {taskinstance.py:851} INFO - Dependencies all met for <TaskInstance: our_first_dag.first_task 2023-10-22T00:00:00+00:00 [queued]>
[2024-07-16 02:45:07,200] {taskinstance.py:1042} INFO - 
--------------------------------------------------------------------------------
[2024-07-16 02:45:07,202] {taskinstance.py:1043} INFO - Starting attempt 1 of 6
[2024-07-16 02:45:07,204] {taskinstance.py:1044} INFO - 
--------------------------------------------------------------------------------
[2024-07-16 02:45:07,231] {taskinstance.py:1063} INFO - Executing <Task(BashOperator): first_task> on 2023-10-22T00:00:00+00:00
[2024-07-16 02:45:07,280] {standard_task_runner.py:52} INFO - Started process 2947 to run task
[2024-07-16 02:45:07,294] {standard_task_runner.py:76} INFO - Running: ['airflow', 'tasks', 'run', 'our_first_dag', 'first_task', '2023-10-22T00:00:00+00:00', '--job-id', '820', '--pool', 'default_pool', '--raw', '--subdir', 'DAGS_FOLDER/our_first_dag.py', '--cfg-path', '/tmp/tmpr6dijpn7', '--error-file', '/tmp/tmp9_pd6s_4']
[2024-07-16 02:45:07,300] {standard_task_runner.py:77} INFO - Job 820: Subtask first_task
[2024-07-16 02:45:07,412] {logging_mixin.py:104} INFO - Running <TaskInstance: our_first_dag.first_task 2023-10-22T00:00:00+00:00 [running]> on host f3060829e7b4
[2024-07-16 02:45:07,499] {taskinstance.py:1257} INFO - Exporting the following env vars:
AIRFLOW_CTX_DAG_OWNER=coder2j
AIRFLOW_CTX_DAG_ID=our_first_dag
AIRFLOW_CTX_TASK_ID=first_task
AIRFLOW_CTX_EXECUTION_DATE=2023-10-22T00:00:00+00:00
AIRFLOW_CTX_DAG_RUN_ID=scheduled__2023-10-22T00:00:00+00:00
[2024-07-16 02:45:07,500] {bash.py:135} INFO - Tmp dir root location: 
 /tmp
[2024-07-16 02:45:07,502] {bash.py:158} INFO - Running command: echo hello world, this is the first task
[2024-07-16 02:45:07,514] {bash.py:169} INFO - Output:
[2024-07-16 02:45:07,515] {bash.py:173} INFO - hello world, this is the first task
[2024-07-16 02:45:07,516] {bash.py:177} INFO - Command exited with return code 0
[2024-07-16 02:45:07,559] {taskinstance.py:1166} INFO - Marking task as SUCCESS. dag_id=our_first_dag, task_id=first_task, execution_date=20231022T000000, start_date=20240716T024507, end_date=20240716T024507
[2024-07-16 02:45:07,627] {taskinstance.py:1220} INFO - 0 downstream tasks scheduled from follow-on schedule check
[2024-07-16 02:45:07,666] {local_task_job.py:146} INFO - Task exited with return code 0
