[2024-07-16 02:45:59,538] {taskinstance.py:851} INFO - Dependencies all met for <TaskInstance: our_first_dag_v2.second_task 2021-07-30T00:00:00+00:00 [queued]>
[2024-07-16 02:45:59,561] {taskinstance.py:851} INFO - Dependencies all met for <TaskInstance: our_first_dag_v2.second_task 2021-07-30T00:00:00+00:00 [queued]>
[2024-07-16 02:45:59,562] {taskinstance.py:1042} INFO - 
--------------------------------------------------------------------------------
[2024-07-16 02:45:59,562] {taskinstance.py:1043} INFO - Starting attempt 1 of 6
[2024-07-16 02:45:59,563] {taskinstance.py:1044} INFO - 
--------------------------------------------------------------------------------
[2024-07-16 02:45:59,577] {taskinstance.py:1063} INFO - Executing <Task(BashOperator): second_task> on 2021-07-30T00:00:00+00:00
[2024-07-16 02:45:59,582] {standard_task_runner.py:52} INFO - Started process 3067 to run task
[2024-07-16 02:45:59,587] {standard_task_runner.py:76} INFO - Running: ['airflow', 'tasks', 'run', 'our_first_dag_v2', 'second_task', '2021-07-30T00:00:00+00:00', '--job-id', '825', '--pool', 'default_pool', '--raw', '--subdir', 'DAGS_FOLDER/our_first_dag.py', '--cfg-path', '/tmp/tmpm0dq0q_x', '--error-file', '/tmp/tmpmff0nciv']
[2024-07-16 02:45:59,591] {standard_task_runner.py:77} INFO - Job 825: Subtask second_task
[2024-07-16 02:45:59,648] {logging_mixin.py:104} INFO - Running <TaskInstance: our_first_dag_v2.second_task 2021-07-30T00:00:00+00:00 [running]> on host f3060829e7b4
[2024-07-16 02:45:59,701] {taskinstance.py:1257} INFO - Exporting the following env vars:
AIRFLOW_CTX_DAG_OWNER=coder2j
AIRFLOW_CTX_DAG_ID=our_first_dag_v2
AIRFLOW_CTX_TASK_ID=second_task
AIRFLOW_CTX_EXECUTION_DATE=2021-07-30T00:00:00+00:00
AIRFLOW_CTX_DAG_RUN_ID=scheduled__2021-07-30T00:00:00+00:00
[2024-07-16 02:45:59,702] {bash.py:135} INFO - Tmp dir root location: 
 /tmp
[2024-07-16 02:45:59,703] {bash.py:158} INFO - Running command: echo hello world, this is the second task, it will run after first task
[2024-07-16 02:45:59,713] {bash.py:169} INFO - Output:
[2024-07-16 02:45:59,714] {bash.py:173} INFO - hello world, this is the second task, it will run after first task
[2024-07-16 02:45:59,715] {bash.py:177} INFO - Command exited with return code 0
[2024-07-16 02:45:59,747] {taskinstance.py:1166} INFO - Marking task as SUCCESS. dag_id=our_first_dag_v2, task_id=second_task, execution_date=20210730T000000, start_date=20240716T024559, end_date=20240716T024559
[2024-07-16 02:45:59,787] {taskinstance.py:1220} INFO - 0 downstream tasks scheduled from follow-on schedule check
[2024-07-16 02:45:59,801] {local_task_job.py:146} INFO - Task exited with return code 0
