[2024-07-18 06:34:20,157] {taskinstance.py:851} INFO - Dependencies all met for <TaskInstance: xcom_example_dag.push_task 2023-12-15T00:00:00+00:00 [queued]>
[2024-07-18 06:34:20,207] {taskinstance.py:851} INFO - Dependencies all met for <TaskInstance: xcom_example_dag.push_task 2023-12-15T00:00:00+00:00 [queued]>
[2024-07-18 06:34:20,214] {taskinstance.py:1042} INFO - 
--------------------------------------------------------------------------------
[2024-07-18 06:34:20,220] {taskinstance.py:1043} INFO - Starting attempt 1 of 2
[2024-07-18 06:34:20,221] {taskinstance.py:1044} INFO - 
--------------------------------------------------------------------------------
[2024-07-18 06:34:20,267] {taskinstance.py:1063} INFO - Executing <Task(PythonOperator): push_task> on 2023-12-15T00:00:00+00:00
[2024-07-18 06:34:20,279] {standard_task_runner.py:52} INFO - Started process 2561 to run task
[2024-07-18 06:34:20,294] {standard_task_runner.py:76} INFO - Running: ['airflow', 'tasks', 'run', 'xcom_example_dag', 'push_task', '2023-12-15T00:00:00+00:00', '--job-id', '319', '--pool', 'default_pool', '--raw', '--subdir', 'DAGS_FOLDER/xcom.py', '--cfg-path', '/tmp/tmpf7aqsl3p', '--error-file', '/tmp/tmpd6f35hea']
[2024-07-18 06:34:20,300] {standard_task_runner.py:77} INFO - Job 319: Subtask push_task
[2024-07-18 06:34:20,493] {logging_mixin.py:104} INFO - Running <TaskInstance: xcom_example_dag.push_task 2023-12-15T00:00:00+00:00 [running]> on host a868c7bacc12
[2024-07-18 06:34:20,879] {taskinstance.py:1257} INFO - Exporting the following env vars:
AIRFLOW_CTX_DAG_OWNER=airflow
AIRFLOW_CTX_DAG_ID=xcom_example_dag
AIRFLOW_CTX_TASK_ID=push_task
AIRFLOW_CTX_EXECUTION_DATE=2023-12-15T00:00:00+00:00
AIRFLOW_CTX_DAG_RUN_ID=scheduled__2023-12-15T00:00:00+00:00
[2024-07-18 06:34:21,010] {python.py:118} INFO - Done. Returned value was: None
[2024-07-18 06:34:21,093] {taskinstance.py:1166} INFO - Marking task as SUCCESS. dag_id=xcom_example_dag, task_id=push_task, execution_date=20231215T000000, start_date=20240718T063420, end_date=20240718T063421
[2024-07-18 06:34:21,314] {taskinstance.py:1220} INFO - 1 downstream tasks scheduled from follow-on schedule check
[2024-07-18 06:34:21,440] {local_task_job.py:146} INFO - Task exited with return code 0
