[2024-07-18 08:38:25,015] {taskinstance.py:851} INFO - Dependencies all met for <TaskInstance: Python_operator_v01.greet 2024-07-18T08:38:24.298232+00:00 [queued]>
[2024-07-18 08:38:25,041] {taskinstance.py:851} INFO - Dependencies all met for <TaskInstance: Python_operator_v01.greet 2024-07-18T08:38:24.298232+00:00 [queued]>
[2024-07-18 08:38:25,041] {taskinstance.py:1042} INFO - 
--------------------------------------------------------------------------------
[2024-07-18 08:38:25,042] {taskinstance.py:1043} INFO - Starting attempt 1 of 6
[2024-07-18 08:38:25,042] {taskinstance.py:1044} INFO - 
--------------------------------------------------------------------------------
[2024-07-18 08:38:25,055] {taskinstance.py:1063} INFO - Executing <Task(PythonOperator): greet> on 2024-07-18T08:38:24.298232+00:00
[2024-07-18 08:38:25,062] {standard_task_runner.py:52} INFO - Started process 473 to run task
[2024-07-18 08:38:25,067] {standard_task_runner.py:76} INFO - Running: ['airflow', 'tasks', 'run', 'Python_operator_v01', 'greet', '2024-07-18T08:38:24.298232+00:00', '--job-id', '760', '--pool', 'default_pool', '--raw', '--subdir', 'DAGS_FOLDER/python_operator.py', '--cfg-path', '/tmp/tmpirbgmjzg', '--error-file', '/tmp/tmpicnh8rlv']
[2024-07-18 08:38:25,070] {standard_task_runner.py:77} INFO - Job 760: Subtask greet
[2024-07-18 08:38:25,136] {logging_mixin.py:104} INFO - Running <TaskInstance: Python_operator_v01.greet 2024-07-18T08:38:24.298232+00:00 [running]> on host b7036ca352b1
[2024-07-18 08:38:25,210] {taskinstance.py:1257} INFO - Exporting the following env vars:
AIRFLOW_CTX_DAG_OWNER=MinhThai
AIRFLOW_CTX_DAG_ID=Python_operator_v01
AIRFLOW_CTX_TASK_ID=greet
AIRFLOW_CTX_EXECUTION_DATE=2024-07-18T08:38:24.298232+00:00
AIRFLOW_CTX_DAG_RUN_ID=manual__2024-07-18T08:38:24.298232+00:00
[2024-07-18 08:38:25,212] {logging_mixin.py:104} INFO - Hello world
[2024-07-18 08:38:25,212] {python.py:118} INFO - Done. Returned value was: None
[2024-07-18 08:38:25,230] {taskinstance.py:1166} INFO - Marking task as SUCCESS. dag_id=Python_operator_v01, task_id=greet, execution_date=20240718T083824, start_date=20240718T083825, end_date=20240718T083825
[2024-07-18 08:38:25,275] {taskinstance.py:1220} INFO - 0 downstream tasks scheduled from follow-on schedule check
[2024-07-18 08:38:25,319] {local_task_job.py:146} INFO - Task exited with return code 0
