[2024-07-18 06:33:12,017] {taskinstance.py:851} INFO - Dependencies all met for <TaskInstance: xcom_example_dag.push_task 2023-09-04T00:00:00+00:00 [queued]>
[2024-07-18 06:33:12,092] {taskinstance.py:851} INFO - Dependencies all met for <TaskInstance: xcom_example_dag.push_task 2023-09-04T00:00:00+00:00 [queued]>
[2024-07-18 06:33:12,100] {taskinstance.py:1042} INFO - 
--------------------------------------------------------------------------------
[2024-07-18 06:33:12,108] {taskinstance.py:1043} INFO - Starting attempt 1 of 2
[2024-07-18 06:33:12,110] {taskinstance.py:1044} INFO - 
--------------------------------------------------------------------------------
[2024-07-18 06:33:12,243] {taskinstance.py:1063} INFO - Executing <Task(PythonOperator): push_task> on 2023-09-04T00:00:00+00:00
[2024-07-18 06:33:12,279] {standard_task_runner.py:52} INFO - Started process 2088 to run task
[2024-07-18 06:33:12,326] {standard_task_runner.py:76} INFO - Running: ['airflow', 'tasks', 'run', 'xcom_example_dag', 'push_task', '2023-09-04T00:00:00+00:00', '--job-id', '115', '--pool', 'default_pool', '--raw', '--subdir', 'DAGS_FOLDER/xcom.py', '--cfg-path', '/tmp/tmp9tfw8c_g', '--error-file', '/tmp/tmpn0twkd1u']
[2024-07-18 06:33:12,378] {standard_task_runner.py:77} INFO - Job 115: Subtask push_task
[2024-07-18 06:33:12,684] {logging_mixin.py:104} INFO - Running <TaskInstance: xcom_example_dag.push_task 2023-09-04T00:00:00+00:00 [running]> on host a868c7bacc12
[2024-07-18 06:33:12,993] {taskinstance.py:1257} INFO - Exporting the following env vars:
AIRFLOW_CTX_DAG_OWNER=airflow
AIRFLOW_CTX_DAG_ID=xcom_example_dag
AIRFLOW_CTX_TASK_ID=push_task
AIRFLOW_CTX_EXECUTION_DATE=2023-09-04T00:00:00+00:00
AIRFLOW_CTX_DAG_RUN_ID=scheduled__2023-09-04T00:00:00+00:00
[2024-07-18 06:33:13,049] {python.py:118} INFO - Done. Returned value was: None
[2024-07-18 06:33:13,122] {taskinstance.py:1166} INFO - Marking task as SUCCESS. dag_id=xcom_example_dag, task_id=push_task, execution_date=20230904T000000, start_date=20240718T063312, end_date=20240718T063313
[2024-07-18 06:33:13,424] {taskinstance.py:1220} INFO - 0 downstream tasks scheduled from follow-on schedule check
[2024-07-18 06:33:13,501] {local_task_job.py:146} INFO - Task exited with return code 0
