[2024-07-18 06:34:29,875] {taskinstance.py:851} INFO - Dependencies all met for <TaskInstance: xcom_example_dag.pull_task 2023-12-28T00:00:00+00:00 [queued]>
[2024-07-18 06:34:29,927] {taskinstance.py:851} INFO - Dependencies all met for <TaskInstance: xcom_example_dag.pull_task 2023-12-28T00:00:00+00:00 [queued]>
[2024-07-18 06:34:29,930] {taskinstance.py:1042} INFO - 
--------------------------------------------------------------------------------
[2024-07-18 06:34:29,938] {taskinstance.py:1043} INFO - Starting attempt 1 of 2
[2024-07-18 06:34:29,939] {taskinstance.py:1044} INFO - 
--------------------------------------------------------------------------------
[2024-07-18 06:34:29,987] {taskinstance.py:1063} INFO - Executing <Task(PythonOperator): pull_task> on 2023-12-28T00:00:00+00:00
[2024-07-18 06:34:29,997] {standard_task_runner.py:52} INFO - Started process 2623 to run task
[2024-07-18 06:34:30,032] {standard_task_runner.py:76} INFO - Running: ['airflow', 'tasks', 'run', 'xcom_example_dag', 'pull_task', '2023-12-28T00:00:00+00:00', '--job-id', '349', '--pool', 'default_pool', '--raw', '--subdir', 'DAGS_FOLDER/xcom.py', '--cfg-path', '/tmp/tmpubmi49vm', '--error-file', '/tmp/tmpc9i88qah']
[2024-07-18 06:34:30,044] {standard_task_runner.py:77} INFO - Job 349: Subtask pull_task
[2024-07-18 06:34:30,345] {logging_mixin.py:104} INFO - Running <TaskInstance: xcom_example_dag.pull_task 2023-12-28T00:00:00+00:00 [running]> on host a868c7bacc12
[2024-07-18 06:34:30,611] {taskinstance.py:1257} INFO - Exporting the following env vars:
AIRFLOW_CTX_DAG_OWNER=airflow
AIRFLOW_CTX_DAG_ID=xcom_example_dag
AIRFLOW_CTX_TASK_ID=pull_task
AIRFLOW_CTX_EXECUTION_DATE=2023-12-28T00:00:00+00:00
AIRFLOW_CTX_DAG_RUN_ID=scheduled__2023-12-28T00:00:00+00:00
[2024-07-18 06:34:30,653] {logging_mixin.py:104} INFO - Pulled message: Hello from push_function!
[2024-07-18 06:34:30,673] {python.py:118} INFO - Done. Returned value was: None
[2024-07-18 06:34:30,733] {taskinstance.py:1166} INFO - Marking task as SUCCESS. dag_id=xcom_example_dag, task_id=pull_task, execution_date=20231228T000000, start_date=20240718T063429, end_date=20240718T063430
[2024-07-18 06:34:30,873] {taskinstance.py:1220} INFO - 0 downstream tasks scheduled from follow-on schedule check
[2024-07-18 06:34:30,970] {local_task_job.py:146} INFO - Task exited with return code 0
