[2024-07-18 08:52:48,129] {taskinstance.py:851} INFO - Dependencies all met for <TaskInstance: Python_operator_v03.get_name 2024-07-18T08:52:46.616370+00:00 [queued]>
[2024-07-18 08:52:48,151] {taskinstance.py:851} INFO - Dependencies all met for <TaskInstance: Python_operator_v03.get_name 2024-07-18T08:52:46.616370+00:00 [queued]>
[2024-07-18 08:52:48,152] {taskinstance.py:1042} INFO - 
--------------------------------------------------------------------------------
[2024-07-18 08:52:48,152] {taskinstance.py:1043} INFO - Starting attempt 1 of 6
[2024-07-18 08:52:48,153] {taskinstance.py:1044} INFO - 
--------------------------------------------------------------------------------
[2024-07-18 08:52:48,165] {taskinstance.py:1063} INFO - Executing <Task(PythonOperator): get_name> on 2024-07-18T08:52:46.616370+00:00
[2024-07-18 08:52:48,169] {standard_task_runner.py:52} INFO - Started process 1732 to run task
[2024-07-18 08:52:48,174] {standard_task_runner.py:76} INFO - Running: ['airflow', 'tasks', 'run', 'Python_operator_v03', 'get_name', '2024-07-18T08:52:46.616370+00:00', '--job-id', '762', '--pool', 'default_pool', '--raw', '--subdir', 'DAGS_FOLDER/python_operator.py', '--cfg-path', '/tmp/tmpq7gudz7z', '--error-file', '/tmp/tmpzzgyiv8j']
[2024-07-18 08:52:48,178] {standard_task_runner.py:77} INFO - Job 762: Subtask get_name
[2024-07-18 08:52:48,233] {logging_mixin.py:104} INFO - Running <TaskInstance: Python_operator_v03.get_name 2024-07-18T08:52:46.616370+00:00 [running]> on host b7036ca352b1
[2024-07-18 08:52:48,286] {taskinstance.py:1257} INFO - Exporting the following env vars:
AIRFLOW_CTX_DAG_OWNER=MinhThai
AIRFLOW_CTX_DAG_ID=Python_operator_v03
AIRFLOW_CTX_TASK_ID=get_name
AIRFLOW_CTX_EXECUTION_DATE=2024-07-18T08:52:46.616370+00:00
AIRFLOW_CTX_DAG_RUN_ID=manual__2024-07-18T08:52:46.616370+00:00
[2024-07-18 08:52:48,288] {python.py:118} INFO - Done. Returned value was: Jerry
[2024-07-18 08:52:48,322] {taskinstance.py:1166} INFO - Marking task as SUCCESS. dag_id=Python_operator_v03, task_id=get_name, execution_date=20240718T085246, start_date=20240718T085248, end_date=20240718T085248
[2024-07-18 08:52:48,358] {taskinstance.py:1220} INFO - 0 downstream tasks scheduled from follow-on schedule check
[2024-07-18 08:52:48,385] {local_task_job.py:146} INFO - Task exited with return code 0
