[2024-07-18 09:10:27,615] {taskinstance.py:851} INFO - Dependencies all met for <TaskInstance: Python_operator_v05.get_age 2024-07-18T09:10:27.039249+00:00 [queued]>
[2024-07-18 09:10:27,638] {taskinstance.py:851} INFO - Dependencies all met for <TaskInstance: Python_operator_v05.get_age 2024-07-18T09:10:27.039249+00:00 [queued]>
[2024-07-18 09:10:27,638] {taskinstance.py:1042} INFO - 
--------------------------------------------------------------------------------
[2024-07-18 09:10:27,639] {taskinstance.py:1043} INFO - Starting attempt 1 of 6
[2024-07-18 09:10:27,639] {taskinstance.py:1044} INFO - 
--------------------------------------------------------------------------------
[2024-07-18 09:10:27,654] {taskinstance.py:1063} INFO - Executing <Task(PythonOperator): get_age> on 2024-07-18T09:10:27.039249+00:00
[2024-07-18 09:10:27,659] {standard_task_runner.py:52} INFO - Started process 3304 to run task
[2024-07-18 09:10:27,667] {standard_task_runner.py:76} INFO - Running: ['airflow', 'tasks', 'run', 'Python_operator_v05', 'get_age', '2024-07-18T09:10:27.039249+00:00', '--job-id', '768', '--pool', 'default_pool', '--raw', '--subdir', 'DAGS_FOLDER/python_operator.py', '--cfg-path', '/tmp/tmpse53tuxx', '--error-file', '/tmp/tmpeyxtm_xj']
[2024-07-18 09:10:27,670] {standard_task_runner.py:77} INFO - Job 768: Subtask get_age
[2024-07-18 09:10:27,733] {logging_mixin.py:104} INFO - Running <TaskInstance: Python_operator_v05.get_age 2024-07-18T09:10:27.039249+00:00 [running]> on host b7036ca352b1
[2024-07-18 09:10:27,804] {taskinstance.py:1257} INFO - Exporting the following env vars:
AIRFLOW_CTX_DAG_OWNER=MinhThai
AIRFLOW_CTX_DAG_ID=Python_operator_v05
AIRFLOW_CTX_TASK_ID=get_age
AIRFLOW_CTX_EXECUTION_DATE=2024-07-18T09:10:27.039249+00:00
AIRFLOW_CTX_DAG_RUN_ID=manual__2024-07-18T09:10:27.039249+00:00
[2024-07-18 09:10:27,851] {python.py:118} INFO - Done. Returned value was: None
[2024-07-18 09:10:27,882] {taskinstance.py:1166} INFO - Marking task as SUCCESS. dag_id=Python_operator_v05, task_id=get_age, execution_date=20240718T091027, start_date=20240718T091027, end_date=20240718T091027
[2024-07-18 09:10:27,932] {taskinstance.py:1220} INFO - 1 downstream tasks scheduled from follow-on schedule check
[2024-07-18 09:10:27,958] {local_task_job.py:146} INFO - Task exited with return code 0
