[2024-07-16 02:46:55,217] {taskinstance.py:851} INFO - Dependencies all met for <TaskInstance: our_first_dag_v2.first_task 2021-11-25T00:00:00+00:00 [queued]>
[2024-07-16 02:46:55,256] {taskinstance.py:851} INFO - Dependencies all met for <TaskInstance: our_first_dag_v2.first_task 2021-11-25T00:00:00+00:00 [queued]>
[2024-07-16 02:46:55,257] {taskinstance.py:1042} INFO - 
--------------------------------------------------------------------------------
[2024-07-16 02:46:55,258] {taskinstance.py:1043} INFO - Starting attempt 1 of 6
[2024-07-16 02:46:55,258] {taskinstance.py:1044} INFO - 
--------------------------------------------------------------------------------
[2024-07-16 02:46:55,314] {taskinstance.py:1063} INFO - Executing <Task(BashOperator): first_task> on 2021-11-25T00:00:00+00:00
[2024-07-16 02:46:55,325] {standard_task_runner.py:52} INFO - Started process 3784 to run task
[2024-07-16 02:46:55,347] {standard_task_runner.py:76} INFO - Running: ['airflow', 'tasks', 'run', 'our_first_dag_v2', 'first_task', '2021-11-25T00:00:00+00:00', '--job-id', '1054', '--pool', 'default_pool', '--raw', '--subdir', 'DAGS_FOLDER/our_first_dag.py', '--cfg-path', '/tmp/tmpu7d3mjyu', '--error-file', '/tmp/tmpt50jsd10']
[2024-07-16 02:46:55,379] {standard_task_runner.py:77} INFO - Job 1054: Subtask first_task
[2024-07-16 02:46:55,569] {logging_mixin.py:104} INFO - Running <TaskInstance: our_first_dag_v2.first_task 2021-11-25T00:00:00+00:00 [running]> on host f3060829e7b4
[2024-07-16 02:46:55,745] {taskinstance.py:1257} INFO - Exporting the following env vars:
AIRFLOW_CTX_DAG_OWNER=coder2j
AIRFLOW_CTX_DAG_ID=our_first_dag_v2
AIRFLOW_CTX_TASK_ID=first_task
AIRFLOW_CTX_EXECUTION_DATE=2021-11-25T00:00:00+00:00
AIRFLOW_CTX_DAG_RUN_ID=scheduled__2021-11-25T00:00:00+00:00
[2024-07-16 02:46:55,751] {bash.py:135} INFO - Tmp dir root location: 
 /tmp
[2024-07-16 02:46:55,754] {bash.py:158} INFO - Running command: echo hello world, this is the first task
[2024-07-16 02:46:55,777] {bash.py:169} INFO - Output:
[2024-07-16 02:46:55,781] {bash.py:173} INFO - hello world, this is the first task
[2024-07-16 02:46:55,783] {bash.py:177} INFO - Command exited with return code 0
[2024-07-16 02:46:55,910] {taskinstance.py:1166} INFO - Marking task as SUCCESS. dag_id=our_first_dag_v2, task_id=first_task, execution_date=20211125T000000, start_date=20240716T024655, end_date=20240716T024655
[2024-07-16 02:46:56,017] {taskinstance.py:1220} INFO - 1 downstream tasks scheduled from follow-on schedule check
[2024-07-16 02:46:56,047] {local_task_job.py:146} INFO - Task exited with return code 0
