[2024-07-16 02:44:10,396] {taskinstance.py:851} INFO - Dependencies all met for <TaskInstance: our_first_dag.first_task 2023-04-06T00:00:00+00:00 [queued]>
[2024-07-16 02:44:10,544] {taskinstance.py:851} INFO - Dependencies all met for <TaskInstance: our_first_dag.first_task 2023-04-06T00:00:00+00:00 [queued]>
[2024-07-16 02:44:10,574] {taskinstance.py:1042} INFO - 
--------------------------------------------------------------------------------
[2024-07-16 02:44:10,590] {taskinstance.py:1043} INFO - Starting attempt 1 of 6
[2024-07-16 02:44:10,591] {taskinstance.py:1044} INFO - 
--------------------------------------------------------------------------------
[2024-07-16 02:44:10,676] {taskinstance.py:1063} INFO - Executing <Task(BashOperator): first_task> on 2023-04-06T00:00:00+00:00
[2024-07-16 02:44:10,694] {standard_task_runner.py:52} INFO - Started process 2323 to run task
[2024-07-16 02:44:10,720] {standard_task_runner.py:76} INFO - Running: ['airflow', 'tasks', 'run', 'our_first_dag', 'first_task', '2023-04-06T00:00:00+00:00', '--job-id', '621', '--pool', 'default_pool', '--raw', '--subdir', 'DAGS_FOLDER/our_first_dag.py', '--cfg-path', '/tmp/tmpqgly3ay9', '--error-file', '/tmp/tmp0mc3p3re']
[2024-07-16 02:44:10,739] {standard_task_runner.py:77} INFO - Job 621: Subtask first_task
[2024-07-16 02:44:10,902] {logging_mixin.py:104} INFO - Running <TaskInstance: our_first_dag.first_task 2023-04-06T00:00:00+00:00 [running]> on host f3060829e7b4
[2024-07-16 02:44:11,031] {taskinstance.py:1257} INFO - Exporting the following env vars:
AIRFLOW_CTX_DAG_OWNER=coder2j
AIRFLOW_CTX_DAG_ID=our_first_dag
AIRFLOW_CTX_TASK_ID=first_task
AIRFLOW_CTX_EXECUTION_DATE=2023-04-06T00:00:00+00:00
AIRFLOW_CTX_DAG_RUN_ID=scheduled__2023-04-06T00:00:00+00:00
[2024-07-16 02:44:11,032] {bash.py:135} INFO - Tmp dir root location: 
 /tmp
[2024-07-16 02:44:11,034] {bash.py:158} INFO - Running command: echo hello world, this is the first task
[2024-07-16 02:44:11,049] {bash.py:169} INFO - Output:
[2024-07-16 02:44:11,051] {bash.py:173} INFO - hello world, this is the first task
[2024-07-16 02:44:11,052] {bash.py:177} INFO - Command exited with return code 0
[2024-07-16 02:44:11,114] {taskinstance.py:1166} INFO - Marking task as SUCCESS. dag_id=our_first_dag, task_id=first_task, execution_date=20230406T000000, start_date=20240716T024410, end_date=20240716T024411
[2024-07-16 02:44:11,276] {taskinstance.py:1220} INFO - 0 downstream tasks scheduled from follow-on schedule check
[2024-07-16 02:44:11,293] {local_task_job.py:146} INFO - Task exited with return code 0
