[2024-07-18 09:04:40,145] {taskinstance.py:851} INFO - Dependencies all met for <TaskInstance: Python_operator_v04.greet 2024-07-18T09:04:38.048676+00:00 [queued]>
[2024-07-18 09:04:40,158] {taskinstance.py:851} INFO - Dependencies all met for <TaskInstance: Python_operator_v04.greet 2024-07-18T09:04:38.048676+00:00 [queued]>
[2024-07-18 09:04:40,159] {taskinstance.py:1042} INFO - 
--------------------------------------------------------------------------------
[2024-07-18 09:04:40,159] {taskinstance.py:1043} INFO - Starting attempt 1 of 6
[2024-07-18 09:04:40,160] {taskinstance.py:1044} INFO - 
--------------------------------------------------------------------------------
[2024-07-18 09:04:40,177] {taskinstance.py:1063} INFO - Executing <Task(PythonOperator): greet> on 2024-07-18T09:04:38.048676+00:00
[2024-07-18 09:04:40,181] {standard_task_runner.py:52} INFO - Started process 2790 to run task
[2024-07-18 09:04:40,185] {standard_task_runner.py:76} INFO - Running: ['airflow', 'tasks', 'run', 'Python_operator_v04', 'greet', '2024-07-18T09:04:38.048676+00:00', '--job-id', '766', '--pool', 'default_pool', '--raw', '--subdir', 'DAGS_FOLDER/python_operator.py', '--cfg-path', '/tmp/tmp_zgh4lpx', '--error-file', '/tmp/tmpgegoslw4']
[2024-07-18 09:04:40,189] {standard_task_runner.py:77} INFO - Job 766: Subtask greet
[2024-07-18 09:04:40,238] {logging_mixin.py:104} INFO - Running <TaskInstance: Python_operator_v04.greet 2024-07-18T09:04:38.048676+00:00 [running]> on host b7036ca352b1
[2024-07-18 09:04:40,283] {taskinstance.py:1257} INFO - Exporting the following env vars:
AIRFLOW_CTX_DAG_OWNER=MinhThai
AIRFLOW_CTX_DAG_ID=Python_operator_v04
AIRFLOW_CTX_TASK_ID=greet
AIRFLOW_CTX_EXECUTION_DATE=2024-07-18T09:04:38.048676+00:00
AIRFLOW_CTX_DAG_RUN_ID=manual__2024-07-18T09:04:38.048676+00:00
[2024-07-18 09:04:40,307] {logging_mixin.py:104} INFO - Hello world. My name is Pham Minh Thai and I am 15 years old
[2024-07-18 09:04:40,308] {python.py:118} INFO - Done. Returned value was: None
[2024-07-18 09:04:40,320] {taskinstance.py:1166} INFO - Marking task as SUCCESS. dag_id=Python_operator_v04, task_id=greet, execution_date=20240718T090438, start_date=20240718T090440, end_date=20240718T090440
[2024-07-18 09:04:40,350] {taskinstance.py:1220} INFO - 0 downstream tasks scheduled from follow-on schedule check
[2024-07-18 09:04:40,358] {local_task_job.py:146} INFO - Task exited with return code 0
