[2024-07-18 05:08:16,017] {taskinstance.py:851} INFO - Dependencies all met for <TaskInstance: our_first_dag_v2.second_task 2024-07-18T05:08:11.422155+00:00 [queued]>
[2024-07-18 05:08:16,190] {taskinstance.py:851} INFO - Dependencies all met for <TaskInstance: our_first_dag_v2.second_task 2024-07-18T05:08:11.422155+00:00 [queued]>
[2024-07-18 05:08:16,194] {taskinstance.py:1042} INFO - 
--------------------------------------------------------------------------------
[2024-07-18 05:08:16,195] {taskinstance.py:1043} INFO - Starting attempt 1 of 6
[2024-07-18 05:08:16,196] {taskinstance.py:1044} INFO - 
--------------------------------------------------------------------------------
[2024-07-18 05:08:16,499] {taskinstance.py:1063} INFO - Executing <Task(BashOperator): second_task> on 2024-07-18T05:08:11.422155+00:00
[2024-07-18 05:08:16,508] {standard_task_runner.py:52} INFO - Started process 232 to run task
[2024-07-18 05:08:16,517] {standard_task_runner.py:76} INFO - Running: ['airflow', 'tasks', 'run', 'our_first_dag_v2', 'second_task', '2024-07-18T05:08:11.422155+00:00', '--job-id', '5', '--pool', 'default_pool', '--raw', '--subdir', 'DAGS_FOLDER/our_first_dag.py', '--cfg-path', '/tmp/tmp0frm0rvl', '--error-file', '/tmp/tmp6s2s7znb']
[2024-07-18 05:08:16,525] {standard_task_runner.py:77} INFO - Job 5: Subtask second_task
[2024-07-18 05:08:18,025] {logging_mixin.py:104} INFO - Running <TaskInstance: our_first_dag_v2.second_task 2024-07-18T05:08:11.422155+00:00 [running]> on host 7817c4a4c30b
[2024-07-18 05:08:18,168] {taskinstance.py:1257} INFO - Exporting the following env vars:
AIRFLOW_CTX_DAG_OWNER=coder2j
AIRFLOW_CTX_DAG_ID=our_first_dag_v2
AIRFLOW_CTX_TASK_ID=second_task
AIRFLOW_CTX_EXECUTION_DATE=2024-07-18T05:08:11.422155+00:00
AIRFLOW_CTX_DAG_RUN_ID=manual__2024-07-18T05:08:11.422155+00:00
[2024-07-18 05:08:18,178] {bash.py:135} INFO - Tmp dir root location: 
 /tmp
[2024-07-18 05:08:18,193] {bash.py:158} INFO - Running command: echo hello world, this is the second task, it will run after first task
[2024-07-18 05:08:18,219] {bash.py:169} INFO - Output:
[2024-07-18 05:08:18,223] {bash.py:173} INFO - hello world, this is the second task, it will run after first task
[2024-07-18 05:08:18,230] {bash.py:177} INFO - Command exited with return code 0
[2024-07-18 05:08:18,327] {taskinstance.py:1166} INFO - Marking task as SUCCESS. dag_id=our_first_dag_v2, task_id=second_task, execution_date=20240718T050811, start_date=20240718T050816, end_date=20240718T050818
[2024-07-18 05:08:18,392] {taskinstance.py:1220} INFO - 0 downstream tasks scheduled from follow-on schedule check
[2024-07-18 05:08:18,428] {local_task_job.py:146} INFO - Task exited with return code 0
