[2024-07-18 06:34:03,173] {taskinstance.py:851} INFO - Dependencies all met for <TaskInstance: xcom_example_dag.push_task 2023-11-18T00:00:00+00:00 [queued]>
[2024-07-18 06:34:03,245] {taskinstance.py:851} INFO - Dependencies all met for <TaskInstance: xcom_example_dag.push_task 2023-11-18T00:00:00+00:00 [queued]>
[2024-07-18 06:34:03,251] {taskinstance.py:1042} INFO - 
--------------------------------------------------------------------------------
[2024-07-18 06:34:03,252] {taskinstance.py:1043} INFO - Starting attempt 1 of 2
[2024-07-18 06:34:03,253] {taskinstance.py:1044} INFO - 
--------------------------------------------------------------------------------
[2024-07-18 06:34:03,295] {taskinstance.py:1063} INFO - Executing <Task(PythonOperator): push_task> on 2023-11-18T00:00:00+00:00
[2024-07-18 06:34:03,310] {standard_task_runner.py:52} INFO - Started process 2432 to run task
[2024-07-18 06:34:03,328] {standard_task_runner.py:76} INFO - Running: ['airflow', 'tasks', 'run', 'xcom_example_dag', 'push_task', '2023-11-18T00:00:00+00:00', '--job-id', '265', '--pool', 'default_pool', '--raw', '--subdir', 'DAGS_FOLDER/xcom.py', '--cfg-path', '/tmp/tmp0icd7a_f', '--error-file', '/tmp/tmpuy2onz37']
[2024-07-18 06:34:03,341] {standard_task_runner.py:77} INFO - Job 265: Subtask push_task
[2024-07-18 06:34:03,544] {logging_mixin.py:104} INFO - Running <TaskInstance: xcom_example_dag.push_task 2023-11-18T00:00:00+00:00 [running]> on host a868c7bacc12
[2024-07-18 06:34:03,879] {taskinstance.py:1257} INFO - Exporting the following env vars:
AIRFLOW_CTX_DAG_OWNER=airflow
AIRFLOW_CTX_DAG_ID=xcom_example_dag
AIRFLOW_CTX_TASK_ID=push_task
AIRFLOW_CTX_EXECUTION_DATE=2023-11-18T00:00:00+00:00
AIRFLOW_CTX_DAG_RUN_ID=scheduled__2023-11-18T00:00:00+00:00
[2024-07-18 06:34:03,982] {python.py:118} INFO - Done. Returned value was: None
[2024-07-18 06:34:04,071] {taskinstance.py:1166} INFO - Marking task as SUCCESS. dag_id=xcom_example_dag, task_id=push_task, execution_date=20231118T000000, start_date=20240718T063403, end_date=20240718T063404
[2024-07-18 06:34:04,546] {taskinstance.py:1220} INFO - 0 downstream tasks scheduled from follow-on schedule check
[2024-07-18 06:34:04,663] {local_task_job.py:146} INFO - Task exited with return code 0
