[2024-07-18 06:33:28,225] {taskinstance.py:851} INFO - Dependencies all met for <TaskInstance: xcom_example_dag.pull_task 2023-09-26T00:00:00+00:00 [queued]>
[2024-07-18 06:33:28,320] {taskinstance.py:851} INFO - Dependencies all met for <TaskInstance: xcom_example_dag.pull_task 2023-09-26T00:00:00+00:00 [queued]>
[2024-07-18 06:33:28,323] {taskinstance.py:1042} INFO - 
--------------------------------------------------------------------------------
[2024-07-18 06:33:28,327] {taskinstance.py:1043} INFO - Starting attempt 1 of 2
[2024-07-18 06:33:28,328] {taskinstance.py:1044} INFO - 
--------------------------------------------------------------------------------
[2024-07-18 06:33:28,374] {taskinstance.py:1063} INFO - Executing <Task(PythonOperator): pull_task> on 2023-09-26T00:00:00+00:00
[2024-07-18 06:33:28,389] {standard_task_runner.py:52} INFO - Started process 2208 to run task
[2024-07-18 06:33:28,413] {standard_task_runner.py:76} INFO - Running: ['airflow', 'tasks', 'run', 'xcom_example_dag', 'pull_task', '2023-09-26T00:00:00+00:00', '--job-id', '168', '--pool', 'default_pool', '--raw', '--subdir', 'DAGS_FOLDER/xcom.py', '--cfg-path', '/tmp/tmpqq6iz8l3', '--error-file', '/tmp/tmpfts_hhsv']
[2024-07-18 06:33:28,422] {standard_task_runner.py:77} INFO - Job 168: Subtask pull_task
[2024-07-18 06:33:28,606] {logging_mixin.py:104} INFO - Running <TaskInstance: xcom_example_dag.pull_task 2023-09-26T00:00:00+00:00 [running]> on host a868c7bacc12
[2024-07-18 06:33:28,937] {taskinstance.py:1257} INFO - Exporting the following env vars:
AIRFLOW_CTX_DAG_OWNER=airflow
AIRFLOW_CTX_DAG_ID=xcom_example_dag
AIRFLOW_CTX_TASK_ID=pull_task
AIRFLOW_CTX_EXECUTION_DATE=2023-09-26T00:00:00+00:00
AIRFLOW_CTX_DAG_RUN_ID=scheduled__2023-09-26T00:00:00+00:00
[2024-07-18 06:33:28,966] {logging_mixin.py:104} INFO - Pulled message: Hello from push_function!
[2024-07-18 06:33:28,967] {python.py:118} INFO - Done. Returned value was: None
[2024-07-18 06:33:29,009] {taskinstance.py:1166} INFO - Marking task as SUCCESS. dag_id=xcom_example_dag, task_id=pull_task, execution_date=20230926T000000, start_date=20240718T063328, end_date=20240718T063329
[2024-07-18 06:33:29,248] {taskinstance.py:1220} INFO - 0 downstream tasks scheduled from follow-on schedule check
[2024-07-18 06:33:29,297] {local_task_job.py:146} INFO - Task exited with return code 0
