[2024-07-16 02:46:17,280] {taskinstance.py:851} INFO - Dependencies all met for <TaskInstance: our_first_dag_v2.first_task 2021-09-09T00:00:00+00:00 [queued]>
[2024-07-16 02:46:17,327] {taskinstance.py:851} INFO - Dependencies all met for <TaskInstance: our_first_dag_v2.first_task 2021-09-09T00:00:00+00:00 [queued]>
[2024-07-16 02:46:17,377] {taskinstance.py:1042} INFO - 
--------------------------------------------------------------------------------
[2024-07-16 02:46:17,389] {taskinstance.py:1043} INFO - Starting attempt 1 of 6
[2024-07-16 02:46:17,394] {taskinstance.py:1044} INFO - 
--------------------------------------------------------------------------------
[2024-07-16 02:46:17,468] {taskinstance.py:1063} INFO - Executing <Task(BashOperator): first_task> on 2021-09-09T00:00:00+00:00
[2024-07-16 02:46:17,475] {standard_task_runner.py:52} INFO - Started process 3300 to run task
[2024-07-16 02:46:17,492] {standard_task_runner.py:76} INFO - Running: ['airflow', 'tasks', 'run', 'our_first_dag_v2', 'first_task', '2021-09-09T00:00:00+00:00', '--job-id', '899', '--pool', 'default_pool', '--raw', '--subdir', 'DAGS_FOLDER/our_first_dag.py', '--cfg-path', '/tmp/tmpmg0zmfl9', '--error-file', '/tmp/tmpi_xnaxre']
[2024-07-16 02:46:17,521] {standard_task_runner.py:77} INFO - Job 899: Subtask first_task
[2024-07-16 02:46:17,700] {logging_mixin.py:104} INFO - Running <TaskInstance: our_first_dag_v2.first_task 2021-09-09T00:00:00+00:00 [running]> on host f3060829e7b4
[2024-07-16 02:46:17,843] {taskinstance.py:1257} INFO - Exporting the following env vars:
AIRFLOW_CTX_DAG_OWNER=coder2j
AIRFLOW_CTX_DAG_ID=our_first_dag_v2
AIRFLOW_CTX_TASK_ID=first_task
AIRFLOW_CTX_EXECUTION_DATE=2021-09-09T00:00:00+00:00
AIRFLOW_CTX_DAG_RUN_ID=scheduled__2021-09-09T00:00:00+00:00
[2024-07-16 02:46:17,848] {bash.py:135} INFO - Tmp dir root location: 
 /tmp
[2024-07-16 02:46:17,855] {bash.py:158} INFO - Running command: echo hello world, this is the first task
[2024-07-16 02:46:17,881] {bash.py:169} INFO - Output:
[2024-07-16 02:46:17,883] {bash.py:173} INFO - hello world, this is the first task
[2024-07-16 02:46:17,884] {bash.py:177} INFO - Command exited with return code 0
[2024-07-16 02:46:18,020] {taskinstance.py:1166} INFO - Marking task as SUCCESS. dag_id=our_first_dag_v2, task_id=first_task, execution_date=20210909T000000, start_date=20240716T024617, end_date=20240716T024618
[2024-07-16 02:46:18,434] {taskinstance.py:1220} INFO - 0 downstream tasks scheduled from follow-on schedule check
[2024-07-16 02:46:18,512] {local_task_job.py:146} INFO - Task exited with return code 0
