[2024-07-16 02:47:10,181] {taskinstance.py:851} INFO - Dependencies all met for <TaskInstance: our_first_dag_v2.first_task 2021-12-28T00:00:00+00:00 [queued]>
[2024-07-16 02:47:10,234] {taskinstance.py:851} INFO - Dependencies all met for <TaskInstance: our_first_dag_v2.first_task 2021-12-28T00:00:00+00:00 [queued]>
[2024-07-16 02:47:10,235] {taskinstance.py:1042} INFO - 
--------------------------------------------------------------------------------
[2024-07-16 02:47:10,235] {taskinstance.py:1043} INFO - Starting attempt 1 of 6
[2024-07-16 02:47:10,236] {taskinstance.py:1044} INFO - 
--------------------------------------------------------------------------------
[2024-07-16 02:47:10,264] {taskinstance.py:1063} INFO - Executing <Task(BashOperator): first_task> on 2021-12-28T00:00:00+00:00
[2024-07-16 02:47:10,279] {standard_task_runner.py:52} INFO - Started process 3983 to run task
[2024-07-16 02:47:10,293] {standard_task_runner.py:76} INFO - Running: ['airflow', 'tasks', 'run', 'our_first_dag_v2', 'first_task', '2021-12-28T00:00:00+00:00', '--job-id', '1119', '--pool', 'default_pool', '--raw', '--subdir', 'DAGS_FOLDER/our_first_dag.py', '--cfg-path', '/tmp/tmpzxuyliy9', '--error-file', '/tmp/tmpwhlhbb0r']
[2024-07-16 02:47:10,300] {standard_task_runner.py:77} INFO - Job 1119: Subtask first_task
[2024-07-16 02:47:10,563] {logging_mixin.py:104} INFO - Running <TaskInstance: our_first_dag_v2.first_task 2021-12-28T00:00:00+00:00 [running]> on host f3060829e7b4
[2024-07-16 02:47:10,716] {taskinstance.py:1257} INFO - Exporting the following env vars:
AIRFLOW_CTX_DAG_OWNER=coder2j
AIRFLOW_CTX_DAG_ID=our_first_dag_v2
AIRFLOW_CTX_TASK_ID=first_task
AIRFLOW_CTX_EXECUTION_DATE=2021-12-28T00:00:00+00:00
AIRFLOW_CTX_DAG_RUN_ID=scheduled__2021-12-28T00:00:00+00:00
[2024-07-16 02:47:10,718] {bash.py:135} INFO - Tmp dir root location: 
 /tmp
[2024-07-16 02:47:10,720] {bash.py:158} INFO - Running command: echo hello world, this is the first task
[2024-07-16 02:47:10,743] {bash.py:169} INFO - Output:
[2024-07-16 02:47:10,746] {bash.py:173} INFO - hello world, this is the first task
[2024-07-16 02:47:10,747] {bash.py:177} INFO - Command exited with return code 0
[2024-07-16 02:47:10,815] {taskinstance.py:1166} INFO - Marking task as SUCCESS. dag_id=our_first_dag_v2, task_id=first_task, execution_date=20211228T000000, start_date=20240716T024710, end_date=20240716T024710
[2024-07-16 02:47:10,920] {taskinstance.py:1220} INFO - 1 downstream tasks scheduled from follow-on schedule check
[2024-07-16 02:47:10,971] {local_task_job.py:146} INFO - Task exited with return code 0
