[2024-07-19 03:16:59,342] {taskinstance.py:851} INFO - Dependencies all met for <TaskInstance: Python_operator_v05.get_name 2024-07-18T00:00:00+00:00 [queued]>
[2024-07-19 03:16:59,365] {taskinstance.py:851} INFO - Dependencies all met for <TaskInstance: Python_operator_v05.get_name 2024-07-18T00:00:00+00:00 [queued]>
[2024-07-19 03:16:59,366] {taskinstance.py:1042} INFO - 
--------------------------------------------------------------------------------
[2024-07-19 03:16:59,367] {taskinstance.py:1043} INFO - Starting attempt 1 of 6
[2024-07-19 03:16:59,368] {taskinstance.py:1044} INFO - 
--------------------------------------------------------------------------------
[2024-07-19 03:16:59,389] {taskinstance.py:1063} INFO - Executing <Task(PythonOperator): get_name> on 2024-07-18T00:00:00+00:00
[2024-07-19 03:16:59,393] {standard_task_runner.py:52} INFO - Started process 219 to run task
[2024-07-19 03:16:59,402] {standard_task_runner.py:76} INFO - Running: ['airflow', 'tasks', 'run', 'Python_operator_v05', 'get_name', '2024-07-18T00:00:00+00:00', '--job-id', '796', '--pool', 'default_pool', '--raw', '--subdir', 'DAGS_FOLDER/python_operator.py', '--cfg-path', '/tmp/tmp5wk2aah3', '--error-file', '/tmp/tmp7wrxnsj5']
[2024-07-19 03:16:59,406] {standard_task_runner.py:77} INFO - Job 796: Subtask get_name
[2024-07-19 03:16:59,480] {logging_mixin.py:104} INFO - Running <TaskInstance: Python_operator_v05.get_name 2024-07-18T00:00:00+00:00 [running]> on host b7036ca352b1
[2024-07-19 03:16:59,623] {taskinstance.py:1257} INFO - Exporting the following env vars:
AIRFLOW_CTX_DAG_OWNER=MinhThai
AIRFLOW_CTX_DAG_ID=Python_operator_v05
AIRFLOW_CTX_TASK_ID=get_name
AIRFLOW_CTX_EXECUTION_DATE=2024-07-18T00:00:00+00:00
AIRFLOW_CTX_DAG_RUN_ID=scheduled__2024-07-18T00:00:00+00:00
[2024-07-19 03:16:59,683] {python.py:118} INFO - Done. Returned value was: None
[2024-07-19 03:16:59,704] {taskinstance.py:1166} INFO - Marking task as SUCCESS. dag_id=Python_operator_v05, task_id=get_name, execution_date=20240718T000000, start_date=20240719T031659, end_date=20240719T031659
[2024-07-19 03:16:59,763] {taskinstance.py:1220} INFO - 1 downstream tasks scheduled from follow-on schedule check
[2024-07-19 03:16:59,778] {local_task_job.py:146} INFO - Task exited with return code 0
