[2024-07-18 09:04:39,125] {taskinstance.py:851} INFO - Dependencies all met for <TaskInstance: Python_operator_v04.get_name 2024-07-18T09:04:38.048676+00:00 [queued]>
[2024-07-18 09:04:39,170] {taskinstance.py:851} INFO - Dependencies all met for <TaskInstance: Python_operator_v04.get_name 2024-07-18T09:04:38.048676+00:00 [queued]>
[2024-07-18 09:04:39,171] {taskinstance.py:1042} INFO - 
--------------------------------------------------------------------------------
[2024-07-18 09:04:39,172] {taskinstance.py:1043} INFO - Starting attempt 1 of 6
[2024-07-18 09:04:39,172] {taskinstance.py:1044} INFO - 
--------------------------------------------------------------------------------
[2024-07-18 09:04:39,198] {taskinstance.py:1063} INFO - Executing <Task(PythonOperator): get_name> on 2024-07-18T09:04:38.048676+00:00
[2024-07-18 09:04:39,206] {standard_task_runner.py:52} INFO - Started process 2788 to run task
[2024-07-18 09:04:39,212] {standard_task_runner.py:76} INFO - Running: ['airflow', 'tasks', 'run', 'Python_operator_v04', 'get_name', '2024-07-18T09:04:38.048676+00:00', '--job-id', '765', '--pool', 'default_pool', '--raw', '--subdir', 'DAGS_FOLDER/python_operator.py', '--cfg-path', '/tmp/tmpklnbejtk', '--error-file', '/tmp/tmp6fckvzbt']
[2024-07-18 09:04:39,220] {standard_task_runner.py:77} INFO - Job 765: Subtask get_name
[2024-07-18 09:04:39,406] {logging_mixin.py:104} INFO - Running <TaskInstance: Python_operator_v04.get_name 2024-07-18T09:04:38.048676+00:00 [running]> on host b7036ca352b1
[2024-07-18 09:04:39,467] {taskinstance.py:1257} INFO - Exporting the following env vars:
AIRFLOW_CTX_DAG_OWNER=MinhThai
AIRFLOW_CTX_DAG_ID=Python_operator_v04
AIRFLOW_CTX_TASK_ID=get_name
AIRFLOW_CTX_EXECUTION_DATE=2024-07-18T09:04:38.048676+00:00
AIRFLOW_CTX_DAG_RUN_ID=manual__2024-07-18T09:04:38.048676+00:00
[2024-07-18 09:04:39,528] {python.py:118} INFO - Done. Returned value was: None
[2024-07-18 09:04:39,542] {taskinstance.py:1166} INFO - Marking task as SUCCESS. dag_id=Python_operator_v04, task_id=get_name, execution_date=20240718T090438, start_date=20240718T090439, end_date=20240718T090439
[2024-07-18 09:04:39,587] {taskinstance.py:1220} INFO - 1 downstream tasks scheduled from follow-on schedule check
[2024-07-18 09:04:39,629] {local_task_job.py:146} INFO - Task exited with return code 0
