[2024-07-16 02:43:01,170] {taskinstance.py:851} INFO - Dependencies all met for <TaskInstance: our_first_dag.first_task 2022-08-24T00:00:00+00:00 [queued]>
[2024-07-16 02:43:01,235] {taskinstance.py:851} INFO - Dependencies all met for <TaskInstance: our_first_dag.first_task 2022-08-24T00:00:00+00:00 [queued]>
[2024-07-16 02:43:01,240] {taskinstance.py:1042} INFO - 
--------------------------------------------------------------------------------
[2024-07-16 02:43:01,241] {taskinstance.py:1043} INFO - Starting attempt 1 of 6
[2024-07-16 02:43:01,248] {taskinstance.py:1044} INFO - 
--------------------------------------------------------------------------------
[2024-07-16 02:43:01,300] {taskinstance.py:1063} INFO - Executing <Task(BashOperator): first_task> on 2022-08-24T00:00:00+00:00
[2024-07-16 02:43:01,310] {standard_task_runner.py:52} INFO - Started process 1616 to run task
[2024-07-16 02:43:01,338] {standard_task_runner.py:76} INFO - Running: ['airflow', 'tasks', 'run', 'our_first_dag', 'first_task', '2022-08-24T00:00:00+00:00', '--job-id', '396', '--pool', 'default_pool', '--raw', '--subdir', 'DAGS_FOLDER/our_first_dag.py', '--cfg-path', '/tmp/tmpn_cthbeg', '--error-file', '/tmp/tmp2rf__94a']
[2024-07-16 02:43:01,358] {standard_task_runner.py:77} INFO - Job 396: Subtask first_task
[2024-07-16 02:43:01,494] {logging_mixin.py:104} INFO - Running <TaskInstance: our_first_dag.first_task 2022-08-24T00:00:00+00:00 [running]> on host f3060829e7b4
[2024-07-16 02:43:01,649] {taskinstance.py:1257} INFO - Exporting the following env vars:
AIRFLOW_CTX_DAG_OWNER=coder2j
AIRFLOW_CTX_DAG_ID=our_first_dag
AIRFLOW_CTX_TASK_ID=first_task
AIRFLOW_CTX_EXECUTION_DATE=2022-08-24T00:00:00+00:00
AIRFLOW_CTX_DAG_RUN_ID=scheduled__2022-08-24T00:00:00+00:00
[2024-07-16 02:43:01,655] {bash.py:135} INFO - Tmp dir root location: 
 /tmp
[2024-07-16 02:43:01,658] {bash.py:158} INFO - Running command: echo hello world, this is the first task
[2024-07-16 02:43:01,674] {bash.py:169} INFO - Output:
[2024-07-16 02:43:01,675] {bash.py:173} INFO - hello world, this is the first task
[2024-07-16 02:43:01,677] {bash.py:177} INFO - Command exited with return code 0
[2024-07-16 02:43:01,764] {taskinstance.py:1166} INFO - Marking task as SUCCESS. dag_id=our_first_dag, task_id=first_task, execution_date=20220824T000000, start_date=20240716T024301, end_date=20240716T024301
[2024-07-16 02:43:01,874] {taskinstance.py:1220} INFO - 0 downstream tasks scheduled from follow-on schedule check
[2024-07-16 02:43:01,904] {local_task_job.py:146} INFO - Task exited with return code 0
